CRITICAL - 2022-09-09 09:07:16 --> Division by zero
#0 C:\xampp\htdocs\projects2022\p_lanhuonglip\app\Views\frontend\home\index.php(61): CodeIgniter\Debug\Exceptions->errorHandler(2, 'Division by zer...', 'C:\\xampp\\htdocs...', 61, Array)
#1 C:\xampp\htdocs\projects2022\p_lanhuonglip\system\View\View.php(220): include('C:\\xampp\\htdocs...')
#2 C:\xampp\htdocs\projects2022\p_lanhuonglip\system\View\View.php(222): CodeIgniter\View\View->CodeIgniter\View\{closure}()
#3 C:\xampp\htdocs\projects2022\p_lanhuonglip\system\View\View.php(468): CodeIgniter\View\View->render('frontend/home/i...', NULL, true)
#4 C:\xampp\htdocs\projects2022\p_lanhuonglip\app\Views\frontend\default.php(41): CodeIgniter\View\View->include('frontend/home/i...', NULL)
#5 C:\xampp\htdocs\projects2022\p_lanhuonglip\system\View\View.php(220): include('C:\\xampp\\htdocs...')
#6 C:\xampp\htdocs\projects2022\p_lanhuonglip\system\View\View.php(222): CodeIgniter\View\View->CodeIgniter\View\{closure}()
#7 C:\xampp\htdocs\projects2022\p_lanhuonglip\system\Common.php(1217): CodeIgniter\View\View->render('frontend/defaul...', Array, true)
#8 C:\xampp\htdocs\projects2022\p_lanhuonglip\app\Controllers\Home.php(117): view('frontend/defaul...', Array)
#9 C:\xampp\htdocs\projects2022\p_lanhuonglip\system\CodeIgniter.php(938): App\Controllers\Home->index()
#10 C:\xampp\htdocs\projects2022\p_lanhuonglip\system\CodeIgniter.php(434): CodeIgniter\CodeIgniter->runController(Object(App\Controllers\Home))
#11 C:\xampp\htdocs\projects2022\p_lanhuonglip\system\CodeIgniter.php(335): CodeIgniter\CodeIgniter->handleRequest(NULL, Object(Config\Cache), false)
#12 C:\xampp\htdocs\projects2022\p_lanhuonglip\public\index.php(43): CodeIgniter\CodeIgniter->run()
#13 C:\xampp\htdocs\projects2022\p_lanhuonglip\system\Commands\Server\rewrite.php(45): require_once('C:\\xampp\\htdocs...')
#14 {main}
CRITICAL - 2022-09-09 09:26:40 --> syntax error, unexpected end of file
#0 C:\xampp\htdocs\projects2022\p_lanhuonglip\system\View\View.php(222): CodeIgniter\View\View->CodeIgniter\View\{closure}()
#1 C:\xampp\htdocs\projects2022\p_lanhuonglip\system\View\View.php(468): CodeIgniter\View\View->render('frontend/home/i...', NULL, true)
#2 C:\xampp\htdocs\projects2022\p_lanhuonglip\app\Views\frontend\default.php(41): CodeIgniter\View\View->include('frontend/home/i...', NULL)
#3 C:\xampp\htdocs\projects2022\p_lanhuonglip\system\View\View.php(220): include('C:\\xampp\\htdocs...')
#4 C:\xampp\htdocs\projects2022\p_lanhuonglip\system\View\View.php(222): CodeIgniter\View\View->CodeIgniter\View\{closure}()
#5 C:\xampp\htdocs\projects2022\p_lanhuonglip\system\Common.php(1217): CodeIgniter\View\View->render('frontend/defaul...', Array, true)
#6 C:\xampp\htdocs\projects2022\p_lanhuonglip\app\Controllers\Home.php(117): view('frontend/defaul...', Array)
#7 C:\xampp\htdocs\projects2022\p_lanhuonglip\system\CodeIgniter.php(938): App\Controllers\Home->index()
#8 C:\xampp\htdocs\projects2022\p_lanhuonglip\system\CodeIgniter.php(434): CodeIgniter\CodeIgniter->runController(Object(App\Controllers\Home))
#9 C:\xampp\htdocs\projects2022\p_lanhuonglip\system\CodeIgniter.php(335): CodeIgniter\CodeIgniter->handleRequest(NULL, Object(Config\Cache), false)
#10 C:\xampp\htdocs\projects2022\p_lanhuonglip\public\index.php(43): CodeIgniter\CodeIgniter->run()
#11 C:\xampp\htdocs\projects2022\p_lanhuonglip\system\Commands\Server\rewrite.php(45): require_once('C:\\xampp\\htdocs...')
#12 {main}
