CRITICAL - 2022-05-04 14:22:46 --> Could not move file phpF031.tmp to uploads/images/slide/2022/05/ ()
#0 C:\xampp\htdocs\projects2022\p_mevabe\system\HTTP\Files\UploadedFile.php(157): CodeIgniter\HTTP\Exceptions\HTTPException::forMoveFailed('phpF031.tmp', 'uploads/images/...', '')
#1 C:\xampp\htdocs\projects2022\p_mevabe\app\Models\Upload.php(88): CodeIgniter\HTTP\Files\UploadedFile->move('uploads/images/...', '627229c64958c-b...')
#2 C:\xampp\htdocs\projects2022\p_mevabe\app\Controllers\Cpanel\Slide.php(141): App\Models\Upload->upload_image('uploads/images/...', Object(CodeIgniter\HTTP\Files\UploadedFile), '627229c64958c-b...', 'image', 1690, 680, NULL, 'webp')
#3 C:\xampp\htdocs\projects2022\p_mevabe\system\CodeIgniter.php(938): App\Controllers\Cpanel\Slide->edit('14')
#4 C:\xampp\htdocs\projects2022\p_mevabe\system\CodeIgniter.php(434): CodeIgniter\CodeIgniter->runController(Object(App\Controllers\Cpanel\Slide))
#5 C:\xampp\htdocs\projects2022\p_mevabe\system\CodeIgniter.php(335): CodeIgniter\CodeIgniter->handleRequest(NULL, Object(Config\Cache), false)
#6 C:\xampp\htdocs\projects2022\p_mevabe\public\index.php(43): CodeIgniter\CodeIgniter->run()
#7 C:\xampp\htdocs\projects2022\p_mevabe\system\Commands\Server\rewrite.php(45): require_once('C:\\xampp\\htdocs...')
#8 {main}
CRITICAL - 2022-05-04 14:24:17 --> Could not move file php539A.tmp to uploads/images/slide/2022/05/ ()
#0 C:\xampp\htdocs\projects2022\p_mevabe\system\HTTP\Files\UploadedFile.php(157): CodeIgniter\HTTP\Exceptions\HTTPException::forMoveFailed('php539A.tmp', 'uploads/images/...', '')
#1 C:\xampp\htdocs\projects2022\p_mevabe\app\Models\Upload.php(88): CodeIgniter\HTTP\Files\UploadedFile->move('uploads/images/...', '62722a212c749-b...')
#2 C:\xampp\htdocs\projects2022\p_mevabe\app\Controllers\Cpanel\Slide.php(141): App\Models\Upload->upload_image('uploads/images/...', Object(CodeIgniter\HTTP\Files\UploadedFile), '62722a212c749-b...', 'image', 1690, 680, NULL, 'webp')
#3 C:\xampp\htdocs\projects2022\p_mevabe\system\CodeIgniter.php(938): App\Controllers\Cpanel\Slide->edit('14')
#4 C:\xampp\htdocs\projects2022\p_mevabe\system\CodeIgniter.php(434): CodeIgniter\CodeIgniter->runController(Object(App\Controllers\Cpanel\Slide))
#5 C:\xampp\htdocs\projects2022\p_mevabe\system\CodeIgniter.php(335): CodeIgniter\CodeIgniter->handleRequest(NULL, Object(Config\Cache), false)
#6 C:\xampp\htdocs\projects2022\p_mevabe\public\index.php(43): CodeIgniter\CodeIgniter->run()
#7 C:\xampp\htdocs\projects2022\p_mevabe\system\Commands\Server\rewrite.php(45): require_once('C:\\xampp\\htdocs...')
#8 {main}
CRITICAL - 2022-05-04 14:24:23 --> Could not move file php6E28.tmp to uploads/images/slide/2022/05/ ()
#0 C:\xampp\htdocs\projects2022\p_mevabe\system\HTTP\Files\UploadedFile.php(157): CodeIgniter\HTTP\Exceptions\HTTPException::forMoveFailed('php6E28.tmp', 'uploads/images/...', '')
#1 C:\xampp\htdocs\projects2022\p_mevabe\app\Models\Upload.php(88): CodeIgniter\HTTP\Files\UploadedFile->move('uploads/images/...', '62722a27ef103-b...')
#2 C:\xampp\htdocs\projects2022\p_mevabe\app\Controllers\Cpanel\Slide.php(141): App\Models\Upload->upload_image('uploads/images/...', Object(CodeIgniter\HTTP\Files\UploadedFile), '62722a27ef103-b...', 'image', 1690, 680, NULL, 'webp')
#3 C:\xampp\htdocs\projects2022\p_mevabe\system\CodeIgniter.php(938): App\Controllers\Cpanel\Slide->edit('14')
#4 C:\xampp\htdocs\projects2022\p_mevabe\system\CodeIgniter.php(434): CodeIgniter\CodeIgniter->runController(Object(App\Controllers\Cpanel\Slide))
#5 C:\xampp\htdocs\projects2022\p_mevabe\system\CodeIgniter.php(335): CodeIgniter\CodeIgniter->handleRequest(NULL, Object(Config\Cache), false)
#6 C:\xampp\htdocs\projects2022\p_mevabe\public\index.php(43): CodeIgniter\CodeIgniter->run()
#7 C:\xampp\htdocs\projects2022\p_mevabe\system\Commands\Server\rewrite.php(45): require_once('C:\\xampp\\htdocs...')
#8 {main}
CRITICAL - 2022-05-04 14:24:32 --> Could not move file php9122.tmp to uploads/images/slide/2022/05/ ()
#0 C:\xampp\htdocs\projects2022\p_mevabe\system\HTTP\Files\UploadedFile.php(157): CodeIgniter\HTTP\Exceptions\HTTPException::forMoveFailed('php9122.tmp', 'uploads/images/...', '')
#1 C:\xampp\htdocs\projects2022\p_mevabe\app\Models\Upload.php(88): CodeIgniter\HTTP\Files\UploadedFile->move('uploads/images/...', '62722a30e7958-b...')
#2 C:\xampp\htdocs\projects2022\p_mevabe\app\Controllers\Cpanel\Slide.php(141): App\Models\Upload->upload_image('uploads/images/...', Object(CodeIgniter\HTTP\Files\UploadedFile), '62722a30e7958-b...', 'image', 1690, 680, NULL, 'webp')
#3 C:\xampp\htdocs\projects2022\p_mevabe\system\CodeIgniter.php(938): App\Controllers\Cpanel\Slide->edit('14')
#4 C:\xampp\htdocs\projects2022\p_mevabe\system\CodeIgniter.php(434): CodeIgniter\CodeIgniter->runController(Object(App\Controllers\Cpanel\Slide))
#5 C:\xampp\htdocs\projects2022\p_mevabe\system\CodeIgniter.php(335): CodeIgniter\CodeIgniter->handleRequest(NULL, Object(Config\Cache), false)
#6 C:\xampp\htdocs\projects2022\p_mevabe\public\index.php(43): CodeIgniter\CodeIgniter->run()
#7 C:\xampp\htdocs\projects2022\p_mevabe\system\Commands\Server\rewrite.php(45): require_once('C:\\xampp\\htdocs...')
#8 {main}
ERROR - 2022-05-04 15:24:44 --> mysqli_sql_exception: Table '2022_mevabe.tbl_product_slogan' doesn't exist in C:\xampp\htdocs\projects2022\p_mevabe\system\Database\MySQLi\Connection.php:314
Stack trace:
#0 C:\xampp\htdocs\projects2022\p_mevabe\system\Database\MySQLi\Connection.php(314): mysqli->query('SELECT *\nFROM `...')
#1 C:\xampp\htdocs\projects2022\p_mevabe\system\Database\BaseConnection.php(713): CodeIgniter\Database\MySQLi\Connection->execute('SELECT *\nFROM `...')
#2 C:\xampp\htdocs\projects2022\p_mevabe\system\Database\BaseConnection.php(641): CodeIgniter\Database\BaseConnection->simpleQuery('SELECT *\nFROM `...')
#3 C:\xampp\htdocs\projects2022\p_mevabe\system\Database\BaseBuilder.php(1866): CodeIgniter\Database\BaseConnection->query('SELECT *\nFROM `...', Array, false)
#4 C:\xampp\htdocs\projects2022\p_mevabe\app\Models\MyModels.php(126): CodeIgniter\Database\BaseBuilder->get()
#5 C:\xampp\htdocs\projects2022\p_mevabe\app\Controllers\Route.php(454): App\Models\MyModels->full_query(Array)
#6 C:\xampp\htdocs\projects2022\p_mevabe\app\Controllers\Route.php(63): App\Controllers\Route->product('san-pham-so-sin...')
#7 C:\xampp\htdocs\projects2022\p_mevabe\system\CodeIgniter.php(938): App\Controllers\Route->index('san-pham-so-sin...', '')
#8 C:\xampp\htdocs\projects2022\p_mevabe\system\CodeIgniter.php(434): CodeIgniter\CodeIgniter->runController(Object(App\Controllers\Route))
#9 C:\xampp\htdocs\projects2022\p_mevabe\system\CodeIgniter.php(335): CodeIgniter\CodeIgniter->handleRequest(NULL, Object(Config\Cache), false)
#10 C:\xampp\htdocs\projects2022\p_mevabe\public\index.php(43): CodeIgniter\CodeIgniter->run()
#11 C:\xampp\htdocs\projects2022\p_mevabe\system\Commands\Server\rewrite.php(45): require_once('C:\\xampp\\htdocs...')
#12 {main}
ERROR - 2022-05-04 15:24:44 --> mysqli_sql_exception: Table '2022_mevabe.tbl_brand' doesn't exist in C:\xampp\htdocs\projects2022\p_mevabe\system\Database\MySQLi\Connection.php:314
Stack trace:
#0 C:\xampp\htdocs\projects2022\p_mevabe\system\Database\MySQLi\Connection.php(314): mysqli->query('SELECT `name`\nF...')
#1 C:\xampp\htdocs\projects2022\p_mevabe\system\Database\BaseConnection.php(713): CodeIgniter\Database\MySQLi\Connection->execute('SELECT `name`\nF...')
#2 C:\xampp\htdocs\projects2022\p_mevabe\system\Database\BaseConnection.php(641): CodeIgniter\Database\BaseConnection->simpleQuery('SELECT `name`\nF...')
#3 C:\xampp\htdocs\projects2022\p_mevabe\system\Database\BaseBuilder.php(1866): CodeIgniter\Database\BaseConnection->query('SELECT `name`\nF...', Array, false)
#4 C:\xampp\htdocs\projects2022\p_mevabe\app\Models\MyModels.php(126): CodeIgniter\Database\BaseBuilder->get()
#5 C:\xampp\htdocs\projects2022\p_mevabe\app\Controllers\Route.php(461): App\Models\MyModels->full_query(Array)
#6 C:\xampp\htdocs\projects2022\p_mevabe\app\Controllers\Route.php(63): App\Controllers\Route->product('san-pham-so-sin...')
#7 C:\xampp\htdocs\projects2022\p_mevabe\system\CodeIgniter.php(938): App\Controllers\Route->index('san-pham-so-sin...', '')
#8 C:\xampp\htdocs\projects2022\p_mevabe\system\CodeIgniter.php(434): CodeIgniter\CodeIgniter->runController(Object(App\Controllers\Route))
#9 C:\xampp\htdocs\projects2022\p_mevabe\system\CodeIgniter.php(335): CodeIgniter\CodeIgniter->handleRequest(NULL, Object(Config\Cache), false)
#10 C:\xampp\htdocs\projects2022\p_mevabe\public\index.php(43): CodeIgniter\CodeIgniter->run()
#11 C:\xampp\htdocs\projects2022\p_mevabe\system\Commands\Server\rewrite.php(45): require_once('C:\\xampp\\htdocs...')
#12 {main}
