ERROR - 2022-07-09 00:02:08 --> mysqli_sql_exception: You have an error in your SQL syntax; check the manual that corresponds to your MariaDB server version for the right syntax to use near ')
ORDER BY `id` desc' at line 3 in /home/sietmvb89/web/sieuthibeyeu.vn/public_html/system/Database/MySQLi/Connection.php:314
Stack trace:
#0 /home/sietmvb89/web/sieuthibeyeu.vn/public_html/system/Database/MySQLi/Connection.php(314): mysqli->query()
#1 /home/sietmvb89/web/sieuthibeyeu.vn/public_html/system/Database/BaseConnection.php(713): CodeIgniter\Database\MySQLi\Connection->execute()
#2 /home/sietmvb89/web/sieuthibeyeu.vn/public_html/system/Database/BaseConnection.php(641): CodeIgniter\Database\BaseConnection->simpleQuery()
#3 /home/sietmvb89/web/sieuthibeyeu.vn/public_html/system/Database/BaseBuilder.php(1866): CodeIgniter\Database\BaseConnection->query()
#4 /home/sietmvb89/web/sieuthibeyeu.vn/public_html/app/Models/MyModels.php(126): CodeIgniter\Database\BaseBuilder->get()
#5 /home/sietmvb89/web/sieuthibeyeu.vn/public_html/app/Controllers/Route.php(307): App\Models\MyModels->full_query()
#6 /home/sietmvb89/web/sieuthibeyeu.vn/public_html/app/Controllers/Route.php(61): App\Controllers\Route->cate_product()
#7 /home/sietmvb89/web/sieuthibeyeu.vn/public_html/system/CodeIgniter.php(938): App\Controllers\Route->index()
#8 /home/sietmvb89/web/sieuthibeyeu.vn/public_html/system/CodeIgniter.php(434): CodeIgniter\CodeIgniter->runController()
#9 /home/sietmvb89/web/sieuthibeyeu.vn/public_html/system/CodeIgniter.php(335): CodeIgniter\CodeIgniter->handleRequest()
#10 /home/sietmvb89/web/sieuthibeyeu.vn/public_html/index.php(43): CodeIgniter\CodeIgniter->run()
#11 {main}
ERROR - 2022-07-09 00:41:08 --> mysqli_sql_exception: Table 'sietmvb89_db.tbl_product_slogan' doesn't exist in /home/sietmvb89/web/sieuthibeyeu.vn/public_html/system/Database/MySQLi/Connection.php:314
Stack trace:
#0 /home/sietmvb89/web/sieuthibeyeu.vn/public_html/system/Database/MySQLi/Connection.php(314): mysqli->query()
#1 /home/sietmvb89/web/sieuthibeyeu.vn/public_html/system/Database/BaseConnection.php(713): CodeIgniter\Database\MySQLi\Connection->execute()
#2 /home/sietmvb89/web/sieuthibeyeu.vn/public_html/system/Database/BaseConnection.php(641): CodeIgniter\Database\BaseConnection->simpleQuery()
#3 /home/sietmvb89/web/sieuthibeyeu.vn/public_html/system/Database/BaseBuilder.php(1866): CodeIgniter\Database\BaseConnection->query()
#4 /home/sietmvb89/web/sieuthibeyeu.vn/public_html/app/Models/MyModels.php(126): CodeIgniter\Database\BaseBuilder->get()
#5 /home/sietmvb89/web/sieuthibeyeu.vn/public_html/app/Controllers/Route.php(469): App\Models\MyModels->full_query()
#6 /home/sietmvb89/web/sieuthibeyeu.vn/public_html/app/Controllers/Route.php(65): App\Controllers\Route->product()
#7 /home/sietmvb89/web/sieuthibeyeu.vn/public_html/system/CodeIgniter.php(938): App\Controllers\Route->index()
#8 /home/sietmvb89/web/sieuthibeyeu.vn/public_html/system/CodeIgniter.php(434): CodeIgniter\CodeIgniter->runController()
#9 /home/sietmvb89/web/sieuthibeyeu.vn/public_html/system/CodeIgniter.php(335): CodeIgniter\CodeIgniter->handleRequest()
#10 /home/sietmvb89/web/sieuthibeyeu.vn/public_html/index.php(43): CodeIgniter\CodeIgniter->run()
#11 {main}
ERROR - 2022-07-09 00:41:08 --> mysqli_sql_exception: Table 'sietmvb89_db.tbl_brand' doesn't exist in /home/sietmvb89/web/sieuthibeyeu.vn/public_html/system/Database/MySQLi/Connection.php:314
Stack trace:
#0 /home/sietmvb89/web/sieuthibeyeu.vn/public_html/system/Database/MySQLi/Connection.php(314): mysqli->query()
#1 /home/sietmvb89/web/sieuthibeyeu.vn/public_html/system/Database/BaseConnection.php(713): CodeIgniter\Database\MySQLi\Connection->execute()
#2 /home/sietmvb89/web/sieuthibeyeu.vn/public_html/system/Database/BaseConnection.php(641): CodeIgniter\Database\BaseConnection->simpleQuery()
#3 /home/sietmvb89/web/sieuthibeyeu.vn/public_html/system/Database/BaseBuilder.php(1866): CodeIgniter\Database\BaseConnection->query()
#4 /home/sietmvb89/web/sieuthibeyeu.vn/public_html/app/Models/MyModels.php(126): CodeIgniter\Database\BaseBuilder->get()
#5 /home/sietmvb89/web/sieuthibeyeu.vn/public_html/app/Controllers/Route.php(476): App\Models\MyModels->full_query()
#6 /home/sietmvb89/web/sieuthibeyeu.vn/public_html/app/Controllers/Route.php(65): App\Controllers\Route->product()
#7 /home/sietmvb89/web/sieuthibeyeu.vn/public_html/system/CodeIgniter.php(938): App\Controllers\Route->index()
#8 /home/sietmvb89/web/sieuthibeyeu.vn/public_html/system/CodeIgniter.php(434): CodeIgniter\CodeIgniter->runController()
#9 /home/sietmvb89/web/sieuthibeyeu.vn/public_html/system/CodeIgniter.php(335): CodeIgniter\CodeIgniter->handleRequest()
#10 /home/sietmvb89/web/sieuthibeyeu.vn/public_html/index.php(43): CodeIgniter\CodeIgniter->run()
#11 {main}
ERROR - 2022-07-09 00:41:09 --> mysqli_sql_exception: Table 'sietmvb89_db.tbl_product_slogan' doesn't exist in /home/sietmvb89/web/sieuthibeyeu.vn/public_html/system/Database/MySQLi/Connection.php:314
Stack trace:
#0 /home/sietmvb89/web/sieuthibeyeu.vn/public_html/system/Database/MySQLi/Connection.php(314): mysqli->query()
#1 /home/sietmvb89/web/sieuthibeyeu.vn/public_html/system/Database/BaseConnection.php(713): CodeIgniter\Database\MySQLi\Connection->execute()
#2 /home/sietmvb89/web/sieuthibeyeu.vn/public_html/system/Database/BaseConnection.php(641): CodeIgniter\Database\BaseConnection->simpleQuery()
#3 /home/sietmvb89/web/sieuthibeyeu.vn/public_html/system/Database/BaseBuilder.php(1866): CodeIgniter\Database\BaseConnection->query()
#4 /home/sietmvb89/web/sieuthibeyeu.vn/public_html/app/Models/MyModels.php(126): CodeIgniter\Database\BaseBuilder->get()
#5 /home/sietmvb89/web/sieuthibeyeu.vn/public_html/app/Controllers/Route.php(469): App\Models\MyModels->full_query()
#6 /home/sietmvb89/web/sieuthibeyeu.vn/public_html/app/Controllers/Route.php(65): App\Controllers\Route->product()
#7 /home/sietmvb89/web/sieuthibeyeu.vn/public_html/system/CodeIgniter.php(938): App\Controllers\Route->index()
#8 /home/sietmvb89/web/sieuthibeyeu.vn/public_html/system/CodeIgniter.php(434): CodeIgniter\CodeIgniter->runController()
#9 /home/sietmvb89/web/sieuthibeyeu.vn/public_html/system/CodeIgniter.php(335): CodeIgniter\CodeIgniter->handleRequest()
#10 /home/sietmvb89/web/sieuthibeyeu.vn/public_html/index.php(43): CodeIgniter\CodeIgniter->run()
#11 {main}
ERROR - 2022-07-09 00:41:09 --> mysqli_sql_exception: Table 'sietmvb89_db.tbl_brand' doesn't exist in /home/sietmvb89/web/sieuthibeyeu.vn/public_html/system/Database/MySQLi/Connection.php:314
Stack trace:
#0 /home/sietmvb89/web/sieuthibeyeu.vn/public_html/system/Database/MySQLi/Connection.php(314): mysqli->query()
#1 /home/sietmvb89/web/sieuthibeyeu.vn/public_html/system/Database/BaseConnection.php(713): CodeIgniter\Database\MySQLi\Connection->execute()
#2 /home/sietmvb89/web/sieuthibeyeu.vn/public_html/system/Database/BaseConnection.php(641): CodeIgniter\Database\BaseConnection->simpleQuery()
#3 /home/sietmvb89/web/sieuthibeyeu.vn/public_html/system/Database/BaseBuilder.php(1866): CodeIgniter\Database\BaseConnection->query()
#4 /home/sietmvb89/web/sieuthibeyeu.vn/public_html/app/Models/MyModels.php(126): CodeIgniter\Database\BaseBuilder->get()
#5 /home/sietmvb89/web/sieuthibeyeu.vn/public_html/app/Controllers/Route.php(476): App\Models\MyModels->full_query()
#6 /home/sietmvb89/web/sieuthibeyeu.vn/public_html/app/Controllers/Route.php(65): App\Controllers\Route->product()
#7 /home/sietmvb89/web/sieuthibeyeu.vn/public_html/system/CodeIgniter.php(938): App\Controllers\Route->index()
#8 /home/sietmvb89/web/sieuthibeyeu.vn/public_html/system/CodeIgniter.php(434): CodeIgniter\CodeIgniter->runController()
#9 /home/sietmvb89/web/sieuthibeyeu.vn/public_html/system/CodeIgniter.php(335): CodeIgniter\CodeIgniter->handleRequest()
#10 /home/sietmvb89/web/sieuthibeyeu.vn/public_html/index.php(43): CodeIgniter\CodeIgniter->run()
#11 {main}
ERROR - 2022-07-09 00:42:59 --> mysqli_sql_exception: You have an error in your SQL syntax; check the manual that corresponds to your MariaDB server version for the right syntax to use near ')
ORDER BY `id` desc' at line 3 in /home/sietmvb89/web/sieuthibeyeu.vn/public_html/system/Database/MySQLi/Connection.php:314
Stack trace:
#0 /home/sietmvb89/web/sieuthibeyeu.vn/public_html/system/Database/MySQLi/Connection.php(314): mysqli->query()
#1 /home/sietmvb89/web/sieuthibeyeu.vn/public_html/system/Database/BaseConnection.php(713): CodeIgniter\Database\MySQLi\Connection->execute()
#2 /home/sietmvb89/web/sieuthibeyeu.vn/public_html/system/Database/BaseConnection.php(641): CodeIgniter\Database\BaseConnection->simpleQuery()
#3 /home/sietmvb89/web/sieuthibeyeu.vn/public_html/system/Database/BaseBuilder.php(1866): CodeIgniter\Database\BaseConnection->query()
#4 /home/sietmvb89/web/sieuthibeyeu.vn/public_html/app/Models/MyModels.php(126): CodeIgniter\Database\BaseBuilder->get()
#5 /home/sietmvb89/web/sieuthibeyeu.vn/public_html/app/Controllers/Route.php(307): App\Models\MyModels->full_query()
#6 /home/sietmvb89/web/sieuthibeyeu.vn/public_html/app/Controllers/Route.php(61): App\Controllers\Route->cate_product()
#7 /home/sietmvb89/web/sieuthibeyeu.vn/public_html/system/CodeIgniter.php(938): App\Controllers\Route->index()
#8 /home/sietmvb89/web/sieuthibeyeu.vn/public_html/system/CodeIgniter.php(434): CodeIgniter\CodeIgniter->runController()
#9 /home/sietmvb89/web/sieuthibeyeu.vn/public_html/system/CodeIgniter.php(335): CodeIgniter\CodeIgniter->handleRequest()
#10 /home/sietmvb89/web/sieuthibeyeu.vn/public_html/index.php(43): CodeIgniter\CodeIgniter->run()
#11 {main}
ERROR - 2022-07-09 01:10:50 --> mysqli_sql_exception: Table 'sietmvb89_db.tbl_product_slogan' doesn't exist in /home/sietmvb89/web/sieuthibeyeu.vn/public_html/system/Database/MySQLi/Connection.php:314
Stack trace:
#0 /home/sietmvb89/web/sieuthibeyeu.vn/public_html/system/Database/MySQLi/Connection.php(314): mysqli->query()
#1 /home/sietmvb89/web/sieuthibeyeu.vn/public_html/system/Database/BaseConnection.php(713): CodeIgniter\Database\MySQLi\Connection->execute()
#2 /home/sietmvb89/web/sieuthibeyeu.vn/public_html/system/Database/BaseConnection.php(641): CodeIgniter\Database\BaseConnection->simpleQuery()
#3 /home/sietmvb89/web/sieuthibeyeu.vn/public_html/system/Database/BaseBuilder.php(1866): CodeIgniter\Database\BaseConnection->query()
#4 /home/sietmvb89/web/sieuthibeyeu.vn/public_html/app/Models/MyModels.php(126): CodeIgniter\Database\BaseBuilder->get()
#5 /home/sietmvb89/web/sieuthibeyeu.vn/public_html/app/Controllers/Route.php(469): App\Models\MyModels->full_query()
#6 /home/sietmvb89/web/sieuthibeyeu.vn/public_html/app/Controllers/Route.php(65): App\Controllers\Route->product()
#7 /home/sietmvb89/web/sieuthibeyeu.vn/public_html/system/CodeIgniter.php(938): App\Controllers\Route->index()
#8 /home/sietmvb89/web/sieuthibeyeu.vn/public_html/system/CodeIgniter.php(434): CodeIgniter\CodeIgniter->runController()
#9 /home/sietmvb89/web/sieuthibeyeu.vn/public_html/system/CodeIgniter.php(335): CodeIgniter\CodeIgniter->handleRequest()
#10 /home/sietmvb89/web/sieuthibeyeu.vn/public_html/index.php(43): CodeIgniter\CodeIgniter->run()
#11 {main}
ERROR - 2022-07-09 01:10:50 --> mysqli_sql_exception: Table 'sietmvb89_db.tbl_brand' doesn't exist in /home/sietmvb89/web/sieuthibeyeu.vn/public_html/system/Database/MySQLi/Connection.php:314
Stack trace:
#0 /home/sietmvb89/web/sieuthibeyeu.vn/public_html/system/Database/MySQLi/Connection.php(314): mysqli->query()
#1 /home/sietmvb89/web/sieuthibeyeu.vn/public_html/system/Database/BaseConnection.php(713): CodeIgniter\Database\MySQLi\Connection->execute()
#2 /home/sietmvb89/web/sieuthibeyeu.vn/public_html/system/Database/BaseConnection.php(641): CodeIgniter\Database\BaseConnection->simpleQuery()
#3 /home/sietmvb89/web/sieuthibeyeu.vn/public_html/system/Database/BaseBuilder.php(1866): CodeIgniter\Database\BaseConnection->query()
#4 /home/sietmvb89/web/sieuthibeyeu.vn/public_html/app/Models/MyModels.php(126): CodeIgniter\Database\BaseBuilder->get()
#5 /home/sietmvb89/web/sieuthibeyeu.vn/public_html/app/Controllers/Route.php(476): App\Models\MyModels->full_query()
#6 /home/sietmvb89/web/sieuthibeyeu.vn/public_html/app/Controllers/Route.php(65): App\Controllers\Route->product()
#7 /home/sietmvb89/web/sieuthibeyeu.vn/public_html/system/CodeIgniter.php(938): App\Controllers\Route->index()
#8 /home/sietmvb89/web/sieuthibeyeu.vn/public_html/system/CodeIgniter.php(434): CodeIgniter\CodeIgniter->runController()
#9 /home/sietmvb89/web/sieuthibeyeu.vn/public_html/system/CodeIgniter.php(335): CodeIgniter\CodeIgniter->handleRequest()
#10 /home/sietmvb89/web/sieuthibeyeu.vn/public_html/index.php(43): CodeIgniter\CodeIgniter->run()
#11 {main}
ERROR - 2022-07-09 01:55:24 --> mysqli_sql_exception: Table 'sietmvb89_db.tbl_product_slogan' doesn't exist in /home/sietmvb89/web/sieuthibeyeu.vn/public_html/system/Database/MySQLi/Connection.php:314
Stack trace:
#0 /home/sietmvb89/web/sieuthibeyeu.vn/public_html/system/Database/MySQLi/Connection.php(314): mysqli->query()
#1 /home/sietmvb89/web/sieuthibeyeu.vn/public_html/system/Database/BaseConnection.php(713): CodeIgniter\Database\MySQLi\Connection->execute()
#2 /home/sietmvb89/web/sieuthibeyeu.vn/public_html/system/Database/BaseConnection.php(641): CodeIgniter\Database\BaseConnection->simpleQuery()
#3 /home/sietmvb89/web/sieuthibeyeu.vn/public_html/system/Database/BaseBuilder.php(1866): CodeIgniter\Database\BaseConnection->query()
#4 /home/sietmvb89/web/sieuthibeyeu.vn/public_html/app/Models/MyModels.php(126): CodeIgniter\Database\BaseBuilder->get()
#5 /home/sietmvb89/web/sieuthibeyeu.vn/public_html/app/Controllers/Route.php(469): App\Models\MyModels->full_query()
#6 /home/sietmvb89/web/sieuthibeyeu.vn/public_html/app/Controllers/Route.php(65): App\Controllers\Route->product()
#7 /home/sietmvb89/web/sieuthibeyeu.vn/public_html/system/CodeIgniter.php(938): App\Controllers\Route->index()
#8 /home/sietmvb89/web/sieuthibeyeu.vn/public_html/system/CodeIgniter.php(434): CodeIgniter\CodeIgniter->runController()
#9 /home/sietmvb89/web/sieuthibeyeu.vn/public_html/system/CodeIgniter.php(335): CodeIgniter\CodeIgniter->handleRequest()
#10 /home/sietmvb89/web/sieuthibeyeu.vn/public_html/index.php(43): CodeIgniter\CodeIgniter->run()
#11 {main}
ERROR - 2022-07-09 01:55:24 --> mysqli_sql_exception: Table 'sietmvb89_db.tbl_brand' doesn't exist in /home/sietmvb89/web/sieuthibeyeu.vn/public_html/system/Database/MySQLi/Connection.php:314
Stack trace:
#0 /home/sietmvb89/web/sieuthibeyeu.vn/public_html/system/Database/MySQLi/Connection.php(314): mysqli->query()
#1 /home/sietmvb89/web/sieuthibeyeu.vn/public_html/system/Database/BaseConnection.php(713): CodeIgniter\Database\MySQLi\Connection->execute()
#2 /home/sietmvb89/web/sieuthibeyeu.vn/public_html/system/Database/BaseConnection.php(641): CodeIgniter\Database\BaseConnection->simpleQuery()
#3 /home/sietmvb89/web/sieuthibeyeu.vn/public_html/system/Database/BaseBuilder.php(1866): CodeIgniter\Database\BaseConnection->query()
#4 /home/sietmvb89/web/sieuthibeyeu.vn/public_html/app/Models/MyModels.php(126): CodeIgniter\Database\BaseBuilder->get()
#5 /home/sietmvb89/web/sieuthibeyeu.vn/public_html/app/Controllers/Route.php(476): App\Models\MyModels->full_query()
#6 /home/sietmvb89/web/sieuthibeyeu.vn/public_html/app/Controllers/Route.php(65): App\Controllers\Route->product()
#7 /home/sietmvb89/web/sieuthibeyeu.vn/public_html/system/CodeIgniter.php(938): App\Controllers\Route->index()
#8 /home/sietmvb89/web/sieuthibeyeu.vn/public_html/system/CodeIgniter.php(434): CodeIgniter\CodeIgniter->runController()
#9 /home/sietmvb89/web/sieuthibeyeu.vn/public_html/system/CodeIgniter.php(335): CodeIgniter\CodeIgniter->handleRequest()
#10 /home/sietmvb89/web/sieuthibeyeu.vn/public_html/index.php(43): CodeIgniter\CodeIgniter->run()
#11 {main}
ERROR - 2022-07-09 02:31:10 --> mysqli_sql_exception: You have an error in your SQL syntax; check the manual that corresponds to your MariaDB server version for the right syntax to use near ')
ORDER BY `id` desc' at line 3 in /home/sietmvb89/web/sieuthibeyeu.vn/public_html/system/Database/MySQLi/Connection.php:314
Stack trace:
#0 /home/sietmvb89/web/sieuthibeyeu.vn/public_html/system/Database/MySQLi/Connection.php(314): mysqli->query()
#1 /home/sietmvb89/web/sieuthibeyeu.vn/public_html/system/Database/BaseConnection.php(713): CodeIgniter\Database\MySQLi\Connection->execute()
#2 /home/sietmvb89/web/sieuthibeyeu.vn/public_html/system/Database/BaseConnection.php(641): CodeIgniter\Database\BaseConnection->simpleQuery()
#3 /home/sietmvb89/web/sieuthibeyeu.vn/public_html/system/Database/BaseBuilder.php(1866): CodeIgniter\Database\BaseConnection->query()
#4 /home/sietmvb89/web/sieuthibeyeu.vn/public_html/app/Models/MyModels.php(126): CodeIgniter\Database\BaseBuilder->get()
#5 /home/sietmvb89/web/sieuthibeyeu.vn/public_html/app/Controllers/Route.php(307): App\Models\MyModels->full_query()
#6 /home/sietmvb89/web/sieuthibeyeu.vn/public_html/app/Controllers/Route.php(61): App\Controllers\Route->cate_product()
#7 /home/sietmvb89/web/sieuthibeyeu.vn/public_html/system/CodeIgniter.php(938): App\Controllers\Route->index()
#8 /home/sietmvb89/web/sieuthibeyeu.vn/public_html/system/CodeIgniter.php(434): CodeIgniter\CodeIgniter->runController()
#9 /home/sietmvb89/web/sieuthibeyeu.vn/public_html/system/CodeIgniter.php(335): CodeIgniter\CodeIgniter->handleRequest()
#10 /home/sietmvb89/web/sieuthibeyeu.vn/public_html/index.php(43): CodeIgniter\CodeIgniter->run()
#11 {main}
ERROR - 2022-07-09 05:15:56 --> mysqli_sql_exception: Table 'sietmvb89_db.tbl_product_slogan' doesn't exist in /home/sietmvb89/web/sieuthibeyeu.vn/public_html/system/Database/MySQLi/Connection.php:314
Stack trace:
#0 /home/sietmvb89/web/sieuthibeyeu.vn/public_html/system/Database/MySQLi/Connection.php(314): mysqli->query()
#1 /home/sietmvb89/web/sieuthibeyeu.vn/public_html/system/Database/BaseConnection.php(713): CodeIgniter\Database\MySQLi\Connection->execute()
#2 /home/sietmvb89/web/sieuthibeyeu.vn/public_html/system/Database/BaseConnection.php(641): CodeIgniter\Database\BaseConnection->simpleQuery()
#3 /home/sietmvb89/web/sieuthibeyeu.vn/public_html/system/Database/BaseBuilder.php(1866): CodeIgniter\Database\BaseConnection->query()
#4 /home/sietmvb89/web/sieuthibeyeu.vn/public_html/app/Models/MyModels.php(126): CodeIgniter\Database\BaseBuilder->get()
#5 /home/sietmvb89/web/sieuthibeyeu.vn/public_html/app/Controllers/Route.php(469): App\Models\MyModels->full_query()
#6 /home/sietmvb89/web/sieuthibeyeu.vn/public_html/app/Controllers/Route.php(65): App\Controllers\Route->product()
#7 /home/sietmvb89/web/sieuthibeyeu.vn/public_html/system/CodeIgniter.php(938): App\Controllers\Route->index()
#8 /home/sietmvb89/web/sieuthibeyeu.vn/public_html/system/CodeIgniter.php(434): CodeIgniter\CodeIgniter->runController()
#9 /home/sietmvb89/web/sieuthibeyeu.vn/public_html/system/CodeIgniter.php(335): CodeIgniter\CodeIgniter->handleRequest()
#10 /home/sietmvb89/web/sieuthibeyeu.vn/public_html/index.php(43): CodeIgniter\CodeIgniter->run()
#11 {main}
ERROR - 2022-07-09 05:15:56 --> mysqli_sql_exception: Table 'sietmvb89_db.tbl_brand' doesn't exist in /home/sietmvb89/web/sieuthibeyeu.vn/public_html/system/Database/MySQLi/Connection.php:314
Stack trace:
#0 /home/sietmvb89/web/sieuthibeyeu.vn/public_html/system/Database/MySQLi/Connection.php(314): mysqli->query()
#1 /home/sietmvb89/web/sieuthibeyeu.vn/public_html/system/Database/BaseConnection.php(713): CodeIgniter\Database\MySQLi\Connection->execute()
#2 /home/sietmvb89/web/sieuthibeyeu.vn/public_html/system/Database/BaseConnection.php(641): CodeIgniter\Database\BaseConnection->simpleQuery()
#3 /home/sietmvb89/web/sieuthibeyeu.vn/public_html/system/Database/BaseBuilder.php(1866): CodeIgniter\Database\BaseConnection->query()
#4 /home/sietmvb89/web/sieuthibeyeu.vn/public_html/app/Models/MyModels.php(126): CodeIgniter\Database\BaseBuilder->get()
#5 /home/sietmvb89/web/sieuthibeyeu.vn/public_html/app/Controllers/Route.php(476): App\Models\MyModels->full_query()
#6 /home/sietmvb89/web/sieuthibeyeu.vn/public_html/app/Controllers/Route.php(65): App\Controllers\Route->product()
#7 /home/sietmvb89/web/sieuthibeyeu.vn/public_html/system/CodeIgniter.php(938): App\Controllers\Route->index()
#8 /home/sietmvb89/web/sieuthibeyeu.vn/public_html/system/CodeIgniter.php(434): CodeIgniter\CodeIgniter->runController()
#9 /home/sietmvb89/web/sieuthibeyeu.vn/public_html/system/CodeIgniter.php(335): CodeIgniter\CodeIgniter->handleRequest()
#10 /home/sietmvb89/web/sieuthibeyeu.vn/public_html/index.php(43): CodeIgniter\CodeIgniter->run()
#11 {main}
ERROR - 2022-07-09 07:36:11 --> mysqli_sql_exception: Table 'sietmvb89_db.tbl_product_slogan' doesn't exist in /home/sietmvb89/web/sieuthibeyeu.vn/public_html/system/Database/MySQLi/Connection.php:314
Stack trace:
#0 /home/sietmvb89/web/sieuthibeyeu.vn/public_html/system/Database/MySQLi/Connection.php(314): mysqli->query()
#1 /home/sietmvb89/web/sieuthibeyeu.vn/public_html/system/Database/BaseConnection.php(713): CodeIgniter\Database\MySQLi\Connection->execute()
#2 /home/sietmvb89/web/sieuthibeyeu.vn/public_html/system/Database/BaseConnection.php(641): CodeIgniter\Database\BaseConnection->simpleQuery()
#3 /home/sietmvb89/web/sieuthibeyeu.vn/public_html/system/Database/BaseBuilder.php(1866): CodeIgniter\Database\BaseConnection->query()
#4 /home/sietmvb89/web/sieuthibeyeu.vn/public_html/app/Models/MyModels.php(126): CodeIgniter\Database\BaseBuilder->get()
#5 /home/sietmvb89/web/sieuthibeyeu.vn/public_html/app/Controllers/Route.php(469): App\Models\MyModels->full_query()
#6 /home/sietmvb89/web/sieuthibeyeu.vn/public_html/app/Controllers/Route.php(65): App\Controllers\Route->product()
#7 /home/sietmvb89/web/sieuthibeyeu.vn/public_html/system/CodeIgniter.php(938): App\Controllers\Route->index()
#8 /home/sietmvb89/web/sieuthibeyeu.vn/public_html/system/CodeIgniter.php(434): CodeIgniter\CodeIgniter->runController()
#9 /home/sietmvb89/web/sieuthibeyeu.vn/public_html/system/CodeIgniter.php(335): CodeIgniter\CodeIgniter->handleRequest()
#10 /home/sietmvb89/web/sieuthibeyeu.vn/public_html/index.php(43): CodeIgniter\CodeIgniter->run()
#11 {main}
ERROR - 2022-07-09 07:36:11 --> mysqli_sql_exception: Table 'sietmvb89_db.tbl_brand' doesn't exist in /home/sietmvb89/web/sieuthibeyeu.vn/public_html/system/Database/MySQLi/Connection.php:314
Stack trace:
#0 /home/sietmvb89/web/sieuthibeyeu.vn/public_html/system/Database/MySQLi/Connection.php(314): mysqli->query()
#1 /home/sietmvb89/web/sieuthibeyeu.vn/public_html/system/Database/BaseConnection.php(713): CodeIgniter\Database\MySQLi\Connection->execute()
#2 /home/sietmvb89/web/sieuthibeyeu.vn/public_html/system/Database/BaseConnection.php(641): CodeIgniter\Database\BaseConnection->simpleQuery()
#3 /home/sietmvb89/web/sieuthibeyeu.vn/public_html/system/Database/BaseBuilder.php(1866): CodeIgniter\Database\BaseConnection->query()
#4 /home/sietmvb89/web/sieuthibeyeu.vn/public_html/app/Models/MyModels.php(126): CodeIgniter\Database\BaseBuilder->get()
#5 /home/sietmvb89/web/sieuthibeyeu.vn/public_html/app/Controllers/Route.php(476): App\Models\MyModels->full_query()
#6 /home/sietmvb89/web/sieuthibeyeu.vn/public_html/app/Controllers/Route.php(65): App\Controllers\Route->product()
#7 /home/sietmvb89/web/sieuthibeyeu.vn/public_html/system/CodeIgniter.php(938): App\Controllers\Route->index()
#8 /home/sietmvb89/web/sieuthibeyeu.vn/public_html/system/CodeIgniter.php(434): CodeIgniter\CodeIgniter->runController()
#9 /home/sietmvb89/web/sieuthibeyeu.vn/public_html/system/CodeIgniter.php(335): CodeIgniter\CodeIgniter->handleRequest()
#10 /home/sietmvb89/web/sieuthibeyeu.vn/public_html/index.php(43): CodeIgniter\CodeIgniter->run()
#11 {main}
ERROR - 2022-07-09 08:28:18 --> mysqli_sql_exception: You have an error in your SQL syntax; check the manual that corresponds to your MariaDB server version for the right syntax to use near ')
ORDER BY `id` desc' at line 3 in /home/sietmvb89/web/sieuthibeyeu.vn/public_html/system/Database/MySQLi/Connection.php:314
Stack trace:
#0 /home/sietmvb89/web/sieuthibeyeu.vn/public_html/system/Database/MySQLi/Connection.php(314): mysqli->query()
#1 /home/sietmvb89/web/sieuthibeyeu.vn/public_html/system/Database/BaseConnection.php(713): CodeIgniter\Database\MySQLi\Connection->execute()
#2 /home/sietmvb89/web/sieuthibeyeu.vn/public_html/system/Database/BaseConnection.php(641): CodeIgniter\Database\BaseConnection->simpleQuery()
#3 /home/sietmvb89/web/sieuthibeyeu.vn/public_html/system/Database/BaseBuilder.php(1866): CodeIgniter\Database\BaseConnection->query()
#4 /home/sietmvb89/web/sieuthibeyeu.vn/public_html/app/Models/MyModels.php(126): CodeIgniter\Database\BaseBuilder->get()
#5 /home/sietmvb89/web/sieuthibeyeu.vn/public_html/app/Controllers/Route.php(307): App\Models\MyModels->full_query()
#6 /home/sietmvb89/web/sieuthibeyeu.vn/public_html/app/Controllers/Route.php(61): App\Controllers\Route->cate_product()
#7 /home/sietmvb89/web/sieuthibeyeu.vn/public_html/system/CodeIgniter.php(938): App\Controllers\Route->index()
#8 /home/sietmvb89/web/sieuthibeyeu.vn/public_html/system/CodeIgniter.php(434): CodeIgniter\CodeIgniter->runController()
#9 /home/sietmvb89/web/sieuthibeyeu.vn/public_html/system/CodeIgniter.php(335): CodeIgniter\CodeIgniter->handleRequest()
#10 /home/sietmvb89/web/sieuthibeyeu.vn/public_html/index.php(43): CodeIgniter\CodeIgniter->run()
#11 {main}
ERROR - 2022-07-09 08:58:33 --> mysqli_sql_exception: You have an error in your SQL syntax; check the manual that corresponds to your MariaDB server version for the right syntax to use near ')
ORDER BY `id` desc' at line 3 in /home/sietmvb89/web/sieuthibeyeu.vn/public_html/system/Database/MySQLi/Connection.php:314
Stack trace:
#0 /home/sietmvb89/web/sieuthibeyeu.vn/public_html/system/Database/MySQLi/Connection.php(314): mysqli->query()
#1 /home/sietmvb89/web/sieuthibeyeu.vn/public_html/system/Database/BaseConnection.php(713): CodeIgniter\Database\MySQLi\Connection->execute()
#2 /home/sietmvb89/web/sieuthibeyeu.vn/public_html/system/Database/BaseConnection.php(641): CodeIgniter\Database\BaseConnection->simpleQuery()
#3 /home/sietmvb89/web/sieuthibeyeu.vn/public_html/system/Database/BaseBuilder.php(1866): CodeIgniter\Database\BaseConnection->query()
#4 /home/sietmvb89/web/sieuthibeyeu.vn/public_html/app/Models/MyModels.php(126): CodeIgniter\Database\BaseBuilder->get()
#5 /home/sietmvb89/web/sieuthibeyeu.vn/public_html/app/Controllers/Route.php(307): App\Models\MyModels->full_query()
#6 /home/sietmvb89/web/sieuthibeyeu.vn/public_html/app/Controllers/Route.php(61): App\Controllers\Route->cate_product()
#7 /home/sietmvb89/web/sieuthibeyeu.vn/public_html/system/CodeIgniter.php(938): App\Controllers\Route->index()
#8 /home/sietmvb89/web/sieuthibeyeu.vn/public_html/system/CodeIgniter.php(434): CodeIgniter\CodeIgniter->runController()
#9 /home/sietmvb89/web/sieuthibeyeu.vn/public_html/system/CodeIgniter.php(335): CodeIgniter\CodeIgniter->handleRequest()
#10 /home/sietmvb89/web/sieuthibeyeu.vn/public_html/index.php(43): CodeIgniter\CodeIgniter->run()
#11 {main}
ERROR - 2022-07-09 10:29:08 --> mysqli_sql_exception: Table 'sietmvb89_db.tbl_brand' doesn't exist in /home/sietmvb89/web/sieuthibeyeu.vn/public_html/system/Database/MySQLi/Connection.php:314
Stack trace:
#0 /home/sietmvb89/web/sieuthibeyeu.vn/public_html/system/Database/MySQLi/Connection.php(314): mysqli->query()
#1 /home/sietmvb89/web/sieuthibeyeu.vn/public_html/system/Database/BaseConnection.php(713): CodeIgniter\Database\MySQLi\Connection->execute()
#2 /home/sietmvb89/web/sieuthibeyeu.vn/public_html/system/Database/BaseConnection.php(641): CodeIgniter\Database\BaseConnection->simpleQuery()
#3 /home/sietmvb89/web/sieuthibeyeu.vn/public_html/system/Database/BaseBuilder.php(1866): CodeIgniter\Database\BaseConnection->query()
#4 /home/sietmvb89/web/sieuthibeyeu.vn/public_html/app/Models/MyModels.php(126): CodeIgniter\Database\BaseBuilder->get()
#5 /home/sietmvb89/web/sieuthibeyeu.vn/public_html/app/Controllers/Route.php(307): App\Models\MyModels->full_query()
#6 /home/sietmvb89/web/sieuthibeyeu.vn/public_html/app/Controllers/Route.php(61): App\Controllers\Route->cate_product()
#7 /home/sietmvb89/web/sieuthibeyeu.vn/public_html/system/CodeIgniter.php(938): App\Controllers\Route->index()
#8 /home/sietmvb89/web/sieuthibeyeu.vn/public_html/system/CodeIgniter.php(434): CodeIgniter\CodeIgniter->runController()
#9 /home/sietmvb89/web/sieuthibeyeu.vn/public_html/system/CodeIgniter.php(335): CodeIgniter\CodeIgniter->handleRequest()
#10 /home/sietmvb89/web/sieuthibeyeu.vn/public_html/index.php(43): CodeIgniter\CodeIgniter->run()
#11 {main}
ERROR - 2022-07-09 14:24:52 --> mysqli_sql_exception: Table 'sietmvb89_db.tbl_product_slogan' doesn't exist in /home/sietmvb89/web/sieuthibeyeu.vn/public_html/system/Database/MySQLi/Connection.php:314
Stack trace:
#0 /home/sietmvb89/web/sieuthibeyeu.vn/public_html/system/Database/MySQLi/Connection.php(314): mysqli->query()
#1 /home/sietmvb89/web/sieuthibeyeu.vn/public_html/system/Database/BaseConnection.php(713): CodeIgniter\Database\MySQLi\Connection->execute()
#2 /home/sietmvb89/web/sieuthibeyeu.vn/public_html/system/Database/BaseConnection.php(641): CodeIgniter\Database\BaseConnection->simpleQuery()
#3 /home/sietmvb89/web/sieuthibeyeu.vn/public_html/system/Database/BaseBuilder.php(1866): CodeIgniter\Database\BaseConnection->query()
#4 /home/sietmvb89/web/sieuthibeyeu.vn/public_html/app/Models/MyModels.php(126): CodeIgniter\Database\BaseBuilder->get()
#5 /home/sietmvb89/web/sieuthibeyeu.vn/public_html/app/Controllers/Route.php(469): App\Models\MyModels->full_query()
#6 /home/sietmvb89/web/sieuthibeyeu.vn/public_html/app/Controllers/Route.php(65): App\Controllers\Route->product()
#7 /home/sietmvb89/web/sieuthibeyeu.vn/public_html/system/CodeIgniter.php(938): App\Controllers\Route->index()
#8 /home/sietmvb89/web/sieuthibeyeu.vn/public_html/system/CodeIgniter.php(434): CodeIgniter\CodeIgniter->runController()
#9 /home/sietmvb89/web/sieuthibeyeu.vn/public_html/system/CodeIgniter.php(335): CodeIgniter\CodeIgniter->handleRequest()
#10 /home/sietmvb89/web/sieuthibeyeu.vn/public_html/index.php(43): CodeIgniter\CodeIgniter->run()
#11 {main}
ERROR - 2022-07-09 14:24:52 --> mysqli_sql_exception: Table 'sietmvb89_db.tbl_brand' doesn't exist in /home/sietmvb89/web/sieuthibeyeu.vn/public_html/system/Database/MySQLi/Connection.php:314
Stack trace:
#0 /home/sietmvb89/web/sieuthibeyeu.vn/public_html/system/Database/MySQLi/Connection.php(314): mysqli->query()
#1 /home/sietmvb89/web/sieuthibeyeu.vn/public_html/system/Database/BaseConnection.php(713): CodeIgniter\Database\MySQLi\Connection->execute()
#2 /home/sietmvb89/web/sieuthibeyeu.vn/public_html/system/Database/BaseConnection.php(641): CodeIgniter\Database\BaseConnection->simpleQuery()
#3 /home/sietmvb89/web/sieuthibeyeu.vn/public_html/system/Database/BaseBuilder.php(1866): CodeIgniter\Database\BaseConnection->query()
#4 /home/sietmvb89/web/sieuthibeyeu.vn/public_html/app/Models/MyModels.php(126): CodeIgniter\Database\BaseBuilder->get()
#5 /home/sietmvb89/web/sieuthibeyeu.vn/public_html/app/Controllers/Route.php(476): App\Models\MyModels->full_query()
#6 /home/sietmvb89/web/sieuthibeyeu.vn/public_html/app/Controllers/Route.php(65): App\Controllers\Route->product()
#7 /home/sietmvb89/web/sieuthibeyeu.vn/public_html/system/CodeIgniter.php(938): App\Controllers\Route->index()
#8 /home/sietmvb89/web/sieuthibeyeu.vn/public_html/system/CodeIgniter.php(434): CodeIgniter\CodeIgniter->runController()
#9 /home/sietmvb89/web/sieuthibeyeu.vn/public_html/system/CodeIgniter.php(335): CodeIgniter\CodeIgniter->handleRequest()
#10 /home/sietmvb89/web/sieuthibeyeu.vn/public_html/index.php(43): CodeIgniter\CodeIgniter->run()
#11 {main}
ERROR - 2022-07-09 15:01:10 --> mysqli_sql_exception: Table 'sietmvb89_db.tbl_product_slogan' doesn't exist in /home/sietmvb89/web/sieuthibeyeu.vn/public_html/system/Database/MySQLi/Connection.php:314
Stack trace:
#0 /home/sietmvb89/web/sieuthibeyeu.vn/public_html/system/Database/MySQLi/Connection.php(314): mysqli->query()
#1 /home/sietmvb89/web/sieuthibeyeu.vn/public_html/system/Database/BaseConnection.php(713): CodeIgniter\Database\MySQLi\Connection->execute()
#2 /home/sietmvb89/web/sieuthibeyeu.vn/public_html/system/Database/BaseConnection.php(641): CodeIgniter\Database\BaseConnection->simpleQuery()
#3 /home/sietmvb89/web/sieuthibeyeu.vn/public_html/system/Database/BaseBuilder.php(1866): CodeIgniter\Database\BaseConnection->query()
#4 /home/sietmvb89/web/sieuthibeyeu.vn/public_html/app/Models/MyModels.php(126): CodeIgniter\Database\BaseBuilder->get()
#5 /home/sietmvb89/web/sieuthibeyeu.vn/public_html/app/Controllers/Route.php(469): App\Models\MyModels->full_query()
#6 /home/sietmvb89/web/sieuthibeyeu.vn/public_html/app/Controllers/Route.php(65): App\Controllers\Route->product()
#7 /home/sietmvb89/web/sieuthibeyeu.vn/public_html/system/CodeIgniter.php(938): App\Controllers\Route->index()
#8 /home/sietmvb89/web/sieuthibeyeu.vn/public_html/system/CodeIgniter.php(434): CodeIgniter\CodeIgniter->runController()
#9 /home/sietmvb89/web/sieuthibeyeu.vn/public_html/system/CodeIgniter.php(335): CodeIgniter\CodeIgniter->handleRequest()
#10 /home/sietmvb89/web/sieuthibeyeu.vn/public_html/index.php(43): CodeIgniter\CodeIgniter->run()
#11 {main}
ERROR - 2022-07-09 15:01:10 --> mysqli_sql_exception: Table 'sietmvb89_db.tbl_brand' doesn't exist in /home/sietmvb89/web/sieuthibeyeu.vn/public_html/system/Database/MySQLi/Connection.php:314
Stack trace:
#0 /home/sietmvb89/web/sieuthibeyeu.vn/public_html/system/Database/MySQLi/Connection.php(314): mysqli->query()
#1 /home/sietmvb89/web/sieuthibeyeu.vn/public_html/system/Database/BaseConnection.php(713): CodeIgniter\Database\MySQLi\Connection->execute()
#2 /home/sietmvb89/web/sieuthibeyeu.vn/public_html/system/Database/BaseConnection.php(641): CodeIgniter\Database\BaseConnection->simpleQuery()
#3 /home/sietmvb89/web/sieuthibeyeu.vn/public_html/system/Database/BaseBuilder.php(1866): CodeIgniter\Database\BaseConnection->query()
#4 /home/sietmvb89/web/sieuthibeyeu.vn/public_html/app/Models/MyModels.php(126): CodeIgniter\Database\BaseBuilder->get()
#5 /home/sietmvb89/web/sieuthibeyeu.vn/public_html/app/Controllers/Route.php(476): App\Models\MyModels->full_query()
#6 /home/sietmvb89/web/sieuthibeyeu.vn/public_html/app/Controllers/Route.php(65): App\Controllers\Route->product()
#7 /home/sietmvb89/web/sieuthibeyeu.vn/public_html/system/CodeIgniter.php(938): App\Controllers\Route->index()
#8 /home/sietmvb89/web/sieuthibeyeu.vn/public_html/system/CodeIgniter.php(434): CodeIgniter\CodeIgniter->runController()
#9 /home/sietmvb89/web/sieuthibeyeu.vn/public_html/system/CodeIgniter.php(335): CodeIgniter\CodeIgniter->handleRequest()
#10 /home/sietmvb89/web/sieuthibeyeu.vn/public_html/index.php(43): CodeIgniter\CodeIgniter->run()
#11 {main}
ERROR - 2022-07-09 19:35:19 --> mysqli_sql_exception: You have an error in your SQL syntax; check the manual that corresponds to your MariaDB server version for the right syntax to use near ')
ORDER BY `id` desc' at line 3 in /home/sietmvb89/web/sieuthibeyeu.vn/public_html/system/Database/MySQLi/Connection.php:314
Stack trace:
#0 /home/sietmvb89/web/sieuthibeyeu.vn/public_html/system/Database/MySQLi/Connection.php(314): mysqli->query()
#1 /home/sietmvb89/web/sieuthibeyeu.vn/public_html/system/Database/BaseConnection.php(713): CodeIgniter\Database\MySQLi\Connection->execute()
#2 /home/sietmvb89/web/sieuthibeyeu.vn/public_html/system/Database/BaseConnection.php(641): CodeIgniter\Database\BaseConnection->simpleQuery()
#3 /home/sietmvb89/web/sieuthibeyeu.vn/public_html/system/Database/BaseBuilder.php(1866): CodeIgniter\Database\BaseConnection->query()
#4 /home/sietmvb89/web/sieuthibeyeu.vn/public_html/app/Models/MyModels.php(126): CodeIgniter\Database\BaseBuilder->get()
#5 /home/sietmvb89/web/sieuthibeyeu.vn/public_html/app/Controllers/Route.php(307): App\Models\MyModels->full_query()
#6 /home/sietmvb89/web/sieuthibeyeu.vn/public_html/app/Controllers/Route.php(61): App\Controllers\Route->cate_product()
#7 /home/sietmvb89/web/sieuthibeyeu.vn/public_html/system/CodeIgniter.php(938): App\Controllers\Route->index()
#8 /home/sietmvb89/web/sieuthibeyeu.vn/public_html/system/CodeIgniter.php(434): CodeIgniter\CodeIgniter->runController()
#9 /home/sietmvb89/web/sieuthibeyeu.vn/public_html/system/CodeIgniter.php(335): CodeIgniter\CodeIgniter->handleRequest()
#10 /home/sietmvb89/web/sieuthibeyeu.vn/public_html/index.php(43): CodeIgniter\CodeIgniter->run()
#11 {main}
ERROR - 2022-07-09 20:34:42 --> mysqli_sql_exception: Table 'sietmvb89_db.tbl_product_slogan' doesn't exist in /home/sietmvb89/web/sieuthibeyeu.vn/public_html/system/Database/MySQLi/Connection.php:314
Stack trace:
#0 /home/sietmvb89/web/sieuthibeyeu.vn/public_html/system/Database/MySQLi/Connection.php(314): mysqli->query()
#1 /home/sietmvb89/web/sieuthibeyeu.vn/public_html/system/Database/BaseConnection.php(713): CodeIgniter\Database\MySQLi\Connection->execute()
#2 /home/sietmvb89/web/sieuthibeyeu.vn/public_html/system/Database/BaseConnection.php(641): CodeIgniter\Database\BaseConnection->simpleQuery()
#3 /home/sietmvb89/web/sieuthibeyeu.vn/public_html/system/Database/BaseBuilder.php(1866): CodeIgniter\Database\BaseConnection->query()
#4 /home/sietmvb89/web/sieuthibeyeu.vn/public_html/app/Models/MyModels.php(126): CodeIgniter\Database\BaseBuilder->get()
#5 /home/sietmvb89/web/sieuthibeyeu.vn/public_html/app/Controllers/Route.php(469): App\Models\MyModels->full_query()
#6 /home/sietmvb89/web/sieuthibeyeu.vn/public_html/app/Controllers/Route.php(65): App\Controllers\Route->product()
#7 /home/sietmvb89/web/sieuthibeyeu.vn/public_html/system/CodeIgniter.php(938): App\Controllers\Route->index()
#8 /home/sietmvb89/web/sieuthibeyeu.vn/public_html/system/CodeIgniter.php(434): CodeIgniter\CodeIgniter->runController()
#9 /home/sietmvb89/web/sieuthibeyeu.vn/public_html/system/CodeIgniter.php(335): CodeIgniter\CodeIgniter->handleRequest()
#10 /home/sietmvb89/web/sieuthibeyeu.vn/public_html/index.php(43): CodeIgniter\CodeIgniter->run()
#11 {main}
ERROR - 2022-07-09 20:34:42 --> mysqli_sql_exception: Table 'sietmvb89_db.tbl_brand' doesn't exist in /home/sietmvb89/web/sieuthibeyeu.vn/public_html/system/Database/MySQLi/Connection.php:314
Stack trace:
#0 /home/sietmvb89/web/sieuthibeyeu.vn/public_html/system/Database/MySQLi/Connection.php(314): mysqli->query()
#1 /home/sietmvb89/web/sieuthibeyeu.vn/public_html/system/Database/BaseConnection.php(713): CodeIgniter\Database\MySQLi\Connection->execute()
#2 /home/sietmvb89/web/sieuthibeyeu.vn/public_html/system/Database/BaseConnection.php(641): CodeIgniter\Database\BaseConnection->simpleQuery()
#3 /home/sietmvb89/web/sieuthibeyeu.vn/public_html/system/Database/BaseBuilder.php(1866): CodeIgniter\Database\BaseConnection->query()
#4 /home/sietmvb89/web/sieuthibeyeu.vn/public_html/app/Models/MyModels.php(126): CodeIgniter\Database\BaseBuilder->get()
#5 /home/sietmvb89/web/sieuthibeyeu.vn/public_html/app/Controllers/Route.php(476): App\Models\MyModels->full_query()
#6 /home/sietmvb89/web/sieuthibeyeu.vn/public_html/app/Controllers/Route.php(65): App\Controllers\Route->product()
#7 /home/sietmvb89/web/sieuthibeyeu.vn/public_html/system/CodeIgniter.php(938): App\Controllers\Route->index()
#8 /home/sietmvb89/web/sieuthibeyeu.vn/public_html/system/CodeIgniter.php(434): CodeIgniter\CodeIgniter->runController()
#9 /home/sietmvb89/web/sieuthibeyeu.vn/public_html/system/CodeIgniter.php(335): CodeIgniter\CodeIgniter->handleRequest()
#10 /home/sietmvb89/web/sieuthibeyeu.vn/public_html/index.php(43): CodeIgniter\CodeIgniter->run()
#11 {main}
ERROR - 2022-07-09 20:52:04 --> mysqli_sql_exception: You have an error in your SQL syntax; check the manual that corresponds to your MariaDB server version for the right syntax to use near ')
ORDER BY `id` desc' at line 3 in /home/sietmvb89/web/sieuthibeyeu.vn/public_html/system/Database/MySQLi/Connection.php:314
Stack trace:
#0 /home/sietmvb89/web/sieuthibeyeu.vn/public_html/system/Database/MySQLi/Connection.php(314): mysqli->query()
#1 /home/sietmvb89/web/sieuthibeyeu.vn/public_html/system/Database/BaseConnection.php(713): CodeIgniter\Database\MySQLi\Connection->execute()
#2 /home/sietmvb89/web/sieuthibeyeu.vn/public_html/system/Database/BaseConnection.php(641): CodeIgniter\Database\BaseConnection->simpleQuery()
#3 /home/sietmvb89/web/sieuthibeyeu.vn/public_html/system/Database/BaseBuilder.php(1866): CodeIgniter\Database\BaseConnection->query()
#4 /home/sietmvb89/web/sieuthibeyeu.vn/public_html/app/Models/MyModels.php(126): CodeIgniter\Database\BaseBuilder->get()
#5 /home/sietmvb89/web/sieuthibeyeu.vn/public_html/app/Controllers/Route.php(307): App\Models\MyModels->full_query()
#6 /home/sietmvb89/web/sieuthibeyeu.vn/public_html/app/Controllers/Route.php(61): App\Controllers\Route->cate_product()
#7 /home/sietmvb89/web/sieuthibeyeu.vn/public_html/system/CodeIgniter.php(938): App\Controllers\Route->index()
#8 /home/sietmvb89/web/sieuthibeyeu.vn/public_html/system/CodeIgniter.php(434): CodeIgniter\CodeIgniter->runController()
#9 /home/sietmvb89/web/sieuthibeyeu.vn/public_html/system/CodeIgniter.php(335): CodeIgniter\CodeIgniter->handleRequest()
#10 /home/sietmvb89/web/sieuthibeyeu.vn/public_html/index.php(43): CodeIgniter\CodeIgniter->run()
#11 {main}
ERROR - 2022-07-09 21:29:51 --> mysqli_sql_exception: Table 'sietmvb89_db.tbl_brand' doesn't exist in /home/sietmvb89/web/sieuthibeyeu.vn/public_html/system/Database/MySQLi/Connection.php:314
Stack trace:
#0 /home/sietmvb89/web/sieuthibeyeu.vn/public_html/system/Database/MySQLi/Connection.php(314): mysqli->query()
#1 /home/sietmvb89/web/sieuthibeyeu.vn/public_html/system/Database/BaseConnection.php(713): CodeIgniter\Database\MySQLi\Connection->execute()
#2 /home/sietmvb89/web/sieuthibeyeu.vn/public_html/system/Database/BaseConnection.php(641): CodeIgniter\Database\BaseConnection->simpleQuery()
#3 /home/sietmvb89/web/sieuthibeyeu.vn/public_html/system/Database/BaseBuilder.php(1866): CodeIgniter\Database\BaseConnection->query()
#4 /home/sietmvb89/web/sieuthibeyeu.vn/public_html/app/Models/MyModels.php(126): CodeIgniter\Database\BaseBuilder->get()
#5 /home/sietmvb89/web/sieuthibeyeu.vn/public_html/app/Controllers/Route.php(307): App\Models\MyModels->full_query()
#6 /home/sietmvb89/web/sieuthibeyeu.vn/public_html/app/Controllers/Route.php(61): App\Controllers\Route->cate_product()
#7 /home/sietmvb89/web/sieuthibeyeu.vn/public_html/system/CodeIgniter.php(938): App\Controllers\Route->index()
#8 /home/sietmvb89/web/sieuthibeyeu.vn/public_html/system/CodeIgniter.php(434): CodeIgniter\CodeIgniter->runController()
#9 /home/sietmvb89/web/sieuthibeyeu.vn/public_html/system/CodeIgniter.php(335): CodeIgniter\CodeIgniter->handleRequest()
#10 /home/sietmvb89/web/sieuthibeyeu.vn/public_html/index.php(43): CodeIgniter\CodeIgniter->run()
#11 {main}
ERROR - 2022-07-09 21:49:59 --> mysqli_sql_exception: Table 'sietmvb89_db.tbl_brand' doesn't exist in /home/sietmvb89/web/sieuthibeyeu.vn/public_html/system/Database/MySQLi/Connection.php:314
Stack trace:
#0 /home/sietmvb89/web/sieuthibeyeu.vn/public_html/system/Database/MySQLi/Connection.php(314): mysqli->query()
#1 /home/sietmvb89/web/sieuthibeyeu.vn/public_html/system/Database/BaseConnection.php(713): CodeIgniter\Database\MySQLi\Connection->execute()
#2 /home/sietmvb89/web/sieuthibeyeu.vn/public_html/system/Database/BaseConnection.php(641): CodeIgniter\Database\BaseConnection->simpleQuery()
#3 /home/sietmvb89/web/sieuthibeyeu.vn/public_html/system/Database/BaseBuilder.php(1866): CodeIgniter\Database\BaseConnection->query()
#4 /home/sietmvb89/web/sieuthibeyeu.vn/public_html/app/Models/MyModels.php(126): CodeIgniter\Database\BaseBuilder->get()
#5 /home/sietmvb89/web/sieuthibeyeu.vn/public_html/app/Controllers/Route.php(307): App\Models\MyModels->full_query()
#6 /home/sietmvb89/web/sieuthibeyeu.vn/public_html/app/Controllers/Route.php(61): App\Controllers\Route->cate_product()
#7 /home/sietmvb89/web/sieuthibeyeu.vn/public_html/system/CodeIgniter.php(938): App\Controllers\Route->index()
#8 /home/sietmvb89/web/sieuthibeyeu.vn/public_html/system/CodeIgniter.php(434): CodeIgniter\CodeIgniter->runController()
#9 /home/sietmvb89/web/sieuthibeyeu.vn/public_html/system/CodeIgniter.php(335): CodeIgniter\CodeIgniter->handleRequest()
#10 /home/sietmvb89/web/sieuthibeyeu.vn/public_html/index.php(43): CodeIgniter\CodeIgniter->run()
#11 {main}
ERROR - 2022-07-09 21:54:02 --> mysqli_sql_exception: You have an error in your SQL syntax; check the manual that corresponds to your MariaDB server version for the right syntax to use near ')
ORDER BY `id` desc' at line 3 in /home/sietmvb89/web/sieuthibeyeu.vn/public_html/system/Database/MySQLi/Connection.php:314
Stack trace:
#0 /home/sietmvb89/web/sieuthibeyeu.vn/public_html/system/Database/MySQLi/Connection.php(314): mysqli->query()
#1 /home/sietmvb89/web/sieuthibeyeu.vn/public_html/system/Database/BaseConnection.php(713): CodeIgniter\Database\MySQLi\Connection->execute()
#2 /home/sietmvb89/web/sieuthibeyeu.vn/public_html/system/Database/BaseConnection.php(641): CodeIgniter\Database\BaseConnection->simpleQuery()
#3 /home/sietmvb89/web/sieuthibeyeu.vn/public_html/system/Database/BaseBuilder.php(1866): CodeIgniter\Database\BaseConnection->query()
#4 /home/sietmvb89/web/sieuthibeyeu.vn/public_html/app/Models/MyModels.php(126): CodeIgniter\Database\BaseBuilder->get()
#5 /home/sietmvb89/web/sieuthibeyeu.vn/public_html/app/Controllers/Route.php(307): App\Models\MyModels->full_query()
#6 /home/sietmvb89/web/sieuthibeyeu.vn/public_html/app/Controllers/Route.php(61): App\Controllers\Route->cate_product()
#7 /home/sietmvb89/web/sieuthibeyeu.vn/public_html/system/CodeIgniter.php(938): App\Controllers\Route->index()
#8 /home/sietmvb89/web/sieuthibeyeu.vn/public_html/system/CodeIgniter.php(434): CodeIgniter\CodeIgniter->runController()
#9 /home/sietmvb89/web/sieuthibeyeu.vn/public_html/system/CodeIgniter.php(335): CodeIgniter\CodeIgniter->handleRequest()
#10 /home/sietmvb89/web/sieuthibeyeu.vn/public_html/index.php(43): CodeIgniter\CodeIgniter->run()
#11 {main}
ERROR - 2022-07-09 22:10:18 --> mysqli_sql_exception: You have an error in your SQL syntax; check the manual that corresponds to your MariaDB server version for the right syntax to use near ')
ORDER BY `id` desc' at line 3 in /home/sietmvb89/web/sieuthibeyeu.vn/public_html/system/Database/MySQLi/Connection.php:314
Stack trace:
#0 /home/sietmvb89/web/sieuthibeyeu.vn/public_html/system/Database/MySQLi/Connection.php(314): mysqli->query()
#1 /home/sietmvb89/web/sieuthibeyeu.vn/public_html/system/Database/BaseConnection.php(713): CodeIgniter\Database\MySQLi\Connection->execute()
#2 /home/sietmvb89/web/sieuthibeyeu.vn/public_html/system/Database/BaseConnection.php(641): CodeIgniter\Database\BaseConnection->simpleQuery()
#3 /home/sietmvb89/web/sieuthibeyeu.vn/public_html/system/Database/BaseBuilder.php(1866): CodeIgniter\Database\BaseConnection->query()
#4 /home/sietmvb89/web/sieuthibeyeu.vn/public_html/app/Models/MyModels.php(126): CodeIgniter\Database\BaseBuilder->get()
#5 /home/sietmvb89/web/sieuthibeyeu.vn/public_html/app/Controllers/Route.php(307): App\Models\MyModels->full_query()
#6 /home/sietmvb89/web/sieuthibeyeu.vn/public_html/app/Controllers/Route.php(61): App\Controllers\Route->cate_product()
#7 /home/sietmvb89/web/sieuthibeyeu.vn/public_html/system/CodeIgniter.php(938): App\Controllers\Route->index()
#8 /home/sietmvb89/web/sieuthibeyeu.vn/public_html/system/CodeIgniter.php(434): CodeIgniter\CodeIgniter->runController()
#9 /home/sietmvb89/web/sieuthibeyeu.vn/public_html/system/CodeIgniter.php(335): CodeIgniter\CodeIgniter->handleRequest()
#10 /home/sietmvb89/web/sieuthibeyeu.vn/public_html/index.php(43): CodeIgniter\CodeIgniter->run()
#11 {main}
ERROR - 2022-07-09 22:31:27 --> mysqli_sql_exception: You have an error in your SQL syntax; check the manual that corresponds to your MariaDB server version for the right syntax to use near ')
ORDER BY `id` desc' at line 3 in /home/sietmvb89/web/sieuthibeyeu.vn/public_html/system/Database/MySQLi/Connection.php:314
Stack trace:
#0 /home/sietmvb89/web/sieuthibeyeu.vn/public_html/system/Database/MySQLi/Connection.php(314): mysqli->query()
#1 /home/sietmvb89/web/sieuthibeyeu.vn/public_html/system/Database/BaseConnection.php(713): CodeIgniter\Database\MySQLi\Connection->execute()
#2 /home/sietmvb89/web/sieuthibeyeu.vn/public_html/system/Database/BaseConnection.php(641): CodeIgniter\Database\BaseConnection->simpleQuery()
#3 /home/sietmvb89/web/sieuthibeyeu.vn/public_html/system/Database/BaseBuilder.php(1866): CodeIgniter\Database\BaseConnection->query()
#4 /home/sietmvb89/web/sieuthibeyeu.vn/public_html/app/Models/MyModels.php(126): CodeIgniter\Database\BaseBuilder->get()
#5 /home/sietmvb89/web/sieuthibeyeu.vn/public_html/app/Controllers/Route.php(307): App\Models\MyModels->full_query()
#6 /home/sietmvb89/web/sieuthibeyeu.vn/public_html/app/Controllers/Route.php(61): App\Controllers\Route->cate_product()
#7 /home/sietmvb89/web/sieuthibeyeu.vn/public_html/system/CodeIgniter.php(938): App\Controllers\Route->index()
#8 /home/sietmvb89/web/sieuthibeyeu.vn/public_html/system/CodeIgniter.php(434): CodeIgniter\CodeIgniter->runController()
#9 /home/sietmvb89/web/sieuthibeyeu.vn/public_html/system/CodeIgniter.php(335): CodeIgniter\CodeIgniter->handleRequest()
#10 /home/sietmvb89/web/sieuthibeyeu.vn/public_html/index.php(43): CodeIgniter\CodeIgniter->run()
#11 {main}
ERROR - 2022-07-09 22:52:02 --> mysqli_sql_exception: You have an error in your SQL syntax; check the manual that corresponds to your MariaDB server version for the right syntax to use near ')
ORDER BY `id` desc' at line 3 in /home/sietmvb89/web/sieuthibeyeu.vn/public_html/system/Database/MySQLi/Connection.php:314
Stack trace:
#0 /home/sietmvb89/web/sieuthibeyeu.vn/public_html/system/Database/MySQLi/Connection.php(314): mysqli->query()
#1 /home/sietmvb89/web/sieuthibeyeu.vn/public_html/system/Database/BaseConnection.php(713): CodeIgniter\Database\MySQLi\Connection->execute()
#2 /home/sietmvb89/web/sieuthibeyeu.vn/public_html/system/Database/BaseConnection.php(641): CodeIgniter\Database\BaseConnection->simpleQuery()
#3 /home/sietmvb89/web/sieuthibeyeu.vn/public_html/system/Database/BaseBuilder.php(1866): CodeIgniter\Database\BaseConnection->query()
#4 /home/sietmvb89/web/sieuthibeyeu.vn/public_html/app/Models/MyModels.php(126): CodeIgniter\Database\BaseBuilder->get()
#5 /home/sietmvb89/web/sieuthibeyeu.vn/public_html/app/Controllers/Route.php(307): App\Models\MyModels->full_query()
#6 /home/sietmvb89/web/sieuthibeyeu.vn/public_html/app/Controllers/Route.php(61): App\Controllers\Route->cate_product()
#7 /home/sietmvb89/web/sieuthibeyeu.vn/public_html/system/CodeIgniter.php(938): App\Controllers\Route->index()
#8 /home/sietmvb89/web/sieuthibeyeu.vn/public_html/system/CodeIgniter.php(434): CodeIgniter\CodeIgniter->runController()
#9 /home/sietmvb89/web/sieuthibeyeu.vn/public_html/system/CodeIgniter.php(335): CodeIgniter\CodeIgniter->handleRequest()
#10 /home/sietmvb89/web/sieuthibeyeu.vn/public_html/index.php(43): CodeIgniter\CodeIgniter->run()
#11 {main}
ERROR - 2022-07-09 23:13:43 --> mysqli_sql_exception: You have an error in your SQL syntax; check the manual that corresponds to your MariaDB server version for the right syntax to use near ')
ORDER BY `id` desc' at line 3 in /home/sietmvb89/web/sieuthibeyeu.vn/public_html/system/Database/MySQLi/Connection.php:314
Stack trace:
#0 /home/sietmvb89/web/sieuthibeyeu.vn/public_html/system/Database/MySQLi/Connection.php(314): mysqli->query()
#1 /home/sietmvb89/web/sieuthibeyeu.vn/public_html/system/Database/BaseConnection.php(713): CodeIgniter\Database\MySQLi\Connection->execute()
#2 /home/sietmvb89/web/sieuthibeyeu.vn/public_html/system/Database/BaseConnection.php(641): CodeIgniter\Database\BaseConnection->simpleQuery()
#3 /home/sietmvb89/web/sieuthibeyeu.vn/public_html/system/Database/BaseBuilder.php(1866): CodeIgniter\Database\BaseConnection->query()
#4 /home/sietmvb89/web/sieuthibeyeu.vn/public_html/app/Models/MyModels.php(126): CodeIgniter\Database\BaseBuilder->get()
#5 /home/sietmvb89/web/sieuthibeyeu.vn/public_html/app/Controllers/Route.php(307): App\Models\MyModels->full_query()
#6 /home/sietmvb89/web/sieuthibeyeu.vn/public_html/app/Controllers/Route.php(61): App\Controllers\Route->cate_product()
#7 /home/sietmvb89/web/sieuthibeyeu.vn/public_html/system/CodeIgniter.php(938): App\Controllers\Route->index()
#8 /home/sietmvb89/web/sieuthibeyeu.vn/public_html/system/CodeIgniter.php(434): CodeIgniter\CodeIgniter->runController()
#9 /home/sietmvb89/web/sieuthibeyeu.vn/public_html/system/CodeIgniter.php(335): CodeIgniter\CodeIgniter->handleRequest()
#10 /home/sietmvb89/web/sieuthibeyeu.vn/public_html/index.php(43): CodeIgniter\CodeIgniter->run()
#11 {main}
