CRITICAL - 2022-08-30 08:41:07 --> Use of undefined constant keyArray - assumed 'keyArray' (this will throw an Error in a future version of PHP)
#0 C:\xampp\htdocs\projects2022\p_lanhuonglip\app\Views\frontend\product\detail.php(515): CodeIgniter\Debug\Exceptions->errorHandler(2, 'Use of undefine...', 'C:\\xampp\\htdocs...', 515, Array)
#1 C:\xampp\htdocs\projects2022\p_lanhuonglip\system\View\View.php(220): include('C:\\xampp\\htdocs...')
#2 C:\xampp\htdocs\projects2022\p_lanhuonglip\system\View\View.php(222): CodeIgniter\View\View->CodeIgniter\View\{closure}()
#3 C:\xampp\htdocs\projects2022\p_lanhuonglip\system\View\View.php(468): CodeIgniter\View\View->render('frontend/produc...', NULL, true)
#4 C:\xampp\htdocs\projects2022\p_lanhuonglip\app\Views\frontend\default.php(41): CodeIgniter\View\View->include('frontend/produc...', NULL)
#5 C:\xampp\htdocs\projects2022\p_lanhuonglip\system\View\View.php(220): include('C:\\xampp\\htdocs...')
#6 C:\xampp\htdocs\projects2022\p_lanhuonglip\system\View\View.php(222): CodeIgniter\View\View->CodeIgniter\View\{closure}()
#7 C:\xampp\htdocs\projects2022\p_lanhuonglip\system\Common.php(1217): CodeIgniter\View\View->render('frontend/defaul...', Array, true)
#8 C:\xampp\htdocs\projects2022\p_lanhuonglip\app\Controllers\Route.php(75): view('frontend/defaul...', Array)
#9 C:\xampp\htdocs\projects2022\p_lanhuonglip\system\CodeIgniter.php(938): App\Controllers\Route->index('lip-caramel', '')
#10 C:\xampp\htdocs\projects2022\p_lanhuonglip\system\CodeIgniter.php(434): CodeIgniter\CodeIgniter->runController(Object(App\Controllers\Route))
#11 C:\xampp\htdocs\projects2022\p_lanhuonglip\system\CodeIgniter.php(335): CodeIgniter\CodeIgniter->handleRequest(NULL, Object(Config\Cache), false)
#12 C:\xampp\htdocs\projects2022\p_lanhuonglip\public\index.php(43): CodeIgniter\CodeIgniter->run()
#13 C:\xampp\htdocs\projects2022\p_lanhuonglip\system\Commands\Server\rewrite.php(45): require_once('C:\\xampp\\htdocs...')
#14 {main}
CRITICAL - 2022-08-30 08:42:16 --> syntax error, unexpected ']'
#0 C:\xampp\htdocs\projects2022\p_lanhuonglip\system\View\View.php(222): CodeIgniter\View\View->CodeIgniter\View\{closure}()
#1 C:\xampp\htdocs\projects2022\p_lanhuonglip\system\View\View.php(468): CodeIgniter\View\View->render('frontend/produc...', NULL, true)
#2 C:\xampp\htdocs\projects2022\p_lanhuonglip\app\Views\frontend\default.php(41): CodeIgniter\View\View->include('frontend/produc...', NULL)
#3 C:\xampp\htdocs\projects2022\p_lanhuonglip\system\View\View.php(220): include('C:\\xampp\\htdocs...')
#4 C:\xampp\htdocs\projects2022\p_lanhuonglip\system\View\View.php(222): CodeIgniter\View\View->CodeIgniter\View\{closure}()
#5 C:\xampp\htdocs\projects2022\p_lanhuonglip\system\Common.php(1217): CodeIgniter\View\View->render('frontend/defaul...', Array, true)
#6 C:\xampp\htdocs\projects2022\p_lanhuonglip\app\Controllers\Route.php(75): view('frontend/defaul...', Array)
#7 C:\xampp\htdocs\projects2022\p_lanhuonglip\system\CodeIgniter.php(938): App\Controllers\Route->index('lip-caramel', '')
#8 C:\xampp\htdocs\projects2022\p_lanhuonglip\system\CodeIgniter.php(434): CodeIgniter\CodeIgniter->runController(Object(App\Controllers\Route))
#9 C:\xampp\htdocs\projects2022\p_lanhuonglip\system\CodeIgniter.php(335): CodeIgniter\CodeIgniter->handleRequest(NULL, Object(Config\Cache), false)
#10 C:\xampp\htdocs\projects2022\p_lanhuonglip\public\index.php(43): CodeIgniter\CodeIgniter->run()
#11 C:\xampp\htdocs\projects2022\p_lanhuonglip\system\Commands\Server\rewrite.php(45): require_once('C:\\xampp\\htdocs...')
#12 {main}
CRITICAL - 2022-08-30 08:42:49 --> Use of undefined constant key - assumed 'key' (this will throw an Error in a future version of PHP)
#0 C:\xampp\htdocs\projects2022\p_lanhuonglip\app\Views\frontend\product\detail.php(515): CodeIgniter\Debug\Exceptions->errorHandler(2, 'Use of undefine...', 'C:\\xampp\\htdocs...', 515, Array)
#1 C:\xampp\htdocs\projects2022\p_lanhuonglip\system\View\View.php(220): include('C:\\xampp\\htdocs...')
#2 C:\xampp\htdocs\projects2022\p_lanhuonglip\system\View\View.php(222): CodeIgniter\View\View->CodeIgniter\View\{closure}()
#3 C:\xampp\htdocs\projects2022\p_lanhuonglip\system\View\View.php(468): CodeIgniter\View\View->render('frontend/produc...', NULL, true)
#4 C:\xampp\htdocs\projects2022\p_lanhuonglip\app\Views\frontend\default.php(41): CodeIgniter\View\View->include('frontend/produc...', NULL)
#5 C:\xampp\htdocs\projects2022\p_lanhuonglip\system\View\View.php(220): include('C:\\xampp\\htdocs...')
#6 C:\xampp\htdocs\projects2022\p_lanhuonglip\system\View\View.php(222): CodeIgniter\View\View->CodeIgniter\View\{closure}()
#7 C:\xampp\htdocs\projects2022\p_lanhuonglip\system\Common.php(1217): CodeIgniter\View\View->render('frontend/defaul...', Array, true)
#8 C:\xampp\htdocs\projects2022\p_lanhuonglip\app\Controllers\Route.php(75): view('frontend/defaul...', Array)
#9 C:\xampp\htdocs\projects2022\p_lanhuonglip\system\CodeIgniter.php(938): App\Controllers\Route->index('lip-caramel', '')
#10 C:\xampp\htdocs\projects2022\p_lanhuonglip\system\CodeIgniter.php(434): CodeIgniter\CodeIgniter->runController(Object(App\Controllers\Route))
#11 C:\xampp\htdocs\projects2022\p_lanhuonglip\system\CodeIgniter.php(335): CodeIgniter\CodeIgniter->handleRequest(NULL, Object(Config\Cache), false)
#12 C:\xampp\htdocs\projects2022\p_lanhuonglip\public\index.php(43): CodeIgniter\CodeIgniter->run()
#13 C:\xampp\htdocs\projects2022\p_lanhuonglip\system\Commands\Server\rewrite.php(45): require_once('C:\\xampp\\htdocs...')
#14 {main}
CRITICAL - 2022-08-30 08:43:36 --> syntax error, unexpected '' + key + '' (T_CONSTANT_ENCAPSED_STRING), expecting ']'
#0 C:\xampp\htdocs\projects2022\p_lanhuonglip\system\View\View.php(222): CodeIgniter\View\View->CodeIgniter\View\{closure}()
#1 C:\xampp\htdocs\projects2022\p_lanhuonglip\system\View\View.php(468): CodeIgniter\View\View->render('frontend/produc...', NULL, true)
#2 C:\xampp\htdocs\projects2022\p_lanhuonglip\app\Views\frontend\default.php(41): CodeIgniter\View\View->include('frontend/produc...', NULL)
#3 C:\xampp\htdocs\projects2022\p_lanhuonglip\system\View\View.php(220): include('C:\\xampp\\htdocs...')
#4 C:\xampp\htdocs\projects2022\p_lanhuonglip\system\View\View.php(222): CodeIgniter\View\View->CodeIgniter\View\{closure}()
#5 C:\xampp\htdocs\projects2022\p_lanhuonglip\system\Common.php(1217): CodeIgniter\View\View->render('frontend/defaul...', Array, true)
#6 C:\xampp\htdocs\projects2022\p_lanhuonglip\app\Controllers\Route.php(75): view('frontend/defaul...', Array)
#7 C:\xampp\htdocs\projects2022\p_lanhuonglip\system\CodeIgniter.php(938): App\Controllers\Route->index('lip-caramel', '')
#8 C:\xampp\htdocs\projects2022\p_lanhuonglip\system\CodeIgniter.php(434): CodeIgniter\CodeIgniter->runController(Object(App\Controllers\Route))
#9 C:\xampp\htdocs\projects2022\p_lanhuonglip\system\CodeIgniter.php(335): CodeIgniter\CodeIgniter->handleRequest(NULL, Object(Config\Cache), false)
#10 C:\xampp\htdocs\projects2022\p_lanhuonglip\public\index.php(43): CodeIgniter\CodeIgniter->run()
#11 C:\xampp\htdocs\projects2022\p_lanhuonglip\system\Commands\Server\rewrite.php(45): require_once('C:\\xampp\\htdocs...')
#12 {main}
CRITICAL - 2022-08-30 08:49:22 --> Use of undefined constant key - assumed 'key' (this will throw an Error in a future version of PHP)
#0 C:\xampp\htdocs\projects2022\p_lanhuonglip\app\Views\frontend\product\detail.php(515): CodeIgniter\Debug\Exceptions->errorHandler(2, 'Use of undefine...', 'C:\\xampp\\htdocs...', 515, Array)
#1 C:\xampp\htdocs\projects2022\p_lanhuonglip\system\View\View.php(220): include('C:\\xampp\\htdocs...')
#2 C:\xampp\htdocs\projects2022\p_lanhuonglip\system\View\View.php(222): CodeIgniter\View\View->CodeIgniter\View\{closure}()
#3 C:\xampp\htdocs\projects2022\p_lanhuonglip\system\View\View.php(468): CodeIgniter\View\View->render('frontend/produc...', NULL, true)
#4 C:\xampp\htdocs\projects2022\p_lanhuonglip\app\Views\frontend\default.php(41): CodeIgniter\View\View->include('frontend/produc...', NULL)
#5 C:\xampp\htdocs\projects2022\p_lanhuonglip\system\View\View.php(220): include('C:\\xampp\\htdocs...')
#6 C:\xampp\htdocs\projects2022\p_lanhuonglip\system\View\View.php(222): CodeIgniter\View\View->CodeIgniter\View\{closure}()
#7 C:\xampp\htdocs\projects2022\p_lanhuonglip\system\Common.php(1217): CodeIgniter\View\View->render('frontend/defaul...', Array, true)
#8 C:\xampp\htdocs\projects2022\p_lanhuonglip\app\Controllers\Route.php(75): view('frontend/defaul...', Array)
#9 C:\xampp\htdocs\projects2022\p_lanhuonglip\system\CodeIgniter.php(938): App\Controllers\Route->index('lip-caramel', '')
#10 C:\xampp\htdocs\projects2022\p_lanhuonglip\system\CodeIgniter.php(434): CodeIgniter\CodeIgniter->runController(Object(App\Controllers\Route))
#11 C:\xampp\htdocs\projects2022\p_lanhuonglip\system\CodeIgniter.php(335): CodeIgniter\CodeIgniter->handleRequest(NULL, Object(Config\Cache), false)
#12 C:\xampp\htdocs\projects2022\p_lanhuonglip\public\index.php(43): CodeIgniter\CodeIgniter->run()
#13 C:\xampp\htdocs\projects2022\p_lanhuonglip\system\Commands\Server\rewrite.php(45): require_once('C:\\xampp\\htdocs...')
#14 {main}
CRITICAL - 2022-08-30 17:54:32 --> Call to a member function select_array() on null
#0 C:\xampp\htdocs\projects2022\p_lanhuonglip\system\CodeIgniter.php(938): App\Controllers\Cpanel\Productvideo->index('49')
#1 C:\xampp\htdocs\projects2022\p_lanhuonglip\system\CodeIgniter.php(434): CodeIgniter\CodeIgniter->runController(Object(App\Controllers\Cpanel\Productvideo))
#2 C:\xampp\htdocs\projects2022\p_lanhuonglip\system\CodeIgniter.php(335): CodeIgniter\CodeIgniter->handleRequest(NULL, Object(Config\Cache), false)
#3 C:\xampp\htdocs\projects2022\p_lanhuonglip\public\index.php(43): CodeIgniter\CodeIgniter->run()
#4 C:\xampp\htdocs\projects2022\p_lanhuonglip\system\Commands\Server\rewrite.php(45): require_once('C:\\xampp\\htdocs...')
#5 {main}
CRITICAL - 2022-08-30 18:13:42 --> Call to a member function select_array() on null
#0 C:\xampp\htdocs\projects2022\p_lanhuonglip\app\Controllers\Route.php(69): App\Controllers\Route->product('lip-caramel')
#1 C:\xampp\htdocs\projects2022\p_lanhuonglip\system\CodeIgniter.php(938): App\Controllers\Route->index('lip-caramel', '')
#2 C:\xampp\htdocs\projects2022\p_lanhuonglip\system\CodeIgniter.php(434): CodeIgniter\CodeIgniter->runController(Object(App\Controllers\Route))
#3 C:\xampp\htdocs\projects2022\p_lanhuonglip\system\CodeIgniter.php(335): CodeIgniter\CodeIgniter->handleRequest(NULL, Object(Config\Cache), false)
#4 C:\xampp\htdocs\projects2022\p_lanhuonglip\public\index.php(43): CodeIgniter\CodeIgniter->run()
#5 C:\xampp\htdocs\projects2022\p_lanhuonglip\system\Commands\Server\rewrite.php(45): require_once('C:\\xampp\\htdocs...')
#6 {main}
ERROR - 2022-08-30 18:57:36 --> mysqli_sql_exception: Unknown column 'bottom' in 'where clause' in C:\xampp\htdocs\projects2022\p_lanhuonglip\system\Database\MySQLi\Connection.php:314
Stack trace:
#0 C:\xampp\htdocs\projects2022\p_lanhuonglip\system\Database\MySQLi\Connection.php(314): mysqli->query('SELECT *\nFROM `...')
#1 C:\xampp\htdocs\projects2022\p_lanhuonglip\system\Database\BaseConnection.php(713): CodeIgniter\Database\MySQLi\Connection->execute('SELECT *\nFROM `...')
#2 C:\xampp\htdocs\projects2022\p_lanhuonglip\system\Database\BaseConnection.php(641): CodeIgniter\Database\BaseConnection->simpleQuery('SELECT *\nFROM `...')
#3 C:\xampp\htdocs\projects2022\p_lanhuonglip\system\Database\BaseBuilder.php(1866): CodeIgniter\Database\BaseConnection->query('SELECT *\nFROM `...', Array, false)
#4 C:\xampp\htdocs\projects2022\p_lanhuonglip\app\Models\MyModels.php(713): CodeIgniter\Database\BaseBuilder->get()
#5 C:\xampp\htdocs\projects2022\p_lanhuonglip\app\Controllers\Route.php(308): App\Models\MyModels->select_array('*', Array, 'sort asc, id as...')
#6 C:\xampp\htdocs\projects2022\p_lanhuonglip\app\Controllers\Route.php(73): App\Controllers\Route->product('fruit-pigmented...')
#7 C:\xampp\htdocs\projects2022\p_lanhuonglip\system\CodeIgniter.php(938): App\Controllers\Route->index('fruit-pigmented...', '')
#8 C:\xampp\htdocs\projects2022\p_lanhuonglip\system\CodeIgniter.php(434): CodeIgniter\CodeIgniter->runController(Object(App\Controllers\Route))
#9 C:\xampp\htdocs\projects2022\p_lanhuonglip\system\CodeIgniter.php(335): CodeIgniter\CodeIgniter->handleRequest(NULL, Object(Config\Cache), false)
#10 C:\xampp\htdocs\projects2022\p_lanhuonglip\public\index.php(43): CodeIgniter\CodeIgniter->run()
#11 C:\xampp\htdocs\projects2022\p_lanhuonglip\system\Commands\Server\rewrite.php(45): require_once('C:\\xampp\\htdocs...')
#12 {main}
CRITICAL - 2022-08-30 19:25:35 --> json_decode() expects parameter 1 to be string, array given
#0 [internal function]: CodeIgniter\Debug\Exceptions->errorHandler(2, 'json_decode() e...', 'C:\\xampp\\htdocs...', 39, Array)
#1 C:\xampp\htdocs\projects2022\p_lanhuonglip\app\Controllers\Cpanel\Productingre.php(39): json_decode(Array, true)
#2 C:\xampp\htdocs\projects2022\p_lanhuonglip\system\CodeIgniter.php(938): App\Controllers\Cpanel\Productingre->index('49')
#3 C:\xampp\htdocs\projects2022\p_lanhuonglip\system\CodeIgniter.php(434): CodeIgniter\CodeIgniter->runController(Object(App\Controllers\Cpanel\Productingre))
#4 C:\xampp\htdocs\projects2022\p_lanhuonglip\system\CodeIgniter.php(335): CodeIgniter\CodeIgniter->handleRequest(NULL, Object(Config\Cache), false)
#5 C:\xampp\htdocs\projects2022\p_lanhuonglip\public\index.php(43): CodeIgniter\CodeIgniter->run()
#6 C:\xampp\htdocs\projects2022\p_lanhuonglip\system\Commands\Server\rewrite.php(45): require_once('C:\\xampp\\htdocs...')
#7 {main}
CRITICAL - 2022-08-30 19:26:20 --> json_decode() expects parameter 1 to be string, array given
#0 [internal function]: CodeIgniter\Debug\Exceptions->errorHandler(2, 'json_decode() e...', 'C:\\xampp\\htdocs...', 40, Array)
#1 C:\xampp\htdocs\projects2022\p_lanhuonglip\app\Controllers\Cpanel\Productingre.php(40): json_decode(Array, true)
#2 C:\xampp\htdocs\projects2022\p_lanhuonglip\system\CodeIgniter.php(938): App\Controllers\Cpanel\Productingre->index('49')
#3 C:\xampp\htdocs\projects2022\p_lanhuonglip\system\CodeIgniter.php(434): CodeIgniter\CodeIgniter->runController(Object(App\Controllers\Cpanel\Productingre))
#4 C:\xampp\htdocs\projects2022\p_lanhuonglip\system\CodeIgniter.php(335): CodeIgniter\CodeIgniter->handleRequest(NULL, Object(Config\Cache), false)
#5 C:\xampp\htdocs\projects2022\p_lanhuonglip\public\index.php(43): CodeIgniter\CodeIgniter->run()
#6 C:\xampp\htdocs\projects2022\p_lanhuonglip\system\Commands\Server\rewrite.php(45): require_once('C:\\xampp\\htdocs...')
#7 {main}
ERROR - 2022-08-30 19:43:59 --> mysqli_sql_exception: Table '2022_lanhuonglip.tbl_brand' doesn't exist in C:\xampp\htdocs\projects2022\p_lanhuonglip\system\Database\MySQLi\Connection.php:314
Stack trace:
#0 C:\xampp\htdocs\projects2022\p_lanhuonglip\system\Database\MySQLi\Connection.php(314): mysqli->query('SELECT *\nFROM `...')
#1 C:\xampp\htdocs\projects2022\p_lanhuonglip\system\Database\BaseConnection.php(713): CodeIgniter\Database\MySQLi\Connection->execute('SELECT *\nFROM `...')
#2 C:\xampp\htdocs\projects2022\p_lanhuonglip\system\Database\BaseConnection.php(641): CodeIgniter\Database\BaseConnection->simpleQuery('SELECT *\nFROM `...')
#3 C:\xampp\htdocs\projects2022\p_lanhuonglip\system\Database\BaseBuilder.php(1866): CodeIgniter\Database\BaseConnection->query('SELECT *\nFROM `...', Array, false)
#4 C:\xampp\htdocs\projects2022\p_lanhuonglip\app\Models\MyModels.php(713): CodeIgniter\Database\BaseBuilder->get()
#5 C:\xampp\htdocs\projects2022\p_lanhuonglip\app\Controllers\Cpanel\Product.php(348): App\Models\MyModels->select_array()
#6 C:\xampp\htdocs\projects2022\p_lanhuonglip\system\CodeIgniter.php(938): App\Controllers\Cpanel\Product->edit('49')
#7 C:\xampp\htdocs\projects2022\p_lanhuonglip\system\CodeIgniter.php(434): CodeIgniter\CodeIgniter->runController(Object(App\Controllers\Cpanel\Product))
#8 C:\xampp\htdocs\projects2022\p_lanhuonglip\system\CodeIgniter.php(335): CodeIgniter\CodeIgniter->handleRequest(NULL, Object(Config\Cache), false)
#9 C:\xampp\htdocs\projects2022\p_lanhuonglip\public\index.php(43): CodeIgniter\CodeIgniter->run()
#10 C:\xampp\htdocs\projects2022\p_lanhuonglip\system\Commands\Server\rewrite.php(45): require_once('C:\\xampp\\htdocs...')
#11 {main}
ERROR - 2022-08-30 19:46:49 --> mysqli_sql_exception: Table '2022_lanhuonglip.tbl_brand' doesn't exist in C:\xampp\htdocs\projects2022\p_lanhuonglip\system\Database\MySQLi\Connection.php:314
Stack trace:
#0 C:\xampp\htdocs\projects2022\p_lanhuonglip\system\Database\MySQLi\Connection.php(314): mysqli->query('SELECT *\nFROM `...')
#1 C:\xampp\htdocs\projects2022\p_lanhuonglip\system\Database\BaseConnection.php(713): CodeIgniter\Database\MySQLi\Connection->execute('SELECT *\nFROM `...')
#2 C:\xampp\htdocs\projects2022\p_lanhuonglip\system\Database\BaseConnection.php(641): CodeIgniter\Database\BaseConnection->simpleQuery('SELECT *\nFROM `...')
#3 C:\xampp\htdocs\projects2022\p_lanhuonglip\system\Database\BaseBuilder.php(1866): CodeIgniter\Database\BaseConnection->query('SELECT *\nFROM `...', Array, false)
#4 C:\xampp\htdocs\projects2022\p_lanhuonglip\app\Models\MyModels.php(713): CodeIgniter\Database\BaseBuilder->get()
#5 C:\xampp\htdocs\projects2022\p_lanhuonglip\app\Controllers\Cpanel\Product.php(348): App\Models\MyModels->select_array()
#6 C:\xampp\htdocs\projects2022\p_lanhuonglip\system\CodeIgniter.php(938): App\Controllers\Cpanel\Product->edit('49')
#7 C:\xampp\htdocs\projects2022\p_lanhuonglip\system\CodeIgniter.php(434): CodeIgniter\CodeIgniter->runController(Object(App\Controllers\Cpanel\Product))
#8 C:\xampp\htdocs\projects2022\p_lanhuonglip\system\CodeIgniter.php(335): CodeIgniter\CodeIgniter->handleRequest(NULL, Object(Config\Cache), false)
#9 C:\xampp\htdocs\projects2022\p_lanhuonglip\public\index.php(43): CodeIgniter\CodeIgniter->run()
#10 C:\xampp\htdocs\projects2022\p_lanhuonglip\system\Commands\Server\rewrite.php(45): require_once('C:\\xampp\\htdocs...')
#11 {main}
ERROR - 2022-08-30 19:47:05 --> mysqli_sql_exception: Unknown column 'content2' in 'field list' in C:\xampp\htdocs\projects2022\p_lanhuonglip\system\Database\MySQLi\Connection.php:314
Stack trace:
#0 C:\xampp\htdocs\projects2022\p_lanhuonglip\system\Database\MySQLi\Connection.php(314): mysqli->query('UPDATE `tbl_pro...')
#1 C:\xampp\htdocs\projects2022\p_lanhuonglip\system\Database\BaseConnection.php(713): CodeIgniter\Database\MySQLi\Connection->execute('UPDATE `tbl_pro...')
#2 C:\xampp\htdocs\projects2022\p_lanhuonglip\system\Database\BaseConnection.php(641): CodeIgniter\Database\BaseConnection->simpleQuery('UPDATE `tbl_pro...')
#3 C:\xampp\htdocs\projects2022\p_lanhuonglip\system\Database\BaseBuilder.php(2468): CodeIgniter\Database\BaseConnection->query('UPDATE `tbl_pro...', Array, false)
#4 C:\xampp\htdocs\projects2022\p_lanhuonglip\app\Models\MyModels.php(666): CodeIgniter\Database\BaseBuilder->update(Array, Array)
#5 C:\xampp\htdocs\projects2022\p_lanhuonglip\app\Controllers\Cpanel\Product.php(332): App\Models\MyModels->edit(Array, Array)
#6 C:\xampp\htdocs\projects2022\p_lanhuonglip\system\CodeIgniter.php(938): App\Controllers\Cpanel\Product->edit('49')
#7 C:\xampp\htdocs\projects2022\p_lanhuonglip\system\CodeIgniter.php(434): CodeIgniter\CodeIgniter->runController(Object(App\Controllers\Cpanel\Product))
#8 C:\xampp\htdocs\projects2022\p_lanhuonglip\system\CodeIgniter.php(335): CodeIgniter\CodeIgniter->handleRequest(NULL, Object(Config\Cache), false)
#9 C:\xampp\htdocs\projects2022\p_lanhuonglip\public\index.php(43): CodeIgniter\CodeIgniter->run()
#10 C:\xampp\htdocs\projects2022\p_lanhuonglip\system\Commands\Server\rewrite.php(45): require_once('C:\\xampp\\htdocs...')
#11 {main}
ERROR - 2022-08-30 19:47:05 --> mysqli_sql_exception: Table '2022_lanhuonglip.tbl_brand' doesn't exist in C:\xampp\htdocs\projects2022\p_lanhuonglip\system\Database\MySQLi\Connection.php:314
Stack trace:
#0 C:\xampp\htdocs\projects2022\p_lanhuonglip\system\Database\MySQLi\Connection.php(314): mysqli->query('SELECT *\nFROM `...')
#1 C:\xampp\htdocs\projects2022\p_lanhuonglip\system\Database\BaseConnection.php(713): CodeIgniter\Database\MySQLi\Connection->execute('SELECT *\nFROM `...')
#2 C:\xampp\htdocs\projects2022\p_lanhuonglip\system\Database\BaseConnection.php(641): CodeIgniter\Database\BaseConnection->simpleQuery('SELECT *\nFROM `...')
#3 C:\xampp\htdocs\projects2022\p_lanhuonglip\system\Database\BaseBuilder.php(1866): CodeIgniter\Database\BaseConnection->query('SELECT *\nFROM `...', Array, false)
#4 C:\xampp\htdocs\projects2022\p_lanhuonglip\app\Models\MyModels.php(713): CodeIgniter\Database\BaseBuilder->get()
#5 C:\xampp\htdocs\projects2022\p_lanhuonglip\app\Controllers\Cpanel\Product.php(348): App\Models\MyModels->select_array()
#6 C:\xampp\htdocs\projects2022\p_lanhuonglip\system\CodeIgniter.php(938): App\Controllers\Cpanel\Product->edit('49')
#7 C:\xampp\htdocs\projects2022\p_lanhuonglip\system\CodeIgniter.php(434): CodeIgniter\CodeIgniter->runController(Object(App\Controllers\Cpanel\Product))
#8 C:\xampp\htdocs\projects2022\p_lanhuonglip\system\CodeIgniter.php(335): CodeIgniter\CodeIgniter->handleRequest(NULL, Object(Config\Cache), false)
#9 C:\xampp\htdocs\projects2022\p_lanhuonglip\public\index.php(43): CodeIgniter\CodeIgniter->run()
#10 C:\xampp\htdocs\projects2022\p_lanhuonglip\system\Commands\Server\rewrite.php(45): require_once('C:\\xampp\\htdocs...')
#11 {main}
ERROR - 2022-08-30 19:47:57 --> mysqli_sql_exception: Table '2022_lanhuonglip.tbl_brand' doesn't exist in C:\xampp\htdocs\projects2022\p_lanhuonglip\system\Database\MySQLi\Connection.php:314
Stack trace:
#0 C:\xampp\htdocs\projects2022\p_lanhuonglip\system\Database\MySQLi\Connection.php(314): mysqli->query('SELECT *\nFROM `...')
#1 C:\xampp\htdocs\projects2022\p_lanhuonglip\system\Database\BaseConnection.php(713): CodeIgniter\Database\MySQLi\Connection->execute('SELECT *\nFROM `...')
#2 C:\xampp\htdocs\projects2022\p_lanhuonglip\system\Database\BaseConnection.php(641): CodeIgniter\Database\BaseConnection->simpleQuery('SELECT *\nFROM `...')
#3 C:\xampp\htdocs\projects2022\p_lanhuonglip\system\Database\BaseBuilder.php(1866): CodeIgniter\Database\BaseConnection->query('SELECT *\nFROM `...', Array, false)
#4 C:\xampp\htdocs\projects2022\p_lanhuonglip\app\Models\MyModels.php(713): CodeIgniter\Database\BaseBuilder->get()
#5 C:\xampp\htdocs\projects2022\p_lanhuonglip\app\Controllers\Cpanel\Product.php(348): App\Models\MyModels->select_array()
#6 C:\xampp\htdocs\projects2022\p_lanhuonglip\system\CodeIgniter.php(938): App\Controllers\Cpanel\Product->edit('49')
#7 C:\xampp\htdocs\projects2022\p_lanhuonglip\system\CodeIgniter.php(434): CodeIgniter\CodeIgniter->runController(Object(App\Controllers\Cpanel\Product))
#8 C:\xampp\htdocs\projects2022\p_lanhuonglip\system\CodeIgniter.php(335): CodeIgniter\CodeIgniter->handleRequest(NULL, Object(Config\Cache), false)
#9 C:\xampp\htdocs\projects2022\p_lanhuonglip\public\index.php(43): CodeIgniter\CodeIgniter->run()
#10 C:\xampp\htdocs\projects2022\p_lanhuonglip\system\Commands\Server\rewrite.php(45): require_once('C:\\xampp\\htdocs...')
#11 {main}
ERROR - 2022-08-30 19:53:04 --> mysqli_sql_exception: Table '2022_lanhuonglip.tbl_brand' doesn't exist in C:\xampp\htdocs\projects2022\p_lanhuonglip\system\Database\MySQLi\Connection.php:314
Stack trace:
#0 C:\xampp\htdocs\projects2022\p_lanhuonglip\system\Database\MySQLi\Connection.php(314): mysqli->query('SELECT *\nFROM `...')
#1 C:\xampp\htdocs\projects2022\p_lanhuonglip\system\Database\BaseConnection.php(713): CodeIgniter\Database\MySQLi\Connection->execute('SELECT *\nFROM `...')
#2 C:\xampp\htdocs\projects2022\p_lanhuonglip\system\Database\BaseConnection.php(641): CodeIgniter\Database\BaseConnection->simpleQuery('SELECT *\nFROM `...')
#3 C:\xampp\htdocs\projects2022\p_lanhuonglip\system\Database\BaseBuilder.php(1866): CodeIgniter\Database\BaseConnection->query('SELECT *\nFROM `...', Array, false)
#4 C:\xampp\htdocs\projects2022\p_lanhuonglip\app\Models\MyModels.php(713): CodeIgniter\Database\BaseBuilder->get()
#5 C:\xampp\htdocs\projects2022\p_lanhuonglip\app\Controllers\Cpanel\Product.php(348): App\Models\MyModels->select_array()
#6 C:\xampp\htdocs\projects2022\p_lanhuonglip\system\CodeIgniter.php(938): App\Controllers\Cpanel\Product->edit('49')
#7 C:\xampp\htdocs\projects2022\p_lanhuonglip\system\CodeIgniter.php(434): CodeIgniter\CodeIgniter->runController(Object(App\Controllers\Cpanel\Product))
#8 C:\xampp\htdocs\projects2022\p_lanhuonglip\system\CodeIgniter.php(335): CodeIgniter\CodeIgniter->handleRequest(NULL, Object(Config\Cache), false)
#9 C:\xampp\htdocs\projects2022\p_lanhuonglip\public\index.php(43): CodeIgniter\CodeIgniter->run()
#10 C:\xampp\htdocs\projects2022\p_lanhuonglip\system\Commands\Server\rewrite.php(45): require_once('C:\\xampp\\htdocs...')
#11 {main}
