ERROR - 2022-05-31 00:26:10 --> mysqli_sql_exception: Table 'sietmvb89_db.tbl_brand' doesn't exist in /home/sietmvb89/web/sieuthibeyeu.vn/public_html/system/Database/MySQLi/Connection.php:314
Stack trace:
#0 /home/sietmvb89/web/sieuthibeyeu.vn/public_html/system/Database/MySQLi/Connection.php(314): mysqli->query()
#1 /home/sietmvb89/web/sieuthibeyeu.vn/public_html/system/Database/BaseConnection.php(713): CodeIgniter\Database\MySQLi\Connection->execute()
#2 /home/sietmvb89/web/sieuthibeyeu.vn/public_html/system/Database/BaseConnection.php(641): CodeIgniter\Database\BaseConnection->simpleQuery()
#3 /home/sietmvb89/web/sieuthibeyeu.vn/public_html/system/Database/BaseBuilder.php(1866): CodeIgniter\Database\BaseConnection->query()
#4 /home/sietmvb89/web/sieuthibeyeu.vn/public_html/app/Models/MyModels.php(126): CodeIgniter\Database\BaseBuilder->get()
#5 /home/sietmvb89/web/sieuthibeyeu.vn/public_html/app/Controllers/Route.php(307): App\Models\MyModels->full_query()
#6 /home/sietmvb89/web/sieuthibeyeu.vn/public_html/app/Controllers/Route.php(61): App\Controllers\Route->cate_product()
#7 /home/sietmvb89/web/sieuthibeyeu.vn/public_html/system/CodeIgniter.php(938): App\Controllers\Route->index()
#8 /home/sietmvb89/web/sieuthibeyeu.vn/public_html/system/CodeIgniter.php(434): CodeIgniter\CodeIgniter->runController()
#9 /home/sietmvb89/web/sieuthibeyeu.vn/public_html/system/CodeIgniter.php(335): CodeIgniter\CodeIgniter->handleRequest()
#10 /home/sietmvb89/web/sieuthibeyeu.vn/public_html/index.php(43): CodeIgniter\CodeIgniter->run()
#11 {main}
ERROR - 2022-05-31 01:35:07 --> mysqli_sql_exception: You have an error in your SQL syntax; check the manual that corresponds to your MariaDB server version for the right syntax to use near ')
ORDER BY `id` desc' at line 3 in /home/sietmvb89/web/sieuthibeyeu.vn/public_html/system/Database/MySQLi/Connection.php:314
Stack trace:
#0 /home/sietmvb89/web/sieuthibeyeu.vn/public_html/system/Database/MySQLi/Connection.php(314): mysqli->query()
#1 /home/sietmvb89/web/sieuthibeyeu.vn/public_html/system/Database/BaseConnection.php(713): CodeIgniter\Database\MySQLi\Connection->execute()
#2 /home/sietmvb89/web/sieuthibeyeu.vn/public_html/system/Database/BaseConnection.php(641): CodeIgniter\Database\BaseConnection->simpleQuery()
#3 /home/sietmvb89/web/sieuthibeyeu.vn/public_html/system/Database/BaseBuilder.php(1866): CodeIgniter\Database\BaseConnection->query()
#4 /home/sietmvb89/web/sieuthibeyeu.vn/public_html/app/Models/MyModels.php(126): CodeIgniter\Database\BaseBuilder->get()
#5 /home/sietmvb89/web/sieuthibeyeu.vn/public_html/app/Controllers/Route.php(307): App\Models\MyModels->full_query()
#6 /home/sietmvb89/web/sieuthibeyeu.vn/public_html/app/Controllers/Route.php(61): App\Controllers\Route->cate_product()
#7 /home/sietmvb89/web/sieuthibeyeu.vn/public_html/system/CodeIgniter.php(938): App\Controllers\Route->index()
#8 /home/sietmvb89/web/sieuthibeyeu.vn/public_html/system/CodeIgniter.php(434): CodeIgniter\CodeIgniter->runController()
#9 /home/sietmvb89/web/sieuthibeyeu.vn/public_html/system/CodeIgniter.php(335): CodeIgniter\CodeIgniter->handleRequest()
#10 /home/sietmvb89/web/sieuthibeyeu.vn/public_html/index.php(43): CodeIgniter\CodeIgniter->run()
#11 {main}
ERROR - 2022-05-31 02:09:08 --> mysqli_sql_exception: You have an error in your SQL syntax; check the manual that corresponds to your MariaDB server version for the right syntax to use near ')
ORDER BY `id` desc' at line 3 in /home/sietmvb89/web/sieuthibeyeu.vn/public_html/system/Database/MySQLi/Connection.php:314
Stack trace:
#0 /home/sietmvb89/web/sieuthibeyeu.vn/public_html/system/Database/MySQLi/Connection.php(314): mysqli->query()
#1 /home/sietmvb89/web/sieuthibeyeu.vn/public_html/system/Database/BaseConnection.php(713): CodeIgniter\Database\MySQLi\Connection->execute()
#2 /home/sietmvb89/web/sieuthibeyeu.vn/public_html/system/Database/BaseConnection.php(641): CodeIgniter\Database\BaseConnection->simpleQuery()
#3 /home/sietmvb89/web/sieuthibeyeu.vn/public_html/system/Database/BaseBuilder.php(1866): CodeIgniter\Database\BaseConnection->query()
#4 /home/sietmvb89/web/sieuthibeyeu.vn/public_html/app/Models/MyModels.php(126): CodeIgniter\Database\BaseBuilder->get()
#5 /home/sietmvb89/web/sieuthibeyeu.vn/public_html/app/Controllers/Route.php(307): App\Models\MyModels->full_query()
#6 /home/sietmvb89/web/sieuthibeyeu.vn/public_html/app/Controllers/Route.php(61): App\Controllers\Route->cate_product()
#7 /home/sietmvb89/web/sieuthibeyeu.vn/public_html/system/CodeIgniter.php(938): App\Controllers\Route->index()
#8 /home/sietmvb89/web/sieuthibeyeu.vn/public_html/system/CodeIgniter.php(434): CodeIgniter\CodeIgniter->runController()
#9 /home/sietmvb89/web/sieuthibeyeu.vn/public_html/system/CodeIgniter.php(335): CodeIgniter\CodeIgniter->handleRequest()
#10 /home/sietmvb89/web/sieuthibeyeu.vn/public_html/index.php(43): CodeIgniter\CodeIgniter->run()
#11 {main}
ERROR - 2022-05-31 02:50:21 --> mysqli_sql_exception: You have an error in your SQL syntax; check the manual that corresponds to your MariaDB server version for the right syntax to use near ')
ORDER BY `id` desc' at line 3 in /home/sietmvb89/web/sieuthibeyeu.vn/public_html/system/Database/MySQLi/Connection.php:314
Stack trace:
#0 /home/sietmvb89/web/sieuthibeyeu.vn/public_html/system/Database/MySQLi/Connection.php(314): mysqli->query()
#1 /home/sietmvb89/web/sieuthibeyeu.vn/public_html/system/Database/BaseConnection.php(713): CodeIgniter\Database\MySQLi\Connection->execute()
#2 /home/sietmvb89/web/sieuthibeyeu.vn/public_html/system/Database/BaseConnection.php(641): CodeIgniter\Database\BaseConnection->simpleQuery()
#3 /home/sietmvb89/web/sieuthibeyeu.vn/public_html/system/Database/BaseBuilder.php(1866): CodeIgniter\Database\BaseConnection->query()
#4 /home/sietmvb89/web/sieuthibeyeu.vn/public_html/app/Models/MyModels.php(126): CodeIgniter\Database\BaseBuilder->get()
#5 /home/sietmvb89/web/sieuthibeyeu.vn/public_html/app/Controllers/Route.php(307): App\Models\MyModels->full_query()
#6 /home/sietmvb89/web/sieuthibeyeu.vn/public_html/app/Controllers/Route.php(61): App\Controllers\Route->cate_product()
#7 /home/sietmvb89/web/sieuthibeyeu.vn/public_html/system/CodeIgniter.php(938): App\Controllers\Route->index()
#8 /home/sietmvb89/web/sieuthibeyeu.vn/public_html/system/CodeIgniter.php(434): CodeIgniter\CodeIgniter->runController()
#9 /home/sietmvb89/web/sieuthibeyeu.vn/public_html/system/CodeIgniter.php(335): CodeIgniter\CodeIgniter->handleRequest()
#10 /home/sietmvb89/web/sieuthibeyeu.vn/public_html/index.php(43): CodeIgniter\CodeIgniter->run()
#11 {main}
ERROR - 2022-05-31 02:50:28 --> mysqli_sql_exception: You have an error in your SQL syntax; check the manual that corresponds to your MariaDB server version for the right syntax to use near ')
ORDER BY `id` desc' at line 3 in /home/sietmvb89/web/sieuthibeyeu.vn/public_html/system/Database/MySQLi/Connection.php:314
Stack trace:
#0 /home/sietmvb89/web/sieuthibeyeu.vn/public_html/system/Database/MySQLi/Connection.php(314): mysqli->query()
#1 /home/sietmvb89/web/sieuthibeyeu.vn/public_html/system/Database/BaseConnection.php(713): CodeIgniter\Database\MySQLi\Connection->execute()
#2 /home/sietmvb89/web/sieuthibeyeu.vn/public_html/system/Database/BaseConnection.php(641): CodeIgniter\Database\BaseConnection->simpleQuery()
#3 /home/sietmvb89/web/sieuthibeyeu.vn/public_html/system/Database/BaseBuilder.php(1866): CodeIgniter\Database\BaseConnection->query()
#4 /home/sietmvb89/web/sieuthibeyeu.vn/public_html/app/Models/MyModels.php(126): CodeIgniter\Database\BaseBuilder->get()
#5 /home/sietmvb89/web/sieuthibeyeu.vn/public_html/app/Controllers/Route.php(307): App\Models\MyModels->full_query()
#6 /home/sietmvb89/web/sieuthibeyeu.vn/public_html/app/Controllers/Route.php(61): App\Controllers\Route->cate_product()
#7 /home/sietmvb89/web/sieuthibeyeu.vn/public_html/system/CodeIgniter.php(938): App\Controllers\Route->index()
#8 /home/sietmvb89/web/sieuthibeyeu.vn/public_html/system/CodeIgniter.php(434): CodeIgniter\CodeIgniter->runController()
#9 /home/sietmvb89/web/sieuthibeyeu.vn/public_html/system/CodeIgniter.php(335): CodeIgniter\CodeIgniter->handleRequest()
#10 /home/sietmvb89/web/sieuthibeyeu.vn/public_html/index.php(43): CodeIgniter\CodeIgniter->run()
#11 {main}
ERROR - 2022-05-31 02:50:35 --> mysqli_sql_exception: You have an error in your SQL syntax; check the manual that corresponds to your MariaDB server version for the right syntax to use near ')
ORDER BY `id` desc' at line 3 in /home/sietmvb89/web/sieuthibeyeu.vn/public_html/system/Database/MySQLi/Connection.php:314
Stack trace:
#0 /home/sietmvb89/web/sieuthibeyeu.vn/public_html/system/Database/MySQLi/Connection.php(314): mysqli->query()
#1 /home/sietmvb89/web/sieuthibeyeu.vn/public_html/system/Database/BaseConnection.php(713): CodeIgniter\Database\MySQLi\Connection->execute()
#2 /home/sietmvb89/web/sieuthibeyeu.vn/public_html/system/Database/BaseConnection.php(641): CodeIgniter\Database\BaseConnection->simpleQuery()
#3 /home/sietmvb89/web/sieuthibeyeu.vn/public_html/system/Database/BaseBuilder.php(1866): CodeIgniter\Database\BaseConnection->query()
#4 /home/sietmvb89/web/sieuthibeyeu.vn/public_html/app/Models/MyModels.php(126): CodeIgniter\Database\BaseBuilder->get()
#5 /home/sietmvb89/web/sieuthibeyeu.vn/public_html/app/Controllers/Route.php(307): App\Models\MyModels->full_query()
#6 /home/sietmvb89/web/sieuthibeyeu.vn/public_html/app/Controllers/Route.php(61): App\Controllers\Route->cate_product()
#7 /home/sietmvb89/web/sieuthibeyeu.vn/public_html/system/CodeIgniter.php(938): App\Controllers\Route->index()
#8 /home/sietmvb89/web/sieuthibeyeu.vn/public_html/system/CodeIgniter.php(434): CodeIgniter\CodeIgniter->runController()
#9 /home/sietmvb89/web/sieuthibeyeu.vn/public_html/system/CodeIgniter.php(335): CodeIgniter\CodeIgniter->handleRequest()
#10 /home/sietmvb89/web/sieuthibeyeu.vn/public_html/index.php(43): CodeIgniter\CodeIgniter->run()
#11 {main}
ERROR - 2022-05-31 02:51:14 --> mysqli_sql_exception: You have an error in your SQL syntax; check the manual that corresponds to your MariaDB server version for the right syntax to use near ')
ORDER BY `id` desc' at line 3 in /home/sietmvb89/web/sieuthibeyeu.vn/public_html/system/Database/MySQLi/Connection.php:314
Stack trace:
#0 /home/sietmvb89/web/sieuthibeyeu.vn/public_html/system/Database/MySQLi/Connection.php(314): mysqli->query()
#1 /home/sietmvb89/web/sieuthibeyeu.vn/public_html/system/Database/BaseConnection.php(713): CodeIgniter\Database\MySQLi\Connection->execute()
#2 /home/sietmvb89/web/sieuthibeyeu.vn/public_html/system/Database/BaseConnection.php(641): CodeIgniter\Database\BaseConnection->simpleQuery()
#3 /home/sietmvb89/web/sieuthibeyeu.vn/public_html/system/Database/BaseBuilder.php(1866): CodeIgniter\Database\BaseConnection->query()
#4 /home/sietmvb89/web/sieuthibeyeu.vn/public_html/app/Models/MyModels.php(126): CodeIgniter\Database\BaseBuilder->get()
#5 /home/sietmvb89/web/sieuthibeyeu.vn/public_html/app/Controllers/Route.php(307): App\Models\MyModels->full_query()
#6 /home/sietmvb89/web/sieuthibeyeu.vn/public_html/app/Controllers/Route.php(61): App\Controllers\Route->cate_product()
#7 /home/sietmvb89/web/sieuthibeyeu.vn/public_html/system/CodeIgniter.php(938): App\Controllers\Route->index()
#8 /home/sietmvb89/web/sieuthibeyeu.vn/public_html/system/CodeIgniter.php(434): CodeIgniter\CodeIgniter->runController()
#9 /home/sietmvb89/web/sieuthibeyeu.vn/public_html/system/CodeIgniter.php(335): CodeIgniter\CodeIgniter->handleRequest()
#10 /home/sietmvb89/web/sieuthibeyeu.vn/public_html/index.php(43): CodeIgniter\CodeIgniter->run()
#11 {main}
ERROR - 2022-05-31 02:51:58 --> mysqli_sql_exception: You have an error in your SQL syntax; check the manual that corresponds to your MariaDB server version for the right syntax to use near ')
ORDER BY `id` desc' at line 3 in /home/sietmvb89/web/sieuthibeyeu.vn/public_html/system/Database/MySQLi/Connection.php:314
Stack trace:
#0 /home/sietmvb89/web/sieuthibeyeu.vn/public_html/system/Database/MySQLi/Connection.php(314): mysqli->query()
#1 /home/sietmvb89/web/sieuthibeyeu.vn/public_html/system/Database/BaseConnection.php(713): CodeIgniter\Database\MySQLi\Connection->execute()
#2 /home/sietmvb89/web/sieuthibeyeu.vn/public_html/system/Database/BaseConnection.php(641): CodeIgniter\Database\BaseConnection->simpleQuery()
#3 /home/sietmvb89/web/sieuthibeyeu.vn/public_html/system/Database/BaseBuilder.php(1866): CodeIgniter\Database\BaseConnection->query()
#4 /home/sietmvb89/web/sieuthibeyeu.vn/public_html/app/Models/MyModels.php(126): CodeIgniter\Database\BaseBuilder->get()
#5 /home/sietmvb89/web/sieuthibeyeu.vn/public_html/app/Controllers/Route.php(307): App\Models\MyModels->full_query()
#6 /home/sietmvb89/web/sieuthibeyeu.vn/public_html/app/Controllers/Route.php(61): App\Controllers\Route->cate_product()
#7 /home/sietmvb89/web/sieuthibeyeu.vn/public_html/system/CodeIgniter.php(938): App\Controllers\Route->index()
#8 /home/sietmvb89/web/sieuthibeyeu.vn/public_html/system/CodeIgniter.php(434): CodeIgniter\CodeIgniter->runController()
#9 /home/sietmvb89/web/sieuthibeyeu.vn/public_html/system/CodeIgniter.php(335): CodeIgniter\CodeIgniter->handleRequest()
#10 /home/sietmvb89/web/sieuthibeyeu.vn/public_html/index.php(43): CodeIgniter\CodeIgniter->run()
#11 {main}
ERROR - 2022-05-31 03:04:11 --> mysqli_sql_exception: Table 'sietmvb89_db.tbl_product_slogan' doesn't exist in /home/sietmvb89/web/sieuthibeyeu.vn/public_html/system/Database/MySQLi/Connection.php:314
Stack trace:
#0 /home/sietmvb89/web/sieuthibeyeu.vn/public_html/system/Database/MySQLi/Connection.php(314): mysqli->query()
#1 /home/sietmvb89/web/sieuthibeyeu.vn/public_html/system/Database/BaseConnection.php(713): CodeIgniter\Database\MySQLi\Connection->execute()
#2 /home/sietmvb89/web/sieuthibeyeu.vn/public_html/system/Database/BaseConnection.php(641): CodeIgniter\Database\BaseConnection->simpleQuery()
#3 /home/sietmvb89/web/sieuthibeyeu.vn/public_html/system/Database/BaseBuilder.php(1866): CodeIgniter\Database\BaseConnection->query()
#4 /home/sietmvb89/web/sieuthibeyeu.vn/public_html/app/Models/MyModels.php(126): CodeIgniter\Database\BaseBuilder->get()
#5 /home/sietmvb89/web/sieuthibeyeu.vn/public_html/app/Controllers/Route.php(469): App\Models\MyModels->full_query()
#6 /home/sietmvb89/web/sieuthibeyeu.vn/public_html/app/Controllers/Route.php(65): App\Controllers\Route->product()
#7 /home/sietmvb89/web/sieuthibeyeu.vn/public_html/system/CodeIgniter.php(938): App\Controllers\Route->index()
#8 /home/sietmvb89/web/sieuthibeyeu.vn/public_html/system/CodeIgniter.php(434): CodeIgniter\CodeIgniter->runController()
#9 /home/sietmvb89/web/sieuthibeyeu.vn/public_html/system/CodeIgniter.php(335): CodeIgniter\CodeIgniter->handleRequest()
#10 /home/sietmvb89/web/sieuthibeyeu.vn/public_html/index.php(43): CodeIgniter\CodeIgniter->run()
#11 {main}
ERROR - 2022-05-31 03:04:11 --> mysqli_sql_exception: Table 'sietmvb89_db.tbl_brand' doesn't exist in /home/sietmvb89/web/sieuthibeyeu.vn/public_html/system/Database/MySQLi/Connection.php:314
Stack trace:
#0 /home/sietmvb89/web/sieuthibeyeu.vn/public_html/system/Database/MySQLi/Connection.php(314): mysqli->query()
#1 /home/sietmvb89/web/sieuthibeyeu.vn/public_html/system/Database/BaseConnection.php(713): CodeIgniter\Database\MySQLi\Connection->execute()
#2 /home/sietmvb89/web/sieuthibeyeu.vn/public_html/system/Database/BaseConnection.php(641): CodeIgniter\Database\BaseConnection->simpleQuery()
#3 /home/sietmvb89/web/sieuthibeyeu.vn/public_html/system/Database/BaseBuilder.php(1866): CodeIgniter\Database\BaseConnection->query()
#4 /home/sietmvb89/web/sieuthibeyeu.vn/public_html/app/Models/MyModels.php(126): CodeIgniter\Database\BaseBuilder->get()
#5 /home/sietmvb89/web/sieuthibeyeu.vn/public_html/app/Controllers/Route.php(476): App\Models\MyModels->full_query()
#6 /home/sietmvb89/web/sieuthibeyeu.vn/public_html/app/Controllers/Route.php(65): App\Controllers\Route->product()
#7 /home/sietmvb89/web/sieuthibeyeu.vn/public_html/system/CodeIgniter.php(938): App\Controllers\Route->index()
#8 /home/sietmvb89/web/sieuthibeyeu.vn/public_html/system/CodeIgniter.php(434): CodeIgniter\CodeIgniter->runController()
#9 /home/sietmvb89/web/sieuthibeyeu.vn/public_html/system/CodeIgniter.php(335): CodeIgniter\CodeIgniter->handleRequest()
#10 /home/sietmvb89/web/sieuthibeyeu.vn/public_html/index.php(43): CodeIgniter\CodeIgniter->run()
#11 {main}
ERROR - 2022-05-31 05:10:16 --> mysqli_sql_exception: You have an error in your SQL syntax; check the manual that corresponds to your MariaDB server version for the right syntax to use near ')
ORDER BY `id` desc' at line 3 in /home/sietmvb89/web/sieuthibeyeu.vn/public_html/system/Database/MySQLi/Connection.php:314
Stack trace:
#0 /home/sietmvb89/web/sieuthibeyeu.vn/public_html/system/Database/MySQLi/Connection.php(314): mysqli->query()
#1 /home/sietmvb89/web/sieuthibeyeu.vn/public_html/system/Database/BaseConnection.php(713): CodeIgniter\Database\MySQLi\Connection->execute()
#2 /home/sietmvb89/web/sieuthibeyeu.vn/public_html/system/Database/BaseConnection.php(641): CodeIgniter\Database\BaseConnection->simpleQuery()
#3 /home/sietmvb89/web/sieuthibeyeu.vn/public_html/system/Database/BaseBuilder.php(1866): CodeIgniter\Database\BaseConnection->query()
#4 /home/sietmvb89/web/sieuthibeyeu.vn/public_html/app/Models/MyModels.php(126): CodeIgniter\Database\BaseBuilder->get()
#5 /home/sietmvb89/web/sieuthibeyeu.vn/public_html/app/Controllers/Route.php(307): App\Models\MyModels->full_query()
#6 /home/sietmvb89/web/sieuthibeyeu.vn/public_html/app/Controllers/Route.php(61): App\Controllers\Route->cate_product()
#7 /home/sietmvb89/web/sieuthibeyeu.vn/public_html/system/CodeIgniter.php(938): App\Controllers\Route->index()
#8 /home/sietmvb89/web/sieuthibeyeu.vn/public_html/system/CodeIgniter.php(434): CodeIgniter\CodeIgniter->runController()
#9 /home/sietmvb89/web/sieuthibeyeu.vn/public_html/system/CodeIgniter.php(335): CodeIgniter\CodeIgniter->handleRequest()
#10 /home/sietmvb89/web/sieuthibeyeu.vn/public_html/index.php(43): CodeIgniter\CodeIgniter->run()
#11 {main}
ERROR - 2022-05-31 06:18:34 --> mysqli_sql_exception: You have an error in your SQL syntax; check the manual that corresponds to your MariaDB server version for the right syntax to use near ')
ORDER BY `id` desc' at line 3 in /home/sietmvb89/web/sieuthibeyeu.vn/public_html/system/Database/MySQLi/Connection.php:314
Stack trace:
#0 /home/sietmvb89/web/sieuthibeyeu.vn/public_html/system/Database/MySQLi/Connection.php(314): mysqli->query()
#1 /home/sietmvb89/web/sieuthibeyeu.vn/public_html/system/Database/BaseConnection.php(713): CodeIgniter\Database\MySQLi\Connection->execute()
#2 /home/sietmvb89/web/sieuthibeyeu.vn/public_html/system/Database/BaseConnection.php(641): CodeIgniter\Database\BaseConnection->simpleQuery()
#3 /home/sietmvb89/web/sieuthibeyeu.vn/public_html/system/Database/BaseBuilder.php(1866): CodeIgniter\Database\BaseConnection->query()
#4 /home/sietmvb89/web/sieuthibeyeu.vn/public_html/app/Models/MyModels.php(126): CodeIgniter\Database\BaseBuilder->get()
#5 /home/sietmvb89/web/sieuthibeyeu.vn/public_html/app/Controllers/Route.php(307): App\Models\MyModels->full_query()
#6 /home/sietmvb89/web/sieuthibeyeu.vn/public_html/app/Controllers/Route.php(61): App\Controllers\Route->cate_product()
#7 /home/sietmvb89/web/sieuthibeyeu.vn/public_html/system/CodeIgniter.php(938): App\Controllers\Route->index()
#8 /home/sietmvb89/web/sieuthibeyeu.vn/public_html/system/CodeIgniter.php(434): CodeIgniter\CodeIgniter->runController()
#9 /home/sietmvb89/web/sieuthibeyeu.vn/public_html/system/CodeIgniter.php(335): CodeIgniter\CodeIgniter->handleRequest()
#10 /home/sietmvb89/web/sieuthibeyeu.vn/public_html/index.php(43): CodeIgniter\CodeIgniter->run()
#11 {main}
ERROR - 2022-05-31 06:55:37 --> mysqli_sql_exception: Table 'sietmvb89_db.tbl_brand' doesn't exist in /home/sietmvb89/web/sieuthibeyeu.vn/public_html/system/Database/MySQLi/Connection.php:314
Stack trace:
#0 /home/sietmvb89/web/sieuthibeyeu.vn/public_html/system/Database/MySQLi/Connection.php(314): mysqli->query()
#1 /home/sietmvb89/web/sieuthibeyeu.vn/public_html/system/Database/BaseConnection.php(713): CodeIgniter\Database\MySQLi\Connection->execute()
#2 /home/sietmvb89/web/sieuthibeyeu.vn/public_html/system/Database/BaseConnection.php(641): CodeIgniter\Database\BaseConnection->simpleQuery()
#3 /home/sietmvb89/web/sieuthibeyeu.vn/public_html/system/Database/BaseBuilder.php(1866): CodeIgniter\Database\BaseConnection->query()
#4 /home/sietmvb89/web/sieuthibeyeu.vn/public_html/app/Models/MyModels.php(126): CodeIgniter\Database\BaseBuilder->get()
#5 /home/sietmvb89/web/sieuthibeyeu.vn/public_html/app/Controllers/Route.php(307): App\Models\MyModels->full_query()
#6 /home/sietmvb89/web/sieuthibeyeu.vn/public_html/app/Controllers/Route.php(61): App\Controllers\Route->cate_product()
#7 /home/sietmvb89/web/sieuthibeyeu.vn/public_html/system/CodeIgniter.php(938): App\Controllers\Route->index()
#8 /home/sietmvb89/web/sieuthibeyeu.vn/public_html/system/CodeIgniter.php(434): CodeIgniter\CodeIgniter->runController()
#9 /home/sietmvb89/web/sieuthibeyeu.vn/public_html/system/CodeIgniter.php(335): CodeIgniter\CodeIgniter->handleRequest()
#10 /home/sietmvb89/web/sieuthibeyeu.vn/public_html/index.php(43): CodeIgniter\CodeIgniter->run()
#11 {main}
ERROR - 2022-05-31 11:03:32 --> mysqli_sql_exception: You have an error in your SQL syntax; check the manual that corresponds to your MariaDB server version for the right syntax to use near ')
ORDER BY `id` desc' at line 3 in /home/sietmvb89/web/sieuthibeyeu.vn/public_html/system/Database/MySQLi/Connection.php:314
Stack trace:
#0 /home/sietmvb89/web/sieuthibeyeu.vn/public_html/system/Database/MySQLi/Connection.php(314): mysqli->query()
#1 /home/sietmvb89/web/sieuthibeyeu.vn/public_html/system/Database/BaseConnection.php(713): CodeIgniter\Database\MySQLi\Connection->execute()
#2 /home/sietmvb89/web/sieuthibeyeu.vn/public_html/system/Database/BaseConnection.php(641): CodeIgniter\Database\BaseConnection->simpleQuery()
#3 /home/sietmvb89/web/sieuthibeyeu.vn/public_html/system/Database/BaseBuilder.php(1866): CodeIgniter\Database\BaseConnection->query()
#4 /home/sietmvb89/web/sieuthibeyeu.vn/public_html/app/Models/MyModels.php(126): CodeIgniter\Database\BaseBuilder->get()
#5 /home/sietmvb89/web/sieuthibeyeu.vn/public_html/app/Controllers/Route.php(307): App\Models\MyModels->full_query()
#6 /home/sietmvb89/web/sieuthibeyeu.vn/public_html/app/Controllers/Route.php(61): App\Controllers\Route->cate_product()
#7 /home/sietmvb89/web/sieuthibeyeu.vn/public_html/system/CodeIgniter.php(938): App\Controllers\Route->index()
#8 /home/sietmvb89/web/sieuthibeyeu.vn/public_html/system/CodeIgniter.php(434): CodeIgniter\CodeIgniter->runController()
#9 /home/sietmvb89/web/sieuthibeyeu.vn/public_html/system/CodeIgniter.php(335): CodeIgniter\CodeIgniter->handleRequest()
#10 /home/sietmvb89/web/sieuthibeyeu.vn/public_html/index.php(43): CodeIgniter\CodeIgniter->run()
#11 {main}
ERROR - 2022-05-31 11:45:51 --> mysqli_sql_exception: Table 'sietmvb89_db.tbl_product_slogan' doesn't exist in /home/sietmvb89/web/sieuthibeyeu.vn/public_html/system/Database/MySQLi/Connection.php:314
Stack trace:
#0 /home/sietmvb89/web/sieuthibeyeu.vn/public_html/system/Database/MySQLi/Connection.php(314): mysqli->query()
#1 /home/sietmvb89/web/sieuthibeyeu.vn/public_html/system/Database/BaseConnection.php(713): CodeIgniter\Database\MySQLi\Connection->execute()
#2 /home/sietmvb89/web/sieuthibeyeu.vn/public_html/system/Database/BaseConnection.php(641): CodeIgniter\Database\BaseConnection->simpleQuery()
#3 /home/sietmvb89/web/sieuthibeyeu.vn/public_html/system/Database/BaseBuilder.php(1866): CodeIgniter\Database\BaseConnection->query()
#4 /home/sietmvb89/web/sieuthibeyeu.vn/public_html/app/Models/MyModels.php(126): CodeIgniter\Database\BaseBuilder->get()
#5 /home/sietmvb89/web/sieuthibeyeu.vn/public_html/app/Controllers/Route.php(469): App\Models\MyModels->full_query()
#6 /home/sietmvb89/web/sieuthibeyeu.vn/public_html/app/Controllers/Route.php(65): App\Controllers\Route->product()
#7 /home/sietmvb89/web/sieuthibeyeu.vn/public_html/system/CodeIgniter.php(938): App\Controllers\Route->index()
#8 /home/sietmvb89/web/sieuthibeyeu.vn/public_html/system/CodeIgniter.php(434): CodeIgniter\CodeIgniter->runController()
#9 /home/sietmvb89/web/sieuthibeyeu.vn/public_html/system/CodeIgniter.php(335): CodeIgniter\CodeIgniter->handleRequest()
#10 /home/sietmvb89/web/sieuthibeyeu.vn/public_html/index.php(43): CodeIgniter\CodeIgniter->run()
#11 {main}
ERROR - 2022-05-31 11:45:51 --> mysqli_sql_exception: Table 'sietmvb89_db.tbl_brand' doesn't exist in /home/sietmvb89/web/sieuthibeyeu.vn/public_html/system/Database/MySQLi/Connection.php:314
Stack trace:
#0 /home/sietmvb89/web/sieuthibeyeu.vn/public_html/system/Database/MySQLi/Connection.php(314): mysqli->query()
#1 /home/sietmvb89/web/sieuthibeyeu.vn/public_html/system/Database/BaseConnection.php(713): CodeIgniter\Database\MySQLi\Connection->execute()
#2 /home/sietmvb89/web/sieuthibeyeu.vn/public_html/system/Database/BaseConnection.php(641): CodeIgniter\Database\BaseConnection->simpleQuery()
#3 /home/sietmvb89/web/sieuthibeyeu.vn/public_html/system/Database/BaseBuilder.php(1866): CodeIgniter\Database\BaseConnection->query()
#4 /home/sietmvb89/web/sieuthibeyeu.vn/public_html/app/Models/MyModels.php(126): CodeIgniter\Database\BaseBuilder->get()
#5 /home/sietmvb89/web/sieuthibeyeu.vn/public_html/app/Controllers/Route.php(476): App\Models\MyModels->full_query()
#6 /home/sietmvb89/web/sieuthibeyeu.vn/public_html/app/Controllers/Route.php(65): App\Controllers\Route->product()
#7 /home/sietmvb89/web/sieuthibeyeu.vn/public_html/system/CodeIgniter.php(938): App\Controllers\Route->index()
#8 /home/sietmvb89/web/sieuthibeyeu.vn/public_html/system/CodeIgniter.php(434): CodeIgniter\CodeIgniter->runController()
#9 /home/sietmvb89/web/sieuthibeyeu.vn/public_html/system/CodeIgniter.php(335): CodeIgniter\CodeIgniter->handleRequest()
#10 /home/sietmvb89/web/sieuthibeyeu.vn/public_html/index.php(43): CodeIgniter\CodeIgniter->run()
#11 {main}
ERROR - 2022-05-31 12:42:26 --> mysqli_sql_exception: Table 'sietmvb89_db.tbl_product_slogan' doesn't exist in /home/sietmvb89/web/sieuthibeyeu.vn/public_html/system/Database/MySQLi/Connection.php:314
Stack trace:
#0 /home/sietmvb89/web/sieuthibeyeu.vn/public_html/system/Database/MySQLi/Connection.php(314): mysqli->query()
#1 /home/sietmvb89/web/sieuthibeyeu.vn/public_html/system/Database/BaseConnection.php(713): CodeIgniter\Database\MySQLi\Connection->execute()
#2 /home/sietmvb89/web/sieuthibeyeu.vn/public_html/system/Database/BaseConnection.php(641): CodeIgniter\Database\BaseConnection->simpleQuery()
#3 /home/sietmvb89/web/sieuthibeyeu.vn/public_html/system/Database/BaseBuilder.php(1866): CodeIgniter\Database\BaseConnection->query()
#4 /home/sietmvb89/web/sieuthibeyeu.vn/public_html/app/Models/MyModels.php(126): CodeIgniter\Database\BaseBuilder->get()
#5 /home/sietmvb89/web/sieuthibeyeu.vn/public_html/app/Controllers/Route.php(469): App\Models\MyModels->full_query()
#6 /home/sietmvb89/web/sieuthibeyeu.vn/public_html/app/Controllers/Route.php(65): App\Controllers\Route->product()
#7 /home/sietmvb89/web/sieuthibeyeu.vn/public_html/system/CodeIgniter.php(938): App\Controllers\Route->index()
#8 /home/sietmvb89/web/sieuthibeyeu.vn/public_html/system/CodeIgniter.php(434): CodeIgniter\CodeIgniter->runController()
#9 /home/sietmvb89/web/sieuthibeyeu.vn/public_html/system/CodeIgniter.php(335): CodeIgniter\CodeIgniter->handleRequest()
#10 /home/sietmvb89/web/sieuthibeyeu.vn/public_html/index.php(43): CodeIgniter\CodeIgniter->run()
#11 {main}
ERROR - 2022-05-31 12:42:26 --> mysqli_sql_exception: Table 'sietmvb89_db.tbl_brand' doesn't exist in /home/sietmvb89/web/sieuthibeyeu.vn/public_html/system/Database/MySQLi/Connection.php:314
Stack trace:
#0 /home/sietmvb89/web/sieuthibeyeu.vn/public_html/system/Database/MySQLi/Connection.php(314): mysqli->query()
#1 /home/sietmvb89/web/sieuthibeyeu.vn/public_html/system/Database/BaseConnection.php(713): CodeIgniter\Database\MySQLi\Connection->execute()
#2 /home/sietmvb89/web/sieuthibeyeu.vn/public_html/system/Database/BaseConnection.php(641): CodeIgniter\Database\BaseConnection->simpleQuery()
#3 /home/sietmvb89/web/sieuthibeyeu.vn/public_html/system/Database/BaseBuilder.php(1866): CodeIgniter\Database\BaseConnection->query()
#4 /home/sietmvb89/web/sieuthibeyeu.vn/public_html/app/Models/MyModels.php(126): CodeIgniter\Database\BaseBuilder->get()
#5 /home/sietmvb89/web/sieuthibeyeu.vn/public_html/app/Controllers/Route.php(476): App\Models\MyModels->full_query()
#6 /home/sietmvb89/web/sieuthibeyeu.vn/public_html/app/Controllers/Route.php(65): App\Controllers\Route->product()
#7 /home/sietmvb89/web/sieuthibeyeu.vn/public_html/system/CodeIgniter.php(938): App\Controllers\Route->index()
#8 /home/sietmvb89/web/sieuthibeyeu.vn/public_html/system/CodeIgniter.php(434): CodeIgniter\CodeIgniter->runController()
#9 /home/sietmvb89/web/sieuthibeyeu.vn/public_html/system/CodeIgniter.php(335): CodeIgniter\CodeIgniter->handleRequest()
#10 /home/sietmvb89/web/sieuthibeyeu.vn/public_html/index.php(43): CodeIgniter\CodeIgniter->run()
#11 {main}
ERROR - 2022-05-31 12:55:02 --> mysqli_sql_exception: You have an error in your SQL syntax; check the manual that corresponds to your MariaDB server version for the right syntax to use near ')
ORDER BY `id` desc' at line 3 in /home/sietmvb89/web/sieuthibeyeu.vn/public_html/system/Database/MySQLi/Connection.php:314
Stack trace:
#0 /home/sietmvb89/web/sieuthibeyeu.vn/public_html/system/Database/MySQLi/Connection.php(314): mysqli->query()
#1 /home/sietmvb89/web/sieuthibeyeu.vn/public_html/system/Database/BaseConnection.php(713): CodeIgniter\Database\MySQLi\Connection->execute()
#2 /home/sietmvb89/web/sieuthibeyeu.vn/public_html/system/Database/BaseConnection.php(641): CodeIgniter\Database\BaseConnection->simpleQuery()
#3 /home/sietmvb89/web/sieuthibeyeu.vn/public_html/system/Database/BaseBuilder.php(1866): CodeIgniter\Database\BaseConnection->query()
#4 /home/sietmvb89/web/sieuthibeyeu.vn/public_html/app/Models/MyModels.php(126): CodeIgniter\Database\BaseBuilder->get()
#5 /home/sietmvb89/web/sieuthibeyeu.vn/public_html/app/Controllers/Route.php(307): App\Models\MyModels->full_query()
#6 /home/sietmvb89/web/sieuthibeyeu.vn/public_html/app/Controllers/Route.php(61): App\Controllers\Route->cate_product()
#7 /home/sietmvb89/web/sieuthibeyeu.vn/public_html/system/CodeIgniter.php(938): App\Controllers\Route->index()
#8 /home/sietmvb89/web/sieuthibeyeu.vn/public_html/system/CodeIgniter.php(434): CodeIgniter\CodeIgniter->runController()
#9 /home/sietmvb89/web/sieuthibeyeu.vn/public_html/system/CodeIgniter.php(335): CodeIgniter\CodeIgniter->handleRequest()
#10 /home/sietmvb89/web/sieuthibeyeu.vn/public_html/index.php(43): CodeIgniter\CodeIgniter->run()
#11 {main}
ERROR - 2022-05-31 13:33:36 --> mysqli_sql_exception: Table 'sietmvb89_db.tbl_brand' doesn't exist in /home/sietmvb89/web/sieuthibeyeu.vn/public_html/system/Database/MySQLi/Connection.php:314
Stack trace:
#0 /home/sietmvb89/web/sieuthibeyeu.vn/public_html/system/Database/MySQLi/Connection.php(314): mysqli->query()
#1 /home/sietmvb89/web/sieuthibeyeu.vn/public_html/system/Database/BaseConnection.php(713): CodeIgniter\Database\MySQLi\Connection->execute()
#2 /home/sietmvb89/web/sieuthibeyeu.vn/public_html/system/Database/BaseConnection.php(641): CodeIgniter\Database\BaseConnection->simpleQuery()
#3 /home/sietmvb89/web/sieuthibeyeu.vn/public_html/system/Database/BaseBuilder.php(1866): CodeIgniter\Database\BaseConnection->query()
#4 /home/sietmvb89/web/sieuthibeyeu.vn/public_html/app/Models/MyModels.php(126): CodeIgniter\Database\BaseBuilder->get()
#5 /home/sietmvb89/web/sieuthibeyeu.vn/public_html/app/Controllers/Route.php(307): App\Models\MyModels->full_query()
#6 /home/sietmvb89/web/sieuthibeyeu.vn/public_html/app/Controllers/Route.php(61): App\Controllers\Route->cate_product()
#7 /home/sietmvb89/web/sieuthibeyeu.vn/public_html/system/CodeIgniter.php(938): App\Controllers\Route->index()
#8 /home/sietmvb89/web/sieuthibeyeu.vn/public_html/system/CodeIgniter.php(434): CodeIgniter\CodeIgniter->runController()
#9 /home/sietmvb89/web/sieuthibeyeu.vn/public_html/system/CodeIgniter.php(335): CodeIgniter\CodeIgniter->handleRequest()
#10 /home/sietmvb89/web/sieuthibeyeu.vn/public_html/index.php(43): CodeIgniter\CodeIgniter->run()
#11 {main}
ERROR - 2022-05-31 14:54:33 --> mysqli_sql_exception: You have an error in your SQL syntax; check the manual that corresponds to your MariaDB server version for the right syntax to use near ')
ORDER BY `id` desc' at line 3 in /home/sietmvb89/web/sieuthibeyeu.vn/public_html/system/Database/MySQLi/Connection.php:314
Stack trace:
#0 /home/sietmvb89/web/sieuthibeyeu.vn/public_html/system/Database/MySQLi/Connection.php(314): mysqli->query()
#1 /home/sietmvb89/web/sieuthibeyeu.vn/public_html/system/Database/BaseConnection.php(713): CodeIgniter\Database\MySQLi\Connection->execute()
#2 /home/sietmvb89/web/sieuthibeyeu.vn/public_html/system/Database/BaseConnection.php(641): CodeIgniter\Database\BaseConnection->simpleQuery()
#3 /home/sietmvb89/web/sieuthibeyeu.vn/public_html/system/Database/BaseBuilder.php(1866): CodeIgniter\Database\BaseConnection->query()
#4 /home/sietmvb89/web/sieuthibeyeu.vn/public_html/app/Models/MyModels.php(126): CodeIgniter\Database\BaseBuilder->get()
#5 /home/sietmvb89/web/sieuthibeyeu.vn/public_html/app/Controllers/Route.php(307): App\Models\MyModels->full_query()
#6 /home/sietmvb89/web/sieuthibeyeu.vn/public_html/app/Controllers/Route.php(61): App\Controllers\Route->cate_product()
#7 /home/sietmvb89/web/sieuthibeyeu.vn/public_html/system/CodeIgniter.php(938): App\Controllers\Route->index()
#8 /home/sietmvb89/web/sieuthibeyeu.vn/public_html/system/CodeIgniter.php(434): CodeIgniter\CodeIgniter->runController()
#9 /home/sietmvb89/web/sieuthibeyeu.vn/public_html/system/CodeIgniter.php(335): CodeIgniter\CodeIgniter->handleRequest()
#10 /home/sietmvb89/web/sieuthibeyeu.vn/public_html/index.php(43): CodeIgniter\CodeIgniter->run()
#11 {main}
ERROR - 2022-05-31 15:42:04 --> mysqli_sql_exception: Table 'sietmvb89_db.tbl_brand' doesn't exist in /home/sietmvb89/web/sieuthibeyeu.vn/public_html/system/Database/MySQLi/Connection.php:314
Stack trace:
#0 /home/sietmvb89/web/sieuthibeyeu.vn/public_html/system/Database/MySQLi/Connection.php(314): mysqli->query()
#1 /home/sietmvb89/web/sieuthibeyeu.vn/public_html/system/Database/BaseConnection.php(713): CodeIgniter\Database\MySQLi\Connection->execute()
#2 /home/sietmvb89/web/sieuthibeyeu.vn/public_html/system/Database/BaseConnection.php(641): CodeIgniter\Database\BaseConnection->simpleQuery()
#3 /home/sietmvb89/web/sieuthibeyeu.vn/public_html/system/Database/BaseBuilder.php(1866): CodeIgniter\Database\BaseConnection->query()
#4 /home/sietmvb89/web/sieuthibeyeu.vn/public_html/app/Models/MyModels.php(126): CodeIgniter\Database\BaseBuilder->get()
#5 /home/sietmvb89/web/sieuthibeyeu.vn/public_html/app/Controllers/Route.php(307): App\Models\MyModels->full_query()
#6 /home/sietmvb89/web/sieuthibeyeu.vn/public_html/app/Controllers/Route.php(61): App\Controllers\Route->cate_product()
#7 /home/sietmvb89/web/sieuthibeyeu.vn/public_html/system/CodeIgniter.php(938): App\Controllers\Route->index()
#8 /home/sietmvb89/web/sieuthibeyeu.vn/public_html/system/CodeIgniter.php(434): CodeIgniter\CodeIgniter->runController()
#9 /home/sietmvb89/web/sieuthibeyeu.vn/public_html/system/CodeIgniter.php(335): CodeIgniter\CodeIgniter->handleRequest()
#10 /home/sietmvb89/web/sieuthibeyeu.vn/public_html/index.php(43): CodeIgniter\CodeIgniter->run()
#11 {main}
ERROR - 2022-05-31 15:42:04 --> mysqli_sql_exception: You have an error in your SQL syntax; check the manual that corresponds to your MariaDB server version for the right syntax to use near ')
ORDER BY `id` desc' at line 3 in /home/sietmvb89/web/sieuthibeyeu.vn/public_html/system/Database/MySQLi/Connection.php:314
Stack trace:
#0 /home/sietmvb89/web/sieuthibeyeu.vn/public_html/system/Database/MySQLi/Connection.php(314): mysqli->query()
#1 /home/sietmvb89/web/sieuthibeyeu.vn/public_html/system/Database/BaseConnection.php(713): CodeIgniter\Database\MySQLi\Connection->execute()
#2 /home/sietmvb89/web/sieuthibeyeu.vn/public_html/system/Database/BaseConnection.php(641): CodeIgniter\Database\BaseConnection->simpleQuery()
#3 /home/sietmvb89/web/sieuthibeyeu.vn/public_html/system/Database/BaseBuilder.php(1866): CodeIgniter\Database\BaseConnection->query()
#4 /home/sietmvb89/web/sieuthibeyeu.vn/public_html/app/Models/MyModels.php(126): CodeIgniter\Database\BaseBuilder->get()
#5 /home/sietmvb89/web/sieuthibeyeu.vn/public_html/app/Controllers/Route.php(307): App\Models\MyModels->full_query()
#6 /home/sietmvb89/web/sieuthibeyeu.vn/public_html/app/Controllers/Route.php(61): App\Controllers\Route->cate_product()
#7 /home/sietmvb89/web/sieuthibeyeu.vn/public_html/system/CodeIgniter.php(938): App\Controllers\Route->index()
#8 /home/sietmvb89/web/sieuthibeyeu.vn/public_html/system/CodeIgniter.php(434): CodeIgniter\CodeIgniter->runController()
#9 /home/sietmvb89/web/sieuthibeyeu.vn/public_html/system/CodeIgniter.php(335): CodeIgniter\CodeIgniter->handleRequest()
#10 /home/sietmvb89/web/sieuthibeyeu.vn/public_html/index.php(43): CodeIgniter\CodeIgniter->run()
#11 {main}
ERROR - 2022-05-31 15:42:04 --> mysqli_sql_exception: You have an error in your SQL syntax; check the manual that corresponds to your MariaDB server version for the right syntax to use near ')
ORDER BY `id` desc' at line 3 in /home/sietmvb89/web/sieuthibeyeu.vn/public_html/system/Database/MySQLi/Connection.php:314
Stack trace:
#0 /home/sietmvb89/web/sieuthibeyeu.vn/public_html/system/Database/MySQLi/Connection.php(314): mysqli->query()
#1 /home/sietmvb89/web/sieuthibeyeu.vn/public_html/system/Database/BaseConnection.php(713): CodeIgniter\Database\MySQLi\Connection->execute()
#2 /home/sietmvb89/web/sieuthibeyeu.vn/public_html/system/Database/BaseConnection.php(641): CodeIgniter\Database\BaseConnection->simpleQuery()
#3 /home/sietmvb89/web/sieuthibeyeu.vn/public_html/system/Database/BaseBuilder.php(1866): CodeIgniter\Database\BaseConnection->query()
#4 /home/sietmvb89/web/sieuthibeyeu.vn/public_html/app/Models/MyModels.php(126): CodeIgniter\Database\BaseBuilder->get()
#5 /home/sietmvb89/web/sieuthibeyeu.vn/public_html/app/Controllers/Route.php(307): App\Models\MyModels->full_query()
#6 /home/sietmvb89/web/sieuthibeyeu.vn/public_html/app/Controllers/Route.php(61): App\Controllers\Route->cate_product()
#7 /home/sietmvb89/web/sieuthibeyeu.vn/public_html/system/CodeIgniter.php(938): App\Controllers\Route->index()
#8 /home/sietmvb89/web/sieuthibeyeu.vn/public_html/system/CodeIgniter.php(434): CodeIgniter\CodeIgniter->runController()
#9 /home/sietmvb89/web/sieuthibeyeu.vn/public_html/system/CodeIgniter.php(335): CodeIgniter\CodeIgniter->handleRequest()
#10 /home/sietmvb89/web/sieuthibeyeu.vn/public_html/index.php(43): CodeIgniter\CodeIgniter->run()
#11 {main}
ERROR - 2022-05-31 17:51:50 --> mysqli_sql_exception: You have an error in your SQL syntax; check the manual that corresponds to your MariaDB server version for the right syntax to use near ')
ORDER BY `id` desc' at line 3 in /home/sietmvb89/web/sieuthibeyeu.vn/public_html/system/Database/MySQLi/Connection.php:314
Stack trace:
#0 /home/sietmvb89/web/sieuthibeyeu.vn/public_html/system/Database/MySQLi/Connection.php(314): mysqli->query()
#1 /home/sietmvb89/web/sieuthibeyeu.vn/public_html/system/Database/BaseConnection.php(713): CodeIgniter\Database\MySQLi\Connection->execute()
#2 /home/sietmvb89/web/sieuthibeyeu.vn/public_html/system/Database/BaseConnection.php(641): CodeIgniter\Database\BaseConnection->simpleQuery()
#3 /home/sietmvb89/web/sieuthibeyeu.vn/public_html/system/Database/BaseBuilder.php(1866): CodeIgniter\Database\BaseConnection->query()
#4 /home/sietmvb89/web/sieuthibeyeu.vn/public_html/app/Models/MyModels.php(126): CodeIgniter\Database\BaseBuilder->get()
#5 /home/sietmvb89/web/sieuthibeyeu.vn/public_html/app/Controllers/Route.php(307): App\Models\MyModels->full_query()
#6 /home/sietmvb89/web/sieuthibeyeu.vn/public_html/app/Controllers/Route.php(61): App\Controllers\Route->cate_product()
#7 /home/sietmvb89/web/sieuthibeyeu.vn/public_html/system/CodeIgniter.php(938): App\Controllers\Route->index()
#8 /home/sietmvb89/web/sieuthibeyeu.vn/public_html/system/CodeIgniter.php(434): CodeIgniter\CodeIgniter->runController()
#9 /home/sietmvb89/web/sieuthibeyeu.vn/public_html/system/CodeIgniter.php(335): CodeIgniter\CodeIgniter->handleRequest()
#10 /home/sietmvb89/web/sieuthibeyeu.vn/public_html/index.php(43): CodeIgniter\CodeIgniter->run()
#11 {main}
ERROR - 2022-05-31 18:31:56 --> mysqli_sql_exception: Table 'sietmvb89_db.tbl_product_slogan' doesn't exist in /home/sietmvb89/web/sieuthibeyeu.vn/public_html/system/Database/MySQLi/Connection.php:314
Stack trace:
#0 /home/sietmvb89/web/sieuthibeyeu.vn/public_html/system/Database/MySQLi/Connection.php(314): mysqli->query()
#1 /home/sietmvb89/web/sieuthibeyeu.vn/public_html/system/Database/BaseConnection.php(713): CodeIgniter\Database\MySQLi\Connection->execute()
#2 /home/sietmvb89/web/sieuthibeyeu.vn/public_html/system/Database/BaseConnection.php(641): CodeIgniter\Database\BaseConnection->simpleQuery()
#3 /home/sietmvb89/web/sieuthibeyeu.vn/public_html/system/Database/BaseBuilder.php(1866): CodeIgniter\Database\BaseConnection->query()
#4 /home/sietmvb89/web/sieuthibeyeu.vn/public_html/app/Models/MyModels.php(126): CodeIgniter\Database\BaseBuilder->get()
#5 /home/sietmvb89/web/sieuthibeyeu.vn/public_html/app/Controllers/Route.php(469): App\Models\MyModels->full_query()
#6 /home/sietmvb89/web/sieuthibeyeu.vn/public_html/app/Controllers/Route.php(65): App\Controllers\Route->product()
#7 /home/sietmvb89/web/sieuthibeyeu.vn/public_html/system/CodeIgniter.php(938): App\Controllers\Route->index()
#8 /home/sietmvb89/web/sieuthibeyeu.vn/public_html/system/CodeIgniter.php(434): CodeIgniter\CodeIgniter->runController()
#9 /home/sietmvb89/web/sieuthibeyeu.vn/public_html/system/CodeIgniter.php(335): CodeIgniter\CodeIgniter->handleRequest()
#10 /home/sietmvb89/web/sieuthibeyeu.vn/public_html/index.php(43): CodeIgniter\CodeIgniter->run()
#11 {main}
ERROR - 2022-05-31 18:31:56 --> mysqli_sql_exception: Table 'sietmvb89_db.tbl_brand' doesn't exist in /home/sietmvb89/web/sieuthibeyeu.vn/public_html/system/Database/MySQLi/Connection.php:314
Stack trace:
#0 /home/sietmvb89/web/sieuthibeyeu.vn/public_html/system/Database/MySQLi/Connection.php(314): mysqli->query()
#1 /home/sietmvb89/web/sieuthibeyeu.vn/public_html/system/Database/BaseConnection.php(713): CodeIgniter\Database\MySQLi\Connection->execute()
#2 /home/sietmvb89/web/sieuthibeyeu.vn/public_html/system/Database/BaseConnection.php(641): CodeIgniter\Database\BaseConnection->simpleQuery()
#3 /home/sietmvb89/web/sieuthibeyeu.vn/public_html/system/Database/BaseBuilder.php(1866): CodeIgniter\Database\BaseConnection->query()
#4 /home/sietmvb89/web/sieuthibeyeu.vn/public_html/app/Models/MyModels.php(126): CodeIgniter\Database\BaseBuilder->get()
#5 /home/sietmvb89/web/sieuthibeyeu.vn/public_html/app/Controllers/Route.php(476): App\Models\MyModels->full_query()
#6 /home/sietmvb89/web/sieuthibeyeu.vn/public_html/app/Controllers/Route.php(65): App\Controllers\Route->product()
#7 /home/sietmvb89/web/sieuthibeyeu.vn/public_html/system/CodeIgniter.php(938): App\Controllers\Route->index()
#8 /home/sietmvb89/web/sieuthibeyeu.vn/public_html/system/CodeIgniter.php(434): CodeIgniter\CodeIgniter->runController()
#9 /home/sietmvb89/web/sieuthibeyeu.vn/public_html/system/CodeIgniter.php(335): CodeIgniter\CodeIgniter->handleRequest()
#10 /home/sietmvb89/web/sieuthibeyeu.vn/public_html/index.php(43): CodeIgniter\CodeIgniter->run()
#11 {main}
ERROR - 2022-05-31 19:49:44 --> mysqli_sql_exception: You have an error in your SQL syntax; check the manual that corresponds to your MariaDB server version for the right syntax to use near ')
ORDER BY `id` desc' at line 3 in /home/sietmvb89/web/sieuthibeyeu.vn/public_html/system/Database/MySQLi/Connection.php:314
Stack trace:
#0 /home/sietmvb89/web/sieuthibeyeu.vn/public_html/system/Database/MySQLi/Connection.php(314): mysqli->query()
#1 /home/sietmvb89/web/sieuthibeyeu.vn/public_html/system/Database/BaseConnection.php(713): CodeIgniter\Database\MySQLi\Connection->execute()
#2 /home/sietmvb89/web/sieuthibeyeu.vn/public_html/system/Database/BaseConnection.php(641): CodeIgniter\Database\BaseConnection->simpleQuery()
#3 /home/sietmvb89/web/sieuthibeyeu.vn/public_html/system/Database/BaseBuilder.php(1866): CodeIgniter\Database\BaseConnection->query()
#4 /home/sietmvb89/web/sieuthibeyeu.vn/public_html/app/Models/MyModels.php(126): CodeIgniter\Database\BaseBuilder->get()
#5 /home/sietmvb89/web/sieuthibeyeu.vn/public_html/app/Controllers/Route.php(307): App\Models\MyModels->full_query()
#6 /home/sietmvb89/web/sieuthibeyeu.vn/public_html/app/Controllers/Route.php(61): App\Controllers\Route->cate_product()
#7 /home/sietmvb89/web/sieuthibeyeu.vn/public_html/system/CodeIgniter.php(938): App\Controllers\Route->index()
#8 /home/sietmvb89/web/sieuthibeyeu.vn/public_html/system/CodeIgniter.php(434): CodeIgniter\CodeIgniter->runController()
#9 /home/sietmvb89/web/sieuthibeyeu.vn/public_html/system/CodeIgniter.php(335): CodeIgniter\CodeIgniter->handleRequest()
#10 /home/sietmvb89/web/sieuthibeyeu.vn/public_html/index.php(43): CodeIgniter\CodeIgniter->run()
#11 {main}
ERROR - 2022-05-31 20:35:27 --> mysqli_sql_exception: You have an error in your SQL syntax; check the manual that corresponds to your MariaDB server version for the right syntax to use near ')
ORDER BY `id` desc' at line 3 in /home/sietmvb89/web/sieuthibeyeu.vn/public_html/system/Database/MySQLi/Connection.php:314
Stack trace:
#0 /home/sietmvb89/web/sieuthibeyeu.vn/public_html/system/Database/MySQLi/Connection.php(314): mysqli->query()
#1 /home/sietmvb89/web/sieuthibeyeu.vn/public_html/system/Database/BaseConnection.php(713): CodeIgniter\Database\MySQLi\Connection->execute()
#2 /home/sietmvb89/web/sieuthibeyeu.vn/public_html/system/Database/BaseConnection.php(641): CodeIgniter\Database\BaseConnection->simpleQuery()
#3 /home/sietmvb89/web/sieuthibeyeu.vn/public_html/system/Database/BaseBuilder.php(1866): CodeIgniter\Database\BaseConnection->query()
#4 /home/sietmvb89/web/sieuthibeyeu.vn/public_html/app/Models/MyModels.php(126): CodeIgniter\Database\BaseBuilder->get()
#5 /home/sietmvb89/web/sieuthibeyeu.vn/public_html/app/Controllers/Route.php(307): App\Models\MyModels->full_query()
#6 /home/sietmvb89/web/sieuthibeyeu.vn/public_html/app/Controllers/Route.php(61): App\Controllers\Route->cate_product()
#7 /home/sietmvb89/web/sieuthibeyeu.vn/public_html/system/CodeIgniter.php(938): App\Controllers\Route->index()
#8 /home/sietmvb89/web/sieuthibeyeu.vn/public_html/system/CodeIgniter.php(434): CodeIgniter\CodeIgniter->runController()
#9 /home/sietmvb89/web/sieuthibeyeu.vn/public_html/system/CodeIgniter.php(335): CodeIgniter\CodeIgniter->handleRequest()
#10 /home/sietmvb89/web/sieuthibeyeu.vn/public_html/index.php(43): CodeIgniter\CodeIgniter->run()
#11 {main}
ERROR - 2022-05-31 23:33:42 --> mysqli_sql_exception: Table 'sietmvb89_db.tbl_brand' doesn't exist in /home/sietmvb89/web/sieuthibeyeu.vn/public_html/system/Database/MySQLi/Connection.php:314
Stack trace:
#0 /home/sietmvb89/web/sieuthibeyeu.vn/public_html/system/Database/MySQLi/Connection.php(314): mysqli->query()
#1 /home/sietmvb89/web/sieuthibeyeu.vn/public_html/system/Database/BaseConnection.php(713): CodeIgniter\Database\MySQLi\Connection->execute()
#2 /home/sietmvb89/web/sieuthibeyeu.vn/public_html/system/Database/BaseConnection.php(641): CodeIgniter\Database\BaseConnection->simpleQuery()
#3 /home/sietmvb89/web/sieuthibeyeu.vn/public_html/system/Database/BaseBuilder.php(1866): CodeIgniter\Database\BaseConnection->query()
#4 /home/sietmvb89/web/sieuthibeyeu.vn/public_html/app/Models/MyModels.php(126): CodeIgniter\Database\BaseBuilder->get()
#5 /home/sietmvb89/web/sieuthibeyeu.vn/public_html/app/Controllers/Route.php(307): App\Models\MyModels->full_query()
#6 /home/sietmvb89/web/sieuthibeyeu.vn/public_html/app/Controllers/Route.php(61): App\Controllers\Route->cate_product()
#7 /home/sietmvb89/web/sieuthibeyeu.vn/public_html/system/CodeIgniter.php(938): App\Controllers\Route->index()
#8 /home/sietmvb89/web/sieuthibeyeu.vn/public_html/system/CodeIgniter.php(434): CodeIgniter\CodeIgniter->runController()
#9 /home/sietmvb89/web/sieuthibeyeu.vn/public_html/system/CodeIgniter.php(335): CodeIgniter\CodeIgniter->handleRequest()
#10 /home/sietmvb89/web/sieuthibeyeu.vn/public_html/index.php(43): CodeIgniter\CodeIgniter->run()
#11 {main}
ERROR - 2022-05-31 23:55:47 --> mysqli_sql_exception: You have an error in your SQL syntax; check the manual that corresponds to your MariaDB server version for the right syntax to use near ')
ORDER BY `id` desc' at line 3 in /home/sietmvb89/web/sieuthibeyeu.vn/public_html/system/Database/MySQLi/Connection.php:314
Stack trace:
#0 /home/sietmvb89/web/sieuthibeyeu.vn/public_html/system/Database/MySQLi/Connection.php(314): mysqli->query()
#1 /home/sietmvb89/web/sieuthibeyeu.vn/public_html/system/Database/BaseConnection.php(713): CodeIgniter\Database\MySQLi\Connection->execute()
#2 /home/sietmvb89/web/sieuthibeyeu.vn/public_html/system/Database/BaseConnection.php(641): CodeIgniter\Database\BaseConnection->simpleQuery()
#3 /home/sietmvb89/web/sieuthibeyeu.vn/public_html/system/Database/BaseBuilder.php(1866): CodeIgniter\Database\BaseConnection->query()
#4 /home/sietmvb89/web/sieuthibeyeu.vn/public_html/app/Models/MyModels.php(126): CodeIgniter\Database\BaseBuilder->get()
#5 /home/sietmvb89/web/sieuthibeyeu.vn/public_html/app/Controllers/Route.php(307): App\Models\MyModels->full_query()
#6 /home/sietmvb89/web/sieuthibeyeu.vn/public_html/app/Controllers/Route.php(61): App\Controllers\Route->cate_product()
#7 /home/sietmvb89/web/sieuthibeyeu.vn/public_html/system/CodeIgniter.php(938): App\Controllers\Route->index()
#8 /home/sietmvb89/web/sieuthibeyeu.vn/public_html/system/CodeIgniter.php(434): CodeIgniter\CodeIgniter->runController()
#9 /home/sietmvb89/web/sieuthibeyeu.vn/public_html/system/CodeIgniter.php(335): CodeIgniter\CodeIgniter->handleRequest()
#10 /home/sietmvb89/web/sieuthibeyeu.vn/public_html/index.php(43): CodeIgniter\CodeIgniter->run()
#11 {main}
