CRITICAL - 2021-12-02 11:31:59 --> Undefined variable: data_index
#0 C:\xampp\htdocs\projects\p_vitnuongthaomoc\app\Views\frontend\layout\menu_mobile.php(1): CodeIgniter\Debug\Exceptions->errorHandler(8, 'Undefined varia...', 'C:\\xampp\\htdocs...', 1, Array)
#1 C:\xampp\htdocs\projects\p_vitnuongthaomoc\system\View\View.php(220): include('C:\\xampp\\htdocs...')
#2 C:\xampp\htdocs\projects\p_vitnuongthaomoc\system\View\View.php(222): CodeIgniter\View\View->CodeIgniter\View\{closure}()
#3 C:\xampp\htdocs\projects\p_vitnuongthaomoc\system\View\View.php(468): CodeIgniter\View\View->render('frontend/layout...', NULL, true)
#4 C:\xampp\htdocs\projects\p_vitnuongthaomoc\app\Views\frontend\default.php(38): CodeIgniter\View\View->include('frontend/layout...')
#5 C:\xampp\htdocs\projects\p_vitnuongthaomoc\system\View\View.php(220): include('C:\\xampp\\htdocs...')
#6 C:\xampp\htdocs\projects\p_vitnuongthaomoc\system\View\View.php(222): CodeIgniter\View\View->CodeIgniter\View\{closure}()
#7 C:\xampp\htdocs\projects\p_vitnuongthaomoc\system\Common.php(1217): CodeIgniter\View\View->render('frontend/defaul...', Array, true)
#8 C:\xampp\htdocs\projects\p_vitnuongthaomoc\app\Controllers\Route.php(53): view('frontend/defaul...', Array)
#9 C:\xampp\htdocs\projects\p_vitnuongthaomoc\system\CodeIgniter.php(938): App\Controllers\Route->index('favicon.ico', '')
#10 C:\xampp\htdocs\projects\p_vitnuongthaomoc\system\CodeIgniter.php(434): CodeIgniter\CodeIgniter->runController(Object(App\Controllers\Route))
#11 C:\xampp\htdocs\projects\p_vitnuongthaomoc\system\CodeIgniter.php(335): CodeIgniter\CodeIgniter->handleRequest(NULL, Object(Config\Cache), false)
#12 C:\xampp\htdocs\projects\p_vitnuongthaomoc\public\index.php(43): CodeIgniter\CodeIgniter->run()
#13 C:\xampp\htdocs\projects\p_vitnuongthaomoc\system\Commands\Server\rewrite.php(45): require_once('C:\\xampp\\htdocs...')
#14 {main}
CRITICAL - 2021-12-02 11:34:01 --> Undefined variable: cate_name
#0 C:\xampp\htdocs\projects\p_vitnuongthaomoc\app\Views\frontend\news\detail.php(6): CodeIgniter\Debug\Exceptions->errorHandler(8, 'Undefined varia...', 'C:\\xampp\\htdocs...', 6, Array)
#1 C:\xampp\htdocs\projects\p_vitnuongthaomoc\system\View\View.php(220): include('C:\\xampp\\htdocs...')
#2 C:\xampp\htdocs\projects\p_vitnuongthaomoc\system\View\View.php(222): CodeIgniter\View\View->CodeIgniter\View\{closure}()
#3 C:\xampp\htdocs\projects\p_vitnuongthaomoc\system\View\View.php(468): CodeIgniter\View\View->render('frontend/news/d...', NULL, true)
#4 C:\xampp\htdocs\projects\p_vitnuongthaomoc\app\Views\frontend\default.php(44): CodeIgniter\View\View->include('frontend/news/d...', NULL)
#5 C:\xampp\htdocs\projects\p_vitnuongthaomoc\system\View\View.php(220): include('C:\\xampp\\htdocs...')
#6 C:\xampp\htdocs\projects\p_vitnuongthaomoc\system\View\View.php(222): CodeIgniter\View\View->CodeIgniter\View\{closure}()
#7 C:\xampp\htdocs\projects\p_vitnuongthaomoc\system\Common.php(1217): CodeIgniter\View\View->render('frontend/defaul...', Array, true)
#8 C:\xampp\htdocs\projects\p_vitnuongthaomoc\app\Controllers\Route.php(53): view('frontend/defaul...', Array)
#9 C:\xampp\htdocs\projects\p_vitnuongthaomoc\system\CodeIgniter.php(938): App\Controllers\Route->index('chet-them-voi-h...', '')
#10 C:\xampp\htdocs\projects\p_vitnuongthaomoc\system\CodeIgniter.php(434): CodeIgniter\CodeIgniter->runController(Object(App\Controllers\Route))
#11 C:\xampp\htdocs\projects\p_vitnuongthaomoc\system\CodeIgniter.php(335): CodeIgniter\CodeIgniter->handleRequest(NULL, Object(Config\Cache), false)
#12 C:\xampp\htdocs\projects\p_vitnuongthaomoc\public\index.php(43): CodeIgniter\CodeIgniter->run()
#13 C:\xampp\htdocs\projects\p_vitnuongthaomoc\system\Commands\Server\rewrite.php(45): require_once('C:\\xampp\\htdocs...')
#14 {main}
CRITICAL - 2021-12-02 11:34:43 --> Undefined variable: cate_name
#0 C:\xampp\htdocs\projects\p_vitnuongthaomoc\app\Views\frontend\news\detail.php(6): CodeIgniter\Debug\Exceptions->errorHandler(8, 'Undefined varia...', 'C:\\xampp\\htdocs...', 6, Array)
#1 C:\xampp\htdocs\projects\p_vitnuongthaomoc\system\View\View.php(220): include('C:\\xampp\\htdocs...')
#2 C:\xampp\htdocs\projects\p_vitnuongthaomoc\system\View\View.php(222): CodeIgniter\View\View->CodeIgniter\View\{closure}()
#3 C:\xampp\htdocs\projects\p_vitnuongthaomoc\system\View\View.php(468): CodeIgniter\View\View->render('frontend/news/d...', NULL, true)
#4 C:\xampp\htdocs\projects\p_vitnuongthaomoc\app\Views\frontend\default.php(44): CodeIgniter\View\View->include('frontend/news/d...', NULL)
#5 C:\xampp\htdocs\projects\p_vitnuongthaomoc\system\View\View.php(220): include('C:\\xampp\\htdocs...')
#6 C:\xampp\htdocs\projects\p_vitnuongthaomoc\system\View\View.php(222): CodeIgniter\View\View->CodeIgniter\View\{closure}()
#7 C:\xampp\htdocs\projects\p_vitnuongthaomoc\system\Common.php(1217): CodeIgniter\View\View->render('frontend/defaul...', Array, true)
#8 C:\xampp\htdocs\projects\p_vitnuongthaomoc\app\Controllers\Route.php(53): view('frontend/defaul...', Array)
#9 C:\xampp\htdocs\projects\p_vitnuongthaomoc\system\CodeIgniter.php(938): App\Controllers\Route->index('chet-them-voi-h...', '')
#10 C:\xampp\htdocs\projects\p_vitnuongthaomoc\system\CodeIgniter.php(434): CodeIgniter\CodeIgniter->runController(Object(App\Controllers\Route))
#11 C:\xampp\htdocs\projects\p_vitnuongthaomoc\system\CodeIgniter.php(335): CodeIgniter\CodeIgniter->handleRequest(NULL, Object(Config\Cache), false)
#12 C:\xampp\htdocs\projects\p_vitnuongthaomoc\public\index.php(43): CodeIgniter\CodeIgniter->run()
#13 C:\xampp\htdocs\projects\p_vitnuongthaomoc\system\Commands\Server\rewrite.php(45): require_once('C:\\xampp\\htdocs...')
#14 {main}
CRITICAL - 2021-12-02 11:41:27 --> Undefined variable: image
#0 C:\xampp\htdocs\projects\p_vitnuongthaomoc\app\Controllers\Cpanel\MenuNews.php(87): CodeIgniter\Debug\Exceptions->errorHandler(8, 'Undefined varia...', 'C:\\xampp\\htdocs...', 87, Array)
#1 C:\xampp\htdocs\projects\p_vitnuongthaomoc\system\CodeIgniter.php(938): App\Controllers\Cpanel\MenuNews->add()
#2 C:\xampp\htdocs\projects\p_vitnuongthaomoc\system\CodeIgniter.php(434): CodeIgniter\CodeIgniter->runController(Object(App\Controllers\Cpanel\MenuNews))
#3 C:\xampp\htdocs\projects\p_vitnuongthaomoc\system\CodeIgniter.php(335): CodeIgniter\CodeIgniter->handleRequest(NULL, Object(Config\Cache), false)
#4 C:\xampp\htdocs\projects\p_vitnuongthaomoc\public\index.php(43): CodeIgniter\CodeIgniter->run()
#5 C:\xampp\htdocs\projects\p_vitnuongthaomoc\system\Commands\Server\rewrite.php(45): require_once('C:\\xampp\\htdocs...')
#6 {main}
CRITICAL - 2021-12-02 11:41:29 --> Undefined variable: data_index
#0 C:\xampp\htdocs\projects\p_vitnuongthaomoc\app\Views\frontend\layout\menu_mobile.php(1): CodeIgniter\Debug\Exceptions->errorHandler(8, 'Undefined varia...', 'C:\\xampp\\htdocs...', 1, Array)
#1 C:\xampp\htdocs\projects\p_vitnuongthaomoc\system\View\View.php(220): include('C:\\xampp\\htdocs...')
#2 C:\xampp\htdocs\projects\p_vitnuongthaomoc\system\View\View.php(222): CodeIgniter\View\View->CodeIgniter\View\{closure}()
#3 C:\xampp\htdocs\projects\p_vitnuongthaomoc\system\View\View.php(468): CodeIgniter\View\View->render('frontend/layout...', NULL, true)
#4 C:\xampp\htdocs\projects\p_vitnuongthaomoc\app\Views\frontend\default.php(38): CodeIgniter\View\View->include('frontend/layout...')
#5 C:\xampp\htdocs\projects\p_vitnuongthaomoc\system\View\View.php(220): include('C:\\xampp\\htdocs...')
#6 C:\xampp\htdocs\projects\p_vitnuongthaomoc\system\View\View.php(222): CodeIgniter\View\View->CodeIgniter\View\{closure}()
#7 C:\xampp\htdocs\projects\p_vitnuongthaomoc\system\Common.php(1217): CodeIgniter\View\View->render('frontend/defaul...', Array, true)
#8 C:\xampp\htdocs\projects\p_vitnuongthaomoc\app\Controllers\Route.php(53): view('frontend/defaul...', Array)
#9 C:\xampp\htdocs\projects\p_vitnuongthaomoc\system\CodeIgniter.php(938): App\Controllers\Route->index('favicon.ico', '')
#10 C:\xampp\htdocs\projects\p_vitnuongthaomoc\system\CodeIgniter.php(434): CodeIgniter\CodeIgniter->runController(Object(App\Controllers\Route))
#11 C:\xampp\htdocs\projects\p_vitnuongthaomoc\system\CodeIgniter.php(335): CodeIgniter\CodeIgniter->handleRequest(NULL, Object(Config\Cache), false)
#12 C:\xampp\htdocs\projects\p_vitnuongthaomoc\public\index.php(43): CodeIgniter\CodeIgniter->run()
#13 C:\xampp\htdocs\projects\p_vitnuongthaomoc\system\Commands\Server\rewrite.php(45): require_once('C:\\xampp\\htdocs...')
#14 {main}
