ERROR - 2022-08-19 09:16:53 --> mysqli_sql_exception: Unknown column 'tbl_news.publish' in 'where clause' in C:\xampp\htdocs\projects2022\p_lanhuonglip\system\Database\MySQLi\Connection.php:314
Stack trace:
#0 C:\xampp\htdocs\projects2022\p_lanhuonglip\system\Database\MySQLi\Connection.php(314): mysqli->query('SELECT COUNT(*)...')
#1 C:\xampp\htdocs\projects2022\p_lanhuonglip\system\Database\BaseConnection.php(713): CodeIgniter\Database\MySQLi\Connection->execute('SELECT COUNT(*)...')
#2 C:\xampp\htdocs\projects2022\p_lanhuonglip\system\Database\BaseConnection.php(641): CodeIgniter\Database\BaseConnection->simpleQuery('SELECT COUNT(*)...')
#3 C:\xampp\htdocs\projects2022\p_lanhuonglip\system\Database\BaseBuilder.php(1966): CodeIgniter\Database\BaseConnection->query('SELECT COUNT(*)...', Array, false)
#4 C:\xampp\htdocs\projects2022\p_lanhuonglip\app\Models\MyModels.php(94): CodeIgniter\Database\BaseBuilder->countAllResults()
#5 C:\xampp\htdocs\projects2022\p_lanhuonglip\app\Controllers\Route.php(88): App\Models\MyModels->selectCount(Array, NULL, 'cateid', Array)
#6 C:\xampp\htdocs\projects2022\p_lanhuonglip\app\Controllers\Route.php(53): App\Controllers\Route->cate_news('tin-tuc')
#7 C:\xampp\htdocs\projects2022\p_lanhuonglip\system\CodeIgniter.php(938): App\Controllers\Route->index('tin-tuc', '')
#8 C:\xampp\htdocs\projects2022\p_lanhuonglip\system\CodeIgniter.php(434): CodeIgniter\CodeIgniter->runController(Object(App\Controllers\Route))
#9 C:\xampp\htdocs\projects2022\p_lanhuonglip\system\CodeIgniter.php(335): CodeIgniter\CodeIgniter->handleRequest(NULL, Object(Config\Cache), false)
#10 C:\xampp\htdocs\projects2022\p_lanhuonglip\public\index.php(43): CodeIgniter\CodeIgniter->run()
#11 C:\xampp\htdocs\projects2022\p_lanhuonglip\system\Commands\Server\rewrite.php(45): require_once('C:\\xampp\\htdocs...')
#12 {main}
ERROR - 2022-08-19 09:18:01 --> mysqli_sql_exception: Unknown column 'tbl_news.publish' in 'where clause' in C:\xampp\htdocs\projects2022\p_lanhuonglip\system\Database\MySQLi\Connection.php:314
Stack trace:
#0 C:\xampp\htdocs\projects2022\p_lanhuonglip\system\Database\MySQLi\Connection.php(314): mysqli->query('SELECT COUNT(*)...')
#1 C:\xampp\htdocs\projects2022\p_lanhuonglip\system\Database\BaseConnection.php(713): CodeIgniter\Database\MySQLi\Connection->execute('SELECT COUNT(*)...')
#2 C:\xampp\htdocs\projects2022\p_lanhuonglip\system\Database\BaseConnection.php(641): CodeIgniter\Database\BaseConnection->simpleQuery('SELECT COUNT(*)...')
#3 C:\xampp\htdocs\projects2022\p_lanhuonglip\system\Database\BaseBuilder.php(1966): CodeIgniter\Database\BaseConnection->query('SELECT COUNT(*)...', Array, false)
#4 C:\xampp\htdocs\projects2022\p_lanhuonglip\app\Models\MyModels.php(94): CodeIgniter\Database\BaseBuilder->countAllResults()
#5 C:\xampp\htdocs\projects2022\p_lanhuonglip\app\Controllers\Route.php(88): App\Models\MyModels->selectCount(Array, NULL, 'cateid', Array)
#6 C:\xampp\htdocs\projects2022\p_lanhuonglip\app\Controllers\Route.php(53): App\Controllers\Route->cate_news('tin-tuc')
#7 C:\xampp\htdocs\projects2022\p_lanhuonglip\system\CodeIgniter.php(938): App\Controllers\Route->index('tin-tuc', '')
#8 C:\xampp\htdocs\projects2022\p_lanhuonglip\system\CodeIgniter.php(434): CodeIgniter\CodeIgniter->runController(Object(App\Controllers\Route))
#9 C:\xampp\htdocs\projects2022\p_lanhuonglip\system\CodeIgniter.php(335): CodeIgniter\CodeIgniter->handleRequest(NULL, Object(Config\Cache), false)
#10 C:\xampp\htdocs\projects2022\p_lanhuonglip\public\index.php(43): CodeIgniter\CodeIgniter->run()
#11 C:\xampp\htdocs\projects2022\p_lanhuonglip\system\Commands\Server\rewrite.php(45): require_once('C:\\xampp\\htdocs...')
#12 {main}
ERROR - 2022-08-19 09:46:54 --> mysqli_sql_exception: Unknown column 'tbl_news.publish' in 'where clause' in C:\xampp\htdocs\projects2022\p_lanhuonglip\system\Database\MySQLi\Connection.php:314
Stack trace:
#0 C:\xampp\htdocs\projects2022\p_lanhuonglip\system\Database\MySQLi\Connection.php(314): mysqli->query('SELECT COUNT(*)...')
#1 C:\xampp\htdocs\projects2022\p_lanhuonglip\system\Database\BaseConnection.php(713): CodeIgniter\Database\MySQLi\Connection->execute('SELECT COUNT(*)...')
#2 C:\xampp\htdocs\projects2022\p_lanhuonglip\system\Database\BaseConnection.php(641): CodeIgniter\Database\BaseConnection->simpleQuery('SELECT COUNT(*)...')
#3 C:\xampp\htdocs\projects2022\p_lanhuonglip\system\Database\BaseBuilder.php(1966): CodeIgniter\Database\BaseConnection->query('SELECT COUNT(*)...', Array, false)
#4 C:\xampp\htdocs\projects2022\p_lanhuonglip\app\Models\MyModels.php(94): CodeIgniter\Database\BaseBuilder->countAllResults()
#5 C:\xampp\htdocs\projects2022\p_lanhuonglip\app\Controllers\Route.php(88): App\Models\MyModels->selectCount(Array, NULL, 'cateid', Array)
#6 C:\xampp\htdocs\projects2022\p_lanhuonglip\app\Controllers\Route.php(53): App\Controllers\Route->cate_news('tin-tuc')
#7 C:\xampp\htdocs\projects2022\p_lanhuonglip\system\CodeIgniter.php(938): App\Controllers\Route->index('tin-tuc', '')
#8 C:\xampp\htdocs\projects2022\p_lanhuonglip\system\CodeIgniter.php(434): CodeIgniter\CodeIgniter->runController(Object(App\Controllers\Route))
#9 C:\xampp\htdocs\projects2022\p_lanhuonglip\system\CodeIgniter.php(335): CodeIgniter\CodeIgniter->handleRequest(NULL, Object(Config\Cache), false)
#10 C:\xampp\htdocs\projects2022\p_lanhuonglip\public\index.php(43): CodeIgniter\CodeIgniter->run()
#11 C:\xampp\htdocs\projects2022\p_lanhuonglip\system\Commands\Server\rewrite.php(45): require_once('C:\\xampp\\htdocs...')
#12 {main}
ERROR - 2022-08-19 10:17:33 --> mysqli_sql_exception: Unknown column 'tbl_news.publish' in 'where clause' in C:\xampp\htdocs\projects2022\p_lanhuonglip\system\Database\MySQLi\Connection.php:314
Stack trace:
#0 C:\xampp\htdocs\projects2022\p_lanhuonglip\system\Database\MySQLi\Connection.php(314): mysqli->query('SELECT COUNT(*)...')
#1 C:\xampp\htdocs\projects2022\p_lanhuonglip\system\Database\BaseConnection.php(713): CodeIgniter\Database\MySQLi\Connection->execute('SELECT COUNT(*)...')
#2 C:\xampp\htdocs\projects2022\p_lanhuonglip\system\Database\BaseConnection.php(641): CodeIgniter\Database\BaseConnection->simpleQuery('SELECT COUNT(*)...')
#3 C:\xampp\htdocs\projects2022\p_lanhuonglip\system\Database\BaseBuilder.php(1966): CodeIgniter\Database\BaseConnection->query('SELECT COUNT(*)...', Array, false)
#4 C:\xampp\htdocs\projects2022\p_lanhuonglip\app\Models\MyModels.php(94): CodeIgniter\Database\BaseBuilder->countAllResults()
#5 C:\xampp\htdocs\projects2022\p_lanhuonglip\app\Controllers\Route.php(88): App\Models\MyModels->selectCount(Array, NULL, 'cateid', Array)
#6 C:\xampp\htdocs\projects2022\p_lanhuonglip\app\Controllers\Route.php(53): App\Controllers\Route->cate_news('tin-tuc')
#7 C:\xampp\htdocs\projects2022\p_lanhuonglip\system\CodeIgniter.php(938): App\Controllers\Route->index('tin-tuc', '')
#8 C:\xampp\htdocs\projects2022\p_lanhuonglip\system\CodeIgniter.php(434): CodeIgniter\CodeIgniter->runController(Object(App\Controllers\Route))
#9 C:\xampp\htdocs\projects2022\p_lanhuonglip\system\CodeIgniter.php(335): CodeIgniter\CodeIgniter->handleRequest(NULL, Object(Config\Cache), false)
#10 C:\xampp\htdocs\projects2022\p_lanhuonglip\public\index.php(43): CodeIgniter\CodeIgniter->run()
#11 C:\xampp\htdocs\projects2022\p_lanhuonglip\system\Commands\Server\rewrite.php(45): require_once('C:\\xampp\\htdocs...')
#12 {main}
ERROR - 2022-08-19 10:25:49 --> mysqli_sql_exception: Operand should contain 1 column(s) in C:\xampp\htdocs\projects2022\p_lanhuonglip\system\Database\MySQLi\Connection.php:314
Stack trace:
#0 C:\xampp\htdocs\projects2022\p_lanhuonglip\system\Database\MySQLi\Connection.php(314): mysqli->query('INSERT INTO `tb...')
#1 C:\xampp\htdocs\projects2022\p_lanhuonglip\system\Database\BaseConnection.php(713): CodeIgniter\Database\MySQLi\Connection->execute('INSERT INTO `tb...')
#2 C:\xampp\htdocs\projects2022\p_lanhuonglip\system\Database\BaseConnection.php(641): CodeIgniter\Database\BaseConnection->simpleQuery('INSERT INTO `tb...')
#3 C:\xampp\htdocs\projects2022\p_lanhuonglip\system\Database\BaseBuilder.php(2107): CodeIgniter\Database\BaseConnection->query('INSERT INTO `tb...', Array, false)
#4 C:\xampp\htdocs\projects2022\p_lanhuonglip\app\Models\MyModels.php(32): CodeIgniter\Database\BaseBuilder->insertBatch(Array)
#5 C:\xampp\htdocs\projects2022\p_lanhuonglip\app\Controllers\Cpanel\News.php(255): App\Models\MyModels->adds(Array)
#6 C:\xampp\htdocs\projects2022\p_lanhuonglip\system\CodeIgniter.php(938): App\Controllers\Cpanel\News->edit('41')
#7 C:\xampp\htdocs\projects2022\p_lanhuonglip\system\CodeIgniter.php(434): CodeIgniter\CodeIgniter->runController(Object(App\Controllers\Cpanel\News))
#8 C:\xampp\htdocs\projects2022\p_lanhuonglip\system\CodeIgniter.php(335): CodeIgniter\CodeIgniter->handleRequest(NULL, Object(Config\Cache), false)
#9 C:\xampp\htdocs\projects2022\p_lanhuonglip\public\index.php(43): CodeIgniter\CodeIgniter->run()
#10 C:\xampp\htdocs\projects2022\p_lanhuonglip\system\Commands\Server\rewrite.php(45): require_once('C:\\xampp\\htdocs...')
#11 {main}
ERROR - 2022-08-19 10:27:26 --> mysqli_sql_exception: Operand should contain 1 column(s) in C:\xampp\htdocs\projects2022\p_lanhuonglip\system\Database\MySQLi\Connection.php:314
Stack trace:
#0 C:\xampp\htdocs\projects2022\p_lanhuonglip\system\Database\MySQLi\Connection.php(314): mysqli->query('INSERT INTO `tb...')
#1 C:\xampp\htdocs\projects2022\p_lanhuonglip\system\Database\BaseConnection.php(713): CodeIgniter\Database\MySQLi\Connection->execute('INSERT INTO `tb...')
#2 C:\xampp\htdocs\projects2022\p_lanhuonglip\system\Database\BaseConnection.php(641): CodeIgniter\Database\BaseConnection->simpleQuery('INSERT INTO `tb...')
#3 C:\xampp\htdocs\projects2022\p_lanhuonglip\system\Database\BaseBuilder.php(2107): CodeIgniter\Database\BaseConnection->query('INSERT INTO `tb...', Array, false)
#4 C:\xampp\htdocs\projects2022\p_lanhuonglip\app\Models\MyModels.php(32): CodeIgniter\Database\BaseBuilder->insertBatch(Array)
#5 C:\xampp\htdocs\projects2022\p_lanhuonglip\app\Controllers\Cpanel\News.php(255): App\Models\MyModels->adds(Array)
#6 C:\xampp\htdocs\projects2022\p_lanhuonglip\system\CodeIgniter.php(938): App\Controllers\Cpanel\News->edit('41')
#7 C:\xampp\htdocs\projects2022\p_lanhuonglip\system\CodeIgniter.php(434): CodeIgniter\CodeIgniter->runController(Object(App\Controllers\Cpanel\News))
#8 C:\xampp\htdocs\projects2022\p_lanhuonglip\system\CodeIgniter.php(335): CodeIgniter\CodeIgniter->handleRequest(NULL, Object(Config\Cache), false)
#9 C:\xampp\htdocs\projects2022\p_lanhuonglip\public\index.php(43): CodeIgniter\CodeIgniter->run()
#10 C:\xampp\htdocs\projects2022\p_lanhuonglip\system\Commands\Server\rewrite.php(45): require_once('C:\\xampp\\htdocs...')
#11 {main}
ERROR - 2022-08-19 10:49:27 --> mysqli_sql_exception: Unknown column 'tbl_news.publish' in 'where clause' in C:\xampp\htdocs\projects2022\p_lanhuonglip\system\Database\MySQLi\Connection.php:314
Stack trace:
#0 C:\xampp\htdocs\projects2022\p_lanhuonglip\system\Database\MySQLi\Connection.php(314): mysqli->query('SELECT COUNT(*)...')
#1 C:\xampp\htdocs\projects2022\p_lanhuonglip\system\Database\BaseConnection.php(713): CodeIgniter\Database\MySQLi\Connection->execute('SELECT COUNT(*)...')
#2 C:\xampp\htdocs\projects2022\p_lanhuonglip\system\Database\BaseConnection.php(641): CodeIgniter\Database\BaseConnection->simpleQuery('SELECT COUNT(*)...')
#3 C:\xampp\htdocs\projects2022\p_lanhuonglip\system\Database\BaseBuilder.php(1966): CodeIgniter\Database\BaseConnection->query('SELECT COUNT(*)...', Array, false)
#4 C:\xampp\htdocs\projects2022\p_lanhuonglip\app\Models\MyModels.php(111): CodeIgniter\Database\BaseBuilder->countAllResults()
#5 C:\xampp\htdocs\projects2022\p_lanhuonglip\app\Controllers\Route.php(88): App\Models\MyModels->selectCount(Array, NULL, 'cateid', Array)
#6 C:\xampp\htdocs\projects2022\p_lanhuonglip\app\Controllers\Route.php(53): App\Controllers\Route->cate_news('tin-tuc')
#7 C:\xampp\htdocs\projects2022\p_lanhuonglip\system\CodeIgniter.php(938): App\Controllers\Route->index('tin-tuc', '')
#8 C:\xampp\htdocs\projects2022\p_lanhuonglip\system\CodeIgniter.php(434): CodeIgniter\CodeIgniter->runController(Object(App\Controllers\Route))
#9 C:\xampp\htdocs\projects2022\p_lanhuonglip\system\CodeIgniter.php(335): CodeIgniter\CodeIgniter->handleRequest(NULL, Object(Config\Cache), false)
#10 C:\xampp\htdocs\projects2022\p_lanhuonglip\public\index.php(43): CodeIgniter\CodeIgniter->run()
#11 C:\xampp\htdocs\projects2022\p_lanhuonglip\system\Commands\Server\rewrite.php(45): require_once('C:\\xampp\\htdocs...')
#12 {main}
ERROR - 2022-08-19 11:19:31 --> mysqli_sql_exception: Unknown column 'tbl_news.publish' in 'where clause' in C:\xampp\htdocs\projects2022\p_lanhuonglip\system\Database\MySQLi\Connection.php:314
Stack trace:
#0 C:\xampp\htdocs\projects2022\p_lanhuonglip\system\Database\MySQLi\Connection.php(314): mysqli->query('SELECT COUNT(*)...')
#1 C:\xampp\htdocs\projects2022\p_lanhuonglip\system\Database\BaseConnection.php(713): CodeIgniter\Database\MySQLi\Connection->execute('SELECT COUNT(*)...')
#2 C:\xampp\htdocs\projects2022\p_lanhuonglip\system\Database\BaseConnection.php(641): CodeIgniter\Database\BaseConnection->simpleQuery('SELECT COUNT(*)...')
#3 C:\xampp\htdocs\projects2022\p_lanhuonglip\system\Database\BaseBuilder.php(1966): CodeIgniter\Database\BaseConnection->query('SELECT COUNT(*)...', Array, false)
#4 C:\xampp\htdocs\projects2022\p_lanhuonglip\app\Models\MyModels.php(111): CodeIgniter\Database\BaseBuilder->countAllResults()
#5 C:\xampp\htdocs\projects2022\p_lanhuonglip\app\Controllers\Route.php(88): App\Models\MyModels->selectCount(Array, NULL, 'cateid', Array)
#6 C:\xampp\htdocs\projects2022\p_lanhuonglip\app\Controllers\Route.php(53): App\Controllers\Route->cate_news('tin-tuc')
#7 C:\xampp\htdocs\projects2022\p_lanhuonglip\system\CodeIgniter.php(938): App\Controllers\Route->index('tin-tuc', '')
#8 C:\xampp\htdocs\projects2022\p_lanhuonglip\system\CodeIgniter.php(434): CodeIgniter\CodeIgniter->runController(Object(App\Controllers\Route))
#9 C:\xampp\htdocs\projects2022\p_lanhuonglip\system\CodeIgniter.php(335): CodeIgniter\CodeIgniter->handleRequest(NULL, Object(Config\Cache), false)
#10 C:\xampp\htdocs\projects2022\p_lanhuonglip\public\index.php(43): CodeIgniter\CodeIgniter->run()
#11 C:\xampp\htdocs\projects2022\p_lanhuonglip\system\Commands\Server\rewrite.php(45): require_once('C:\\xampp\\htdocs...')
#12 {main}
CRITICAL - 2022-08-19 11:33:12 --> in_array() expects parameter 2 to be array, null given
#0 [internal function]: CodeIgniter\Debug\Exceptions->errorHandler(2, 'in_array() expe...', 'C:\\xampp\\htdocs...', 208, Array)
#1 C:\xampp\htdocs\projects2022\p_lanhuonglip\app\Models\CI_function.php(208): in_array('76', NULL)
#2 C:\xampp\htdocs\projects2022\p_lanhuonglip\app\Controllers\Cpanel\News.php(187): App\Models\CI_function->getSelectCategory2(0, '', NULL, 1)
#3 C:\xampp\htdocs\projects2022\p_lanhuonglip\system\CodeIgniter.php(938): App\Controllers\Cpanel\News->edit('42')
#4 C:\xampp\htdocs\projects2022\p_lanhuonglip\system\CodeIgniter.php(434): CodeIgniter\CodeIgniter->runController(Object(App\Controllers\Cpanel\News))
#5 C:\xampp\htdocs\projects2022\p_lanhuonglip\system\CodeIgniter.php(335): CodeIgniter\CodeIgniter->handleRequest(NULL, Object(Config\Cache), false)
#6 C:\xampp\htdocs\projects2022\p_lanhuonglip\public\index.php(43): CodeIgniter\CodeIgniter->run()
#7 C:\xampp\htdocs\projects2022\p_lanhuonglip\system\Commands\Server\rewrite.php(45): require_once('C:\\xampp\\htdocs...')
#8 {main}
ERROR - 2022-08-19 11:49:37 --> mysqli_sql_exception: Unknown column 'tbl_news.publish' in 'where clause' in C:\xampp\htdocs\projects2022\p_lanhuonglip\system\Database\MySQLi\Connection.php:314
Stack trace:
#0 C:\xampp\htdocs\projects2022\p_lanhuonglip\system\Database\MySQLi\Connection.php(314): mysqli->query('SELECT COUNT(*)...')
#1 C:\xampp\htdocs\projects2022\p_lanhuonglip\system\Database\BaseConnection.php(713): CodeIgniter\Database\MySQLi\Connection->execute('SELECT COUNT(*)...')
#2 C:\xampp\htdocs\projects2022\p_lanhuonglip\system\Database\BaseConnection.php(641): CodeIgniter\Database\BaseConnection->simpleQuery('SELECT COUNT(*)...')
#3 C:\xampp\htdocs\projects2022\p_lanhuonglip\system\Database\BaseBuilder.php(1966): CodeIgniter\Database\BaseConnection->query('SELECT COUNT(*)...', Array, false)
#4 C:\xampp\htdocs\projects2022\p_lanhuonglip\app\Models\MyModels.php(111): CodeIgniter\Database\BaseBuilder->countAllResults()
#5 C:\xampp\htdocs\projects2022\p_lanhuonglip\app\Controllers\Route.php(88): App\Models\MyModels->selectCount(Array, NULL, 'cateid', Array)
#6 C:\xampp\htdocs\projects2022\p_lanhuonglip\app\Controllers\Route.php(53): App\Controllers\Route->cate_news('tin-tuc')
#7 C:\xampp\htdocs\projects2022\p_lanhuonglip\system\CodeIgniter.php(938): App\Controllers\Route->index('tin-tuc', '')
#8 C:\xampp\htdocs\projects2022\p_lanhuonglip\system\CodeIgniter.php(434): CodeIgniter\CodeIgniter->runController(Object(App\Controllers\Route))
#9 C:\xampp\htdocs\projects2022\p_lanhuonglip\system\CodeIgniter.php(335): CodeIgniter\CodeIgniter->handleRequest(NULL, Object(Config\Cache), false)
#10 C:\xampp\htdocs\projects2022\p_lanhuonglip\public\index.php(43): CodeIgniter\CodeIgniter->run()
#11 C:\xampp\htdocs\projects2022\p_lanhuonglip\system\Commands\Server\rewrite.php(45): require_once('C:\\xampp\\htdocs...')
#12 {main}
