ERROR - 2022-06-19 00:01:53 --> mysqli_sql_exception: You have an error in your SQL syntax; check the manual that corresponds to your MariaDB server version for the right syntax to use near ')
ORDER BY `id` desc' at line 3 in /home/sietmvb89/web/sieuthibeyeu.vn/public_html/system/Database/MySQLi/Connection.php:314
Stack trace:
#0 /home/sietmvb89/web/sieuthibeyeu.vn/public_html/system/Database/MySQLi/Connection.php(314): mysqli->query()
#1 /home/sietmvb89/web/sieuthibeyeu.vn/public_html/system/Database/BaseConnection.php(713): CodeIgniter\Database\MySQLi\Connection->execute()
#2 /home/sietmvb89/web/sieuthibeyeu.vn/public_html/system/Database/BaseConnection.php(641): CodeIgniter\Database\BaseConnection->simpleQuery()
#3 /home/sietmvb89/web/sieuthibeyeu.vn/public_html/system/Database/BaseBuilder.php(1866): CodeIgniter\Database\BaseConnection->query()
#4 /home/sietmvb89/web/sieuthibeyeu.vn/public_html/app/Models/MyModels.php(126): CodeIgniter\Database\BaseBuilder->get()
#5 /home/sietmvb89/web/sieuthibeyeu.vn/public_html/app/Controllers/Route.php(307): App\Models\MyModels->full_query()
#6 /home/sietmvb89/web/sieuthibeyeu.vn/public_html/app/Controllers/Route.php(61): App\Controllers\Route->cate_product()
#7 /home/sietmvb89/web/sieuthibeyeu.vn/public_html/system/CodeIgniter.php(938): App\Controllers\Route->index()
#8 /home/sietmvb89/web/sieuthibeyeu.vn/public_html/system/CodeIgniter.php(434): CodeIgniter\CodeIgniter->runController()
#9 /home/sietmvb89/web/sieuthibeyeu.vn/public_html/system/CodeIgniter.php(335): CodeIgniter\CodeIgniter->handleRequest()
#10 /home/sietmvb89/web/sieuthibeyeu.vn/public_html/index.php(43): CodeIgniter\CodeIgniter->run()
#11 {main}
ERROR - 2022-06-19 00:09:55 --> mysqli_sql_exception: You have an error in your SQL syntax; check the manual that corresponds to your MariaDB server version for the right syntax to use near ')
ORDER BY `id` desc' at line 3 in /home/sietmvb89/web/sieuthibeyeu.vn/public_html/system/Database/MySQLi/Connection.php:314
Stack trace:
#0 /home/sietmvb89/web/sieuthibeyeu.vn/public_html/system/Database/MySQLi/Connection.php(314): mysqli->query()
#1 /home/sietmvb89/web/sieuthibeyeu.vn/public_html/system/Database/BaseConnection.php(713): CodeIgniter\Database\MySQLi\Connection->execute()
#2 /home/sietmvb89/web/sieuthibeyeu.vn/public_html/system/Database/BaseConnection.php(641): CodeIgniter\Database\BaseConnection->simpleQuery()
#3 /home/sietmvb89/web/sieuthibeyeu.vn/public_html/system/Database/BaseBuilder.php(1866): CodeIgniter\Database\BaseConnection->query()
#4 /home/sietmvb89/web/sieuthibeyeu.vn/public_html/app/Models/MyModels.php(126): CodeIgniter\Database\BaseBuilder->get()
#5 /home/sietmvb89/web/sieuthibeyeu.vn/public_html/app/Controllers/Route.php(307): App\Models\MyModels->full_query()
#6 /home/sietmvb89/web/sieuthibeyeu.vn/public_html/app/Controllers/Route.php(61): App\Controllers\Route->cate_product()
#7 /home/sietmvb89/web/sieuthibeyeu.vn/public_html/system/CodeIgniter.php(938): App\Controllers\Route->index()
#8 /home/sietmvb89/web/sieuthibeyeu.vn/public_html/system/CodeIgniter.php(434): CodeIgniter\CodeIgniter->runController()
#9 /home/sietmvb89/web/sieuthibeyeu.vn/public_html/system/CodeIgniter.php(335): CodeIgniter\CodeIgniter->handleRequest()
#10 /home/sietmvb89/web/sieuthibeyeu.vn/public_html/index.php(43): CodeIgniter\CodeIgniter->run()
#11 {main}
ERROR - 2022-06-19 00:18:20 --> mysqli_sql_exception: Table 'sietmvb89_db.tbl_brand' doesn't exist in /home/sietmvb89/web/sieuthibeyeu.vn/public_html/system/Database/MySQLi/Connection.php:314
Stack trace:
#0 /home/sietmvb89/web/sieuthibeyeu.vn/public_html/system/Database/MySQLi/Connection.php(314): mysqli->query()
#1 /home/sietmvb89/web/sieuthibeyeu.vn/public_html/system/Database/BaseConnection.php(713): CodeIgniter\Database\MySQLi\Connection->execute()
#2 /home/sietmvb89/web/sieuthibeyeu.vn/public_html/system/Database/BaseConnection.php(641): CodeIgniter\Database\BaseConnection->simpleQuery()
#3 /home/sietmvb89/web/sieuthibeyeu.vn/public_html/system/Database/BaseBuilder.php(1866): CodeIgniter\Database\BaseConnection->query()
#4 /home/sietmvb89/web/sieuthibeyeu.vn/public_html/app/Models/MyModels.php(126): CodeIgniter\Database\BaseBuilder->get()
#5 /home/sietmvb89/web/sieuthibeyeu.vn/public_html/app/Controllers/Route.php(307): App\Models\MyModels->full_query()
#6 /home/sietmvb89/web/sieuthibeyeu.vn/public_html/app/Controllers/Route.php(61): App\Controllers\Route->cate_product()
#7 /home/sietmvb89/web/sieuthibeyeu.vn/public_html/system/CodeIgniter.php(938): App\Controllers\Route->index()
#8 /home/sietmvb89/web/sieuthibeyeu.vn/public_html/system/CodeIgniter.php(434): CodeIgniter\CodeIgniter->runController()
#9 /home/sietmvb89/web/sieuthibeyeu.vn/public_html/system/CodeIgniter.php(335): CodeIgniter\CodeIgniter->handleRequest()
#10 /home/sietmvb89/web/sieuthibeyeu.vn/public_html/index.php(43): CodeIgniter\CodeIgniter->run()
#11 {main}
ERROR - 2022-06-19 00:23:47 --> mysqli_sql_exception: Table 'sietmvb89_db.tbl_brand' doesn't exist in /home/sietmvb89/web/sieuthibeyeu.vn/public_html/system/Database/MySQLi/Connection.php:314
Stack trace:
#0 /home/sietmvb89/web/sieuthibeyeu.vn/public_html/system/Database/MySQLi/Connection.php(314): mysqli->query()
#1 /home/sietmvb89/web/sieuthibeyeu.vn/public_html/system/Database/BaseConnection.php(713): CodeIgniter\Database\MySQLi\Connection->execute()
#2 /home/sietmvb89/web/sieuthibeyeu.vn/public_html/system/Database/BaseConnection.php(641): CodeIgniter\Database\BaseConnection->simpleQuery()
#3 /home/sietmvb89/web/sieuthibeyeu.vn/public_html/system/Database/BaseBuilder.php(1866): CodeIgniter\Database\BaseConnection->query()
#4 /home/sietmvb89/web/sieuthibeyeu.vn/public_html/app/Models/MyModels.php(126): CodeIgniter\Database\BaseBuilder->get()
#5 /home/sietmvb89/web/sieuthibeyeu.vn/public_html/app/Controllers/Route.php(307): App\Models\MyModels->full_query()
#6 /home/sietmvb89/web/sieuthibeyeu.vn/public_html/app/Controllers/Route.php(61): App\Controllers\Route->cate_product()
#7 /home/sietmvb89/web/sieuthibeyeu.vn/public_html/system/CodeIgniter.php(938): App\Controllers\Route->index()
#8 /home/sietmvb89/web/sieuthibeyeu.vn/public_html/system/CodeIgniter.php(434): CodeIgniter\CodeIgniter->runController()
#9 /home/sietmvb89/web/sieuthibeyeu.vn/public_html/system/CodeIgniter.php(335): CodeIgniter\CodeIgniter->handleRequest()
#10 /home/sietmvb89/web/sieuthibeyeu.vn/public_html/index.php(43): CodeIgniter\CodeIgniter->run()
#11 {main}
ERROR - 2022-06-19 00:32:37 --> mysqli_sql_exception: You have an error in your SQL syntax; check the manual that corresponds to your MariaDB server version for the right syntax to use near ')
ORDER BY `id` desc' at line 3 in /home/sietmvb89/web/sieuthibeyeu.vn/public_html/system/Database/MySQLi/Connection.php:314
Stack trace:
#0 /home/sietmvb89/web/sieuthibeyeu.vn/public_html/system/Database/MySQLi/Connection.php(314): mysqli->query()
#1 /home/sietmvb89/web/sieuthibeyeu.vn/public_html/system/Database/BaseConnection.php(713): CodeIgniter\Database\MySQLi\Connection->execute()
#2 /home/sietmvb89/web/sieuthibeyeu.vn/public_html/system/Database/BaseConnection.php(641): CodeIgniter\Database\BaseConnection->simpleQuery()
#3 /home/sietmvb89/web/sieuthibeyeu.vn/public_html/system/Database/BaseBuilder.php(1866): CodeIgniter\Database\BaseConnection->query()
#4 /home/sietmvb89/web/sieuthibeyeu.vn/public_html/app/Models/MyModels.php(126): CodeIgniter\Database\BaseBuilder->get()
#5 /home/sietmvb89/web/sieuthibeyeu.vn/public_html/app/Controllers/Route.php(307): App\Models\MyModels->full_query()
#6 /home/sietmvb89/web/sieuthibeyeu.vn/public_html/app/Controllers/Route.php(61): App\Controllers\Route->cate_product()
#7 /home/sietmvb89/web/sieuthibeyeu.vn/public_html/system/CodeIgniter.php(938): App\Controllers\Route->index()
#8 /home/sietmvb89/web/sieuthibeyeu.vn/public_html/system/CodeIgniter.php(434): CodeIgniter\CodeIgniter->runController()
#9 /home/sietmvb89/web/sieuthibeyeu.vn/public_html/system/CodeIgniter.php(335): CodeIgniter\CodeIgniter->handleRequest()
#10 /home/sietmvb89/web/sieuthibeyeu.vn/public_html/index.php(43): CodeIgniter\CodeIgniter->run()
#11 {main}
ERROR - 2022-06-19 00:39:46 --> mysqli_sql_exception: You have an error in your SQL syntax; check the manual that corresponds to your MariaDB server version for the right syntax to use near ')
ORDER BY `id` desc' at line 3 in /home/sietmvb89/web/sieuthibeyeu.vn/public_html/system/Database/MySQLi/Connection.php:314
Stack trace:
#0 /home/sietmvb89/web/sieuthibeyeu.vn/public_html/system/Database/MySQLi/Connection.php(314): mysqli->query()
#1 /home/sietmvb89/web/sieuthibeyeu.vn/public_html/system/Database/BaseConnection.php(713): CodeIgniter\Database\MySQLi\Connection->execute()
#2 /home/sietmvb89/web/sieuthibeyeu.vn/public_html/system/Database/BaseConnection.php(641): CodeIgniter\Database\BaseConnection->simpleQuery()
#3 /home/sietmvb89/web/sieuthibeyeu.vn/public_html/system/Database/BaseBuilder.php(1866): CodeIgniter\Database\BaseConnection->query()
#4 /home/sietmvb89/web/sieuthibeyeu.vn/public_html/app/Models/MyModels.php(126): CodeIgniter\Database\BaseBuilder->get()
#5 /home/sietmvb89/web/sieuthibeyeu.vn/public_html/app/Controllers/Route.php(307): App\Models\MyModels->full_query()
#6 /home/sietmvb89/web/sieuthibeyeu.vn/public_html/app/Controllers/Route.php(61): App\Controllers\Route->cate_product()
#7 /home/sietmvb89/web/sieuthibeyeu.vn/public_html/system/CodeIgniter.php(938): App\Controllers\Route->index()
#8 /home/sietmvb89/web/sieuthibeyeu.vn/public_html/system/CodeIgniter.php(434): CodeIgniter\CodeIgniter->runController()
#9 /home/sietmvb89/web/sieuthibeyeu.vn/public_html/system/CodeIgniter.php(335): CodeIgniter\CodeIgniter->handleRequest()
#10 /home/sietmvb89/web/sieuthibeyeu.vn/public_html/index.php(43): CodeIgniter\CodeIgniter->run()
#11 {main}
ERROR - 2022-06-19 00:51:22 --> mysqli_sql_exception: You have an error in your SQL syntax; check the manual that corresponds to your MariaDB server version for the right syntax to use near ')
ORDER BY `id` desc' at line 3 in /home/sietmvb89/web/sieuthibeyeu.vn/public_html/system/Database/MySQLi/Connection.php:314
Stack trace:
#0 /home/sietmvb89/web/sieuthibeyeu.vn/public_html/system/Database/MySQLi/Connection.php(314): mysqli->query()
#1 /home/sietmvb89/web/sieuthibeyeu.vn/public_html/system/Database/BaseConnection.php(713): CodeIgniter\Database\MySQLi\Connection->execute()
#2 /home/sietmvb89/web/sieuthibeyeu.vn/public_html/system/Database/BaseConnection.php(641): CodeIgniter\Database\BaseConnection->simpleQuery()
#3 /home/sietmvb89/web/sieuthibeyeu.vn/public_html/system/Database/BaseBuilder.php(1866): CodeIgniter\Database\BaseConnection->query()
#4 /home/sietmvb89/web/sieuthibeyeu.vn/public_html/app/Models/MyModels.php(126): CodeIgniter\Database\BaseBuilder->get()
#5 /home/sietmvb89/web/sieuthibeyeu.vn/public_html/app/Controllers/Route.php(307): App\Models\MyModels->full_query()
#6 /home/sietmvb89/web/sieuthibeyeu.vn/public_html/app/Controllers/Route.php(61): App\Controllers\Route->cate_product()
#7 /home/sietmvb89/web/sieuthibeyeu.vn/public_html/system/CodeIgniter.php(938): App\Controllers\Route->index()
#8 /home/sietmvb89/web/sieuthibeyeu.vn/public_html/system/CodeIgniter.php(434): CodeIgniter\CodeIgniter->runController()
#9 /home/sietmvb89/web/sieuthibeyeu.vn/public_html/system/CodeIgniter.php(335): CodeIgniter\CodeIgniter->handleRequest()
#10 /home/sietmvb89/web/sieuthibeyeu.vn/public_html/index.php(43): CodeIgniter\CodeIgniter->run()
#11 {main}
ERROR - 2022-06-19 01:02:39 --> mysqli_sql_exception: Table 'sietmvb89_db.tbl_brand' doesn't exist in /home/sietmvb89/web/sieuthibeyeu.vn/public_html/system/Database/MySQLi/Connection.php:314
Stack trace:
#0 /home/sietmvb89/web/sieuthibeyeu.vn/public_html/system/Database/MySQLi/Connection.php(314): mysqli->query()
#1 /home/sietmvb89/web/sieuthibeyeu.vn/public_html/system/Database/BaseConnection.php(713): CodeIgniter\Database\MySQLi\Connection->execute()
#2 /home/sietmvb89/web/sieuthibeyeu.vn/public_html/system/Database/BaseConnection.php(641): CodeIgniter\Database\BaseConnection->simpleQuery()
#3 /home/sietmvb89/web/sieuthibeyeu.vn/public_html/system/Database/BaseBuilder.php(1866): CodeIgniter\Database\BaseConnection->query()
#4 /home/sietmvb89/web/sieuthibeyeu.vn/public_html/app/Models/MyModels.php(126): CodeIgniter\Database\BaseBuilder->get()
#5 /home/sietmvb89/web/sieuthibeyeu.vn/public_html/app/Controllers/Route.php(307): App\Models\MyModels->full_query()
#6 /home/sietmvb89/web/sieuthibeyeu.vn/public_html/app/Controllers/Route.php(61): App\Controllers\Route->cate_product()
#7 /home/sietmvb89/web/sieuthibeyeu.vn/public_html/system/CodeIgniter.php(938): App\Controllers\Route->index()
#8 /home/sietmvb89/web/sieuthibeyeu.vn/public_html/system/CodeIgniter.php(434): CodeIgniter\CodeIgniter->runController()
#9 /home/sietmvb89/web/sieuthibeyeu.vn/public_html/system/CodeIgniter.php(335): CodeIgniter\CodeIgniter->handleRequest()
#10 /home/sietmvb89/web/sieuthibeyeu.vn/public_html/index.php(43): CodeIgniter\CodeIgniter->run()
#11 {main}
ERROR - 2022-06-19 01:04:30 --> mysqli_sql_exception: You have an error in your SQL syntax; check the manual that corresponds to your MariaDB server version for the right syntax to use near ')
ORDER BY `id` desc' at line 3 in /home/sietmvb89/web/sieuthibeyeu.vn/public_html/system/Database/MySQLi/Connection.php:314
Stack trace:
#0 /home/sietmvb89/web/sieuthibeyeu.vn/public_html/system/Database/MySQLi/Connection.php(314): mysqli->query()
#1 /home/sietmvb89/web/sieuthibeyeu.vn/public_html/system/Database/BaseConnection.php(713): CodeIgniter\Database\MySQLi\Connection->execute()
#2 /home/sietmvb89/web/sieuthibeyeu.vn/public_html/system/Database/BaseConnection.php(641): CodeIgniter\Database\BaseConnection->simpleQuery()
#3 /home/sietmvb89/web/sieuthibeyeu.vn/public_html/system/Database/BaseBuilder.php(1866): CodeIgniter\Database\BaseConnection->query()
#4 /home/sietmvb89/web/sieuthibeyeu.vn/public_html/app/Models/MyModels.php(126): CodeIgniter\Database\BaseBuilder->get()
#5 /home/sietmvb89/web/sieuthibeyeu.vn/public_html/app/Controllers/Route.php(307): App\Models\MyModels->full_query()
#6 /home/sietmvb89/web/sieuthibeyeu.vn/public_html/app/Controllers/Route.php(61): App\Controllers\Route->cate_product()
#7 /home/sietmvb89/web/sieuthibeyeu.vn/public_html/system/CodeIgniter.php(938): App\Controllers\Route->index()
#8 /home/sietmvb89/web/sieuthibeyeu.vn/public_html/system/CodeIgniter.php(434): CodeIgniter\CodeIgniter->runController()
#9 /home/sietmvb89/web/sieuthibeyeu.vn/public_html/system/CodeIgniter.php(335): CodeIgniter\CodeIgniter->handleRequest()
#10 /home/sietmvb89/web/sieuthibeyeu.vn/public_html/index.php(43): CodeIgniter\CodeIgniter->run()
#11 {main}
ERROR - 2022-06-19 01:04:57 --> mysqli_sql_exception: Table 'sietmvb89_db.tbl_brand' doesn't exist in /home/sietmvb89/web/sieuthibeyeu.vn/public_html/system/Database/MySQLi/Connection.php:314
Stack trace:
#0 /home/sietmvb89/web/sieuthibeyeu.vn/public_html/system/Database/MySQLi/Connection.php(314): mysqli->query()
#1 /home/sietmvb89/web/sieuthibeyeu.vn/public_html/system/Database/BaseConnection.php(713): CodeIgniter\Database\MySQLi\Connection->execute()
#2 /home/sietmvb89/web/sieuthibeyeu.vn/public_html/system/Database/BaseConnection.php(641): CodeIgniter\Database\BaseConnection->simpleQuery()
#3 /home/sietmvb89/web/sieuthibeyeu.vn/public_html/system/Database/BaseBuilder.php(1866): CodeIgniter\Database\BaseConnection->query()
#4 /home/sietmvb89/web/sieuthibeyeu.vn/public_html/app/Models/MyModels.php(126): CodeIgniter\Database\BaseBuilder->get()
#5 /home/sietmvb89/web/sieuthibeyeu.vn/public_html/app/Controllers/Route.php(307): App\Models\MyModels->full_query()
#6 /home/sietmvb89/web/sieuthibeyeu.vn/public_html/app/Controllers/Route.php(61): App\Controllers\Route->cate_product()
#7 /home/sietmvb89/web/sieuthibeyeu.vn/public_html/system/CodeIgniter.php(938): App\Controllers\Route->index()
#8 /home/sietmvb89/web/sieuthibeyeu.vn/public_html/system/CodeIgniter.php(434): CodeIgniter\CodeIgniter->runController()
#9 /home/sietmvb89/web/sieuthibeyeu.vn/public_html/system/CodeIgniter.php(335): CodeIgniter\CodeIgniter->handleRequest()
#10 /home/sietmvb89/web/sieuthibeyeu.vn/public_html/index.php(43): CodeIgniter\CodeIgniter->run()
#11 {main}
ERROR - 2022-06-19 01:05:29 --> mysqli_sql_exception: Table 'sietmvb89_db.tbl_brand' doesn't exist in /home/sietmvb89/web/sieuthibeyeu.vn/public_html/system/Database/MySQLi/Connection.php:314
Stack trace:
#0 /home/sietmvb89/web/sieuthibeyeu.vn/public_html/system/Database/MySQLi/Connection.php(314): mysqli->query()
#1 /home/sietmvb89/web/sieuthibeyeu.vn/public_html/system/Database/BaseConnection.php(713): CodeIgniter\Database\MySQLi\Connection->execute()
#2 /home/sietmvb89/web/sieuthibeyeu.vn/public_html/system/Database/BaseConnection.php(641): CodeIgniter\Database\BaseConnection->simpleQuery()
#3 /home/sietmvb89/web/sieuthibeyeu.vn/public_html/system/Database/BaseBuilder.php(1866): CodeIgniter\Database\BaseConnection->query()
#4 /home/sietmvb89/web/sieuthibeyeu.vn/public_html/app/Models/MyModels.php(126): CodeIgniter\Database\BaseBuilder->get()
#5 /home/sietmvb89/web/sieuthibeyeu.vn/public_html/app/Controllers/Route.php(307): App\Models\MyModels->full_query()
#6 /home/sietmvb89/web/sieuthibeyeu.vn/public_html/app/Controllers/Route.php(61): App\Controllers\Route->cate_product()
#7 /home/sietmvb89/web/sieuthibeyeu.vn/public_html/system/CodeIgniter.php(938): App\Controllers\Route->index()
#8 /home/sietmvb89/web/sieuthibeyeu.vn/public_html/system/CodeIgniter.php(434): CodeIgniter\CodeIgniter->runController()
#9 /home/sietmvb89/web/sieuthibeyeu.vn/public_html/system/CodeIgniter.php(335): CodeIgniter\CodeIgniter->handleRequest()
#10 /home/sietmvb89/web/sieuthibeyeu.vn/public_html/index.php(43): CodeIgniter\CodeIgniter->run()
#11 {main}
ERROR - 2022-06-19 01:06:19 --> mysqli_sql_exception: You have an error in your SQL syntax; check the manual that corresponds to your MariaDB server version for the right syntax to use near ')
ORDER BY `id` desc' at line 3 in /home/sietmvb89/web/sieuthibeyeu.vn/public_html/system/Database/MySQLi/Connection.php:314
Stack trace:
#0 /home/sietmvb89/web/sieuthibeyeu.vn/public_html/system/Database/MySQLi/Connection.php(314): mysqli->query()
#1 /home/sietmvb89/web/sieuthibeyeu.vn/public_html/system/Database/BaseConnection.php(713): CodeIgniter\Database\MySQLi\Connection->execute()
#2 /home/sietmvb89/web/sieuthibeyeu.vn/public_html/system/Database/BaseConnection.php(641): CodeIgniter\Database\BaseConnection->simpleQuery()
#3 /home/sietmvb89/web/sieuthibeyeu.vn/public_html/system/Database/BaseBuilder.php(1866): CodeIgniter\Database\BaseConnection->query()
#4 /home/sietmvb89/web/sieuthibeyeu.vn/public_html/app/Models/MyModels.php(126): CodeIgniter\Database\BaseBuilder->get()
#5 /home/sietmvb89/web/sieuthibeyeu.vn/public_html/app/Controllers/Route.php(307): App\Models\MyModels->full_query()
#6 /home/sietmvb89/web/sieuthibeyeu.vn/public_html/app/Controllers/Route.php(61): App\Controllers\Route->cate_product()
#7 /home/sietmvb89/web/sieuthibeyeu.vn/public_html/system/CodeIgniter.php(938): App\Controllers\Route->index()
#8 /home/sietmvb89/web/sieuthibeyeu.vn/public_html/system/CodeIgniter.php(434): CodeIgniter\CodeIgniter->runController()
#9 /home/sietmvb89/web/sieuthibeyeu.vn/public_html/system/CodeIgniter.php(335): CodeIgniter\CodeIgniter->handleRequest()
#10 /home/sietmvb89/web/sieuthibeyeu.vn/public_html/index.php(43): CodeIgniter\CodeIgniter->run()
#11 {main}
ERROR - 2022-06-19 01:08:58 --> mysqli_sql_exception: You have an error in your SQL syntax; check the manual that corresponds to your MariaDB server version for the right syntax to use near ')
ORDER BY `id` desc' at line 3 in /home/sietmvb89/web/sieuthibeyeu.vn/public_html/system/Database/MySQLi/Connection.php:314
Stack trace:
#0 /home/sietmvb89/web/sieuthibeyeu.vn/public_html/system/Database/MySQLi/Connection.php(314): mysqli->query()
#1 /home/sietmvb89/web/sieuthibeyeu.vn/public_html/system/Database/BaseConnection.php(713): CodeIgniter\Database\MySQLi\Connection->execute()
#2 /home/sietmvb89/web/sieuthibeyeu.vn/public_html/system/Database/BaseConnection.php(641): CodeIgniter\Database\BaseConnection->simpleQuery()
#3 /home/sietmvb89/web/sieuthibeyeu.vn/public_html/system/Database/BaseBuilder.php(1866): CodeIgniter\Database\BaseConnection->query()
#4 /home/sietmvb89/web/sieuthibeyeu.vn/public_html/app/Models/MyModels.php(126): CodeIgniter\Database\BaseBuilder->get()
#5 /home/sietmvb89/web/sieuthibeyeu.vn/public_html/app/Controllers/Route.php(307): App\Models\MyModels->full_query()
#6 /home/sietmvb89/web/sieuthibeyeu.vn/public_html/app/Controllers/Route.php(61): App\Controllers\Route->cate_product()
#7 /home/sietmvb89/web/sieuthibeyeu.vn/public_html/system/CodeIgniter.php(938): App\Controllers\Route->index()
#8 /home/sietmvb89/web/sieuthibeyeu.vn/public_html/system/CodeIgniter.php(434): CodeIgniter\CodeIgniter->runController()
#9 /home/sietmvb89/web/sieuthibeyeu.vn/public_html/system/CodeIgniter.php(335): CodeIgniter\CodeIgniter->handleRequest()
#10 /home/sietmvb89/web/sieuthibeyeu.vn/public_html/index.php(43): CodeIgniter\CodeIgniter->run()
#11 {main}
ERROR - 2022-06-19 01:10:12 --> mysqli_sql_exception: Table 'sietmvb89_db.tbl_brand' doesn't exist in /home/sietmvb89/web/sieuthibeyeu.vn/public_html/system/Database/MySQLi/Connection.php:314
Stack trace:
#0 /home/sietmvb89/web/sieuthibeyeu.vn/public_html/system/Database/MySQLi/Connection.php(314): mysqli->query()
#1 /home/sietmvb89/web/sieuthibeyeu.vn/public_html/system/Database/BaseConnection.php(713): CodeIgniter\Database\MySQLi\Connection->execute()
#2 /home/sietmvb89/web/sieuthibeyeu.vn/public_html/system/Database/BaseConnection.php(641): CodeIgniter\Database\BaseConnection->simpleQuery()
#3 /home/sietmvb89/web/sieuthibeyeu.vn/public_html/system/Database/BaseBuilder.php(1866): CodeIgniter\Database\BaseConnection->query()
#4 /home/sietmvb89/web/sieuthibeyeu.vn/public_html/app/Models/MyModels.php(126): CodeIgniter\Database\BaseBuilder->get()
#5 /home/sietmvb89/web/sieuthibeyeu.vn/public_html/app/Controllers/Route.php(307): App\Models\MyModels->full_query()
#6 /home/sietmvb89/web/sieuthibeyeu.vn/public_html/app/Controllers/Route.php(61): App\Controllers\Route->cate_product()
#7 /home/sietmvb89/web/sieuthibeyeu.vn/public_html/system/CodeIgniter.php(938): App\Controllers\Route->index()
#8 /home/sietmvb89/web/sieuthibeyeu.vn/public_html/system/CodeIgniter.php(434): CodeIgniter\CodeIgniter->runController()
#9 /home/sietmvb89/web/sieuthibeyeu.vn/public_html/system/CodeIgniter.php(335): CodeIgniter\CodeIgniter->handleRequest()
#10 /home/sietmvb89/web/sieuthibeyeu.vn/public_html/index.php(43): CodeIgniter\CodeIgniter->run()
#11 {main}
ERROR - 2022-06-19 01:10:21 --> mysqli_sql_exception: You have an error in your SQL syntax; check the manual that corresponds to your MariaDB server version for the right syntax to use near ')
ORDER BY `id` desc' at line 3 in /home/sietmvb89/web/sieuthibeyeu.vn/public_html/system/Database/MySQLi/Connection.php:314
Stack trace:
#0 /home/sietmvb89/web/sieuthibeyeu.vn/public_html/system/Database/MySQLi/Connection.php(314): mysqli->query()
#1 /home/sietmvb89/web/sieuthibeyeu.vn/public_html/system/Database/BaseConnection.php(713): CodeIgniter\Database\MySQLi\Connection->execute()
#2 /home/sietmvb89/web/sieuthibeyeu.vn/public_html/system/Database/BaseConnection.php(641): CodeIgniter\Database\BaseConnection->simpleQuery()
#3 /home/sietmvb89/web/sieuthibeyeu.vn/public_html/system/Database/BaseBuilder.php(1866): CodeIgniter\Database\BaseConnection->query()
#4 /home/sietmvb89/web/sieuthibeyeu.vn/public_html/app/Models/MyModels.php(126): CodeIgniter\Database\BaseBuilder->get()
#5 /home/sietmvb89/web/sieuthibeyeu.vn/public_html/app/Controllers/Route.php(307): App\Models\MyModels->full_query()
#6 /home/sietmvb89/web/sieuthibeyeu.vn/public_html/app/Controllers/Route.php(61): App\Controllers\Route->cate_product()
#7 /home/sietmvb89/web/sieuthibeyeu.vn/public_html/system/CodeIgniter.php(938): App\Controllers\Route->index()
#8 /home/sietmvb89/web/sieuthibeyeu.vn/public_html/system/CodeIgniter.php(434): CodeIgniter\CodeIgniter->runController()
#9 /home/sietmvb89/web/sieuthibeyeu.vn/public_html/system/CodeIgniter.php(335): CodeIgniter\CodeIgniter->handleRequest()
#10 /home/sietmvb89/web/sieuthibeyeu.vn/public_html/index.php(43): CodeIgniter\CodeIgniter->run()
#11 {main}
ERROR - 2022-06-19 01:12:13 --> mysqli_sql_exception: Table 'sietmvb89_db.tbl_brand' doesn't exist in /home/sietmvb89/web/sieuthibeyeu.vn/public_html/system/Database/MySQLi/Connection.php:314
Stack trace:
#0 /home/sietmvb89/web/sieuthibeyeu.vn/public_html/system/Database/MySQLi/Connection.php(314): mysqli->query()
#1 /home/sietmvb89/web/sieuthibeyeu.vn/public_html/system/Database/BaseConnection.php(713): CodeIgniter\Database\MySQLi\Connection->execute()
#2 /home/sietmvb89/web/sieuthibeyeu.vn/public_html/system/Database/BaseConnection.php(641): CodeIgniter\Database\BaseConnection->simpleQuery()
#3 /home/sietmvb89/web/sieuthibeyeu.vn/public_html/system/Database/BaseBuilder.php(1866): CodeIgniter\Database\BaseConnection->query()
#4 /home/sietmvb89/web/sieuthibeyeu.vn/public_html/app/Models/MyModels.php(126): CodeIgniter\Database\BaseBuilder->get()
#5 /home/sietmvb89/web/sieuthibeyeu.vn/public_html/app/Controllers/Route.php(307): App\Models\MyModels->full_query()
#6 /home/sietmvb89/web/sieuthibeyeu.vn/public_html/app/Controllers/Route.php(61): App\Controllers\Route->cate_product()
#7 /home/sietmvb89/web/sieuthibeyeu.vn/public_html/system/CodeIgniter.php(938): App\Controllers\Route->index()
#8 /home/sietmvb89/web/sieuthibeyeu.vn/public_html/system/CodeIgniter.php(434): CodeIgniter\CodeIgniter->runController()
#9 /home/sietmvb89/web/sieuthibeyeu.vn/public_html/system/CodeIgniter.php(335): CodeIgniter\CodeIgniter->handleRequest()
#10 /home/sietmvb89/web/sieuthibeyeu.vn/public_html/index.php(43): CodeIgniter\CodeIgniter->run()
#11 {main}
ERROR - 2022-06-19 01:18:22 --> mysqli_sql_exception: Table 'sietmvb89_db.tbl_brand' doesn't exist in /home/sietmvb89/web/sieuthibeyeu.vn/public_html/system/Database/MySQLi/Connection.php:314
Stack trace:
#0 /home/sietmvb89/web/sieuthibeyeu.vn/public_html/system/Database/MySQLi/Connection.php(314): mysqli->query()
#1 /home/sietmvb89/web/sieuthibeyeu.vn/public_html/system/Database/BaseConnection.php(713): CodeIgniter\Database\MySQLi\Connection->execute()
#2 /home/sietmvb89/web/sieuthibeyeu.vn/public_html/system/Database/BaseConnection.php(641): CodeIgniter\Database\BaseConnection->simpleQuery()
#3 /home/sietmvb89/web/sieuthibeyeu.vn/public_html/system/Database/BaseBuilder.php(1866): CodeIgniter\Database\BaseConnection->query()
#4 /home/sietmvb89/web/sieuthibeyeu.vn/public_html/app/Models/MyModels.php(126): CodeIgniter\Database\BaseBuilder->get()
#5 /home/sietmvb89/web/sieuthibeyeu.vn/public_html/app/Controllers/Route.php(307): App\Models\MyModels->full_query()
#6 /home/sietmvb89/web/sieuthibeyeu.vn/public_html/app/Controllers/Route.php(61): App\Controllers\Route->cate_product()
#7 /home/sietmvb89/web/sieuthibeyeu.vn/public_html/system/CodeIgniter.php(938): App\Controllers\Route->index()
#8 /home/sietmvb89/web/sieuthibeyeu.vn/public_html/system/CodeIgniter.php(434): CodeIgniter\CodeIgniter->runController()
#9 /home/sietmvb89/web/sieuthibeyeu.vn/public_html/system/CodeIgniter.php(335): CodeIgniter\CodeIgniter->handleRequest()
#10 /home/sietmvb89/web/sieuthibeyeu.vn/public_html/index.php(43): CodeIgniter\CodeIgniter->run()
#11 {main}
ERROR - 2022-06-19 01:23:31 --> mysqli_sql_exception: You have an error in your SQL syntax; check the manual that corresponds to your MariaDB server version for the right syntax to use near ')
ORDER BY `id` desc' at line 3 in /home/sietmvb89/web/sieuthibeyeu.vn/public_html/system/Database/MySQLi/Connection.php:314
Stack trace:
#0 /home/sietmvb89/web/sieuthibeyeu.vn/public_html/system/Database/MySQLi/Connection.php(314): mysqli->query()
#1 /home/sietmvb89/web/sieuthibeyeu.vn/public_html/system/Database/BaseConnection.php(713): CodeIgniter\Database\MySQLi\Connection->execute()
#2 /home/sietmvb89/web/sieuthibeyeu.vn/public_html/system/Database/BaseConnection.php(641): CodeIgniter\Database\BaseConnection->simpleQuery()
#3 /home/sietmvb89/web/sieuthibeyeu.vn/public_html/system/Database/BaseBuilder.php(1866): CodeIgniter\Database\BaseConnection->query()
#4 /home/sietmvb89/web/sieuthibeyeu.vn/public_html/app/Models/MyModels.php(126): CodeIgniter\Database\BaseBuilder->get()
#5 /home/sietmvb89/web/sieuthibeyeu.vn/public_html/app/Controllers/Route.php(307): App\Models\MyModels->full_query()
#6 /home/sietmvb89/web/sieuthibeyeu.vn/public_html/app/Controllers/Route.php(61): App\Controllers\Route->cate_product()
#7 /home/sietmvb89/web/sieuthibeyeu.vn/public_html/system/CodeIgniter.php(938): App\Controllers\Route->index()
#8 /home/sietmvb89/web/sieuthibeyeu.vn/public_html/system/CodeIgniter.php(434): CodeIgniter\CodeIgniter->runController()
#9 /home/sietmvb89/web/sieuthibeyeu.vn/public_html/system/CodeIgniter.php(335): CodeIgniter\CodeIgniter->handleRequest()
#10 /home/sietmvb89/web/sieuthibeyeu.vn/public_html/index.php(43): CodeIgniter\CodeIgniter->run()
#11 {main}
ERROR - 2022-06-19 01:24:20 --> mysqli_sql_exception: You have an error in your SQL syntax; check the manual that corresponds to your MariaDB server version for the right syntax to use near ')
ORDER BY `id` desc' at line 3 in /home/sietmvb89/web/sieuthibeyeu.vn/public_html/system/Database/MySQLi/Connection.php:314
Stack trace:
#0 /home/sietmvb89/web/sieuthibeyeu.vn/public_html/system/Database/MySQLi/Connection.php(314): mysqli->query()
#1 /home/sietmvb89/web/sieuthibeyeu.vn/public_html/system/Database/BaseConnection.php(713): CodeIgniter\Database\MySQLi\Connection->execute()
#2 /home/sietmvb89/web/sieuthibeyeu.vn/public_html/system/Database/BaseConnection.php(641): CodeIgniter\Database\BaseConnection->simpleQuery()
#3 /home/sietmvb89/web/sieuthibeyeu.vn/public_html/system/Database/BaseBuilder.php(1866): CodeIgniter\Database\BaseConnection->query()
#4 /home/sietmvb89/web/sieuthibeyeu.vn/public_html/app/Models/MyModels.php(126): CodeIgniter\Database\BaseBuilder->get()
#5 /home/sietmvb89/web/sieuthibeyeu.vn/public_html/app/Controllers/Route.php(307): App\Models\MyModels->full_query()
#6 /home/sietmvb89/web/sieuthibeyeu.vn/public_html/app/Controllers/Route.php(61): App\Controllers\Route->cate_product()
#7 /home/sietmvb89/web/sieuthibeyeu.vn/public_html/system/CodeIgniter.php(938): App\Controllers\Route->index()
#8 /home/sietmvb89/web/sieuthibeyeu.vn/public_html/system/CodeIgniter.php(434): CodeIgniter\CodeIgniter->runController()
#9 /home/sietmvb89/web/sieuthibeyeu.vn/public_html/system/CodeIgniter.php(335): CodeIgniter\CodeIgniter->handleRequest()
#10 /home/sietmvb89/web/sieuthibeyeu.vn/public_html/index.php(43): CodeIgniter\CodeIgniter->run()
#11 {main}
ERROR - 2022-06-19 01:24:33 --> mysqli_sql_exception: You have an error in your SQL syntax; check the manual that corresponds to your MariaDB server version for the right syntax to use near ')
ORDER BY `id` desc' at line 3 in /home/sietmvb89/web/sieuthibeyeu.vn/public_html/system/Database/MySQLi/Connection.php:314
Stack trace:
#0 /home/sietmvb89/web/sieuthibeyeu.vn/public_html/system/Database/MySQLi/Connection.php(314): mysqli->query()
#1 /home/sietmvb89/web/sieuthibeyeu.vn/public_html/system/Database/BaseConnection.php(713): CodeIgniter\Database\MySQLi\Connection->execute()
#2 /home/sietmvb89/web/sieuthibeyeu.vn/public_html/system/Database/BaseConnection.php(641): CodeIgniter\Database\BaseConnection->simpleQuery()
#3 /home/sietmvb89/web/sieuthibeyeu.vn/public_html/system/Database/BaseBuilder.php(1866): CodeIgniter\Database\BaseConnection->query()
#4 /home/sietmvb89/web/sieuthibeyeu.vn/public_html/app/Models/MyModels.php(126): CodeIgniter\Database\BaseBuilder->get()
#5 /home/sietmvb89/web/sieuthibeyeu.vn/public_html/app/Controllers/Route.php(307): App\Models\MyModels->full_query()
#6 /home/sietmvb89/web/sieuthibeyeu.vn/public_html/app/Controllers/Route.php(61): App\Controllers\Route->cate_product()
#7 /home/sietmvb89/web/sieuthibeyeu.vn/public_html/system/CodeIgniter.php(938): App\Controllers\Route->index()
#8 /home/sietmvb89/web/sieuthibeyeu.vn/public_html/system/CodeIgniter.php(434): CodeIgniter\CodeIgniter->runController()
#9 /home/sietmvb89/web/sieuthibeyeu.vn/public_html/system/CodeIgniter.php(335): CodeIgniter\CodeIgniter->handleRequest()
#10 /home/sietmvb89/web/sieuthibeyeu.vn/public_html/index.php(43): CodeIgniter\CodeIgniter->run()
#11 {main}
ERROR - 2022-06-19 01:41:58 --> mysqli_sql_exception: You have an error in your SQL syntax; check the manual that corresponds to your MariaDB server version for the right syntax to use near ')
ORDER BY `id` desc' at line 3 in /home/sietmvb89/web/sieuthibeyeu.vn/public_html/system/Database/MySQLi/Connection.php:314
Stack trace:
#0 /home/sietmvb89/web/sieuthibeyeu.vn/public_html/system/Database/MySQLi/Connection.php(314): mysqli->query()
#1 /home/sietmvb89/web/sieuthibeyeu.vn/public_html/system/Database/BaseConnection.php(713): CodeIgniter\Database\MySQLi\Connection->execute()
#2 /home/sietmvb89/web/sieuthibeyeu.vn/public_html/system/Database/BaseConnection.php(641): CodeIgniter\Database\BaseConnection->simpleQuery()
#3 /home/sietmvb89/web/sieuthibeyeu.vn/public_html/system/Database/BaseBuilder.php(1866): CodeIgniter\Database\BaseConnection->query()
#4 /home/sietmvb89/web/sieuthibeyeu.vn/public_html/app/Models/MyModels.php(126): CodeIgniter\Database\BaseBuilder->get()
#5 /home/sietmvb89/web/sieuthibeyeu.vn/public_html/app/Controllers/Route.php(307): App\Models\MyModels->full_query()
#6 /home/sietmvb89/web/sieuthibeyeu.vn/public_html/app/Controllers/Route.php(61): App\Controllers\Route->cate_product()
#7 /home/sietmvb89/web/sieuthibeyeu.vn/public_html/system/CodeIgniter.php(938): App\Controllers\Route->index()
#8 /home/sietmvb89/web/sieuthibeyeu.vn/public_html/system/CodeIgniter.php(434): CodeIgniter\CodeIgniter->runController()
#9 /home/sietmvb89/web/sieuthibeyeu.vn/public_html/system/CodeIgniter.php(335): CodeIgniter\CodeIgniter->handleRequest()
#10 /home/sietmvb89/web/sieuthibeyeu.vn/public_html/index.php(43): CodeIgniter\CodeIgniter->run()
#11 {main}
ERROR - 2022-06-19 01:50:07 --> mysqli_sql_exception: You have an error in your SQL syntax; check the manual that corresponds to your MariaDB server version for the right syntax to use near ')
ORDER BY `id` desc' at line 3 in /home/sietmvb89/web/sieuthibeyeu.vn/public_html/system/Database/MySQLi/Connection.php:314
Stack trace:
#0 /home/sietmvb89/web/sieuthibeyeu.vn/public_html/system/Database/MySQLi/Connection.php(314): mysqli->query()
#1 /home/sietmvb89/web/sieuthibeyeu.vn/public_html/system/Database/BaseConnection.php(713): CodeIgniter\Database\MySQLi\Connection->execute()
#2 /home/sietmvb89/web/sieuthibeyeu.vn/public_html/system/Database/BaseConnection.php(641): CodeIgniter\Database\BaseConnection->simpleQuery()
#3 /home/sietmvb89/web/sieuthibeyeu.vn/public_html/system/Database/BaseBuilder.php(1866): CodeIgniter\Database\BaseConnection->query()
#4 /home/sietmvb89/web/sieuthibeyeu.vn/public_html/app/Models/MyModels.php(126): CodeIgniter\Database\BaseBuilder->get()
#5 /home/sietmvb89/web/sieuthibeyeu.vn/public_html/app/Controllers/Route.php(307): App\Models\MyModels->full_query()
#6 /home/sietmvb89/web/sieuthibeyeu.vn/public_html/app/Controllers/Route.php(61): App\Controllers\Route->cate_product()
#7 /home/sietmvb89/web/sieuthibeyeu.vn/public_html/system/CodeIgniter.php(938): App\Controllers\Route->index()
#8 /home/sietmvb89/web/sieuthibeyeu.vn/public_html/system/CodeIgniter.php(434): CodeIgniter\CodeIgniter->runController()
#9 /home/sietmvb89/web/sieuthibeyeu.vn/public_html/system/CodeIgniter.php(335): CodeIgniter\CodeIgniter->handleRequest()
#10 /home/sietmvb89/web/sieuthibeyeu.vn/public_html/index.php(43): CodeIgniter\CodeIgniter->run()
#11 {main}
ERROR - 2022-06-19 05:05:54 --> mysqli_sql_exception: You have an error in your SQL syntax; check the manual that corresponds to your MariaDB server version for the right syntax to use near ')
ORDER BY `id` desc' at line 3 in /home/sietmvb89/web/sieuthibeyeu.vn/public_html/system/Database/MySQLi/Connection.php:314
Stack trace:
#0 /home/sietmvb89/web/sieuthibeyeu.vn/public_html/system/Database/MySQLi/Connection.php(314): mysqli->query()
#1 /home/sietmvb89/web/sieuthibeyeu.vn/public_html/system/Database/BaseConnection.php(713): CodeIgniter\Database\MySQLi\Connection->execute()
#2 /home/sietmvb89/web/sieuthibeyeu.vn/public_html/system/Database/BaseConnection.php(641): CodeIgniter\Database\BaseConnection->simpleQuery()
#3 /home/sietmvb89/web/sieuthibeyeu.vn/public_html/system/Database/BaseBuilder.php(1866): CodeIgniter\Database\BaseConnection->query()
#4 /home/sietmvb89/web/sieuthibeyeu.vn/public_html/app/Models/MyModels.php(126): CodeIgniter\Database\BaseBuilder->get()
#5 /home/sietmvb89/web/sieuthibeyeu.vn/public_html/app/Controllers/Route.php(307): App\Models\MyModels->full_query()
#6 /home/sietmvb89/web/sieuthibeyeu.vn/public_html/app/Controllers/Route.php(61): App\Controllers\Route->cate_product()
#7 /home/sietmvb89/web/sieuthibeyeu.vn/public_html/system/CodeIgniter.php(938): App\Controllers\Route->index()
#8 /home/sietmvb89/web/sieuthibeyeu.vn/public_html/system/CodeIgniter.php(434): CodeIgniter\CodeIgniter->runController()
#9 /home/sietmvb89/web/sieuthibeyeu.vn/public_html/system/CodeIgniter.php(335): CodeIgniter\CodeIgniter->handleRequest()
#10 /home/sietmvb89/web/sieuthibeyeu.vn/public_html/index.php(43): CodeIgniter\CodeIgniter->run()
#11 {main}
ERROR - 2022-06-19 11:24:15 --> mysqli_sql_exception: Table 'sietmvb89_db.tbl_product_slogan' doesn't exist in /home/sietmvb89/web/sieuthibeyeu.vn/public_html/system/Database/MySQLi/Connection.php:314
Stack trace:
#0 /home/sietmvb89/web/sieuthibeyeu.vn/public_html/system/Database/MySQLi/Connection.php(314): mysqli->query()
#1 /home/sietmvb89/web/sieuthibeyeu.vn/public_html/system/Database/BaseConnection.php(713): CodeIgniter\Database\MySQLi\Connection->execute()
#2 /home/sietmvb89/web/sieuthibeyeu.vn/public_html/system/Database/BaseConnection.php(641): CodeIgniter\Database\BaseConnection->simpleQuery()
#3 /home/sietmvb89/web/sieuthibeyeu.vn/public_html/system/Database/BaseBuilder.php(1866): CodeIgniter\Database\BaseConnection->query()
#4 /home/sietmvb89/web/sieuthibeyeu.vn/public_html/app/Models/MyModels.php(126): CodeIgniter\Database\BaseBuilder->get()
#5 /home/sietmvb89/web/sieuthibeyeu.vn/public_html/app/Controllers/Route.php(469): App\Models\MyModels->full_query()
#6 /home/sietmvb89/web/sieuthibeyeu.vn/public_html/app/Controllers/Route.php(65): App\Controllers\Route->product()
#7 /home/sietmvb89/web/sieuthibeyeu.vn/public_html/system/CodeIgniter.php(938): App\Controllers\Route->index()
#8 /home/sietmvb89/web/sieuthibeyeu.vn/public_html/system/CodeIgniter.php(434): CodeIgniter\CodeIgniter->runController()
#9 /home/sietmvb89/web/sieuthibeyeu.vn/public_html/system/CodeIgniter.php(335): CodeIgniter\CodeIgniter->handleRequest()
#10 /home/sietmvb89/web/sieuthibeyeu.vn/public_html/index.php(43): CodeIgniter\CodeIgniter->run()
#11 {main}
ERROR - 2022-06-19 11:24:15 --> mysqli_sql_exception: Table 'sietmvb89_db.tbl_brand' doesn't exist in /home/sietmvb89/web/sieuthibeyeu.vn/public_html/system/Database/MySQLi/Connection.php:314
Stack trace:
#0 /home/sietmvb89/web/sieuthibeyeu.vn/public_html/system/Database/MySQLi/Connection.php(314): mysqli->query()
#1 /home/sietmvb89/web/sieuthibeyeu.vn/public_html/system/Database/BaseConnection.php(713): CodeIgniter\Database\MySQLi\Connection->execute()
#2 /home/sietmvb89/web/sieuthibeyeu.vn/public_html/system/Database/BaseConnection.php(641): CodeIgniter\Database\BaseConnection->simpleQuery()
#3 /home/sietmvb89/web/sieuthibeyeu.vn/public_html/system/Database/BaseBuilder.php(1866): CodeIgniter\Database\BaseConnection->query()
#4 /home/sietmvb89/web/sieuthibeyeu.vn/public_html/app/Models/MyModels.php(126): CodeIgniter\Database\BaseBuilder->get()
#5 /home/sietmvb89/web/sieuthibeyeu.vn/public_html/app/Controllers/Route.php(476): App\Models\MyModels->full_query()
#6 /home/sietmvb89/web/sieuthibeyeu.vn/public_html/app/Controllers/Route.php(65): App\Controllers\Route->product()
#7 /home/sietmvb89/web/sieuthibeyeu.vn/public_html/system/CodeIgniter.php(938): App\Controllers\Route->index()
#8 /home/sietmvb89/web/sieuthibeyeu.vn/public_html/system/CodeIgniter.php(434): CodeIgniter\CodeIgniter->runController()
#9 /home/sietmvb89/web/sieuthibeyeu.vn/public_html/system/CodeIgniter.php(335): CodeIgniter\CodeIgniter->handleRequest()
#10 /home/sietmvb89/web/sieuthibeyeu.vn/public_html/index.php(43): CodeIgniter\CodeIgniter->run()
#11 {main}
ERROR - 2022-06-19 15:29:53 --> mysqli_sql_exception: You have an error in your SQL syntax; check the manual that corresponds to your MariaDB server version for the right syntax to use near ')
ORDER BY `id` desc' at line 3 in /home/sietmvb89/web/sieuthibeyeu.vn/public_html/system/Database/MySQLi/Connection.php:314
Stack trace:
#0 /home/sietmvb89/web/sieuthibeyeu.vn/public_html/system/Database/MySQLi/Connection.php(314): mysqli->query()
#1 /home/sietmvb89/web/sieuthibeyeu.vn/public_html/system/Database/BaseConnection.php(713): CodeIgniter\Database\MySQLi\Connection->execute()
#2 /home/sietmvb89/web/sieuthibeyeu.vn/public_html/system/Database/BaseConnection.php(641): CodeIgniter\Database\BaseConnection->simpleQuery()
#3 /home/sietmvb89/web/sieuthibeyeu.vn/public_html/system/Database/BaseBuilder.php(1866): CodeIgniter\Database\BaseConnection->query()
#4 /home/sietmvb89/web/sieuthibeyeu.vn/public_html/app/Models/MyModels.php(126): CodeIgniter\Database\BaseBuilder->get()
#5 /home/sietmvb89/web/sieuthibeyeu.vn/public_html/app/Controllers/Route.php(307): App\Models\MyModels->full_query()
#6 /home/sietmvb89/web/sieuthibeyeu.vn/public_html/app/Controllers/Route.php(61): App\Controllers\Route->cate_product()
#7 /home/sietmvb89/web/sieuthibeyeu.vn/public_html/system/CodeIgniter.php(938): App\Controllers\Route->index()
#8 /home/sietmvb89/web/sieuthibeyeu.vn/public_html/system/CodeIgniter.php(434): CodeIgniter\CodeIgniter->runController()
#9 /home/sietmvb89/web/sieuthibeyeu.vn/public_html/system/CodeIgniter.php(335): CodeIgniter\CodeIgniter->handleRequest()
#10 /home/sietmvb89/web/sieuthibeyeu.vn/public_html/index.php(43): CodeIgniter\CodeIgniter->run()
#11 {main}
ERROR - 2022-06-19 15:54:22 --> mysqli_sql_exception: Table 'sietmvb89_db.tbl_product_slogan' doesn't exist in /home/sietmvb89/web/sieuthibeyeu.vn/public_html/system/Database/MySQLi/Connection.php:314
Stack trace:
#0 /home/sietmvb89/web/sieuthibeyeu.vn/public_html/system/Database/MySQLi/Connection.php(314): mysqli->query()
#1 /home/sietmvb89/web/sieuthibeyeu.vn/public_html/system/Database/BaseConnection.php(713): CodeIgniter\Database\MySQLi\Connection->execute()
#2 /home/sietmvb89/web/sieuthibeyeu.vn/public_html/system/Database/BaseConnection.php(641): CodeIgniter\Database\BaseConnection->simpleQuery()
#3 /home/sietmvb89/web/sieuthibeyeu.vn/public_html/system/Database/BaseBuilder.php(1866): CodeIgniter\Database\BaseConnection->query()
#4 /home/sietmvb89/web/sieuthibeyeu.vn/public_html/app/Models/MyModels.php(126): CodeIgniter\Database\BaseBuilder->get()
#5 /home/sietmvb89/web/sieuthibeyeu.vn/public_html/app/Controllers/Route.php(469): App\Models\MyModels->full_query()
#6 /home/sietmvb89/web/sieuthibeyeu.vn/public_html/app/Controllers/Route.php(65): App\Controllers\Route->product()
#7 /home/sietmvb89/web/sieuthibeyeu.vn/public_html/system/CodeIgniter.php(938): App\Controllers\Route->index()
#8 /home/sietmvb89/web/sieuthibeyeu.vn/public_html/system/CodeIgniter.php(434): CodeIgniter\CodeIgniter->runController()
#9 /home/sietmvb89/web/sieuthibeyeu.vn/public_html/system/CodeIgniter.php(335): CodeIgniter\CodeIgniter->handleRequest()
#10 /home/sietmvb89/web/sieuthibeyeu.vn/public_html/index.php(43): CodeIgniter\CodeIgniter->run()
#11 {main}
ERROR - 2022-06-19 15:54:22 --> mysqli_sql_exception: Table 'sietmvb89_db.tbl_brand' doesn't exist in /home/sietmvb89/web/sieuthibeyeu.vn/public_html/system/Database/MySQLi/Connection.php:314
Stack trace:
#0 /home/sietmvb89/web/sieuthibeyeu.vn/public_html/system/Database/MySQLi/Connection.php(314): mysqli->query()
#1 /home/sietmvb89/web/sieuthibeyeu.vn/public_html/system/Database/BaseConnection.php(713): CodeIgniter\Database\MySQLi\Connection->execute()
#2 /home/sietmvb89/web/sieuthibeyeu.vn/public_html/system/Database/BaseConnection.php(641): CodeIgniter\Database\BaseConnection->simpleQuery()
#3 /home/sietmvb89/web/sieuthibeyeu.vn/public_html/system/Database/BaseBuilder.php(1866): CodeIgniter\Database\BaseConnection->query()
#4 /home/sietmvb89/web/sieuthibeyeu.vn/public_html/app/Models/MyModels.php(126): CodeIgniter\Database\BaseBuilder->get()
#5 /home/sietmvb89/web/sieuthibeyeu.vn/public_html/app/Controllers/Route.php(476): App\Models\MyModels->full_query()
#6 /home/sietmvb89/web/sieuthibeyeu.vn/public_html/app/Controllers/Route.php(65): App\Controllers\Route->product()
#7 /home/sietmvb89/web/sieuthibeyeu.vn/public_html/system/CodeIgniter.php(938): App\Controllers\Route->index()
#8 /home/sietmvb89/web/sieuthibeyeu.vn/public_html/system/CodeIgniter.php(434): CodeIgniter\CodeIgniter->runController()
#9 /home/sietmvb89/web/sieuthibeyeu.vn/public_html/system/CodeIgniter.php(335): CodeIgniter\CodeIgniter->handleRequest()
#10 /home/sietmvb89/web/sieuthibeyeu.vn/public_html/index.php(43): CodeIgniter\CodeIgniter->run()
#11 {main}
ERROR - 2022-06-19 17:13:13 --> mysqli_sql_exception: You have an error in your SQL syntax; check the manual that corresponds to your MariaDB server version for the right syntax to use near ')
ORDER BY `id` desc' at line 3 in /home/sietmvb89/web/sieuthibeyeu.vn/public_html/system/Database/MySQLi/Connection.php:314
Stack trace:
#0 /home/sietmvb89/web/sieuthibeyeu.vn/public_html/system/Database/MySQLi/Connection.php(314): mysqli->query()
#1 /home/sietmvb89/web/sieuthibeyeu.vn/public_html/system/Database/BaseConnection.php(713): CodeIgniter\Database\MySQLi\Connection->execute()
#2 /home/sietmvb89/web/sieuthibeyeu.vn/public_html/system/Database/BaseConnection.php(641): CodeIgniter\Database\BaseConnection->simpleQuery()
#3 /home/sietmvb89/web/sieuthibeyeu.vn/public_html/system/Database/BaseBuilder.php(1866): CodeIgniter\Database\BaseConnection->query()
#4 /home/sietmvb89/web/sieuthibeyeu.vn/public_html/app/Models/MyModels.php(126): CodeIgniter\Database\BaseBuilder->get()
#5 /home/sietmvb89/web/sieuthibeyeu.vn/public_html/app/Controllers/Route.php(307): App\Models\MyModels->full_query()
#6 /home/sietmvb89/web/sieuthibeyeu.vn/public_html/app/Controllers/Route.php(61): App\Controllers\Route->cate_product()
#7 /home/sietmvb89/web/sieuthibeyeu.vn/public_html/system/CodeIgniter.php(938): App\Controllers\Route->index()
#8 /home/sietmvb89/web/sieuthibeyeu.vn/public_html/system/CodeIgniter.php(434): CodeIgniter\CodeIgniter->runController()
#9 /home/sietmvb89/web/sieuthibeyeu.vn/public_html/system/CodeIgniter.php(335): CodeIgniter\CodeIgniter->handleRequest()
#10 /home/sietmvb89/web/sieuthibeyeu.vn/public_html/index.php(43): CodeIgniter\CodeIgniter->run()
#11 {main}
