CRITICAL - 2022-02-13 10:19:19 --> Invalid argument supplied for foreach()
#0 C:\xampp\htdocs\projects2022\p_cesmk\app\Views\frontend\layout\menu_mobile.php(12): CodeIgniter\Debug\Exceptions->errorHandler(2, 'Invalid argumen...', 'C:\\xampp\\htdocs...', 12, Array)
#1 C:\xampp\htdocs\projects2022\p_cesmk\system\View\View.php(220): include('C:\\xampp\\htdocs...')
#2 C:\xampp\htdocs\projects2022\p_cesmk\system\View\View.php(222): CodeIgniter\View\View->CodeIgniter\View\{closure}()
#3 C:\xampp\htdocs\projects2022\p_cesmk\system\View\View.php(468): CodeIgniter\View\View->render('frontend/layout...', NULL, true)
#4 C:\xampp\htdocs\projects2022\p_cesmk\app\Views\frontend\default.php(38): CodeIgniter\View\View->include('frontend/layout...')
#5 C:\xampp\htdocs\projects2022\p_cesmk\system\View\View.php(220): include('C:\\xampp\\htdocs...')
#6 C:\xampp\htdocs\projects2022\p_cesmk\system\View\View.php(222): CodeIgniter\View\View->CodeIgniter\View\{closure}()
#7 C:\xampp\htdocs\projects2022\p_cesmk\system\Common.php(1217): CodeIgniter\View\View->render('frontend/defaul...', Array, true)
#8 C:\xampp\htdocs\projects2022\p_cesmk\app\Controllers\Route.php(53): view('frontend/defaul...', Array)
#9 C:\xampp\htdocs\projects2022\p_cesmk\system\CodeIgniter.php(938): App\Controllers\Route->index('uploads', 'webps', 'news', '2021', '12', 'thumb', 'vit-nuong-thao-...')
#10 C:\xampp\htdocs\projects2022\p_cesmk\system\CodeIgniter.php(434): CodeIgniter\CodeIgniter->runController(Object(App\Controllers\Route))
#11 C:\xampp\htdocs\projects2022\p_cesmk\system\CodeIgniter.php(335): CodeIgniter\CodeIgniter->handleRequest(NULL, Object(Config\Cache), false)
#12 C:\xampp\htdocs\projects2022\p_cesmk\public\index.php(43): CodeIgniter\CodeIgniter->run()
#13 C:\xampp\htdocs\projects2022\p_cesmk\system\Commands\Server\rewrite.php(45): require_once('C:\\xampp\\htdocs...')
#14 {main}
CRITICAL - 2022-02-13 10:23:27 --> Invalid argument supplied for foreach()
#0 C:\xampp\htdocs\projects2022\p_cesmk\app\Views\frontend\layout\menu_mobile.php(12): CodeIgniter\Debug\Exceptions->errorHandler(2, 'Invalid argumen...', 'C:\\xampp\\htdocs...', 12, Array)
#1 C:\xampp\htdocs\projects2022\p_cesmk\system\View\View.php(220): include('C:\\xampp\\htdocs...')
#2 C:\xampp\htdocs\projects2022\p_cesmk\system\View\View.php(222): CodeIgniter\View\View->CodeIgniter\View\{closure}()
#3 C:\xampp\htdocs\projects2022\p_cesmk\system\View\View.php(468): CodeIgniter\View\View->render('frontend/layout...', NULL, true)
#4 C:\xampp\htdocs\projects2022\p_cesmk\app\Views\frontend\default.php(38): CodeIgniter\View\View->include('frontend/layout...')
#5 C:\xampp\htdocs\projects2022\p_cesmk\system\View\View.php(220): include('C:\\xampp\\htdocs...')
#6 C:\xampp\htdocs\projects2022\p_cesmk\system\View\View.php(222): CodeIgniter\View\View->CodeIgniter\View\{closure}()
#7 C:\xampp\htdocs\projects2022\p_cesmk\system\Common.php(1217): CodeIgniter\View\View->render('frontend/defaul...', Array, true)
#8 C:\xampp\htdocs\projects2022\p_cesmk\app\Controllers\Route.php(53): view('frontend/defaul...', Array)
#9 C:\xampp\htdocs\projects2022\p_cesmk\system\CodeIgniter.php(938): App\Controllers\Route->index('uploads', 'images', 'social', '2021', '12', 'thumb', 'social.jpg')
#10 C:\xampp\htdocs\projects2022\p_cesmk\system\CodeIgniter.php(434): CodeIgniter\CodeIgniter->runController(Object(App\Controllers\Route))
#11 C:\xampp\htdocs\projects2022\p_cesmk\system\CodeIgniter.php(335): CodeIgniter\CodeIgniter->handleRequest(NULL, Object(Config\Cache), false)
#12 C:\xampp\htdocs\projects2022\p_cesmk\public\index.php(43): CodeIgniter\CodeIgniter->run()
#13 C:\xampp\htdocs\projects2022\p_cesmk\system\Commands\Server\rewrite.php(45): require_once('C:\\xampp\\htdocs...')
#14 {main}
CRITICAL - 2022-02-13 14:04:37 --> Invalid argument supplied for foreach()
#0 C:\xampp\htdocs\projects2022\p_cesmk\app\Views\frontend\layout\menu_mobile.php(12): CodeIgniter\Debug\Exceptions->errorHandler(2, 'Invalid argumen...', 'C:\\xampp\\htdocs...', 12, Array)
#1 C:\xampp\htdocs\projects2022\p_cesmk\system\View\View.php(220): include('C:\\xampp\\htdocs...')
#2 C:\xampp\htdocs\projects2022\p_cesmk\system\View\View.php(222): CodeIgniter\View\View->CodeIgniter\View\{closure}()
#3 C:\xampp\htdocs\projects2022\p_cesmk\system\View\View.php(468): CodeIgniter\View\View->render('frontend/layout...', NULL, true)
#4 C:\xampp\htdocs\projects2022\p_cesmk\app\Views\frontend\default.php(38): CodeIgniter\View\View->include('frontend/layout...')
#5 C:\xampp\htdocs\projects2022\p_cesmk\system\View\View.php(220): include('C:\\xampp\\htdocs...')
#6 C:\xampp\htdocs\projects2022\p_cesmk\system\View\View.php(222): CodeIgniter\View\View->CodeIgniter\View\{closure}()
#7 C:\xampp\htdocs\projects2022\p_cesmk\system\Common.php(1217): CodeIgniter\View\View->render('frontend/defaul...', Array, true)
#8 C:\xampp\htdocs\projects2022\p_cesmk\app\Controllers\Route.php(53): view('frontend/defaul...', Array)
#9 C:\xampp\htdocs\projects2022\p_cesmk\system\CodeIgniter.php(938): App\Controllers\Route->index('favicon.ico', '')
#10 C:\xampp\htdocs\projects2022\p_cesmk\system\CodeIgniter.php(434): CodeIgniter\CodeIgniter->runController(Object(App\Controllers\Route))
#11 C:\xampp\htdocs\projects2022\p_cesmk\system\CodeIgniter.php(335): CodeIgniter\CodeIgniter->handleRequest(NULL, Object(Config\Cache), false)
#12 C:\xampp\htdocs\projects2022\p_cesmk\public\index.php(43): CodeIgniter\CodeIgniter->run()
#13 C:\xampp\htdocs\projects2022\p_cesmk\system\Commands\Server\rewrite.php(45): require_once('C:\\xampp\\htdocs...')
#14 {main}
CRITICAL - 2022-02-13 14:04:49 --> Invalid argument supplied for foreach()
#0 C:\xampp\htdocs\projects2022\p_cesmk\app\Views\frontend\layout\menu_mobile.php(12): CodeIgniter\Debug\Exceptions->errorHandler(2, 'Invalid argumen...', 'C:\\xampp\\htdocs...', 12, Array)
#1 C:\xampp\htdocs\projects2022\p_cesmk\system\View\View.php(220): include('C:\\xampp\\htdocs...')
#2 C:\xampp\htdocs\projects2022\p_cesmk\system\View\View.php(222): CodeIgniter\View\View->CodeIgniter\View\{closure}()
#3 C:\xampp\htdocs\projects2022\p_cesmk\system\View\View.php(468): CodeIgniter\View\View->render('frontend/layout...', NULL, true)
#4 C:\xampp\htdocs\projects2022\p_cesmk\app\Views\frontend\default.php(38): CodeIgniter\View\View->include('frontend/layout...')
#5 C:\xampp\htdocs\projects2022\p_cesmk\system\View\View.php(220): include('C:\\xampp\\htdocs...')
#6 C:\xampp\htdocs\projects2022\p_cesmk\system\View\View.php(222): CodeIgniter\View\View->CodeIgniter\View\{closure}()
#7 C:\xampp\htdocs\projects2022\p_cesmk\system\Common.php(1217): CodeIgniter\View\View->render('frontend/defaul...', Array, true)
#8 C:\xampp\htdocs\projects2022\p_cesmk\app\Controllers\Route.php(53): view('frontend/defaul...', Array)
#9 C:\xampp\htdocs\projects2022\p_cesmk\system\CodeIgniter.php(938): App\Controllers\Route->index('favicon.ico', '')
#10 C:\xampp\htdocs\projects2022\p_cesmk\system\CodeIgniter.php(434): CodeIgniter\CodeIgniter->runController(Object(App\Controllers\Route))
#11 C:\xampp\htdocs\projects2022\p_cesmk\system\CodeIgniter.php(335): CodeIgniter\CodeIgniter->handleRequest(NULL, Object(Config\Cache), false)
#12 C:\xampp\htdocs\projects2022\p_cesmk\public\index.php(43): CodeIgniter\CodeIgniter->run()
#13 C:\xampp\htdocs\projects2022\p_cesmk\system\Commands\Server\rewrite.php(45): require_once('C:\\xampp\\htdocs...')
#14 {main}
CRITICAL - 2022-02-13 14:06:07 --> Invalid argument supplied for foreach()
#0 C:\xampp\htdocs\projects2022\p_cesmk\app\Views\frontend\layout\menu_mobile.php(12): CodeIgniter\Debug\Exceptions->errorHandler(2, 'Invalid argumen...', 'C:\\xampp\\htdocs...', 12, Array)
#1 C:\xampp\htdocs\projects2022\p_cesmk\system\View\View.php(220): include('C:\\xampp\\htdocs...')
#2 C:\xampp\htdocs\projects2022\p_cesmk\system\View\View.php(222): CodeIgniter\View\View->CodeIgniter\View\{closure}()
#3 C:\xampp\htdocs\projects2022\p_cesmk\system\View\View.php(468): CodeIgniter\View\View->render('frontend/layout...', NULL, true)
#4 C:\xampp\htdocs\projects2022\p_cesmk\app\Views\frontend\default.php(38): CodeIgniter\View\View->include('frontend/layout...')
#5 C:\xampp\htdocs\projects2022\p_cesmk\system\View\View.php(220): include('C:\\xampp\\htdocs...')
#6 C:\xampp\htdocs\projects2022\p_cesmk\system\View\View.php(222): CodeIgniter\View\View->CodeIgniter\View\{closure}()
#7 C:\xampp\htdocs\projects2022\p_cesmk\system\Common.php(1217): CodeIgniter\View\View->render('frontend/defaul...', Array, true)
#8 C:\xampp\htdocs\projects2022\p_cesmk\app\Controllers\Route.php(53): view('frontend/defaul...', Array)
#9 C:\xampp\htdocs\projects2022\p_cesmk\system\CodeIgniter.php(938): App\Controllers\Route->index('favicon.ico', '')
#10 C:\xampp\htdocs\projects2022\p_cesmk\system\CodeIgniter.php(434): CodeIgniter\CodeIgniter->runController(Object(App\Controllers\Route))
#11 C:\xampp\htdocs\projects2022\p_cesmk\system\CodeIgniter.php(335): CodeIgniter\CodeIgniter->handleRequest(NULL, Object(Config\Cache), false)
#12 C:\xampp\htdocs\projects2022\p_cesmk\public\index.php(43): CodeIgniter\CodeIgniter->run()
#13 C:\xampp\htdocs\projects2022\p_cesmk\system\Commands\Server\rewrite.php(45): require_once('C:\\xampp\\htdocs...')
#14 {main}
CRITICAL - 2022-02-13 14:06:29 --> Invalid argument supplied for foreach()
#0 C:\xampp\htdocs\projects2022\p_cesmk\app\Views\frontend\layout\menu_mobile.php(12): CodeIgniter\Debug\Exceptions->errorHandler(2, 'Invalid argumen...', 'C:\\xampp\\htdocs...', 12, Array)
#1 C:\xampp\htdocs\projects2022\p_cesmk\system\View\View.php(220): include('C:\\xampp\\htdocs...')
#2 C:\xampp\htdocs\projects2022\p_cesmk\system\View\View.php(222): CodeIgniter\View\View->CodeIgniter\View\{closure}()
#3 C:\xampp\htdocs\projects2022\p_cesmk\system\View\View.php(468): CodeIgniter\View\View->render('frontend/layout...', NULL, true)
#4 C:\xampp\htdocs\projects2022\p_cesmk\app\Views\frontend\default.php(38): CodeIgniter\View\View->include('frontend/layout...')
#5 C:\xampp\htdocs\projects2022\p_cesmk\system\View\View.php(220): include('C:\\xampp\\htdocs...')
#6 C:\xampp\htdocs\projects2022\p_cesmk\system\View\View.php(222): CodeIgniter\View\View->CodeIgniter\View\{closure}()
#7 C:\xampp\htdocs\projects2022\p_cesmk\system\Common.php(1217): CodeIgniter\View\View->render('frontend/defaul...', Array, true)
#8 C:\xampp\htdocs\projects2022\p_cesmk\app\Controllers\Route.php(53): view('frontend/defaul...', Array)
#9 C:\xampp\htdocs\projects2022\p_cesmk\system\CodeIgniter.php(938): App\Controllers\Route->index('favicon.ico', '')
#10 C:\xampp\htdocs\projects2022\p_cesmk\system\CodeIgniter.php(434): CodeIgniter\CodeIgniter->runController(Object(App\Controllers\Route))
#11 C:\xampp\htdocs\projects2022\p_cesmk\system\CodeIgniter.php(335): CodeIgniter\CodeIgniter->handleRequest(NULL, Object(Config\Cache), false)
#12 C:\xampp\htdocs\projects2022\p_cesmk\public\index.php(43): CodeIgniter\CodeIgniter->run()
#13 C:\xampp\htdocs\projects2022\p_cesmk\system\Commands\Server\rewrite.php(45): require_once('C:\\xampp\\htdocs...')
#14 {main}
CRITICAL - 2022-02-13 14:07:37 --> Call to undefined method CodeIgniter\HTTP\UserAgent::isTablet()
#0 C:\xampp\htdocs\projects2022\p_cesmk\app\Controllers\BaseController.php(76): App\Controllers\BaseController->checkScreen()
#1 C:\xampp\htdocs\projects2022\p_cesmk\app\Controllers\Home.php(40): App\Controllers\BaseController->get_index()
#2 C:\xampp\htdocs\projects2022\p_cesmk\system\CodeIgniter.php(938): App\Controllers\Home->index()
#3 C:\xampp\htdocs\projects2022\p_cesmk\system\CodeIgniter.php(434): CodeIgniter\CodeIgniter->runController(Object(App\Controllers\Home))
#4 C:\xampp\htdocs\projects2022\p_cesmk\system\CodeIgniter.php(335): CodeIgniter\CodeIgniter->handleRequest(NULL, Object(Config\Cache), false)
#5 C:\xampp\htdocs\projects2022\p_cesmk\public\index.php(43): CodeIgniter\CodeIgniter->run()
#6 C:\xampp\htdocs\projects2022\p_cesmk\system\Commands\Server\rewrite.php(45): require_once('C:\\xampp\\htdocs...')
#7 {main}
CRITICAL - 2022-02-13 14:07:39 --> Invalid argument supplied for foreach()
#0 C:\xampp\htdocs\projects2022\p_cesmk\app\Views\frontend\layout\menu_mobile.php(12): CodeIgniter\Debug\Exceptions->errorHandler(2, 'Invalid argumen...', 'C:\\xampp\\htdocs...', 12, Array)
#1 C:\xampp\htdocs\projects2022\p_cesmk\system\View\View.php(220): include('C:\\xampp\\htdocs...')
#2 C:\xampp\htdocs\projects2022\p_cesmk\system\View\View.php(222): CodeIgniter\View\View->CodeIgniter\View\{closure}()
#3 C:\xampp\htdocs\projects2022\p_cesmk\system\View\View.php(468): CodeIgniter\View\View->render('frontend/layout...', NULL, true)
#4 C:\xampp\htdocs\projects2022\p_cesmk\app\Views\frontend\default.php(38): CodeIgniter\View\View->include('frontend/layout...')
#5 C:\xampp\htdocs\projects2022\p_cesmk\system\View\View.php(220): include('C:\\xampp\\htdocs...')
#6 C:\xampp\htdocs\projects2022\p_cesmk\system\View\View.php(222): CodeIgniter\View\View->CodeIgniter\View\{closure}()
#7 C:\xampp\htdocs\projects2022\p_cesmk\system\Common.php(1217): CodeIgniter\View\View->render('frontend/defaul...', Array, true)
#8 C:\xampp\htdocs\projects2022\p_cesmk\app\Controllers\Route.php(53): view('frontend/defaul...', Array)
#9 C:\xampp\htdocs\projects2022\p_cesmk\system\CodeIgniter.php(938): App\Controllers\Route->index('favicon.ico', '')
#10 C:\xampp\htdocs\projects2022\p_cesmk\system\CodeIgniter.php(434): CodeIgniter\CodeIgniter->runController(Object(App\Controllers\Route))
#11 C:\xampp\htdocs\projects2022\p_cesmk\system\CodeIgniter.php(335): CodeIgniter\CodeIgniter->handleRequest(NULL, Object(Config\Cache), false)
#12 C:\xampp\htdocs\projects2022\p_cesmk\public\index.php(43): CodeIgniter\CodeIgniter->run()
#13 C:\xampp\htdocs\projects2022\p_cesmk\system\Commands\Server\rewrite.php(45): require_once('C:\\xampp\\htdocs...')
#14 {main}
CRITICAL - 2022-02-13 15:18:32 --> Invalid argument supplied for foreach()
#0 C:\xampp\htdocs\projects2022\p_cesmk\app\Views\frontend\layout\menu_mobile.php(12): CodeIgniter\Debug\Exceptions->errorHandler(2, 'Invalid argumen...', 'C:\\xampp\\htdocs...', 12, Array)
#1 C:\xampp\htdocs\projects2022\p_cesmk\system\View\View.php(220): include('C:\\xampp\\htdocs...')
#2 C:\xampp\htdocs\projects2022\p_cesmk\system\View\View.php(222): CodeIgniter\View\View->CodeIgniter\View\{closure}()
#3 C:\xampp\htdocs\projects2022\p_cesmk\system\View\View.php(468): CodeIgniter\View\View->render('frontend/layout...', NULL, true)
#4 C:\xampp\htdocs\projects2022\p_cesmk\app\Views\frontend\default.php(38): CodeIgniter\View\View->include('frontend/layout...')
#5 C:\xampp\htdocs\projects2022\p_cesmk\system\View\View.php(220): include('C:\\xampp\\htdocs...')
#6 C:\xampp\htdocs\projects2022\p_cesmk\system\View\View.php(222): CodeIgniter\View\View->CodeIgniter\View\{closure}()
#7 C:\xampp\htdocs\projects2022\p_cesmk\system\Common.php(1217): CodeIgniter\View\View->render('frontend/defaul...', Array, true)
#8 C:\xampp\htdocs\projects2022\p_cesmk\app\Controllers\Route.php(53): view('frontend/defaul...', Array)
#9 C:\xampp\htdocs\projects2022\p_cesmk\system\CodeIgniter.php(938): App\Controllers\Route->index('uploads', 'webps', 'news', '2021', '12', 'thumb', 'vit-nuong-thao-...')
#10 C:\xampp\htdocs\projects2022\p_cesmk\system\CodeIgniter.php(434): CodeIgniter\CodeIgniter->runController(Object(App\Controllers\Route))
#11 C:\xampp\htdocs\projects2022\p_cesmk\system\CodeIgniter.php(335): CodeIgniter\CodeIgniter->handleRequest(NULL, Object(Config\Cache), false)
#12 C:\xampp\htdocs\projects2022\p_cesmk\public\index.php(43): CodeIgniter\CodeIgniter->run()
#13 C:\xampp\htdocs\projects2022\p_cesmk\system\Commands\Server\rewrite.php(45): require_once('C:\\xampp\\htdocs...')
#14 {main}
CRITICAL - 2022-02-13 15:19:15 --> Invalid argument supplied for foreach()
#0 C:\xampp\htdocs\projects2022\p_cesmk\app\Views\frontend\layout\menu_mobile.php(12): CodeIgniter\Debug\Exceptions->errorHandler(2, 'Invalid argumen...', 'C:\\xampp\\htdocs...', 12, Array)
#1 C:\xampp\htdocs\projects2022\p_cesmk\system\View\View.php(220): include('C:\\xampp\\htdocs...')
#2 C:\xampp\htdocs\projects2022\p_cesmk\system\View\View.php(222): CodeIgniter\View\View->CodeIgniter\View\{closure}()
#3 C:\xampp\htdocs\projects2022\p_cesmk\system\View\View.php(468): CodeIgniter\View\View->render('frontend/layout...', NULL, true)
#4 C:\xampp\htdocs\projects2022\p_cesmk\app\Views\frontend\default.php(38): CodeIgniter\View\View->include('frontend/layout...')
#5 C:\xampp\htdocs\projects2022\p_cesmk\system\View\View.php(220): include('C:\\xampp\\htdocs...')
#6 C:\xampp\htdocs\projects2022\p_cesmk\system\View\View.php(222): CodeIgniter\View\View->CodeIgniter\View\{closure}()
#7 C:\xampp\htdocs\projects2022\p_cesmk\system\Common.php(1217): CodeIgniter\View\View->render('frontend/defaul...', Array, true)
#8 C:\xampp\htdocs\projects2022\p_cesmk\app\Controllers\Route.php(53): view('frontend/defaul...', Array)
#9 C:\xampp\htdocs\projects2022\p_cesmk\system\CodeIgniter.php(938): App\Controllers\Route->index('uploads', 'webps', 'news', '2021', '12', 'thumb', 'vit-nuong-thao-...')
#10 C:\xampp\htdocs\projects2022\p_cesmk\system\CodeIgniter.php(434): CodeIgniter\CodeIgniter->runController(Object(App\Controllers\Route))
#11 C:\xampp\htdocs\projects2022\p_cesmk\system\CodeIgniter.php(335): CodeIgniter\CodeIgniter->handleRequest(NULL, Object(Config\Cache), false)
#12 C:\xampp\htdocs\projects2022\p_cesmk\public\index.php(43): CodeIgniter\CodeIgniter->run()
#13 C:\xampp\htdocs\projects2022\p_cesmk\system\Commands\Server\rewrite.php(45): require_once('C:\\xampp\\htdocs...')
#14 {main}
CRITICAL - 2022-02-13 15:19:23 --> Invalid argument supplied for foreach()
#0 C:\xampp\htdocs\projects2022\p_cesmk\app\Views\frontend\layout\menu_mobile.php(12): CodeIgniter\Debug\Exceptions->errorHandler(2, 'Invalid argumen...', 'C:\\xampp\\htdocs...', 12, Array)
#1 C:\xampp\htdocs\projects2022\p_cesmk\system\View\View.php(220): include('C:\\xampp\\htdocs...')
#2 C:\xampp\htdocs\projects2022\p_cesmk\system\View\View.php(222): CodeIgniter\View\View->CodeIgniter\View\{closure}()
#3 C:\xampp\htdocs\projects2022\p_cesmk\system\View\View.php(468): CodeIgniter\View\View->render('frontend/layout...', NULL, true)
#4 C:\xampp\htdocs\projects2022\p_cesmk\app\Views\frontend\default.php(38): CodeIgniter\View\View->include('frontend/layout...')
#5 C:\xampp\htdocs\projects2022\p_cesmk\system\View\View.php(220): include('C:\\xampp\\htdocs...')
#6 C:\xampp\htdocs\projects2022\p_cesmk\system\View\View.php(222): CodeIgniter\View\View->CodeIgniter\View\{closure}()
#7 C:\xampp\htdocs\projects2022\p_cesmk\system\Common.php(1217): CodeIgniter\View\View->render('frontend/defaul...', Array, true)
#8 C:\xampp\htdocs\projects2022\p_cesmk\app\Controllers\Route.php(53): view('frontend/defaul...', Array)
#9 C:\xampp\htdocs\projects2022\p_cesmk\system\CodeIgniter.php(938): App\Controllers\Route->index('uploads', 'webps', 'news', '2021', '12', 'thumb', 'vit-nuong-thao-...')
#10 C:\xampp\htdocs\projects2022\p_cesmk\system\CodeIgniter.php(434): CodeIgniter\CodeIgniter->runController(Object(App\Controllers\Route))
#11 C:\xampp\htdocs\projects2022\p_cesmk\system\CodeIgniter.php(335): CodeIgniter\CodeIgniter->handleRequest(NULL, Object(Config\Cache), false)
#12 C:\xampp\htdocs\projects2022\p_cesmk\public\index.php(43): CodeIgniter\CodeIgniter->run()
#13 C:\xampp\htdocs\projects2022\p_cesmk\system\Commands\Server\rewrite.php(45): require_once('C:\\xampp\\htdocs...')
#14 {main}
CRITICAL - 2022-02-13 15:19:33 --> Invalid argument supplied for foreach()
#0 C:\xampp\htdocs\projects2022\p_cesmk\app\Views\frontend\layout\menu_mobile.php(12): CodeIgniter\Debug\Exceptions->errorHandler(2, 'Invalid argumen...', 'C:\\xampp\\htdocs...', 12, Array)
#1 C:\xampp\htdocs\projects2022\p_cesmk\system\View\View.php(220): include('C:\\xampp\\htdocs...')
#2 C:\xampp\htdocs\projects2022\p_cesmk\system\View\View.php(222): CodeIgniter\View\View->CodeIgniter\View\{closure}()
#3 C:\xampp\htdocs\projects2022\p_cesmk\system\View\View.php(468): CodeIgniter\View\View->render('frontend/layout...', NULL, true)
#4 C:\xampp\htdocs\projects2022\p_cesmk\app\Views\frontend\default.php(38): CodeIgniter\View\View->include('frontend/layout...')
#5 C:\xampp\htdocs\projects2022\p_cesmk\system\View\View.php(220): include('C:\\xampp\\htdocs...')
#6 C:\xampp\htdocs\projects2022\p_cesmk\system\View\View.php(222): CodeIgniter\View\View->CodeIgniter\View\{closure}()
#7 C:\xampp\htdocs\projects2022\p_cesmk\system\Common.php(1217): CodeIgniter\View\View->render('frontend/defaul...', Array, true)
#8 C:\xampp\htdocs\projects2022\p_cesmk\app\Controllers\Route.php(53): view('frontend/defaul...', Array)
#9 C:\xampp\htdocs\projects2022\p_cesmk\system\CodeIgniter.php(938): App\Controllers\Route->index('uploads', 'webps', 'news', '2021', '12', 'thumb', 'vit-nuong-thao-...')
#10 C:\xampp\htdocs\projects2022\p_cesmk\system\CodeIgniter.php(434): CodeIgniter\CodeIgniter->runController(Object(App\Controllers\Route))
#11 C:\xampp\htdocs\projects2022\p_cesmk\system\CodeIgniter.php(335): CodeIgniter\CodeIgniter->handleRequest(NULL, Object(Config\Cache), false)
#12 C:\xampp\htdocs\projects2022\p_cesmk\public\index.php(43): CodeIgniter\CodeIgniter->run()
#13 C:\xampp\htdocs\projects2022\p_cesmk\system\Commands\Server\rewrite.php(45): require_once('C:\\xampp\\htdocs...')
#14 {main}
CRITICAL - 2022-02-13 15:24:21 --> Invalid argument supplied for foreach()
#0 C:\xampp\htdocs\projects2022\p_cesmk\app\Views\frontend\layout\menu_mobile.php(12): CodeIgniter\Debug\Exceptions->errorHandler(2, 'Invalid argumen...', 'C:\\xampp\\htdocs...', 12, Array)
#1 C:\xampp\htdocs\projects2022\p_cesmk\system\View\View.php(220): include('C:\\xampp\\htdocs...')
#2 C:\xampp\htdocs\projects2022\p_cesmk\system\View\View.php(222): CodeIgniter\View\View->CodeIgniter\View\{closure}()
#3 C:\xampp\htdocs\projects2022\p_cesmk\system\View\View.php(468): CodeIgniter\View\View->render('frontend/layout...', NULL, true)
#4 C:\xampp\htdocs\projects2022\p_cesmk\app\Views\frontend\default.php(38): CodeIgniter\View\View->include('frontend/layout...')
#5 C:\xampp\htdocs\projects2022\p_cesmk\system\View\View.php(220): include('C:\\xampp\\htdocs...')
#6 C:\xampp\htdocs\projects2022\p_cesmk\system\View\View.php(222): CodeIgniter\View\View->CodeIgniter\View\{closure}()
#7 C:\xampp\htdocs\projects2022\p_cesmk\system\Common.php(1217): CodeIgniter\View\View->render('frontend/defaul...', Array, true)
#8 C:\xampp\htdocs\projects2022\p_cesmk\app\Controllers\Route.php(53): view('frontend/defaul...', Array)
#9 C:\xampp\htdocs\projects2022\p_cesmk\system\CodeIgniter.php(938): App\Controllers\Route->index('uploads', 'webps', 'news', '2021', '12', 'thumb', 'vit-nuong-thao-...')
#10 C:\xampp\htdocs\projects2022\p_cesmk\system\CodeIgniter.php(434): CodeIgniter\CodeIgniter->runController(Object(App\Controllers\Route))
#11 C:\xampp\htdocs\projects2022\p_cesmk\system\CodeIgniter.php(335): CodeIgniter\CodeIgniter->handleRequest(NULL, Object(Config\Cache), false)
#12 C:\xampp\htdocs\projects2022\p_cesmk\public\index.php(43): CodeIgniter\CodeIgniter->run()
#13 C:\xampp\htdocs\projects2022\p_cesmk\system\Commands\Server\rewrite.php(45): require_once('C:\\xampp\\htdocs...')
#14 {main}
CRITICAL - 2022-02-13 15:25:19 --> Invalid argument supplied for foreach()
#0 C:\xampp\htdocs\projects2022\p_cesmk\app\Views\frontend\layout\menu_mobile.php(12): CodeIgniter\Debug\Exceptions->errorHandler(2, 'Invalid argumen...', 'C:\\xampp\\htdocs...', 12, Array)
#1 C:\xampp\htdocs\projects2022\p_cesmk\system\View\View.php(220): include('C:\\xampp\\htdocs...')
#2 C:\xampp\htdocs\projects2022\p_cesmk\system\View\View.php(222): CodeIgniter\View\View->CodeIgniter\View\{closure}()
#3 C:\xampp\htdocs\projects2022\p_cesmk\system\View\View.php(468): CodeIgniter\View\View->render('frontend/layout...', NULL, true)
#4 C:\xampp\htdocs\projects2022\p_cesmk\app\Views\frontend\default.php(38): CodeIgniter\View\View->include('frontend/layout...')
#5 C:\xampp\htdocs\projects2022\p_cesmk\system\View\View.php(220): include('C:\\xampp\\htdocs...')
#6 C:\xampp\htdocs\projects2022\p_cesmk\system\View\View.php(222): CodeIgniter\View\View->CodeIgniter\View\{closure}()
#7 C:\xampp\htdocs\projects2022\p_cesmk\system\Common.php(1217): CodeIgniter\View\View->render('frontend/defaul...', Array, true)
#8 C:\xampp\htdocs\projects2022\p_cesmk\app\Controllers\Route.php(53): view('frontend/defaul...', Array)
#9 C:\xampp\htdocs\projects2022\p_cesmk\system\CodeIgniter.php(938): App\Controllers\Route->index('uploads', 'webps', 'news', '2021', '12', 'thumb', 'vit-nuong-thao-...')
#10 C:\xampp\htdocs\projects2022\p_cesmk\system\CodeIgniter.php(434): CodeIgniter\CodeIgniter->runController(Object(App\Controllers\Route))
#11 C:\xampp\htdocs\projects2022\p_cesmk\system\CodeIgniter.php(335): CodeIgniter\CodeIgniter->handleRequest(NULL, Object(Config\Cache), false)
#12 C:\xampp\htdocs\projects2022\p_cesmk\public\index.php(43): CodeIgniter\CodeIgniter->run()
#13 C:\xampp\htdocs\projects2022\p_cesmk\system\Commands\Server\rewrite.php(45): require_once('C:\\xampp\\htdocs...')
#14 {main}
CRITICAL - 2022-02-13 15:25:27 --> Invalid argument supplied for foreach()
#0 C:\xampp\htdocs\projects2022\p_cesmk\app\Views\frontend\layout\menu_mobile.php(12): CodeIgniter\Debug\Exceptions->errorHandler(2, 'Invalid argumen...', 'C:\\xampp\\htdocs...', 12, Array)
#1 C:\xampp\htdocs\projects2022\p_cesmk\system\View\View.php(220): include('C:\\xampp\\htdocs...')
#2 C:\xampp\htdocs\projects2022\p_cesmk\system\View\View.php(222): CodeIgniter\View\View->CodeIgniter\View\{closure}()
#3 C:\xampp\htdocs\projects2022\p_cesmk\system\View\View.php(468): CodeIgniter\View\View->render('frontend/layout...', NULL, true)
#4 C:\xampp\htdocs\projects2022\p_cesmk\app\Views\frontend\default.php(38): CodeIgniter\View\View->include('frontend/layout...')
#5 C:\xampp\htdocs\projects2022\p_cesmk\system\View\View.php(220): include('C:\\xampp\\htdocs...')
#6 C:\xampp\htdocs\projects2022\p_cesmk\system\View\View.php(222): CodeIgniter\View\View->CodeIgniter\View\{closure}()
#7 C:\xampp\htdocs\projects2022\p_cesmk\system\Common.php(1217): CodeIgniter\View\View->render('frontend/defaul...', Array, true)
#8 C:\xampp\htdocs\projects2022\p_cesmk\app\Controllers\Route.php(53): view('frontend/defaul...', Array)
#9 C:\xampp\htdocs\projects2022\p_cesmk\system\CodeIgniter.php(938): App\Controllers\Route->index('uploads', 'webps', 'news', '2021', '12', 'thumb', 'vit-nuong-thao-...')
#10 C:\xampp\htdocs\projects2022\p_cesmk\system\CodeIgniter.php(434): CodeIgniter\CodeIgniter->runController(Object(App\Controllers\Route))
#11 C:\xampp\htdocs\projects2022\p_cesmk\system\CodeIgniter.php(335): CodeIgniter\CodeIgniter->handleRequest(NULL, Object(Config\Cache), false)
#12 C:\xampp\htdocs\projects2022\p_cesmk\public\index.php(43): CodeIgniter\CodeIgniter->run()
#13 C:\xampp\htdocs\projects2022\p_cesmk\system\Commands\Server\rewrite.php(45): require_once('C:\\xampp\\htdocs...')
#14 {main}
CRITICAL - 2022-02-13 15:25:56 --> Invalid argument supplied for foreach()
#0 C:\xampp\htdocs\projects2022\p_cesmk\app\Views\frontend\layout\menu_mobile.php(12): CodeIgniter\Debug\Exceptions->errorHandler(2, 'Invalid argumen...', 'C:\\xampp\\htdocs...', 12, Array)
#1 C:\xampp\htdocs\projects2022\p_cesmk\system\View\View.php(220): include('C:\\xampp\\htdocs...')
#2 C:\xampp\htdocs\projects2022\p_cesmk\system\View\View.php(222): CodeIgniter\View\View->CodeIgniter\View\{closure}()
#3 C:\xampp\htdocs\projects2022\p_cesmk\system\View\View.php(468): CodeIgniter\View\View->render('frontend/layout...', NULL, true)
#4 C:\xampp\htdocs\projects2022\p_cesmk\app\Views\frontend\default.php(38): CodeIgniter\View\View->include('frontend/layout...')
#5 C:\xampp\htdocs\projects2022\p_cesmk\system\View\View.php(220): include('C:\\xampp\\htdocs...')
#6 C:\xampp\htdocs\projects2022\p_cesmk\system\View\View.php(222): CodeIgniter\View\View->CodeIgniter\View\{closure}()
#7 C:\xampp\htdocs\projects2022\p_cesmk\system\Common.php(1217): CodeIgniter\View\View->render('frontend/defaul...', Array, true)
#8 C:\xampp\htdocs\projects2022\p_cesmk\app\Controllers\Route.php(53): view('frontend/defaul...', Array)
#9 C:\xampp\htdocs\projects2022\p_cesmk\system\CodeIgniter.php(938): App\Controllers\Route->index('uploads', 'images', 'news', '2021', '12', 'thumb', 'vit-nuong-thao-...')
#10 C:\xampp\htdocs\projects2022\p_cesmk\system\CodeIgniter.php(434): CodeIgniter\CodeIgniter->runController(Object(App\Controllers\Route))
#11 C:\xampp\htdocs\projects2022\p_cesmk\system\CodeIgniter.php(335): CodeIgniter\CodeIgniter->handleRequest(NULL, Object(Config\Cache), false)
#12 C:\xampp\htdocs\projects2022\p_cesmk\public\index.php(43): CodeIgniter\CodeIgniter->run()
#13 C:\xampp\htdocs\projects2022\p_cesmk\system\Commands\Server\rewrite.php(45): require_once('C:\\xampp\\htdocs...')
#14 {main}
CRITICAL - 2022-02-13 15:26:09 --> Invalid argument supplied for foreach()
#0 C:\xampp\htdocs\projects2022\p_cesmk\app\Views\frontend\layout\menu_mobile.php(12): CodeIgniter\Debug\Exceptions->errorHandler(2, 'Invalid argumen...', 'C:\\xampp\\htdocs...', 12, Array)
#1 C:\xampp\htdocs\projects2022\p_cesmk\system\View\View.php(220): include('C:\\xampp\\htdocs...')
#2 C:\xampp\htdocs\projects2022\p_cesmk\system\View\View.php(222): CodeIgniter\View\View->CodeIgniter\View\{closure}()
#3 C:\xampp\htdocs\projects2022\p_cesmk\system\View\View.php(468): CodeIgniter\View\View->render('frontend/layout...', NULL, true)
#4 C:\xampp\htdocs\projects2022\p_cesmk\app\Views\frontend\default.php(38): CodeIgniter\View\View->include('frontend/layout...')
#5 C:\xampp\htdocs\projects2022\p_cesmk\system\View\View.php(220): include('C:\\xampp\\htdocs...')
#6 C:\xampp\htdocs\projects2022\p_cesmk\system\View\View.php(222): CodeIgniter\View\View->CodeIgniter\View\{closure}()
#7 C:\xampp\htdocs\projects2022\p_cesmk\system\Common.php(1217): CodeIgniter\View\View->render('frontend/defaul...', Array, true)
#8 C:\xampp\htdocs\projects2022\p_cesmk\app\Controllers\Route.php(53): view('frontend/defaul...', Array)
#9 C:\xampp\htdocs\projects2022\p_cesmk\system\CodeIgniter.php(938): App\Controllers\Route->index('uploads', 'images', 'news', '2021', '12', 'thumb', 'vit-nuong-thao-...')
#10 C:\xampp\htdocs\projects2022\p_cesmk\system\CodeIgniter.php(434): CodeIgniter\CodeIgniter->runController(Object(App\Controllers\Route))
#11 C:\xampp\htdocs\projects2022\p_cesmk\system\CodeIgniter.php(335): CodeIgniter\CodeIgniter->handleRequest(NULL, Object(Config\Cache), false)
#12 C:\xampp\htdocs\projects2022\p_cesmk\public\index.php(43): CodeIgniter\CodeIgniter->run()
#13 C:\xampp\htdocs\projects2022\p_cesmk\system\Commands\Server\rewrite.php(45): require_once('C:\\xampp\\htdocs...')
#14 {main}
CRITICAL - 2022-02-13 15:27:09 --> Invalid argument supplied for foreach()
#0 C:\xampp\htdocs\projects2022\p_cesmk\app\Views\frontend\layout\menu_mobile.php(12): CodeIgniter\Debug\Exceptions->errorHandler(2, 'Invalid argumen...', 'C:\\xampp\\htdocs...', 12, Array)
#1 C:\xampp\htdocs\projects2022\p_cesmk\system\View\View.php(220): include('C:\\xampp\\htdocs...')
#2 C:\xampp\htdocs\projects2022\p_cesmk\system\View\View.php(222): CodeIgniter\View\View->CodeIgniter\View\{closure}()
#3 C:\xampp\htdocs\projects2022\p_cesmk\system\View\View.php(468): CodeIgniter\View\View->render('frontend/layout...', NULL, true)
#4 C:\xampp\htdocs\projects2022\p_cesmk\app\Views\frontend\default.php(38): CodeIgniter\View\View->include('frontend/layout...')
#5 C:\xampp\htdocs\projects2022\p_cesmk\system\View\View.php(220): include('C:\\xampp\\htdocs...')
#6 C:\xampp\htdocs\projects2022\p_cesmk\system\View\View.php(222): CodeIgniter\View\View->CodeIgniter\View\{closure}()
#7 C:\xampp\htdocs\projects2022\p_cesmk\system\Common.php(1217): CodeIgniter\View\View->render('frontend/defaul...', Array, true)
#8 C:\xampp\htdocs\projects2022\p_cesmk\app\Controllers\Route.php(53): view('frontend/defaul...', Array)
#9 C:\xampp\htdocs\projects2022\p_cesmk\system\CodeIgniter.php(938): App\Controllers\Route->index('uploads', 'images', 'news', '2021', '12', 'thumb', 'vit-nuong-thao-...')
#10 C:\xampp\htdocs\projects2022\p_cesmk\system\CodeIgniter.php(434): CodeIgniter\CodeIgniter->runController(Object(App\Controllers\Route))
#11 C:\xampp\htdocs\projects2022\p_cesmk\system\CodeIgniter.php(335): CodeIgniter\CodeIgniter->handleRequest(NULL, Object(Config\Cache), false)
#12 C:\xampp\htdocs\projects2022\p_cesmk\public\index.php(43): CodeIgniter\CodeIgniter->run()
#13 C:\xampp\htdocs\projects2022\p_cesmk\system\Commands\Server\rewrite.php(45): require_once('C:\\xampp\\htdocs...')
#14 {main}
CRITICAL - 2022-02-13 15:27:35 --> Invalid argument supplied for foreach()
#0 C:\xampp\htdocs\projects2022\p_cesmk\app\Views\frontend\layout\menu_mobile.php(12): CodeIgniter\Debug\Exceptions->errorHandler(2, 'Invalid argumen...', 'C:\\xampp\\htdocs...', 12, Array)
#1 C:\xampp\htdocs\projects2022\p_cesmk\system\View\View.php(220): include('C:\\xampp\\htdocs...')
#2 C:\xampp\htdocs\projects2022\p_cesmk\system\View\View.php(222): CodeIgniter\View\View->CodeIgniter\View\{closure}()
#3 C:\xampp\htdocs\projects2022\p_cesmk\system\View\View.php(468): CodeIgniter\View\View->render('frontend/layout...', NULL, true)
#4 C:\xampp\htdocs\projects2022\p_cesmk\app\Views\frontend\default.php(38): CodeIgniter\View\View->include('frontend/layout...')
#5 C:\xampp\htdocs\projects2022\p_cesmk\system\View\View.php(220): include('C:\\xampp\\htdocs...')
#6 C:\xampp\htdocs\projects2022\p_cesmk\system\View\View.php(222): CodeIgniter\View\View->CodeIgniter\View\{closure}()
#7 C:\xampp\htdocs\projects2022\p_cesmk\system\Common.php(1217): CodeIgniter\View\View->render('frontend/defaul...', Array, true)
#8 C:\xampp\htdocs\projects2022\p_cesmk\app\Controllers\Route.php(53): view('frontend/defaul...', Array)
#9 C:\xampp\htdocs\projects2022\p_cesmk\system\CodeIgniter.php(938): App\Controllers\Route->index('uploads', 'images', 'news', '2021', '12', 'thumb', 'vit-nuong-thao-...')
#10 C:\xampp\htdocs\projects2022\p_cesmk\system\CodeIgniter.php(434): CodeIgniter\CodeIgniter->runController(Object(App\Controllers\Route))
#11 C:\xampp\htdocs\projects2022\p_cesmk\system\CodeIgniter.php(335): CodeIgniter\CodeIgniter->handleRequest(NULL, Object(Config\Cache), false)
#12 C:\xampp\htdocs\projects2022\p_cesmk\public\index.php(43): CodeIgniter\CodeIgniter->run()
#13 C:\xampp\htdocs\projects2022\p_cesmk\system\Commands\Server\rewrite.php(45): require_once('C:\\xampp\\htdocs...')
#14 {main}
CRITICAL - 2022-02-13 15:28:06 --> Invalid argument supplied for foreach()
#0 C:\xampp\htdocs\projects2022\p_cesmk\app\Views\frontend\layout\menu_mobile.php(12): CodeIgniter\Debug\Exceptions->errorHandler(2, 'Invalid argumen...', 'C:\\xampp\\htdocs...', 12, Array)
#1 C:\xampp\htdocs\projects2022\p_cesmk\system\View\View.php(220): include('C:\\xampp\\htdocs...')
#2 C:\xampp\htdocs\projects2022\p_cesmk\system\View\View.php(222): CodeIgniter\View\View->CodeIgniter\View\{closure}()
#3 C:\xampp\htdocs\projects2022\p_cesmk\system\View\View.php(468): CodeIgniter\View\View->render('frontend/layout...', NULL, true)
#4 C:\xampp\htdocs\projects2022\p_cesmk\app\Views\frontend\default.php(38): CodeIgniter\View\View->include('frontend/layout...')
#5 C:\xampp\htdocs\projects2022\p_cesmk\system\View\View.php(220): include('C:\\xampp\\htdocs...')
#6 C:\xampp\htdocs\projects2022\p_cesmk\system\View\View.php(222): CodeIgniter\View\View->CodeIgniter\View\{closure}()
#7 C:\xampp\htdocs\projects2022\p_cesmk\system\Common.php(1217): CodeIgniter\View\View->render('frontend/defaul...', Array, true)
#8 C:\xampp\htdocs\projects2022\p_cesmk\app\Controllers\Route.php(53): view('frontend/defaul...', Array)
#9 C:\xampp\htdocs\projects2022\p_cesmk\system\CodeIgniter.php(938): App\Controllers\Route->index('uploads', 'images', 'news', '2021', '12', 'thumb', 'vit-nuong-thao-...')
#10 C:\xampp\htdocs\projects2022\p_cesmk\system\CodeIgniter.php(434): CodeIgniter\CodeIgniter->runController(Object(App\Controllers\Route))
#11 C:\xampp\htdocs\projects2022\p_cesmk\system\CodeIgniter.php(335): CodeIgniter\CodeIgniter->handleRequest(NULL, Object(Config\Cache), false)
#12 C:\xampp\htdocs\projects2022\p_cesmk\public\index.php(43): CodeIgniter\CodeIgniter->run()
#13 C:\xampp\htdocs\projects2022\p_cesmk\system\Commands\Server\rewrite.php(45): require_once('C:\\xampp\\htdocs...')
#14 {main}
CRITICAL - 2022-02-13 15:28:32 --> Invalid argument supplied for foreach()
#0 C:\xampp\htdocs\projects2022\p_cesmk\app\Views\frontend\layout\menu_mobile.php(12): CodeIgniter\Debug\Exceptions->errorHandler(2, 'Invalid argumen...', 'C:\\xampp\\htdocs...', 12, Array)
#1 C:\xampp\htdocs\projects2022\p_cesmk\system\View\View.php(220): include('C:\\xampp\\htdocs...')
#2 C:\xampp\htdocs\projects2022\p_cesmk\system\View\View.php(222): CodeIgniter\View\View->CodeIgniter\View\{closure}()
#3 C:\xampp\htdocs\projects2022\p_cesmk\system\View\View.php(468): CodeIgniter\View\View->render('frontend/layout...', NULL, true)
#4 C:\xampp\htdocs\projects2022\p_cesmk\app\Views\frontend\default.php(38): CodeIgniter\View\View->include('frontend/layout...')
#5 C:\xampp\htdocs\projects2022\p_cesmk\system\View\View.php(220): include('C:\\xampp\\htdocs...')
#6 C:\xampp\htdocs\projects2022\p_cesmk\system\View\View.php(222): CodeIgniter\View\View->CodeIgniter\View\{closure}()
#7 C:\xampp\htdocs\projects2022\p_cesmk\system\Common.php(1217): CodeIgniter\View\View->render('frontend/defaul...', Array, true)
#8 C:\xampp\htdocs\projects2022\p_cesmk\app\Controllers\Route.php(53): view('frontend/defaul...', Array)
#9 C:\xampp\htdocs\projects2022\p_cesmk\system\CodeIgniter.php(938): App\Controllers\Route->index('uploads', 'images', 'news', '2021', '12', 'thumb', 'vit-nuong-thao-...')
#10 C:\xampp\htdocs\projects2022\p_cesmk\system\CodeIgniter.php(434): CodeIgniter\CodeIgniter->runController(Object(App\Controllers\Route))
#11 C:\xampp\htdocs\projects2022\p_cesmk\system\CodeIgniter.php(335): CodeIgniter\CodeIgniter->handleRequest(NULL, Object(Config\Cache), false)
#12 C:\xampp\htdocs\projects2022\p_cesmk\public\index.php(43): CodeIgniter\CodeIgniter->run()
#13 C:\xampp\htdocs\projects2022\p_cesmk\system\Commands\Server\rewrite.php(45): require_once('C:\\xampp\\htdocs...')
#14 {main}
CRITICAL - 2022-02-13 15:28:56 --> Invalid argument supplied for foreach()
#0 C:\xampp\htdocs\projects2022\p_cesmk\app\Views\frontend\layout\menu_mobile.php(12): CodeIgniter\Debug\Exceptions->errorHandler(2, 'Invalid argumen...', 'C:\\xampp\\htdocs...', 12, Array)
#1 C:\xampp\htdocs\projects2022\p_cesmk\system\View\View.php(220): include('C:\\xampp\\htdocs...')
#2 C:\xampp\htdocs\projects2022\p_cesmk\system\View\View.php(222): CodeIgniter\View\View->CodeIgniter\View\{closure}()
#3 C:\xampp\htdocs\projects2022\p_cesmk\system\View\View.php(468): CodeIgniter\View\View->render('frontend/layout...', NULL, true)
#4 C:\xampp\htdocs\projects2022\p_cesmk\app\Views\frontend\default.php(38): CodeIgniter\View\View->include('frontend/layout...')
#5 C:\xampp\htdocs\projects2022\p_cesmk\system\View\View.php(220): include('C:\\xampp\\htdocs...')
#6 C:\xampp\htdocs\projects2022\p_cesmk\system\View\View.php(222): CodeIgniter\View\View->CodeIgniter\View\{closure}()
#7 C:\xampp\htdocs\projects2022\p_cesmk\system\Common.php(1217): CodeIgniter\View\View->render('frontend/defaul...', Array, true)
#8 C:\xampp\htdocs\projects2022\p_cesmk\app\Controllers\Route.php(53): view('frontend/defaul...', Array)
#9 C:\xampp\htdocs\projects2022\p_cesmk\system\CodeIgniter.php(938): App\Controllers\Route->index('uploads', 'webps', 'news', '2021', '12', 'thumb', 'vit-nuong-thao-...')
#10 C:\xampp\htdocs\projects2022\p_cesmk\system\CodeIgniter.php(434): CodeIgniter\CodeIgniter->runController(Object(App\Controllers\Route))
#11 C:\xampp\htdocs\projects2022\p_cesmk\system\CodeIgniter.php(335): CodeIgniter\CodeIgniter->handleRequest(NULL, Object(Config\Cache), false)
#12 C:\xampp\htdocs\projects2022\p_cesmk\public\index.php(43): CodeIgniter\CodeIgniter->run()
#13 C:\xampp\htdocs\projects2022\p_cesmk\system\Commands\Server\rewrite.php(45): require_once('C:\\xampp\\htdocs...')
#14 {main}
CRITICAL - 2022-02-13 15:29:12 --> Invalid argument supplied for foreach()
#0 C:\xampp\htdocs\projects2022\p_cesmk\app\Views\frontend\layout\menu_mobile.php(12): CodeIgniter\Debug\Exceptions->errorHandler(2, 'Invalid argumen...', 'C:\\xampp\\htdocs...', 12, Array)
#1 C:\xampp\htdocs\projects2022\p_cesmk\system\View\View.php(220): include('C:\\xampp\\htdocs...')
#2 C:\xampp\htdocs\projects2022\p_cesmk\system\View\View.php(222): CodeIgniter\View\View->CodeIgniter\View\{closure}()
#3 C:\xampp\htdocs\projects2022\p_cesmk\system\View\View.php(468): CodeIgniter\View\View->render('frontend/layout...', NULL, true)
#4 C:\xampp\htdocs\projects2022\p_cesmk\app\Views\frontend\default.php(38): CodeIgniter\View\View->include('frontend/layout...')
#5 C:\xampp\htdocs\projects2022\p_cesmk\system\View\View.php(220): include('C:\\xampp\\htdocs...')
#6 C:\xampp\htdocs\projects2022\p_cesmk\system\View\View.php(222): CodeIgniter\View\View->CodeIgniter\View\{closure}()
#7 C:\xampp\htdocs\projects2022\p_cesmk\system\Common.php(1217): CodeIgniter\View\View->render('frontend/defaul...', Array, true)
#8 C:\xampp\htdocs\projects2022\p_cesmk\app\Controllers\Route.php(53): view('frontend/defaul...', Array)
#9 C:\xampp\htdocs\projects2022\p_cesmk\system\CodeIgniter.php(938): App\Controllers\Route->index('uploads', 'webps', 'news', '2021', '12', 'thumb', 'vit-nuong-thao-...')
#10 C:\xampp\htdocs\projects2022\p_cesmk\system\CodeIgniter.php(434): CodeIgniter\CodeIgniter->runController(Object(App\Controllers\Route))
#11 C:\xampp\htdocs\projects2022\p_cesmk\system\CodeIgniter.php(335): CodeIgniter\CodeIgniter->handleRequest(NULL, Object(Config\Cache), false)
#12 C:\xampp\htdocs\projects2022\p_cesmk\public\index.php(43): CodeIgniter\CodeIgniter->run()
#13 C:\xampp\htdocs\projects2022\p_cesmk\system\Commands\Server\rewrite.php(45): require_once('C:\\xampp\\htdocs...')
#14 {main}
CRITICAL - 2022-02-13 15:29:30 --> Invalid argument supplied for foreach()
#0 C:\xampp\htdocs\projects2022\p_cesmk\app\Views\frontend\layout\menu_mobile.php(12): CodeIgniter\Debug\Exceptions->errorHandler(2, 'Invalid argumen...', 'C:\\xampp\\htdocs...', 12, Array)
#1 C:\xampp\htdocs\projects2022\p_cesmk\system\View\View.php(220): include('C:\\xampp\\htdocs...')
#2 C:\xampp\htdocs\projects2022\p_cesmk\system\View\View.php(222): CodeIgniter\View\View->CodeIgniter\View\{closure}()
#3 C:\xampp\htdocs\projects2022\p_cesmk\system\View\View.php(468): CodeIgniter\View\View->render('frontend/layout...', NULL, true)
#4 C:\xampp\htdocs\projects2022\p_cesmk\app\Views\frontend\default.php(38): CodeIgniter\View\View->include('frontend/layout...')
#5 C:\xampp\htdocs\projects2022\p_cesmk\system\View\View.php(220): include('C:\\xampp\\htdocs...')
#6 C:\xampp\htdocs\projects2022\p_cesmk\system\View\View.php(222): CodeIgniter\View\View->CodeIgniter\View\{closure}()
#7 C:\xampp\htdocs\projects2022\p_cesmk\system\Common.php(1217): CodeIgniter\View\View->render('frontend/defaul...', Array, true)
#8 C:\xampp\htdocs\projects2022\p_cesmk\app\Controllers\Route.php(53): view('frontend/defaul...', Array)
#9 C:\xampp\htdocs\projects2022\p_cesmk\system\CodeIgniter.php(938): App\Controllers\Route->index('uploads', 'webps', 'news', '2021', '12', 'thumb', 'vit-nuong-thao-...')
#10 C:\xampp\htdocs\projects2022\p_cesmk\system\CodeIgniter.php(434): CodeIgniter\CodeIgniter->runController(Object(App\Controllers\Route))
#11 C:\xampp\htdocs\projects2022\p_cesmk\system\CodeIgniter.php(335): CodeIgniter\CodeIgniter->handleRequest(NULL, Object(Config\Cache), false)
#12 C:\xampp\htdocs\projects2022\p_cesmk\public\index.php(43): CodeIgniter\CodeIgniter->run()
#13 C:\xampp\htdocs\projects2022\p_cesmk\system\Commands\Server\rewrite.php(45): require_once('C:\\xampp\\htdocs...')
#14 {main}
CRITICAL - 2022-02-13 15:30:03 --> Invalid argument supplied for foreach()
#0 C:\xampp\htdocs\projects2022\p_cesmk\app\Views\frontend\layout\menu_mobile.php(12): CodeIgniter\Debug\Exceptions->errorHandler(2, 'Invalid argumen...', 'C:\\xampp\\htdocs...', 12, Array)
#1 C:\xampp\htdocs\projects2022\p_cesmk\system\View\View.php(220): include('C:\\xampp\\htdocs...')
#2 C:\xampp\htdocs\projects2022\p_cesmk\system\View\View.php(222): CodeIgniter\View\View->CodeIgniter\View\{closure}()
#3 C:\xampp\htdocs\projects2022\p_cesmk\system\View\View.php(468): CodeIgniter\View\View->render('frontend/layout...', NULL, true)
#4 C:\xampp\htdocs\projects2022\p_cesmk\app\Views\frontend\default.php(38): CodeIgniter\View\View->include('frontend/layout...')
#5 C:\xampp\htdocs\projects2022\p_cesmk\system\View\View.php(220): include('C:\\xampp\\htdocs...')
#6 C:\xampp\htdocs\projects2022\p_cesmk\system\View\View.php(222): CodeIgniter\View\View->CodeIgniter\View\{closure}()
#7 C:\xampp\htdocs\projects2022\p_cesmk\system\Common.php(1217): CodeIgniter\View\View->render('frontend/defaul...', Array, true)
#8 C:\xampp\htdocs\projects2022\p_cesmk\app\Controllers\Route.php(53): view('frontend/defaul...', Array)
#9 C:\xampp\htdocs\projects2022\p_cesmk\system\CodeIgniter.php(938): App\Controllers\Route->index('uploads', 'images', 'social', '2021', '12', 'thumb', 'social.jpg')
#10 C:\xampp\htdocs\projects2022\p_cesmk\system\CodeIgniter.php(434): CodeIgniter\CodeIgniter->runController(Object(App\Controllers\Route))
#11 C:\xampp\htdocs\projects2022\p_cesmk\system\CodeIgniter.php(335): CodeIgniter\CodeIgniter->handleRequest(NULL, Object(Config\Cache), false)
#12 C:\xampp\htdocs\projects2022\p_cesmk\public\index.php(43): CodeIgniter\CodeIgniter->run()
#13 C:\xampp\htdocs\projects2022\p_cesmk\system\Commands\Server\rewrite.php(45): require_once('C:\\xampp\\htdocs...')
#14 {main}
CRITICAL - 2022-02-13 15:30:29 --> Invalid argument supplied for foreach()
#0 C:\xampp\htdocs\projects2022\p_cesmk\app\Views\frontend\layout\menu_mobile.php(12): CodeIgniter\Debug\Exceptions->errorHandler(2, 'Invalid argumen...', 'C:\\xampp\\htdocs...', 12, Array)
#1 C:\xampp\htdocs\projects2022\p_cesmk\system\View\View.php(220): include('C:\\xampp\\htdocs...')
#2 C:\xampp\htdocs\projects2022\p_cesmk\system\View\View.php(222): CodeIgniter\View\View->CodeIgniter\View\{closure}()
#3 C:\xampp\htdocs\projects2022\p_cesmk\system\View\View.php(468): CodeIgniter\View\View->render('frontend/layout...', NULL, true)
#4 C:\xampp\htdocs\projects2022\p_cesmk\app\Views\frontend\default.php(38): CodeIgniter\View\View->include('frontend/layout...')
#5 C:\xampp\htdocs\projects2022\p_cesmk\system\View\View.php(220): include('C:\\xampp\\htdocs...')
#6 C:\xampp\htdocs\projects2022\p_cesmk\system\View\View.php(222): CodeIgniter\View\View->CodeIgniter\View\{closure}()
#7 C:\xampp\htdocs\projects2022\p_cesmk\system\Common.php(1217): CodeIgniter\View\View->render('frontend/defaul...', Array, true)
#8 C:\xampp\htdocs\projects2022\p_cesmk\app\Controllers\Route.php(53): view('frontend/defaul...', Array)
#9 C:\xampp\htdocs\projects2022\p_cesmk\system\CodeIgniter.php(938): App\Controllers\Route->index('uploads', 'images', 'social', '2021', '12', 'thumb', 'social.jpg')
#10 C:\xampp\htdocs\projects2022\p_cesmk\system\CodeIgniter.php(434): CodeIgniter\CodeIgniter->runController(Object(App\Controllers\Route))
#11 C:\xampp\htdocs\projects2022\p_cesmk\system\CodeIgniter.php(335): CodeIgniter\CodeIgniter->handleRequest(NULL, Object(Config\Cache), false)
#12 C:\xampp\htdocs\projects2022\p_cesmk\public\index.php(43): CodeIgniter\CodeIgniter->run()
#13 C:\xampp\htdocs\projects2022\p_cesmk\system\Commands\Server\rewrite.php(45): require_once('C:\\xampp\\htdocs...')
#14 {main}
CRITICAL - 2022-02-13 15:30:43 --> Invalid argument supplied for foreach()
#0 C:\xampp\htdocs\projects2022\p_cesmk\app\Views\frontend\layout\menu_mobile.php(12): CodeIgniter\Debug\Exceptions->errorHandler(2, 'Invalid argumen...', 'C:\\xampp\\htdocs...', 12, Array)
#1 C:\xampp\htdocs\projects2022\p_cesmk\system\View\View.php(220): include('C:\\xampp\\htdocs...')
#2 C:\xampp\htdocs\projects2022\p_cesmk\system\View\View.php(222): CodeIgniter\View\View->CodeIgniter\View\{closure}()
#3 C:\xampp\htdocs\projects2022\p_cesmk\system\View\View.php(468): CodeIgniter\View\View->render('frontend/layout...', NULL, true)
#4 C:\xampp\htdocs\projects2022\p_cesmk\app\Views\frontend\default.php(38): CodeIgniter\View\View->include('frontend/layout...')
#5 C:\xampp\htdocs\projects2022\p_cesmk\system\View\View.php(220): include('C:\\xampp\\htdocs...')
#6 C:\xampp\htdocs\projects2022\p_cesmk\system\View\View.php(222): CodeIgniter\View\View->CodeIgniter\View\{closure}()
#7 C:\xampp\htdocs\projects2022\p_cesmk\system\Common.php(1217): CodeIgniter\View\View->render('frontend/defaul...', Array, true)
#8 C:\xampp\htdocs\projects2022\p_cesmk\app\Controllers\Route.php(53): view('frontend/defaul...', Array)
#9 C:\xampp\htdocs\projects2022\p_cesmk\system\CodeIgniter.php(938): App\Controllers\Route->index('uploads', 'webps', 'news', '2021', '12', 'thumb', 'vit-nuong-thao-...')
#10 C:\xampp\htdocs\projects2022\p_cesmk\system\CodeIgniter.php(434): CodeIgniter\CodeIgniter->runController(Object(App\Controllers\Route))
#11 C:\xampp\htdocs\projects2022\p_cesmk\system\CodeIgniter.php(335): CodeIgniter\CodeIgniter->handleRequest(NULL, Object(Config\Cache), false)
#12 C:\xampp\htdocs\projects2022\p_cesmk\public\index.php(43): CodeIgniter\CodeIgniter->run()
#13 C:\xampp\htdocs\projects2022\p_cesmk\system\Commands\Server\rewrite.php(45): require_once('C:\\xampp\\htdocs...')
#14 {main}
CRITICAL - 2022-02-13 15:31:33 --> Invalid argument supplied for foreach()
#0 C:\xampp\htdocs\projects2022\p_cesmk\app\Views\frontend\layout\menu_mobile.php(12): CodeIgniter\Debug\Exceptions->errorHandler(2, 'Invalid argumen...', 'C:\\xampp\\htdocs...', 12, Array)
#1 C:\xampp\htdocs\projects2022\p_cesmk\system\View\View.php(220): include('C:\\xampp\\htdocs...')
#2 C:\xampp\htdocs\projects2022\p_cesmk\system\View\View.php(222): CodeIgniter\View\View->CodeIgniter\View\{closure}()
#3 C:\xampp\htdocs\projects2022\p_cesmk\system\View\View.php(468): CodeIgniter\View\View->render('frontend/layout...', NULL, true)
#4 C:\xampp\htdocs\projects2022\p_cesmk\app\Views\frontend\default.php(38): CodeIgniter\View\View->include('frontend/layout...')
#5 C:\xampp\htdocs\projects2022\p_cesmk\system\View\View.php(220): include('C:\\xampp\\htdocs...')
#6 C:\xampp\htdocs\projects2022\p_cesmk\system\View\View.php(222): CodeIgniter\View\View->CodeIgniter\View\{closure}()
#7 C:\xampp\htdocs\projects2022\p_cesmk\system\Common.php(1217): CodeIgniter\View\View->render('frontend/defaul...', Array, true)
#8 C:\xampp\htdocs\projects2022\p_cesmk\app\Controllers\Route.php(53): view('frontend/defaul...', Array)
#9 C:\xampp\htdocs\projects2022\p_cesmk\system\CodeIgniter.php(938): App\Controllers\Route->index('uploads', 'webps', 'news', '2021', '12', 'thumb', 'vit-nuong-thao-...')
#10 C:\xampp\htdocs\projects2022\p_cesmk\system\CodeIgniter.php(434): CodeIgniter\CodeIgniter->runController(Object(App\Controllers\Route))
#11 C:\xampp\htdocs\projects2022\p_cesmk\system\CodeIgniter.php(335): CodeIgniter\CodeIgniter->handleRequest(NULL, Object(Config\Cache), false)
#12 C:\xampp\htdocs\projects2022\p_cesmk\public\index.php(43): CodeIgniter\CodeIgniter->run()
#13 C:\xampp\htdocs\projects2022\p_cesmk\system\Commands\Server\rewrite.php(45): require_once('C:\\xampp\\htdocs...')
#14 {main}
CRITICAL - 2022-02-13 15:31:52 --> Invalid argument supplied for foreach()
#0 C:\xampp\htdocs\projects2022\p_cesmk\app\Views\frontend\layout\menu_mobile.php(12): CodeIgniter\Debug\Exceptions->errorHandler(2, 'Invalid argumen...', 'C:\\xampp\\htdocs...', 12, Array)
#1 C:\xampp\htdocs\projects2022\p_cesmk\system\View\View.php(220): include('C:\\xampp\\htdocs...')
#2 C:\xampp\htdocs\projects2022\p_cesmk\system\View\View.php(222): CodeIgniter\View\View->CodeIgniter\View\{closure}()
#3 C:\xampp\htdocs\projects2022\p_cesmk\system\View\View.php(468): CodeIgniter\View\View->render('frontend/layout...', NULL, true)
#4 C:\xampp\htdocs\projects2022\p_cesmk\app\Views\frontend\default.php(38): CodeIgniter\View\View->include('frontend/layout...')
#5 C:\xampp\htdocs\projects2022\p_cesmk\system\View\View.php(220): include('C:\\xampp\\htdocs...')
#6 C:\xampp\htdocs\projects2022\p_cesmk\system\View\View.php(222): CodeIgniter\View\View->CodeIgniter\View\{closure}()
#7 C:\xampp\htdocs\projects2022\p_cesmk\system\Common.php(1217): CodeIgniter\View\View->render('frontend/defaul...', Array, true)
#8 C:\xampp\htdocs\projects2022\p_cesmk\app\Controllers\Route.php(53): view('frontend/defaul...', Array)
#9 C:\xampp\htdocs\projects2022\p_cesmk\system\CodeIgniter.php(938): App\Controllers\Route->index('uploads', 'images', 'social', '2021', '12', 'thumb', 'social.jpg')
#10 C:\xampp\htdocs\projects2022\p_cesmk\system\CodeIgniter.php(434): CodeIgniter\CodeIgniter->runController(Object(App\Controllers\Route))
#11 C:\xampp\htdocs\projects2022\p_cesmk\system\CodeIgniter.php(335): CodeIgniter\CodeIgniter->handleRequest(NULL, Object(Config\Cache), false)
#12 C:\xampp\htdocs\projects2022\p_cesmk\public\index.php(43): CodeIgniter\CodeIgniter->run()
#13 C:\xampp\htdocs\projects2022\p_cesmk\system\Commands\Server\rewrite.php(45): require_once('C:\\xampp\\htdocs...')
#14 {main}
CRITICAL - 2022-02-13 15:32:30 --> Invalid argument supplied for foreach()
#0 C:\xampp\htdocs\projects2022\p_cesmk\app\Views\frontend\layout\menu_mobile.php(12): CodeIgniter\Debug\Exceptions->errorHandler(2, 'Invalid argumen...', 'C:\\xampp\\htdocs...', 12, Array)
#1 C:\xampp\htdocs\projects2022\p_cesmk\system\View\View.php(220): include('C:\\xampp\\htdocs...')
#2 C:\xampp\htdocs\projects2022\p_cesmk\system\View\View.php(222): CodeIgniter\View\View->CodeIgniter\View\{closure}()
#3 C:\xampp\htdocs\projects2022\p_cesmk\system\View\View.php(468): CodeIgniter\View\View->render('frontend/layout...', NULL, true)
#4 C:\xampp\htdocs\projects2022\p_cesmk\app\Views\frontend\default.php(38): CodeIgniter\View\View->include('frontend/layout...')
#5 C:\xampp\htdocs\projects2022\p_cesmk\system\View\View.php(220): include('C:\\xampp\\htdocs...')
#6 C:\xampp\htdocs\projects2022\p_cesmk\system\View\View.php(222): CodeIgniter\View\View->CodeIgniter\View\{closure}()
#7 C:\xampp\htdocs\projects2022\p_cesmk\system\Common.php(1217): CodeIgniter\View\View->render('frontend/defaul...', Array, true)
#8 C:\xampp\htdocs\projects2022\p_cesmk\app\Controllers\Route.php(53): view('frontend/defaul...', Array)
#9 C:\xampp\htdocs\projects2022\p_cesmk\system\CodeIgniter.php(938): App\Controllers\Route->index('uploads', 'images', 'social', '2021', '12', 'thumb', 'social.jpg')
#10 C:\xampp\htdocs\projects2022\p_cesmk\system\CodeIgniter.php(434): CodeIgniter\CodeIgniter->runController(Object(App\Controllers\Route))
#11 C:\xampp\htdocs\projects2022\p_cesmk\system\CodeIgniter.php(335): CodeIgniter\CodeIgniter->handleRequest(NULL, Object(Config\Cache), false)
#12 C:\xampp\htdocs\projects2022\p_cesmk\public\index.php(43): CodeIgniter\CodeIgniter->run()
#13 C:\xampp\htdocs\projects2022\p_cesmk\system\Commands\Server\rewrite.php(45): require_once('C:\\xampp\\htdocs...')
#14 {main}
CRITICAL - 2022-02-13 15:32:47 --> Invalid argument supplied for foreach()
#0 C:\xampp\htdocs\projects2022\p_cesmk\app\Views\frontend\layout\menu_mobile.php(12): CodeIgniter\Debug\Exceptions->errorHandler(2, 'Invalid argumen...', 'C:\\xampp\\htdocs...', 12, Array)
#1 C:\xampp\htdocs\projects2022\p_cesmk\system\View\View.php(220): include('C:\\xampp\\htdocs...')
#2 C:\xampp\htdocs\projects2022\p_cesmk\system\View\View.php(222): CodeIgniter\View\View->CodeIgniter\View\{closure}()
#3 C:\xampp\htdocs\projects2022\p_cesmk\system\View\View.php(468): CodeIgniter\View\View->render('frontend/layout...', NULL, true)
#4 C:\xampp\htdocs\projects2022\p_cesmk\app\Views\frontend\default.php(38): CodeIgniter\View\View->include('frontend/layout...')
#5 C:\xampp\htdocs\projects2022\p_cesmk\system\View\View.php(220): include('C:\\xampp\\htdocs...')
#6 C:\xampp\htdocs\projects2022\p_cesmk\system\View\View.php(222): CodeIgniter\View\View->CodeIgniter\View\{closure}()
#7 C:\xampp\htdocs\projects2022\p_cesmk\system\Common.php(1217): CodeIgniter\View\View->render('frontend/defaul...', Array, true)
#8 C:\xampp\htdocs\projects2022\p_cesmk\app\Controllers\Route.php(53): view('frontend/defaul...', Array)
#9 C:\xampp\htdocs\projects2022\p_cesmk\system\CodeIgniter.php(938): App\Controllers\Route->index('uploads', 'images', 'social', '2021', '12', 'thumb', 'social.jpg')
#10 C:\xampp\htdocs\projects2022\p_cesmk\system\CodeIgniter.php(434): CodeIgniter\CodeIgniter->runController(Object(App\Controllers\Route))
#11 C:\xampp\htdocs\projects2022\p_cesmk\system\CodeIgniter.php(335): CodeIgniter\CodeIgniter->handleRequest(NULL, Object(Config\Cache), false)
#12 C:\xampp\htdocs\projects2022\p_cesmk\public\index.php(43): CodeIgniter\CodeIgniter->run()
#13 C:\xampp\htdocs\projects2022\p_cesmk\system\Commands\Server\rewrite.php(45): require_once('C:\\xampp\\htdocs...')
#14 {main}
CRITICAL - 2022-02-13 15:32:54 --> Invalid argument supplied for foreach()
#0 C:\xampp\htdocs\projects2022\p_cesmk\app\Views\frontend\layout\menu_mobile.php(12): CodeIgniter\Debug\Exceptions->errorHandler(2, 'Invalid argumen...', 'C:\\xampp\\htdocs...', 12, Array)
#1 C:\xampp\htdocs\projects2022\p_cesmk\system\View\View.php(220): include('C:\\xampp\\htdocs...')
#2 C:\xampp\htdocs\projects2022\p_cesmk\system\View\View.php(222): CodeIgniter\View\View->CodeIgniter\View\{closure}()
#3 C:\xampp\htdocs\projects2022\p_cesmk\system\View\View.php(468): CodeIgniter\View\View->render('frontend/layout...', NULL, true)
#4 C:\xampp\htdocs\projects2022\p_cesmk\app\Views\frontend\default.php(38): CodeIgniter\View\View->include('frontend/layout...')
#5 C:\xampp\htdocs\projects2022\p_cesmk\system\View\View.php(220): include('C:\\xampp\\htdocs...')
#6 C:\xampp\htdocs\projects2022\p_cesmk\system\View\View.php(222): CodeIgniter\View\View->CodeIgniter\View\{closure}()
#7 C:\xampp\htdocs\projects2022\p_cesmk\system\Common.php(1217): CodeIgniter\View\View->render('frontend/defaul...', Array, true)
#8 C:\xampp\htdocs\projects2022\p_cesmk\app\Controllers\Route.php(53): view('frontend/defaul...', Array)
#9 C:\xampp\htdocs\projects2022\p_cesmk\system\CodeIgniter.php(938): App\Controllers\Route->index('uploads', 'images', 'social', '2021', '12', 'thumb', 'social.jpg')
#10 C:\xampp\htdocs\projects2022\p_cesmk\system\CodeIgniter.php(434): CodeIgniter\CodeIgniter->runController(Object(App\Controllers\Route))
#11 C:\xampp\htdocs\projects2022\p_cesmk\system\CodeIgniter.php(335): CodeIgniter\CodeIgniter->handleRequest(NULL, Object(Config\Cache), false)
#12 C:\xampp\htdocs\projects2022\p_cesmk\public\index.php(43): CodeIgniter\CodeIgniter->run()
#13 C:\xampp\htdocs\projects2022\p_cesmk\system\Commands\Server\rewrite.php(45): require_once('C:\\xampp\\htdocs...')
#14 {main}
CRITICAL - 2022-02-13 15:33:30 --> Invalid argument supplied for foreach()
#0 C:\xampp\htdocs\projects2022\p_cesmk\app\Views\frontend\layout\menu_mobile.php(12): CodeIgniter\Debug\Exceptions->errorHandler(2, 'Invalid argumen...', 'C:\\xampp\\htdocs...', 12, Array)
#1 C:\xampp\htdocs\projects2022\p_cesmk\system\View\View.php(220): include('C:\\xampp\\htdocs...')
#2 C:\xampp\htdocs\projects2022\p_cesmk\system\View\View.php(222): CodeIgniter\View\View->CodeIgniter\View\{closure}()
#3 C:\xampp\htdocs\projects2022\p_cesmk\system\View\View.php(468): CodeIgniter\View\View->render('frontend/layout...', NULL, true)
#4 C:\xampp\htdocs\projects2022\p_cesmk\app\Views\frontend\default.php(38): CodeIgniter\View\View->include('frontend/layout...')
#5 C:\xampp\htdocs\projects2022\p_cesmk\system\View\View.php(220): include('C:\\xampp\\htdocs...')
#6 C:\xampp\htdocs\projects2022\p_cesmk\system\View\View.php(222): CodeIgniter\View\View->CodeIgniter\View\{closure}()
#7 C:\xampp\htdocs\projects2022\p_cesmk\system\Common.php(1217): CodeIgniter\View\View->render('frontend/defaul...', Array, true)
#8 C:\xampp\htdocs\projects2022\p_cesmk\app\Controllers\Route.php(53): view('frontend/defaul...', Array)
#9 C:\xampp\htdocs\projects2022\p_cesmk\system\CodeIgniter.php(938): App\Controllers\Route->index('uploads', 'images', 'social', '2021', '12', 'thumb', 'social.jpg')
#10 C:\xampp\htdocs\projects2022\p_cesmk\system\CodeIgniter.php(434): CodeIgniter\CodeIgniter->runController(Object(App\Controllers\Route))
#11 C:\xampp\htdocs\projects2022\p_cesmk\system\CodeIgniter.php(335): CodeIgniter\CodeIgniter->handleRequest(NULL, Object(Config\Cache), false)
#12 C:\xampp\htdocs\projects2022\p_cesmk\public\index.php(43): CodeIgniter\CodeIgniter->run()
#13 C:\xampp\htdocs\projects2022\p_cesmk\system\Commands\Server\rewrite.php(45): require_once('C:\\xampp\\htdocs...')
#14 {main}
CRITICAL - 2022-02-13 15:34:36 --> Invalid argument supplied for foreach()
#0 C:\xampp\htdocs\projects2022\p_cesmk\app\Views\frontend\layout\menu_mobile.php(12): CodeIgniter\Debug\Exceptions->errorHandler(2, 'Invalid argumen...', 'C:\\xampp\\htdocs...', 12, Array)
#1 C:\xampp\htdocs\projects2022\p_cesmk\system\View\View.php(220): include('C:\\xampp\\htdocs...')
#2 C:\xampp\htdocs\projects2022\p_cesmk\system\View\View.php(222): CodeIgniter\View\View->CodeIgniter\View\{closure}()
#3 C:\xampp\htdocs\projects2022\p_cesmk\system\View\View.php(468): CodeIgniter\View\View->render('frontend/layout...', NULL, true)
#4 C:\xampp\htdocs\projects2022\p_cesmk\app\Views\frontend\default.php(38): CodeIgniter\View\View->include('frontend/layout...')
#5 C:\xampp\htdocs\projects2022\p_cesmk\system\View\View.php(220): include('C:\\xampp\\htdocs...')
#6 C:\xampp\htdocs\projects2022\p_cesmk\system\View\View.php(222): CodeIgniter\View\View->CodeIgniter\View\{closure}()
#7 C:\xampp\htdocs\projects2022\p_cesmk\system\Common.php(1217): CodeIgniter\View\View->render('frontend/defaul...', Array, true)
#8 C:\xampp\htdocs\projects2022\p_cesmk\app\Controllers\Route.php(53): view('frontend/defaul...', Array)
#9 C:\xampp\htdocs\projects2022\p_cesmk\system\CodeIgniter.php(938): App\Controllers\Route->index('favicon.ico', '')
#10 C:\xampp\htdocs\projects2022\p_cesmk\system\CodeIgniter.php(434): CodeIgniter\CodeIgniter->runController(Object(App\Controllers\Route))
#11 C:\xampp\htdocs\projects2022\p_cesmk\system\CodeIgniter.php(335): CodeIgniter\CodeIgniter->handleRequest(NULL, Object(Config\Cache), false)
#12 C:\xampp\htdocs\projects2022\p_cesmk\public\index.php(43): CodeIgniter\CodeIgniter->run()
#13 C:\xampp\htdocs\projects2022\p_cesmk\system\Commands\Server\rewrite.php(45): require_once('C:\\xampp\\htdocs...')
#14 {main}
CRITICAL - 2022-02-13 15:36:08 --> Invalid file: frontend/advise/index.php
#0 C:\xampp\htdocs\projects2022\p_cesmk\system\View\View.php(203): CodeIgniter\Exceptions\FrameworkException::forInvalidFile('frontend/advise...')
#1 C:\xampp\htdocs\projects2022\p_cesmk\system\View\View.php(468): CodeIgniter\View\View->render('frontend/advise...', NULL, true)
#2 C:\xampp\htdocs\projects2022\p_cesmk\app\Views\frontend\default.php(41): CodeIgniter\View\View->include('frontend/advise...', NULL)
#3 C:\xampp\htdocs\projects2022\p_cesmk\system\View\View.php(220): include('C:\\xampp\\htdocs...')
#4 C:\xampp\htdocs\projects2022\p_cesmk\system\View\View.php(222): CodeIgniter\View\View->CodeIgniter\View\{closure}()
#5 C:\xampp\htdocs\projects2022\p_cesmk\system\Common.php(1217): CodeIgniter\View\View->render('frontend/defaul...', Array, true)
#6 C:\xampp\htdocs\projects2022\p_cesmk\app\Controllers\Advise.php(42): view('frontend/defaul...', Array)
#7 C:\xampp\htdocs\projects2022\p_cesmk\system\CodeIgniter.php(938): App\Controllers\Advise->notify()
#8 C:\xampp\htdocs\projects2022\p_cesmk\system\CodeIgniter.php(434): CodeIgniter\CodeIgniter->runController(Object(App\Controllers\Advise))
#9 C:\xampp\htdocs\projects2022\p_cesmk\system\CodeIgniter.php(335): CodeIgniter\CodeIgniter->handleRequest(NULL, Object(Config\Cache), false)
#10 C:\xampp\htdocs\projects2022\p_cesmk\public\index.php(43): CodeIgniter\CodeIgniter->run()
#11 C:\xampp\htdocs\projects2022\p_cesmk\system\Commands\Server\rewrite.php(45): require_once('C:\\xampp\\htdocs...')
#12 {main}
CRITICAL - 2022-02-13 15:36:09 --> Invalid argument supplied for foreach()
#0 C:\xampp\htdocs\projects2022\p_cesmk\app\Views\frontend\layout\menu_mobile.php(12): CodeIgniter\Debug\Exceptions->errorHandler(2, 'Invalid argumen...', 'C:\\xampp\\htdocs...', 12, Array)
#1 C:\xampp\htdocs\projects2022\p_cesmk\system\View\View.php(220): include('C:\\xampp\\htdocs...')
#2 C:\xampp\htdocs\projects2022\p_cesmk\system\View\View.php(222): CodeIgniter\View\View->CodeIgniter\View\{closure}()
#3 C:\xampp\htdocs\projects2022\p_cesmk\system\View\View.php(468): CodeIgniter\View\View->render('frontend/layout...', NULL, true)
#4 C:\xampp\htdocs\projects2022\p_cesmk\app\Views\frontend\default.php(38): CodeIgniter\View\View->include('frontend/layout...')
#5 C:\xampp\htdocs\projects2022\p_cesmk\system\View\View.php(220): include('C:\\xampp\\htdocs...')
#6 C:\xampp\htdocs\projects2022\p_cesmk\system\View\View.php(222): CodeIgniter\View\View->CodeIgniter\View\{closure}()
#7 C:\xampp\htdocs\projects2022\p_cesmk\system\Common.php(1217): CodeIgniter\View\View->render('frontend/defaul...', Array, true)
#8 C:\xampp\htdocs\projects2022\p_cesmk\app\Controllers\Route.php(53): view('frontend/defaul...', Array)
#9 C:\xampp\htdocs\projects2022\p_cesmk\system\CodeIgniter.php(938): App\Controllers\Route->index('favicon.ico', '')
#10 C:\xampp\htdocs\projects2022\p_cesmk\system\CodeIgniter.php(434): CodeIgniter\CodeIgniter->runController(Object(App\Controllers\Route))
#11 C:\xampp\htdocs\projects2022\p_cesmk\system\CodeIgniter.php(335): CodeIgniter\CodeIgniter->handleRequest(NULL, Object(Config\Cache), false)
#12 C:\xampp\htdocs\projects2022\p_cesmk\public\index.php(43): CodeIgniter\CodeIgniter->run()
#13 C:\xampp\htdocs\projects2022\p_cesmk\system\Commands\Server\rewrite.php(45): require_once('C:\\xampp\\htdocs...')
#14 {main}
CRITICAL - 2022-02-13 15:42:23 --> Invalid argument supplied for foreach()
#0 C:\xampp\htdocs\projects2022\p_cesmk\app\Views\frontend\layout\menu_mobile.php(12): CodeIgniter\Debug\Exceptions->errorHandler(2, 'Invalid argumen...', 'C:\\xampp\\htdocs...', 12, Array)
#1 C:\xampp\htdocs\projects2022\p_cesmk\system\View\View.php(220): include('C:\\xampp\\htdocs...')
#2 C:\xampp\htdocs\projects2022\p_cesmk\system\View\View.php(222): CodeIgniter\View\View->CodeIgniter\View\{closure}()
#3 C:\xampp\htdocs\projects2022\p_cesmk\system\View\View.php(468): CodeIgniter\View\View->render('frontend/layout...', NULL, true)
#4 C:\xampp\htdocs\projects2022\p_cesmk\app\Views\frontend\default.php(38): CodeIgniter\View\View->include('frontend/layout...')
#5 C:\xampp\htdocs\projects2022\p_cesmk\system\View\View.php(220): include('C:\\xampp\\htdocs...')
#6 C:\xampp\htdocs\projects2022\p_cesmk\system\View\View.php(222): CodeIgniter\View\View->CodeIgniter\View\{closure}()
#7 C:\xampp\htdocs\projects2022\p_cesmk\system\Common.php(1217): CodeIgniter\View\View->render('frontend/defaul...', Array, true)
#8 C:\xampp\htdocs\projects2022\p_cesmk\app\Controllers\Route.php(53): view('frontend/defaul...', Array)
#9 C:\xampp\htdocs\projects2022\p_cesmk\system\CodeIgniter.php(938): App\Controllers\Route->index('assets', 'cpanel', 'libs', 'bootstrap-color...', 'bootstrap-color...')
#10 C:\xampp\htdocs\projects2022\p_cesmk\system\CodeIgniter.php(434): CodeIgniter\CodeIgniter->runController(Object(App\Controllers\Route))
#11 C:\xampp\htdocs\projects2022\p_cesmk\system\CodeIgniter.php(335): CodeIgniter\CodeIgniter->handleRequest(NULL, Object(Config\Cache), false)
#12 C:\xampp\htdocs\projects2022\p_cesmk\public\index.php(43): CodeIgniter\CodeIgniter->run()
#13 C:\xampp\htdocs\projects2022\p_cesmk\system\Commands\Server\rewrite.php(45): require_once('C:\\xampp\\htdocs...')
#14 {main}
CRITICAL - 2022-02-13 15:42:23 --> Invalid argument supplied for foreach()
#0 C:\xampp\htdocs\projects2022\p_cesmk\app\Views\frontend\layout\menu_mobile.php(12): CodeIgniter\Debug\Exceptions->errorHandler(2, 'Invalid argumen...', 'C:\\xampp\\htdocs...', 12, Array)
#1 C:\xampp\htdocs\projects2022\p_cesmk\system\View\View.php(220): include('C:\\xampp\\htdocs...')
#2 C:\xampp\htdocs\projects2022\p_cesmk\system\View\View.php(222): CodeIgniter\View\View->CodeIgniter\View\{closure}()
#3 C:\xampp\htdocs\projects2022\p_cesmk\system\View\View.php(468): CodeIgniter\View\View->render('frontend/layout...', NULL, true)
#4 C:\xampp\htdocs\projects2022\p_cesmk\app\Views\frontend\default.php(38): CodeIgniter\View\View->include('frontend/layout...')
#5 C:\xampp\htdocs\projects2022\p_cesmk\system\View\View.php(220): include('C:\\xampp\\htdocs...')
#6 C:\xampp\htdocs\projects2022\p_cesmk\system\View\View.php(222): CodeIgniter\View\View->CodeIgniter\View\{closure}()
#7 C:\xampp\htdocs\projects2022\p_cesmk\system\Common.php(1217): CodeIgniter\View\View->render('frontend/defaul...', Array, true)
#8 C:\xampp\htdocs\projects2022\p_cesmk\app\Controllers\Route.php(53): view('frontend/defaul...', Array)
#9 C:\xampp\htdocs\projects2022\p_cesmk\system\CodeIgniter.php(938): App\Controllers\Route->index('assets', 'cpanel', 'libs', 'bootstrap-color...', 'bootstrap-color...')
#10 C:\xampp\htdocs\projects2022\p_cesmk\system\CodeIgniter.php(434): CodeIgniter\CodeIgniter->runController(Object(App\Controllers\Route))
#11 C:\xampp\htdocs\projects2022\p_cesmk\system\CodeIgniter.php(335): CodeIgniter\CodeIgniter->handleRequest(NULL, Object(Config\Cache), false)
#12 C:\xampp\htdocs\projects2022\p_cesmk\public\index.php(43): CodeIgniter\CodeIgniter->run()
#13 C:\xampp\htdocs\projects2022\p_cesmk\system\Commands\Server\rewrite.php(45): require_once('C:\\xampp\\htdocs...')
#14 {main}
CRITICAL - 2022-02-13 15:52:42 --> Invalid argument supplied for foreach()
#0 C:\xampp\htdocs\projects2022\p_cesmk\app\Views\frontend\layout\menu_mobile.php(12): CodeIgniter\Debug\Exceptions->errorHandler(2, 'Invalid argumen...', 'C:\\xampp\\htdocs...', 12, Array)
#1 C:\xampp\htdocs\projects2022\p_cesmk\system\View\View.php(220): include('C:\\xampp\\htdocs...')
#2 C:\xampp\htdocs\projects2022\p_cesmk\system\View\View.php(222): CodeIgniter\View\View->CodeIgniter\View\{closure}()
#3 C:\xampp\htdocs\projects2022\p_cesmk\system\View\View.php(468): CodeIgniter\View\View->render('frontend/layout...', NULL, true)
#4 C:\xampp\htdocs\projects2022\p_cesmk\app\Views\frontend\default.php(38): CodeIgniter\View\View->include('frontend/layout...')
#5 C:\xampp\htdocs\projects2022\p_cesmk\system\View\View.php(220): include('C:\\xampp\\htdocs...')
#6 C:\xampp\htdocs\projects2022\p_cesmk\system\View\View.php(222): CodeIgniter\View\View->CodeIgniter\View\{closure}()
#7 C:\xampp\htdocs\projects2022\p_cesmk\system\Common.php(1217): CodeIgniter\View\View->render('frontend/defaul...', Array, true)
#8 C:\xampp\htdocs\projects2022\p_cesmk\app\Controllers\Route.php(53): view('frontend/defaul...', Array)
#9 C:\xampp\htdocs\projects2022\p_cesmk\system\CodeIgniter.php(938): App\Controllers\Route->index('uploads', 'webps', 'news', '2021', '12', 'thumb', 'vit-nuong-thao-...')
#10 C:\xampp\htdocs\projects2022\p_cesmk\system\CodeIgniter.php(434): CodeIgniter\CodeIgniter->runController(Object(App\Controllers\Route))
#11 C:\xampp\htdocs\projects2022\p_cesmk\system\CodeIgniter.php(335): CodeIgniter\CodeIgniter->handleRequest(NULL, Object(Config\Cache), false)
#12 C:\xampp\htdocs\projects2022\p_cesmk\public\index.php(43): CodeIgniter\CodeIgniter->run()
#13 C:\xampp\htdocs\projects2022\p_cesmk\system\Commands\Server\rewrite.php(45): require_once('C:\\xampp\\htdocs...')
#14 {main}
CRITICAL - 2022-02-13 15:54:42 --> Invalid argument supplied for foreach()
#0 C:\xampp\htdocs\projects2022\p_cesmk\app\Views\frontend\layout\menu_mobile.php(12): CodeIgniter\Debug\Exceptions->errorHandler(2, 'Invalid argumen...', 'C:\\xampp\\htdocs...', 12, Array)
#1 C:\xampp\htdocs\projects2022\p_cesmk\system\View\View.php(220): include('C:\\xampp\\htdocs...')
#2 C:\xampp\htdocs\projects2022\p_cesmk\system\View\View.php(222): CodeIgniter\View\View->CodeIgniter\View\{closure}()
#3 C:\xampp\htdocs\projects2022\p_cesmk\system\View\View.php(468): CodeIgniter\View\View->render('frontend/layout...', NULL, true)
#4 C:\xampp\htdocs\projects2022\p_cesmk\app\Views\frontend\default.php(38): CodeIgniter\View\View->include('frontend/layout...')
#5 C:\xampp\htdocs\projects2022\p_cesmk\system\View\View.php(220): include('C:\\xampp\\htdocs...')
#6 C:\xampp\htdocs\projects2022\p_cesmk\system\View\View.php(222): CodeIgniter\View\View->CodeIgniter\View\{closure}()
#7 C:\xampp\htdocs\projects2022\p_cesmk\system\Common.php(1217): CodeIgniter\View\View->render('frontend/defaul...', Array, true)
#8 C:\xampp\htdocs\projects2022\p_cesmk\app\Controllers\Route.php(53): view('frontend/defaul...', Array)
#9 C:\xampp\htdocs\projects2022\p_cesmk\system\CodeIgniter.php(938): App\Controllers\Route->index('uploads', 'images', 'news', '2021', '12', 'thumb', 'vit-nuong-thao-...')
#10 C:\xampp\htdocs\projects2022\p_cesmk\system\CodeIgniter.php(434): CodeIgniter\CodeIgniter->runController(Object(App\Controllers\Route))
#11 C:\xampp\htdocs\projects2022\p_cesmk\system\CodeIgniter.php(335): CodeIgniter\CodeIgniter->handleRequest(NULL, Object(Config\Cache), false)
#12 C:\xampp\htdocs\projects2022\p_cesmk\public\index.php(43): CodeIgniter\CodeIgniter->run()
#13 C:\xampp\htdocs\projects2022\p_cesmk\system\Commands\Server\rewrite.php(45): require_once('C:\\xampp\\htdocs...')
#14 {main}
CRITICAL - 2022-02-13 15:54:43 --> Invalid argument supplied for foreach()
#0 C:\xampp\htdocs\projects2022\p_cesmk\app\Views\frontend\layout\menu_mobile.php(12): CodeIgniter\Debug\Exceptions->errorHandler(2, 'Invalid argumen...', 'C:\\xampp\\htdocs...', 12, Array)
#1 C:\xampp\htdocs\projects2022\p_cesmk\system\View\View.php(220): include('C:\\xampp\\htdocs...')
#2 C:\xampp\htdocs\projects2022\p_cesmk\system\View\View.php(222): CodeIgniter\View\View->CodeIgniter\View\{closure}()
#3 C:\xampp\htdocs\projects2022\p_cesmk\system\View\View.php(468): CodeIgniter\View\View->render('frontend/layout...', NULL, true)
#4 C:\xampp\htdocs\projects2022\p_cesmk\app\Views\frontend\default.php(38): CodeIgniter\View\View->include('frontend/layout...')
#5 C:\xampp\htdocs\projects2022\p_cesmk\system\View\View.php(220): include('C:\\xampp\\htdocs...')
#6 C:\xampp\htdocs\projects2022\p_cesmk\system\View\View.php(222): CodeIgniter\View\View->CodeIgniter\View\{closure}()
#7 C:\xampp\htdocs\projects2022\p_cesmk\system\Common.php(1217): CodeIgniter\View\View->render('frontend/defaul...', Array, true)
#8 C:\xampp\htdocs\projects2022\p_cesmk\app\Controllers\Route.php(53): view('frontend/defaul...', Array)
#9 C:\xampp\htdocs\projects2022\p_cesmk\system\CodeIgniter.php(938): App\Controllers\Route->index('uploads', 'images', 'news', '2021', '12', 'thumb', 'vit-nuong-thao-...')
#10 C:\xampp\htdocs\projects2022\p_cesmk\system\CodeIgniter.php(434): CodeIgniter\CodeIgniter->runController(Object(App\Controllers\Route))
#11 C:\xampp\htdocs\projects2022\p_cesmk\system\CodeIgniter.php(335): CodeIgniter\CodeIgniter->handleRequest(NULL, Object(Config\Cache), false)
#12 C:\xampp\htdocs\projects2022\p_cesmk\public\index.php(43): CodeIgniter\CodeIgniter->run()
#13 C:\xampp\htdocs\projects2022\p_cesmk\system\Commands\Server\rewrite.php(45): require_once('C:\\xampp\\htdocs...')
#14 {main}
CRITICAL - 2022-02-13 15:58:48 --> Invalid argument supplied for foreach()
#0 C:\xampp\htdocs\projects2022\p_cesmk\app\Views\frontend\layout\menu_mobile.php(12): CodeIgniter\Debug\Exceptions->errorHandler(2, 'Invalid argumen...', 'C:\\xampp\\htdocs...', 12, Array)
#1 C:\xampp\htdocs\projects2022\p_cesmk\system\View\View.php(220): include('C:\\xampp\\htdocs...')
#2 C:\xampp\htdocs\projects2022\p_cesmk\system\View\View.php(222): CodeIgniter\View\View->CodeIgniter\View\{closure}()
#3 C:\xampp\htdocs\projects2022\p_cesmk\system\View\View.php(468): CodeIgniter\View\View->render('frontend/layout...', NULL, true)
#4 C:\xampp\htdocs\projects2022\p_cesmk\app\Views\frontend\default.php(38): CodeIgniter\View\View->include('frontend/layout...')
#5 C:\xampp\htdocs\projects2022\p_cesmk\system\View\View.php(220): include('C:\\xampp\\htdocs...')
#6 C:\xampp\htdocs\projects2022\p_cesmk\system\View\View.php(222): CodeIgniter\View\View->CodeIgniter\View\{closure}()
#7 C:\xampp\htdocs\projects2022\p_cesmk\system\Common.php(1217): CodeIgniter\View\View->render('frontend/defaul...', Array, true)
#8 C:\xampp\htdocs\projects2022\p_cesmk\app\Controllers\Route.php(53): view('frontend/defaul...', Array)
#9 C:\xampp\htdocs\projects2022\p_cesmk\system\CodeIgniter.php(938): App\Controllers\Route->index('uploads', 'images', 'social', '2021', '12', 'thumb', 'social.jpg')
#10 C:\xampp\htdocs\projects2022\p_cesmk\system\CodeIgniter.php(434): CodeIgniter\CodeIgniter->runController(Object(App\Controllers\Route))
#11 C:\xampp\htdocs\projects2022\p_cesmk\system\CodeIgniter.php(335): CodeIgniter\CodeIgniter->handleRequest(NULL, Object(Config\Cache), false)
#12 C:\xampp\htdocs\projects2022\p_cesmk\public\index.php(43): CodeIgniter\CodeIgniter->run()
#13 C:\xampp\htdocs\projects2022\p_cesmk\system\Commands\Server\rewrite.php(45): require_once('C:\\xampp\\htdocs...')
#14 {main}
CRITICAL - 2022-02-13 15:59:08 --> Invalid argument supplied for foreach()
#0 C:\xampp\htdocs\projects2022\p_cesmk\app\Views\frontend\layout\menu_mobile.php(12): CodeIgniter\Debug\Exceptions->errorHandler(2, 'Invalid argumen...', 'C:\\xampp\\htdocs...', 12, Array)
#1 C:\xampp\htdocs\projects2022\p_cesmk\system\View\View.php(220): include('C:\\xampp\\htdocs...')
#2 C:\xampp\htdocs\projects2022\p_cesmk\system\View\View.php(222): CodeIgniter\View\View->CodeIgniter\View\{closure}()
#3 C:\xampp\htdocs\projects2022\p_cesmk\system\View\View.php(468): CodeIgniter\View\View->render('frontend/layout...', NULL, true)
#4 C:\xampp\htdocs\projects2022\p_cesmk\app\Views\frontend\default.php(38): CodeIgniter\View\View->include('frontend/layout...')
#5 C:\xampp\htdocs\projects2022\p_cesmk\system\View\View.php(220): include('C:\\xampp\\htdocs...')
#6 C:\xampp\htdocs\projects2022\p_cesmk\system\View\View.php(222): CodeIgniter\View\View->CodeIgniter\View\{closure}()
#7 C:\xampp\htdocs\projects2022\p_cesmk\system\Common.php(1217): CodeIgniter\View\View->render('frontend/defaul...', Array, true)
#8 C:\xampp\htdocs\projects2022\p_cesmk\app\Controllers\Route.php(53): view('frontend/defaul...', Array)
#9 C:\xampp\htdocs\projects2022\p_cesmk\system\CodeIgniter.php(938): App\Controllers\Route->index('uploads', 'images', 'social', '2021', '12', 'thumb', 'social.jpg')
#10 C:\xampp\htdocs\projects2022\p_cesmk\system\CodeIgniter.php(434): CodeIgniter\CodeIgniter->runController(Object(App\Controllers\Route))
#11 C:\xampp\htdocs\projects2022\p_cesmk\system\CodeIgniter.php(335): CodeIgniter\CodeIgniter->handleRequest(NULL, Object(Config\Cache), false)
#12 C:\xampp\htdocs\projects2022\p_cesmk\public\index.php(43): CodeIgniter\CodeIgniter->run()
#13 C:\xampp\htdocs\projects2022\p_cesmk\system\Commands\Server\rewrite.php(45): require_once('C:\\xampp\\htdocs...')
#14 {main}
