CRITICAL - 2022-08-11 07:58:55 --> unlink(uploads/images/slogan/2021/08/thumb/ab3.png.png): No such file or directory
#0 [internal function]: CodeIgniter\Debug\Exceptions->errorHandler(2, 'unlink(uploads/...', 'C:\\xampp\\htdocs...', 233, Array)
#1 C:\xampp\htdocs\projects2022\p_lanhuonglip\app\Controllers\Cpanel\Slogan.php(233): unlink('uploads/images/...')
#2 C:\xampp\htdocs\projects2022\p_lanhuonglip\system\CodeIgniter.php(938): App\Controllers\Cpanel\Slogan->deleteAll()
#3 C:\xampp\htdocs\projects2022\p_lanhuonglip\system\CodeIgniter.php(434): CodeIgniter\CodeIgniter->runController(Object(App\Controllers\Cpanel\Slogan))
#4 C:\xampp\htdocs\projects2022\p_lanhuonglip\system\CodeIgniter.php(335): CodeIgniter\CodeIgniter->handleRequest(NULL, Object(Config\Cache), false)
#5 C:\xampp\htdocs\projects2022\p_lanhuonglip\public\index.php(43): CodeIgniter\CodeIgniter->run()
#6 C:\xampp\htdocs\projects2022\p_lanhuonglip\system\Commands\Server\rewrite.php(45): require_once('C:\\xampp\\htdocs...')
#7 {main}
CRITICAL - 2022-08-11 18:40:17 --> Could not move file phpCDBC.tmp to uploads/images/video/2022/08/ ()
#0 C:\xampp\htdocs\projects2022\p_lanhuonglip\system\HTTP\Files\UploadedFile.php(157): CodeIgniter\HTTP\Exceptions\HTTPException::forMoveFailed('phpCDBC.tmp', 'uploads/images/...', '')
#1 C:\xampp\htdocs\projects2022\p_lanhuonglip\app\Models\Upload.php(88): CodeIgniter\HTTP\Files\UploadedFile->move('uploads/images/...', '62f4eaa135220-|...')
#2 C:\xampp\htdocs\projects2022\p_lanhuonglip\app\Controllers\Cpanel\Video.php(60): App\Models\Upload->upload_image('uploads/images/...', Object(CodeIgniter\HTTP\Files\UploadedFile), '62f4eaa135220-|...', 'image', 500, 500, NULL, NULL)
#3 C:\xampp\htdocs\projects2022\p_lanhuonglip\system\CodeIgniter.php(938): App\Controllers\Cpanel\Video->add()
#4 C:\xampp\htdocs\projects2022\p_lanhuonglip\system\CodeIgniter.php(434): CodeIgniter\CodeIgniter->runController(Object(App\Controllers\Cpanel\Video))
#5 C:\xampp\htdocs\projects2022\p_lanhuonglip\system\CodeIgniter.php(335): CodeIgniter\CodeIgniter->handleRequest(NULL, Object(Config\Cache), false)
#6 C:\xampp\htdocs\projects2022\p_lanhuonglip\public\index.php(43): CodeIgniter\CodeIgniter->run()
#7 C:\xampp\htdocs\projects2022\p_lanhuonglip\system\Commands\Server\rewrite.php(45): require_once('C:\\xampp\\htdocs...')
#8 {main}
CRITICAL - 2022-08-11 18:41:15 --> Could not move file phpB202.tmp to uploads/images/video/2022/08/ ()
#0 C:\xampp\htdocs\projects2022\p_lanhuonglip\system\HTTP\Files\UploadedFile.php(157): CodeIgniter\HTTP\Exceptions\HTTPException::forMoveFailed('phpB202.tmp', 'uploads/images/...', '')
#1 C:\xampp\htdocs\projects2022\p_lanhuonglip\app\Models\Upload.php(88): CodeIgniter\HTTP\Files\UploadedFile->move('uploads/images/...', '62f4eadba55da-|...')
#2 C:\xampp\htdocs\projects2022\p_lanhuonglip\app\Controllers\Cpanel\Video.php(60): App\Models\Upload->upload_image('uploads/images/...', Object(CodeIgniter\HTTP\Files\UploadedFile), '62f4eadba55da-|...', 'image', 500, 500, NULL, NULL)
#3 C:\xampp\htdocs\projects2022\p_lanhuonglip\system\CodeIgniter.php(938): App\Controllers\Cpanel\Video->add()
#4 C:\xampp\htdocs\projects2022\p_lanhuonglip\system\CodeIgniter.php(434): CodeIgniter\CodeIgniter->runController(Object(App\Controllers\Cpanel\Video))
#5 C:\xampp\htdocs\projects2022\p_lanhuonglip\system\CodeIgniter.php(335): CodeIgniter\CodeIgniter->handleRequest(NULL, Object(Config\Cache), false)
#6 C:\xampp\htdocs\projects2022\p_lanhuonglip\public\index.php(43): CodeIgniter\CodeIgniter->run()
#7 C:\xampp\htdocs\projects2022\p_lanhuonglip\system\Commands\Server\rewrite.php(45): require_once('C:\\xampp\\htdocs...')
#8 {main}
CRITICAL - 2022-08-11 18:41:50 --> Could not move file php378F.tmp to uploads/images/video/2022/08/ ()
#0 C:\xampp\htdocs\projects2022\p_lanhuonglip\system\HTTP\Files\UploadedFile.php(157): CodeIgniter\HTTP\Exceptions\HTTPException::forMoveFailed('php378F.tmp', 'uploads/images/...', '')
#1 C:\xampp\htdocs\projects2022\p_lanhuonglip\app\Models\Upload.php(88): CodeIgniter\HTTP\Files\UploadedFile->move('uploads/images/...', '62f4eafe0cccf-|...')
#2 C:\xampp\htdocs\projects2022\p_lanhuonglip\app\Controllers\Cpanel\Video.php(60): App\Models\Upload->upload_image('uploads/images/...', Object(CodeIgniter\HTTP\Files\UploadedFile), '62f4eafe0cccf-|...', 'image', 500, 500, NULL, NULL)
#3 C:\xampp\htdocs\projects2022\p_lanhuonglip\system\CodeIgniter.php(938): App\Controllers\Cpanel\Video->add()
#4 C:\xampp\htdocs\projects2022\p_lanhuonglip\system\CodeIgniter.php(434): CodeIgniter\CodeIgniter->runController(Object(App\Controllers\Cpanel\Video))
#5 C:\xampp\htdocs\projects2022\p_lanhuonglip\system\CodeIgniter.php(335): CodeIgniter\CodeIgniter->handleRequest(NULL, Object(Config\Cache), false)
#6 C:\xampp\htdocs\projects2022\p_lanhuonglip\public\index.php(43): CodeIgniter\CodeIgniter->run()
#7 C:\xampp\htdocs\projects2022\p_lanhuonglip\system\Commands\Server\rewrite.php(45): require_once('C:\\xampp\\htdocs...')
#8 {main}
CRITICAL - 2022-08-11 18:58:23 --> unlink(uploads/images/slide/2022/06/62977ceb41748-.webp): No such file or directory
#0 [internal function]: CodeIgniter\Debug\Exceptions->errorHandler(2, 'unlink(uploads/...', 'C:\\xampp\\htdocs...', 258, Array)
#1 C:\xampp\htdocs\projects2022\p_lanhuonglip\app\Controllers\Cpanel\Slide.php(258): unlink('uploads/images/...')
#2 C:\xampp\htdocs\projects2022\p_lanhuonglip\system\CodeIgniter.php(938): App\Controllers\Cpanel\Slide->deleteAll()
#3 C:\xampp\htdocs\projects2022\p_lanhuonglip\system\CodeIgniter.php(434): CodeIgniter\CodeIgniter->runController(Object(App\Controllers\Cpanel\Slide))
#4 C:\xampp\htdocs\projects2022\p_lanhuonglip\system\CodeIgniter.php(335): CodeIgniter\CodeIgniter->handleRequest(NULL, Object(Config\Cache), false)
#5 C:\xampp\htdocs\projects2022\p_lanhuonglip\public\index.php(43): CodeIgniter\CodeIgniter->run()
#6 C:\xampp\htdocs\projects2022\p_lanhuonglip\system\Commands\Server\rewrite.php(45): require_once('C:\\xampp\\htdocs...')
#7 {main}
CRITICAL - 2022-08-11 21:44:05 --> Call to a member function select_array() on null
#0 C:\xampp\htdocs\projects2022\p_lanhuonglip\system\CodeIgniter.php(938): App\Controllers\Home->index()
#1 C:\xampp\htdocs\projects2022\p_lanhuonglip\system\CodeIgniter.php(434): CodeIgniter\CodeIgniter->runController(Object(App\Controllers\Home))
#2 C:\xampp\htdocs\projects2022\p_lanhuonglip\system\CodeIgniter.php(335): CodeIgniter\CodeIgniter->handleRequest(NULL, Object(Config\Cache), false)
#3 C:\xampp\htdocs\projects2022\p_lanhuonglip\public\index.php(43): CodeIgniter\CodeIgniter->run()
#4 C:\xampp\htdocs\projects2022\p_lanhuonglip\system\Commands\Server\rewrite.php(45): require_once('C:\\xampp\\htdocs...')
#5 {main}
ERROR - 2022-08-11 22:20:55 --> mysqli_sql_exception: You have an error in your SQL syntax; check the manual that corresponds to your MariaDB server version for the right syntax to use near ''fullname', 'phone', 'content', `created_at`) VALUES ('Lê Minh Hiếu', '093...' at line 1 in C:\xampp\htdocs\projects2022\p_lanhuonglip\system\Database\MySQLi\Connection.php:314
Stack trace:
#0 C:\xampp\htdocs\projects2022\p_lanhuonglip\system\Database\MySQLi\Connection.php(314): mysqli->query('INSERT INTO `tb...')
#1 C:\xampp\htdocs\projects2022\p_lanhuonglip\system\Database\BaseConnection.php(713): CodeIgniter\Database\MySQLi\Connection->execute('INSERT INTO `tb...')
#2 C:\xampp\htdocs\projects2022\p_lanhuonglip\system\Database\BaseConnection.php(641): CodeIgniter\Database\BaseConnection->simpleQuery('INSERT INTO `tb...')
#3 C:\xampp\htdocs\projects2022\p_lanhuonglip\system\Database\BaseBuilder.php(2263): CodeIgniter\Database\BaseConnection->query('INSERT INTO `tb...', Array, false)
#4 C:\xampp\htdocs\projects2022\p_lanhuonglip\app\Models\MyModels.php(16): CodeIgniter\Database\BaseBuilder->insert(Array)
#5 C:\xampp\htdocs\projects2022\p_lanhuonglip\app\Controllers\Home.php(162): App\Models\MyModels->add(Array)
#6 C:\xampp\htdocs\projects2022\p_lanhuonglip\system\CodeIgniter.php(938): App\Controllers\Home->regisStudy()
#7 C:\xampp\htdocs\projects2022\p_lanhuonglip\system\CodeIgniter.php(434): CodeIgniter\CodeIgniter->runController(Object(App\Controllers\Home))
#8 C:\xampp\htdocs\projects2022\p_lanhuonglip\system\CodeIgniter.php(335): CodeIgniter\CodeIgniter->handleRequest(NULL, Object(Config\Cache), false)
#9 C:\xampp\htdocs\projects2022\p_lanhuonglip\public\index.php(43): CodeIgniter\CodeIgniter->run()
#10 C:\xampp\htdocs\projects2022\p_lanhuonglip\system\Commands\Server\rewrite.php(45): require_once('C:\\xampp\\htdocs...')
#11 {main}
CRITICAL - 2022-08-11 22:20:56 --> Invalid file: frontend/home/regisStudyNotify.php
#0 C:\xampp\htdocs\projects2022\p_lanhuonglip\system\View\View.php(203): CodeIgniter\Exceptions\FrameworkException::forInvalidFile('frontend/home/r...')
#1 C:\xampp\htdocs\projects2022\p_lanhuonglip\system\View\View.php(468): CodeIgniter\View\View->render('frontend/home/r...', NULL, true)
#2 C:\xampp\htdocs\projects2022\p_lanhuonglip\app\Views\frontend\default.php(41): CodeIgniter\View\View->include('frontend/home/r...', NULL)
#3 C:\xampp\htdocs\projects2022\p_lanhuonglip\system\View\View.php(220): include('C:\\xampp\\htdocs...')
#4 C:\xampp\htdocs\projects2022\p_lanhuonglip\system\View\View.php(222): CodeIgniter\View\View->CodeIgniter\View\{closure}()
#5 C:\xampp\htdocs\projects2022\p_lanhuonglip\system\Common.php(1217): CodeIgniter\View\View->render('frontend/defaul...', Array, true)
#6 C:\xampp\htdocs\projects2022\p_lanhuonglip\app\Controllers\Home.php(184): view('frontend/defaul...', Array)
#7 C:\xampp\htdocs\projects2022\p_lanhuonglip\system\CodeIgniter.php(938): App\Controllers\Home->regisStudyNotify()
#8 C:\xampp\htdocs\projects2022\p_lanhuonglip\system\CodeIgniter.php(434): CodeIgniter\CodeIgniter->runController(Object(App\Controllers\Home))
#9 C:\xampp\htdocs\projects2022\p_lanhuonglip\system\CodeIgniter.php(335): CodeIgniter\CodeIgniter->handleRequest(NULL, Object(Config\Cache), false)
#10 C:\xampp\htdocs\projects2022\p_lanhuonglip\public\index.php(43): CodeIgniter\CodeIgniter->run()
#11 C:\xampp\htdocs\projects2022\p_lanhuonglip\system\Commands\Server\rewrite.php(45): require_once('C:\\xampp\\htdocs...')
#12 {main}
ERROR - 2022-08-11 22:25:15 --> mysqli_sql_exception: You have an error in your SQL syntax; check the manual that corresponds to your MariaDB server version for the right syntax to use near ''fullname', 'phone', 'content', `created_at`) VALUES ('Lê Minh Hiếu', '093...' at line 1 in C:\xampp\htdocs\projects2022\p_lanhuonglip\system\Database\MySQLi\Connection.php:314
Stack trace:
#0 C:\xampp\htdocs\projects2022\p_lanhuonglip\system\Database\MySQLi\Connection.php(314): mysqli->query('INSERT INTO `tb...')
#1 C:\xampp\htdocs\projects2022\p_lanhuonglip\system\Database\BaseConnection.php(713): CodeIgniter\Database\MySQLi\Connection->execute('INSERT INTO `tb...')
#2 C:\xampp\htdocs\projects2022\p_lanhuonglip\system\Database\BaseConnection.php(641): CodeIgniter\Database\BaseConnection->simpleQuery('INSERT INTO `tb...')
#3 C:\xampp\htdocs\projects2022\p_lanhuonglip\system\Database\BaseBuilder.php(2263): CodeIgniter\Database\BaseConnection->query('INSERT INTO `tb...', Array, false)
#4 C:\xampp\htdocs\projects2022\p_lanhuonglip\app\Models\MyModels.php(16): CodeIgniter\Database\BaseBuilder->insert(Array)
#5 C:\xampp\htdocs\projects2022\p_lanhuonglip\app\Controllers\Home.php(162): App\Models\MyModels->add(Array)
#6 C:\xampp\htdocs\projects2022\p_lanhuonglip\system\CodeIgniter.php(938): App\Controllers\Home->regisStudy()
#7 C:\xampp\htdocs\projects2022\p_lanhuonglip\system\CodeIgniter.php(434): CodeIgniter\CodeIgniter->runController(Object(App\Controllers\Home))
#8 C:\xampp\htdocs\projects2022\p_lanhuonglip\system\CodeIgniter.php(335): CodeIgniter\CodeIgniter->handleRequest(NULL, Object(Config\Cache), false)
#9 C:\xampp\htdocs\projects2022\p_lanhuonglip\public\index.php(43): CodeIgniter\CodeIgniter->run()
#10 C:\xampp\htdocs\projects2022\p_lanhuonglip\system\Commands\Server\rewrite.php(45): require_once('C:\\xampp\\htdocs...')
#11 {main}
ERROR - 2022-08-11 22:26:51 --> mysqli_sql_exception: You have an error in your SQL syntax; check the manual that corresponds to your MariaDB server version for the right syntax to use near ''fullname', 'phone', 'content', `created_at`) VALUES ('', '', '', '2022-08-11...' at line 1 in C:\xampp\htdocs\projects2022\p_lanhuonglip\system\Database\MySQLi\Connection.php:314
Stack trace:
#0 C:\xampp\htdocs\projects2022\p_lanhuonglip\system\Database\MySQLi\Connection.php(314): mysqli->query('INSERT INTO `tb...')
#1 C:\xampp\htdocs\projects2022\p_lanhuonglip\system\Database\BaseConnection.php(713): CodeIgniter\Database\MySQLi\Connection->execute('INSERT INTO `tb...')
#2 C:\xampp\htdocs\projects2022\p_lanhuonglip\system\Database\BaseConnection.php(641): CodeIgniter\Database\BaseConnection->simpleQuery('INSERT INTO `tb...')
#3 C:\xampp\htdocs\projects2022\p_lanhuonglip\system\Database\BaseBuilder.php(2263): CodeIgniter\Database\BaseConnection->query('INSERT INTO `tb...', Array, false)
#4 C:\xampp\htdocs\projects2022\p_lanhuonglip\app\Models\MyModels.php(16): CodeIgniter\Database\BaseBuilder->insert(Array)
#5 C:\xampp\htdocs\projects2022\p_lanhuonglip\app\Controllers\Home.php(162): App\Models\MyModels->add(Array)
#6 C:\xampp\htdocs\projects2022\p_lanhuonglip\system\CodeIgniter.php(938): App\Controllers\Home->regisStudy()
#7 C:\xampp\htdocs\projects2022\p_lanhuonglip\system\CodeIgniter.php(434): CodeIgniter\CodeIgniter->runController(Object(App\Controllers\Home))
#8 C:\xampp\htdocs\projects2022\p_lanhuonglip\system\CodeIgniter.php(335): CodeIgniter\CodeIgniter->handleRequest(NULL, Object(Config\Cache), false)
#9 C:\xampp\htdocs\projects2022\p_lanhuonglip\public\index.php(43): CodeIgniter\CodeIgniter->run()
#10 C:\xampp\htdocs\projects2022\p_lanhuonglip\system\Commands\Server\rewrite.php(45): require_once('C:\\xampp\\htdocs...')
#11 {main}
ERROR - 2022-08-11 22:28:54 --> mysqli_sql_exception: You have an error in your SQL syntax; check the manual that corresponds to your MariaDB server version for the right syntax to use near ''fullname', 'phone', 'content', `created_at`) VALUES ('Lê Minh Hiếu', '093...' at line 1 in C:\xampp\htdocs\projects2022\p_lanhuonglip\system\Database\MySQLi\Connection.php:314
Stack trace:
#0 C:\xampp\htdocs\projects2022\p_lanhuonglip\system\Database\MySQLi\Connection.php(314): mysqli->query('INSERT INTO `tb...')
#1 C:\xampp\htdocs\projects2022\p_lanhuonglip\system\Database\BaseConnection.php(713): CodeIgniter\Database\MySQLi\Connection->execute('INSERT INTO `tb...')
#2 C:\xampp\htdocs\projects2022\p_lanhuonglip\system\Database\BaseConnection.php(641): CodeIgniter\Database\BaseConnection->simpleQuery('INSERT INTO `tb...')
#3 C:\xampp\htdocs\projects2022\p_lanhuonglip\system\Database\BaseBuilder.php(2263): CodeIgniter\Database\BaseConnection->query('INSERT INTO `tb...', Array, false)
#4 C:\xampp\htdocs\projects2022\p_lanhuonglip\app\Models\MyModels.php(16): CodeIgniter\Database\BaseBuilder->insert(Array)
#5 C:\xampp\htdocs\projects2022\p_lanhuonglip\app\Controllers\Home.php(162): App\Models\MyModels->add(Array)
#6 C:\xampp\htdocs\projects2022\p_lanhuonglip\system\CodeIgniter.php(938): App\Controllers\Home->regisStudy()
#7 C:\xampp\htdocs\projects2022\p_lanhuonglip\system\CodeIgniter.php(434): CodeIgniter\CodeIgniter->runController(Object(App\Controllers\Home))
#8 C:\xampp\htdocs\projects2022\p_lanhuonglip\system\CodeIgniter.php(335): CodeIgniter\CodeIgniter->handleRequest(NULL, Object(Config\Cache), false)
#9 C:\xampp\htdocs\projects2022\p_lanhuonglip\public\index.php(43): CodeIgniter\CodeIgniter->run()
#10 C:\xampp\htdocs\projects2022\p_lanhuonglip\system\Commands\Server\rewrite.php(45): require_once('C:\\xampp\\htdocs...')
#11 {main}
CRITICAL - 2022-08-11 22:40:27 --> Invalid file: backend//loadTable.php
#0 C:\xampp\htdocs\projects2022\p_lanhuonglip\system\View\View.php(203): CodeIgniter\Exceptions\FrameworkException::forInvalidFile('backend//loadTa...')
#1 C:\xampp\htdocs\projects2022\p_lanhuonglip\system\Common.php(1217): CodeIgniter\View\View->render('backend//loadTa...', Array, true)
#2 C:\xampp\htdocs\projects2022\p_lanhuonglip\app\Controllers\Cpanel\Regisstudy.php(115): view('backend//loadTa...', Array)
#3 C:\xampp\htdocs\projects2022\p_lanhuonglip\system\CodeIgniter.php(938): App\Controllers\Cpanel\Regisstudy->search_pagination()
#4 C:\xampp\htdocs\projects2022\p_lanhuonglip\system\CodeIgniter.php(434): CodeIgniter\CodeIgniter->runController(Object(App\Controllers\Cpanel\Regisstudy))
#5 C:\xampp\htdocs\projects2022\p_lanhuonglip\system\CodeIgniter.php(335): CodeIgniter\CodeIgniter->handleRequest(NULL, Object(Config\Cache), false)
#6 C:\xampp\htdocs\projects2022\p_lanhuonglip\public\index.php(43): CodeIgniter\CodeIgniter->run()
#7 C:\xampp\htdocs\projects2022\p_lanhuonglip\system\Commands\Server\rewrite.php(45): require_once('C:\\xampp\\htdocs...')
#8 {main}
CRITICAL - 2022-08-11 22:40:32 --> Invalid file: backend//loadTable.php
#0 C:\xampp\htdocs\projects2022\p_lanhuonglip\system\View\View.php(203): CodeIgniter\Exceptions\FrameworkException::forInvalidFile('backend//loadTa...')
#1 C:\xampp\htdocs\projects2022\p_lanhuonglip\system\Common.php(1217): CodeIgniter\View\View->render('backend//loadTa...', Array, true)
#2 C:\xampp\htdocs\projects2022\p_lanhuonglip\app\Controllers\Cpanel\Regisstudy.php(115): view('backend//loadTa...', Array)
#3 C:\xampp\htdocs\projects2022\p_lanhuonglip\system\CodeIgniter.php(938): App\Controllers\Cpanel\Regisstudy->search_pagination()
#4 C:\xampp\htdocs\projects2022\p_lanhuonglip\system\CodeIgniter.php(434): CodeIgniter\CodeIgniter->runController(Object(App\Controllers\Cpanel\Regisstudy))
#5 C:\xampp\htdocs\projects2022\p_lanhuonglip\system\CodeIgniter.php(335): CodeIgniter\CodeIgniter->handleRequest(NULL, Object(Config\Cache), false)
#6 C:\xampp\htdocs\projects2022\p_lanhuonglip\public\index.php(43): CodeIgniter\CodeIgniter->run()
#7 C:\xampp\htdocs\projects2022\p_lanhuonglip\system\Commands\Server\rewrite.php(45): require_once('C:\\xampp\\htdocs...')
#8 {main}
CRITICAL - 2022-08-11 22:40:33 --> Invalid file: backend//loadTable.php
#0 C:\xampp\htdocs\projects2022\p_lanhuonglip\system\View\View.php(203): CodeIgniter\Exceptions\FrameworkException::forInvalidFile('backend//loadTa...')
#1 C:\xampp\htdocs\projects2022\p_lanhuonglip\system\Common.php(1217): CodeIgniter\View\View->render('backend//loadTa...', Array, true)
#2 C:\xampp\htdocs\projects2022\p_lanhuonglip\app\Controllers\Cpanel\Regisstudy.php(115): view('backend//loadTa...', Array)
#3 C:\xampp\htdocs\projects2022\p_lanhuonglip\system\CodeIgniter.php(938): App\Controllers\Cpanel\Regisstudy->search_pagination()
#4 C:\xampp\htdocs\projects2022\p_lanhuonglip\system\CodeIgniter.php(434): CodeIgniter\CodeIgniter->runController(Object(App\Controllers\Cpanel\Regisstudy))
#5 C:\xampp\htdocs\projects2022\p_lanhuonglip\system\CodeIgniter.php(335): CodeIgniter\CodeIgniter->handleRequest(NULL, Object(Config\Cache), false)
#6 C:\xampp\htdocs\projects2022\p_lanhuonglip\public\index.php(43): CodeIgniter\CodeIgniter->run()
#7 C:\xampp\htdocs\projects2022\p_lanhuonglip\system\Commands\Server\rewrite.php(45): require_once('C:\\xampp\\htdocs...')
#8 {main}
CRITICAL - 2022-08-11 22:40:33 --> Invalid file: backend//loadTable.php
#0 C:\xampp\htdocs\projects2022\p_lanhuonglip\system\View\View.php(203): CodeIgniter\Exceptions\FrameworkException::forInvalidFile('backend//loadTa...')
#1 C:\xampp\htdocs\projects2022\p_lanhuonglip\system\Common.php(1217): CodeIgniter\View\View->render('backend//loadTa...', Array, true)
#2 C:\xampp\htdocs\projects2022\p_lanhuonglip\app\Controllers\Cpanel\Regisstudy.php(115): view('backend//loadTa...', Array)
#3 C:\xampp\htdocs\projects2022\p_lanhuonglip\system\CodeIgniter.php(938): App\Controllers\Cpanel\Regisstudy->search_pagination()
#4 C:\xampp\htdocs\projects2022\p_lanhuonglip\system\CodeIgniter.php(434): CodeIgniter\CodeIgniter->runController(Object(App\Controllers\Cpanel\Regisstudy))
#5 C:\xampp\htdocs\projects2022\p_lanhuonglip\system\CodeIgniter.php(335): CodeIgniter\CodeIgniter->handleRequest(NULL, Object(Config\Cache), false)
#6 C:\xampp\htdocs\projects2022\p_lanhuonglip\public\index.php(43): CodeIgniter\CodeIgniter->run()
#7 C:\xampp\htdocs\projects2022\p_lanhuonglip\system\Commands\Server\rewrite.php(45): require_once('C:\\xampp\\htdocs...')
#8 {main}
CRITICAL - 2022-08-11 22:40:33 --> Invalid file: backend//loadTable.php
#0 C:\xampp\htdocs\projects2022\p_lanhuonglip\system\View\View.php(203): CodeIgniter\Exceptions\FrameworkException::forInvalidFile('backend//loadTa...')
#1 C:\xampp\htdocs\projects2022\p_lanhuonglip\system\Common.php(1217): CodeIgniter\View\View->render('backend//loadTa...', Array, true)
#2 C:\xampp\htdocs\projects2022\p_lanhuonglip\app\Controllers\Cpanel\Regisstudy.php(115): view('backend//loadTa...', Array)
#3 C:\xampp\htdocs\projects2022\p_lanhuonglip\system\CodeIgniter.php(938): App\Controllers\Cpanel\Regisstudy->search_pagination()
#4 C:\xampp\htdocs\projects2022\p_lanhuonglip\system\CodeIgniter.php(434): CodeIgniter\CodeIgniter->runController(Object(App\Controllers\Cpanel\Regisstudy))
#5 C:\xampp\htdocs\projects2022\p_lanhuonglip\system\CodeIgniter.php(335): CodeIgniter\CodeIgniter->handleRequest(NULL, Object(Config\Cache), false)
#6 C:\xampp\htdocs\projects2022\p_lanhuonglip\public\index.php(43): CodeIgniter\CodeIgniter->run()
#7 C:\xampp\htdocs\projects2022\p_lanhuonglip\system\Commands\Server\rewrite.php(45): require_once('C:\\xampp\\htdocs...')
#8 {main}
CRITICAL - 2022-08-11 22:40:33 --> Invalid file: backend//loadTable.php
#0 C:\xampp\htdocs\projects2022\p_lanhuonglip\system\View\View.php(203): CodeIgniter\Exceptions\FrameworkException::forInvalidFile('backend//loadTa...')
#1 C:\xampp\htdocs\projects2022\p_lanhuonglip\system\Common.php(1217): CodeIgniter\View\View->render('backend//loadTa...', Array, true)
#2 C:\xampp\htdocs\projects2022\p_lanhuonglip\app\Controllers\Cpanel\Regisstudy.php(115): view('backend//loadTa...', Array)
#3 C:\xampp\htdocs\projects2022\p_lanhuonglip\system\CodeIgniter.php(938): App\Controllers\Cpanel\Regisstudy->search_pagination()
#4 C:\xampp\htdocs\projects2022\p_lanhuonglip\system\CodeIgniter.php(434): CodeIgniter\CodeIgniter->runController(Object(App\Controllers\Cpanel\Regisstudy))
#5 C:\xampp\htdocs\projects2022\p_lanhuonglip\system\CodeIgniter.php(335): CodeIgniter\CodeIgniter->handleRequest(NULL, Object(Config\Cache), false)
#6 C:\xampp\htdocs\projects2022\p_lanhuonglip\public\index.php(43): CodeIgniter\CodeIgniter->run()
#7 C:\xampp\htdocs\projects2022\p_lanhuonglip\system\Commands\Server\rewrite.php(45): require_once('C:\\xampp\\htdocs...')
#8 {main}
CRITICAL - 2022-08-11 22:40:42 --> Invalid file: backend//loadTable.php
#0 C:\xampp\htdocs\projects2022\p_lanhuonglip\system\View\View.php(203): CodeIgniter\Exceptions\FrameworkException::forInvalidFile('backend//loadTa...')
#1 C:\xampp\htdocs\projects2022\p_lanhuonglip\system\Common.php(1217): CodeIgniter\View\View->render('backend//loadTa...', Array, true)
#2 C:\xampp\htdocs\projects2022\p_lanhuonglip\app\Controllers\Cpanel\Regisstudy.php(115): view('backend//loadTa...', Array)
#3 C:\xampp\htdocs\projects2022\p_lanhuonglip\system\CodeIgniter.php(938): App\Controllers\Cpanel\Regisstudy->search_pagination()
#4 C:\xampp\htdocs\projects2022\p_lanhuonglip\system\CodeIgniter.php(434): CodeIgniter\CodeIgniter->runController(Object(App\Controllers\Cpanel\Regisstudy))
#5 C:\xampp\htdocs\projects2022\p_lanhuonglip\system\CodeIgniter.php(335): CodeIgniter\CodeIgniter->handleRequest(NULL, Object(Config\Cache), false)
#6 C:\xampp\htdocs\projects2022\p_lanhuonglip\public\index.php(43): CodeIgniter\CodeIgniter->run()
#7 C:\xampp\htdocs\projects2022\p_lanhuonglip\system\Commands\Server\rewrite.php(45): require_once('C:\\xampp\\htdocs...')
#8 {main}
CRITICAL - 2022-08-11 22:40:44 --> Invalid file: backend//loadTable.php
#0 C:\xampp\htdocs\projects2022\p_lanhuonglip\system\View\View.php(203): CodeIgniter\Exceptions\FrameworkException::forInvalidFile('backend//loadTa...')
#1 C:\xampp\htdocs\projects2022\p_lanhuonglip\system\Common.php(1217): CodeIgniter\View\View->render('backend//loadTa...', Array, true)
#2 C:\xampp\htdocs\projects2022\p_lanhuonglip\app\Controllers\Cpanel\Regisstudy.php(115): view('backend//loadTa...', Array)
#3 C:\xampp\htdocs\projects2022\p_lanhuonglip\system\CodeIgniter.php(938): App\Controllers\Cpanel\Regisstudy->search_pagination()
#4 C:\xampp\htdocs\projects2022\p_lanhuonglip\system\CodeIgniter.php(434): CodeIgniter\CodeIgniter->runController(Object(App\Controllers\Cpanel\Regisstudy))
#5 C:\xampp\htdocs\projects2022\p_lanhuonglip\system\CodeIgniter.php(335): CodeIgniter\CodeIgniter->handleRequest(NULL, Object(Config\Cache), false)
#6 C:\xampp\htdocs\projects2022\p_lanhuonglip\public\index.php(43): CodeIgniter\CodeIgniter->run()
#7 C:\xampp\htdocs\projects2022\p_lanhuonglip\system\Commands\Server\rewrite.php(45): require_once('C:\\xampp\\htdocs...')
#8 {main}
CRITICAL - 2022-08-11 22:40:45 --> Invalid file: backend//loadTable.php
#0 C:\xampp\htdocs\projects2022\p_lanhuonglip\system\View\View.php(203): CodeIgniter\Exceptions\FrameworkException::forInvalidFile('backend//loadTa...')
#1 C:\xampp\htdocs\projects2022\p_lanhuonglip\system\Common.php(1217): CodeIgniter\View\View->render('backend//loadTa...', Array, true)
#2 C:\xampp\htdocs\projects2022\p_lanhuonglip\app\Controllers\Cpanel\Regisstudy.php(115): view('backend//loadTa...', Array)
#3 C:\xampp\htdocs\projects2022\p_lanhuonglip\system\CodeIgniter.php(938): App\Controllers\Cpanel\Regisstudy->search_pagination()
#4 C:\xampp\htdocs\projects2022\p_lanhuonglip\system\CodeIgniter.php(434): CodeIgniter\CodeIgniter->runController(Object(App\Controllers\Cpanel\Regisstudy))
#5 C:\xampp\htdocs\projects2022\p_lanhuonglip\system\CodeIgniter.php(335): CodeIgniter\CodeIgniter->handleRequest(NULL, Object(Config\Cache), false)
#6 C:\xampp\htdocs\projects2022\p_lanhuonglip\public\index.php(43): CodeIgniter\CodeIgniter->run()
#7 C:\xampp\htdocs\projects2022\p_lanhuonglip\system\Commands\Server\rewrite.php(45): require_once('C:\\xampp\\htdocs...')
#8 {main}
CRITICAL - 2022-08-11 22:40:45 --> Invalid file: backend//loadTable.php
#0 C:\xampp\htdocs\projects2022\p_lanhuonglip\system\View\View.php(203): CodeIgniter\Exceptions\FrameworkException::forInvalidFile('backend//loadTa...')
#1 C:\xampp\htdocs\projects2022\p_lanhuonglip\system\Common.php(1217): CodeIgniter\View\View->render('backend//loadTa...', Array, true)
#2 C:\xampp\htdocs\projects2022\p_lanhuonglip\app\Controllers\Cpanel\Regisstudy.php(115): view('backend//loadTa...', Array)
#3 C:\xampp\htdocs\projects2022\p_lanhuonglip\system\CodeIgniter.php(938): App\Controllers\Cpanel\Regisstudy->search_pagination()
#4 C:\xampp\htdocs\projects2022\p_lanhuonglip\system\CodeIgniter.php(434): CodeIgniter\CodeIgniter->runController(Object(App\Controllers\Cpanel\Regisstudy))
#5 C:\xampp\htdocs\projects2022\p_lanhuonglip\system\CodeIgniter.php(335): CodeIgniter\CodeIgniter->handleRequest(NULL, Object(Config\Cache), false)
#6 C:\xampp\htdocs\projects2022\p_lanhuonglip\public\index.php(43): CodeIgniter\CodeIgniter->run()
#7 C:\xampp\htdocs\projects2022\p_lanhuonglip\system\Commands\Server\rewrite.php(45): require_once('C:\\xampp\\htdocs...')
#8 {main}
CRITICAL - 2022-08-11 22:42:51 --> Invalid file: backend//loadTable.php
#0 C:\xampp\htdocs\projects2022\p_lanhuonglip\system\View\View.php(203): CodeIgniter\Exceptions\FrameworkException::forInvalidFile('backend//loadTa...')
#1 C:\xampp\htdocs\projects2022\p_lanhuonglip\system\Common.php(1217): CodeIgniter\View\View->render('backend//loadTa...', Array, true)
#2 C:\xampp\htdocs\projects2022\p_lanhuonglip\app\Controllers\Cpanel\Regisstudy.php(115): view('backend//loadTa...', Array)
#3 C:\xampp\htdocs\projects2022\p_lanhuonglip\system\CodeIgniter.php(938): App\Controllers\Cpanel\Regisstudy->search_pagination()
#4 C:\xampp\htdocs\projects2022\p_lanhuonglip\system\CodeIgniter.php(434): CodeIgniter\CodeIgniter->runController(Object(App\Controllers\Cpanel\Regisstudy))
#5 C:\xampp\htdocs\projects2022\p_lanhuonglip\system\CodeIgniter.php(335): CodeIgniter\CodeIgniter->handleRequest(NULL, Object(Config\Cache), false)
#6 C:\xampp\htdocs\projects2022\p_lanhuonglip\public\index.php(43): CodeIgniter\CodeIgniter->run()
#7 C:\xampp\htdocs\projects2022\p_lanhuonglip\system\Commands\Server\rewrite.php(45): require_once('C:\\xampp\\htdocs...')
#8 {main}
CRITICAL - 2022-08-11 22:43:37 --> Invalid file: backend//loadTable.php
#0 C:\xampp\htdocs\projects2022\p_lanhuonglip\system\View\View.php(203): CodeIgniter\Exceptions\FrameworkException::forInvalidFile('backend//loadTa...')
#1 C:\xampp\htdocs\projects2022\p_lanhuonglip\system\Common.php(1217): CodeIgniter\View\View->render('backend//loadTa...', Array, true)
#2 C:\xampp\htdocs\projects2022\p_lanhuonglip\app\Controllers\Cpanel\Regisstudy.php(115): view('backend//loadTa...', Array)
#3 C:\xampp\htdocs\projects2022\p_lanhuonglip\system\CodeIgniter.php(938): App\Controllers\Cpanel\Regisstudy->search_pagination()
#4 C:\xampp\htdocs\projects2022\p_lanhuonglip\system\CodeIgniter.php(434): CodeIgniter\CodeIgniter->runController(Object(App\Controllers\Cpanel\Regisstudy))
#5 C:\xampp\htdocs\projects2022\p_lanhuonglip\system\CodeIgniter.php(335): CodeIgniter\CodeIgniter->handleRequest(NULL, Object(Config\Cache), false)
#6 C:\xampp\htdocs\projects2022\p_lanhuonglip\public\index.php(43): CodeIgniter\CodeIgniter->run()
#7 C:\xampp\htdocs\projects2022\p_lanhuonglip\system\Commands\Server\rewrite.php(45): require_once('C:\\xampp\\htdocs...')
#8 {main}
CRITICAL - 2022-08-11 22:43:41 --> Invalid file: backend//loadTable.php
#0 C:\xampp\htdocs\projects2022\p_lanhuonglip\system\View\View.php(203): CodeIgniter\Exceptions\FrameworkException::forInvalidFile('backend//loadTa...')
#1 C:\xampp\htdocs\projects2022\p_lanhuonglip\system\Common.php(1217): CodeIgniter\View\View->render('backend//loadTa...', Array, true)
#2 C:\xampp\htdocs\projects2022\p_lanhuonglip\app\Controllers\Cpanel\Regisstudy.php(115): view('backend//loadTa...', Array)
#3 C:\xampp\htdocs\projects2022\p_lanhuonglip\system\CodeIgniter.php(938): App\Controllers\Cpanel\Regisstudy->search_pagination()
#4 C:\xampp\htdocs\projects2022\p_lanhuonglip\system\CodeIgniter.php(434): CodeIgniter\CodeIgniter->runController(Object(App\Controllers\Cpanel\Regisstudy))
#5 C:\xampp\htdocs\projects2022\p_lanhuonglip\system\CodeIgniter.php(335): CodeIgniter\CodeIgniter->handleRequest(NULL, Object(Config\Cache), false)
#6 C:\xampp\htdocs\projects2022\p_lanhuonglip\public\index.php(43): CodeIgniter\CodeIgniter->run()
#7 C:\xampp\htdocs\projects2022\p_lanhuonglip\system\Commands\Server\rewrite.php(45): require_once('C:\\xampp\\htdocs...')
#8 {main}
CRITICAL - 2022-08-11 22:43:42 --> Invalid file: backend//loadTable.php
#0 C:\xampp\htdocs\projects2022\p_lanhuonglip\system\View\View.php(203): CodeIgniter\Exceptions\FrameworkException::forInvalidFile('backend//loadTa...')
#1 C:\xampp\htdocs\projects2022\p_lanhuonglip\system\Common.php(1217): CodeIgniter\View\View->render('backend//loadTa...', Array, true)
#2 C:\xampp\htdocs\projects2022\p_lanhuonglip\app\Controllers\Cpanel\Regisstudy.php(115): view('backend//loadTa...', Array)
#3 C:\xampp\htdocs\projects2022\p_lanhuonglip\system\CodeIgniter.php(938): App\Controllers\Cpanel\Regisstudy->search_pagination()
#4 C:\xampp\htdocs\projects2022\p_lanhuonglip\system\CodeIgniter.php(434): CodeIgniter\CodeIgniter->runController(Object(App\Controllers\Cpanel\Regisstudy))
#5 C:\xampp\htdocs\projects2022\p_lanhuonglip\system\CodeIgniter.php(335): CodeIgniter\CodeIgniter->handleRequest(NULL, Object(Config\Cache), false)
#6 C:\xampp\htdocs\projects2022\p_lanhuonglip\public\index.php(43): CodeIgniter\CodeIgniter->run()
#7 C:\xampp\htdocs\projects2022\p_lanhuonglip\system\Commands\Server\rewrite.php(45): require_once('C:\\xampp\\htdocs...')
#8 {main}
CRITICAL - 2022-08-11 22:43:42 --> Invalid file: backend//loadTable.php
#0 C:\xampp\htdocs\projects2022\p_lanhuonglip\system\View\View.php(203): CodeIgniter\Exceptions\FrameworkException::forInvalidFile('backend//loadTa...')
#1 C:\xampp\htdocs\projects2022\p_lanhuonglip\system\Common.php(1217): CodeIgniter\View\View->render('backend//loadTa...', Array, true)
#2 C:\xampp\htdocs\projects2022\p_lanhuonglip\app\Controllers\Cpanel\Regisstudy.php(115): view('backend//loadTa...', Array)
#3 C:\xampp\htdocs\projects2022\p_lanhuonglip\system\CodeIgniter.php(938): App\Controllers\Cpanel\Regisstudy->search_pagination()
#4 C:\xampp\htdocs\projects2022\p_lanhuonglip\system\CodeIgniter.php(434): CodeIgniter\CodeIgniter->runController(Object(App\Controllers\Cpanel\Regisstudy))
#5 C:\xampp\htdocs\projects2022\p_lanhuonglip\system\CodeIgniter.php(335): CodeIgniter\CodeIgniter->handleRequest(NULL, Object(Config\Cache), false)
#6 C:\xampp\htdocs\projects2022\p_lanhuonglip\public\index.php(43): CodeIgniter\CodeIgniter->run()
#7 C:\xampp\htdocs\projects2022\p_lanhuonglip\system\Commands\Server\rewrite.php(45): require_once('C:\\xampp\\htdocs...')
#8 {main}
CRITICAL - 2022-08-11 22:43:43 --> Invalid file: backend//loadTable.php
#0 C:\xampp\htdocs\projects2022\p_lanhuonglip\system\View\View.php(203): CodeIgniter\Exceptions\FrameworkException::forInvalidFile('backend//loadTa...')
#1 C:\xampp\htdocs\projects2022\p_lanhuonglip\system\Common.php(1217): CodeIgniter\View\View->render('backend//loadTa...', Array, true)
#2 C:\xampp\htdocs\projects2022\p_lanhuonglip\app\Controllers\Cpanel\Regisstudy.php(115): view('backend//loadTa...', Array)
#3 C:\xampp\htdocs\projects2022\p_lanhuonglip\system\CodeIgniter.php(938): App\Controllers\Cpanel\Regisstudy->search_pagination()
#4 C:\xampp\htdocs\projects2022\p_lanhuonglip\system\CodeIgniter.php(434): CodeIgniter\CodeIgniter->runController(Object(App\Controllers\Cpanel\Regisstudy))
#5 C:\xampp\htdocs\projects2022\p_lanhuonglip\system\CodeIgniter.php(335): CodeIgniter\CodeIgniter->handleRequest(NULL, Object(Config\Cache), false)
#6 C:\xampp\htdocs\projects2022\p_lanhuonglip\public\index.php(43): CodeIgniter\CodeIgniter->run()
#7 C:\xampp\htdocs\projects2022\p_lanhuonglip\system\Commands\Server\rewrite.php(45): require_once('C:\\xampp\\htdocs...')
#8 {main}
CRITICAL - 2022-08-11 22:47:08 --> Invalid file: backend//loadTable.php
#0 C:\xampp\htdocs\projects2022\p_lanhuonglip\system\View\View.php(203): CodeIgniter\Exceptions\FrameworkException::forInvalidFile('backend//loadTa...')
#1 C:\xampp\htdocs\projects2022\p_lanhuonglip\system\Common.php(1217): CodeIgniter\View\View->render('backend//loadTa...', Array, true)
#2 C:\xampp\htdocs\projects2022\p_lanhuonglip\app\Controllers\Cpanel\Regisstudy.php(115): view('backend//loadTa...', Array)
#3 C:\xampp\htdocs\projects2022\p_lanhuonglip\system\CodeIgniter.php(938): App\Controllers\Cpanel\Regisstudy->search_pagination()
#4 C:\xampp\htdocs\projects2022\p_lanhuonglip\system\CodeIgniter.php(434): CodeIgniter\CodeIgniter->runController(Object(App\Controllers\Cpanel\Regisstudy))
#5 C:\xampp\htdocs\projects2022\p_lanhuonglip\system\CodeIgniter.php(335): CodeIgniter\CodeIgniter->handleRequest(NULL, Object(Config\Cache), false)
#6 C:\xampp\htdocs\projects2022\p_lanhuonglip\public\index.php(43): CodeIgniter\CodeIgniter->run()
#7 C:\xampp\htdocs\projects2022\p_lanhuonglip\system\Commands\Server\rewrite.php(45): require_once('C:\\xampp\\htdocs...')
#8 {main}
CRITICAL - 2022-08-11 22:47:17 --> Invalid file: backend//loadTable.php
#0 C:\xampp\htdocs\projects2022\p_lanhuonglip\system\View\View.php(203): CodeIgniter\Exceptions\FrameworkException::forInvalidFile('backend//loadTa...')
#1 C:\xampp\htdocs\projects2022\p_lanhuonglip\system\Common.php(1217): CodeIgniter\View\View->render('backend//loadTa...', Array, true)
#2 C:\xampp\htdocs\projects2022\p_lanhuonglip\app\Controllers\Cpanel\Regisstudy.php(115): view('backend//loadTa...', Array)
#3 C:\xampp\htdocs\projects2022\p_lanhuonglip\system\CodeIgniter.php(938): App\Controllers\Cpanel\Regisstudy->search_pagination()
#4 C:\xampp\htdocs\projects2022\p_lanhuonglip\system\CodeIgniter.php(434): CodeIgniter\CodeIgniter->runController(Object(App\Controllers\Cpanel\Regisstudy))
#5 C:\xampp\htdocs\projects2022\p_lanhuonglip\system\CodeIgniter.php(335): CodeIgniter\CodeIgniter->handleRequest(NULL, Object(Config\Cache), false)
#6 C:\xampp\htdocs\projects2022\p_lanhuonglip\public\index.php(43): CodeIgniter\CodeIgniter->run()
#7 C:\xampp\htdocs\projects2022\p_lanhuonglip\system\Commands\Server\rewrite.php(45): require_once('C:\\xampp\\htdocs...')
#8 {main}
CRITICAL - 2022-08-11 22:51:46 --> Invalid file: backend//loadTable.php
#0 C:\xampp\htdocs\projects2022\p_lanhuonglip\system\View\View.php(203): CodeIgniter\Exceptions\FrameworkException::forInvalidFile('backend//loadTa...')
#1 C:\xampp\htdocs\projects2022\p_lanhuonglip\system\Common.php(1217): CodeIgniter\View\View->render('backend//loadTa...', Array, true)
#2 C:\xampp\htdocs\projects2022\p_lanhuonglip\app\Controllers\Cpanel\Regisstudy.php(115): view('backend//loadTa...', Array)
#3 C:\xampp\htdocs\projects2022\p_lanhuonglip\system\CodeIgniter.php(938): App\Controllers\Cpanel\Regisstudy->search_pagination()
#4 C:\xampp\htdocs\projects2022\p_lanhuonglip\system\CodeIgniter.php(434): CodeIgniter\CodeIgniter->runController(Object(App\Controllers\Cpanel\Regisstudy))
#5 C:\xampp\htdocs\projects2022\p_lanhuonglip\system\CodeIgniter.php(335): CodeIgniter\CodeIgniter->handleRequest(NULL, Object(Config\Cache), false)
#6 C:\xampp\htdocs\projects2022\p_lanhuonglip\public\index.php(43): CodeIgniter\CodeIgniter->run()
#7 C:\xampp\htdocs\projects2022\p_lanhuonglip\system\Commands\Server\rewrite.php(45): require_once('C:\\xampp\\htdocs...')
#8 {main}
