CRITICAL - 2021-11-26 07:52:50 --> Undefined variable: data_index
#0 C:\xampp\htdocs\projects\p_vitnuongthaomoc\app\Views\frontend\layout\menu_mobile.php(11): CodeIgniter\Debug\Exceptions->errorHandler(8, 'Undefined varia...', 'C:\\xampp\\htdocs...', 11, Array)
#1 C:\xampp\htdocs\projects\p_vitnuongthaomoc\system\View\View.php(220): include('C:\\xampp\\htdocs...')
#2 C:\xampp\htdocs\projects\p_vitnuongthaomoc\system\View\View.php(222): CodeIgniter\View\View->CodeIgniter\View\{closure}()
#3 C:\xampp\htdocs\projects\p_vitnuongthaomoc\system\View\View.php(468): CodeIgniter\View\View->render('frontend/layout...', NULL, true)
#4 C:\xampp\htdocs\projects\p_vitnuongthaomoc\app\Views\frontend\default.php(41): CodeIgniter\View\View->include('frontend/layout...')
#5 C:\xampp\htdocs\projects\p_vitnuongthaomoc\system\View\View.php(220): include('C:\\xampp\\htdocs...')
#6 C:\xampp\htdocs\projects\p_vitnuongthaomoc\system\View\View.php(222): CodeIgniter\View\View->CodeIgniter\View\{closure}()
#7 C:\xampp\htdocs\projects\p_vitnuongthaomoc\system\Common.php(1217): CodeIgniter\View\View->render('frontend/defaul...', Array, true)
#8 C:\xampp\htdocs\projects\p_vitnuongthaomoc\app\Controllers\Route.php(66): view('frontend/defaul...', Array)
#9 C:\xampp\htdocs\projects\p_vitnuongthaomoc\system\CodeIgniter.php(938): App\Controllers\Route->index('uploads', 'webps', 'construction', '2021', '08', 'nha-khach-trung...')
#10 C:\xampp\htdocs\projects\p_vitnuongthaomoc\system\CodeIgniter.php(434): CodeIgniter\CodeIgniter->runController(Object(App\Controllers\Route))
#11 C:\xampp\htdocs\projects\p_vitnuongthaomoc\system\CodeIgniter.php(335): CodeIgniter\CodeIgniter->handleRequest(NULL, Object(Config\Cache), false)
#12 C:\xampp\htdocs\projects\p_vitnuongthaomoc\public\index.php(43): CodeIgniter\CodeIgniter->run()
#13 C:\xampp\htdocs\projects\p_vitnuongthaomoc\system\Commands\Server\rewrite.php(45): require_once('C:\\xampp\\htdocs...')
#14 {main}
CRITICAL - 2021-11-26 07:52:50 --> Undefined variable: data_index
#0 C:\xampp\htdocs\projects\p_vitnuongthaomoc\app\Views\frontend\layout\menu_mobile.php(11): CodeIgniter\Debug\Exceptions->errorHandler(8, 'Undefined varia...', 'C:\\xampp\\htdocs...', 11, Array)
#1 C:\xampp\htdocs\projects\p_vitnuongthaomoc\system\View\View.php(220): include('C:\\xampp\\htdocs...')
#2 C:\xampp\htdocs\projects\p_vitnuongthaomoc\system\View\View.php(222): CodeIgniter\View\View->CodeIgniter\View\{closure}()
#3 C:\xampp\htdocs\projects\p_vitnuongthaomoc\system\View\View.php(468): CodeIgniter\View\View->render('frontend/layout...', NULL, true)
#4 C:\xampp\htdocs\projects\p_vitnuongthaomoc\app\Views\frontend\default.php(41): CodeIgniter\View\View->include('frontend/layout...')
#5 C:\xampp\htdocs\projects\p_vitnuongthaomoc\system\View\View.php(220): include('C:\\xampp\\htdocs...')
#6 C:\xampp\htdocs\projects\p_vitnuongthaomoc\system\View\View.php(222): CodeIgniter\View\View->CodeIgniter\View\{closure}()
#7 C:\xampp\htdocs\projects\p_vitnuongthaomoc\system\Common.php(1217): CodeIgniter\View\View->render('frontend/defaul...', Array, true)
#8 C:\xampp\htdocs\projects\p_vitnuongthaomoc\app\Controllers\Route.php(66): view('frontend/defaul...', Array)
#9 C:\xampp\htdocs\projects\p_vitnuongthaomoc\system\CodeIgniter.php(938): App\Controllers\Route->index('uploads', 'webps', 'construction', '2021', '08', 'ky-tuc-xa-hoang...')
#10 C:\xampp\htdocs\projects\p_vitnuongthaomoc\system\CodeIgniter.php(434): CodeIgniter\CodeIgniter->runController(Object(App\Controllers\Route))
#11 C:\xampp\htdocs\projects\p_vitnuongthaomoc\system\CodeIgniter.php(335): CodeIgniter\CodeIgniter->handleRequest(NULL, Object(Config\Cache), false)
#12 C:\xampp\htdocs\projects\p_vitnuongthaomoc\public\index.php(43): CodeIgniter\CodeIgniter->run()
#13 C:\xampp\htdocs\projects\p_vitnuongthaomoc\system\Commands\Server\rewrite.php(45): require_once('C:\\xampp\\htdocs...')
#14 {main}
CRITICAL - 2021-11-26 07:52:51 --> Undefined variable: data_index
#0 C:\xampp\htdocs\projects\p_vitnuongthaomoc\app\Views\frontend\layout\menu_mobile.php(11): CodeIgniter\Debug\Exceptions->errorHandler(8, 'Undefined varia...', 'C:\\xampp\\htdocs...', 11, Array)
#1 C:\xampp\htdocs\projects\p_vitnuongthaomoc\system\View\View.php(220): include('C:\\xampp\\htdocs...')
#2 C:\xampp\htdocs\projects\p_vitnuongthaomoc\system\View\View.php(222): CodeIgniter\View\View->CodeIgniter\View\{closure}()
#3 C:\xampp\htdocs\projects\p_vitnuongthaomoc\system\View\View.php(468): CodeIgniter\View\View->render('frontend/layout...', NULL, true)
#4 C:\xampp\htdocs\projects\p_vitnuongthaomoc\app\Views\frontend\default.php(41): CodeIgniter\View\View->include('frontend/layout...')
#5 C:\xampp\htdocs\projects\p_vitnuongthaomoc\system\View\View.php(220): include('C:\\xampp\\htdocs...')
#6 C:\xampp\htdocs\projects\p_vitnuongthaomoc\system\View\View.php(222): CodeIgniter\View\View->CodeIgniter\View\{closure}()
#7 C:\xampp\htdocs\projects\p_vitnuongthaomoc\system\Common.php(1217): CodeIgniter\View\View->render('frontend/defaul...', Array, true)
#8 C:\xampp\htdocs\projects\p_vitnuongthaomoc\app\Controllers\Route.php(66): view('frontend/defaul...', Array)
#9 C:\xampp\htdocs\projects\p_vitnuongthaomoc\system\CodeIgniter.php(938): App\Controllers\Route->index('uploads', 'webps', 'construction', '2021', '08', 'biet-thu-vuon-a...')
#10 C:\xampp\htdocs\projects\p_vitnuongthaomoc\system\CodeIgniter.php(434): CodeIgniter\CodeIgniter->runController(Object(App\Controllers\Route))
#11 C:\xampp\htdocs\projects\p_vitnuongthaomoc\system\CodeIgniter.php(335): CodeIgniter\CodeIgniter->handleRequest(NULL, Object(Config\Cache), false)
#12 C:\xampp\htdocs\projects\p_vitnuongthaomoc\public\index.php(43): CodeIgniter\CodeIgniter->run()
#13 C:\xampp\htdocs\projects\p_vitnuongthaomoc\system\Commands\Server\rewrite.php(45): require_once('C:\\xampp\\htdocs...')
#14 {main}
CRITICAL - 2021-11-26 07:52:52 --> Undefined variable: data_index
#0 C:\xampp\htdocs\projects\p_vitnuongthaomoc\app\Views\frontend\layout\menu_mobile.php(11): CodeIgniter\Debug\Exceptions->errorHandler(8, 'Undefined varia...', 'C:\\xampp\\htdocs...', 11, Array)
#1 C:\xampp\htdocs\projects\p_vitnuongthaomoc\system\View\View.php(220): include('C:\\xampp\\htdocs...')
#2 C:\xampp\htdocs\projects\p_vitnuongthaomoc\system\View\View.php(222): CodeIgniter\View\View->CodeIgniter\View\{closure}()
#3 C:\xampp\htdocs\projects\p_vitnuongthaomoc\system\View\View.php(468): CodeIgniter\View\View->render('frontend/layout...', NULL, true)
#4 C:\xampp\htdocs\projects\p_vitnuongthaomoc\app\Views\frontend\default.php(41): CodeIgniter\View\View->include('frontend/layout...')
#5 C:\xampp\htdocs\projects\p_vitnuongthaomoc\system\View\View.php(220): include('C:\\xampp\\htdocs...')
#6 C:\xampp\htdocs\projects\p_vitnuongthaomoc\system\View\View.php(222): CodeIgniter\View\View->CodeIgniter\View\{closure}()
#7 C:\xampp\htdocs\projects\p_vitnuongthaomoc\system\Common.php(1217): CodeIgniter\View\View->render('frontend/defaul...', Array, true)
#8 C:\xampp\htdocs\projects\p_vitnuongthaomoc\app\Controllers\Route.php(66): view('frontend/defaul...', Array)
#9 C:\xampp\htdocs\projects\p_vitnuongthaomoc\system\CodeIgniter.php(938): App\Controllers\Route->index('uploads', 'webps', 'slide', '2021', '09', 'thumb', 'pho-xanh.webp')
#10 C:\xampp\htdocs\projects\p_vitnuongthaomoc\system\CodeIgniter.php(434): CodeIgniter\CodeIgniter->runController(Object(App\Controllers\Route))
#11 C:\xampp\htdocs\projects\p_vitnuongthaomoc\system\CodeIgniter.php(335): CodeIgniter\CodeIgniter->handleRequest(NULL, Object(Config\Cache), false)
#12 C:\xampp\htdocs\projects\p_vitnuongthaomoc\public\index.php(43): CodeIgniter\CodeIgniter->run()
#13 C:\xampp\htdocs\projects\p_vitnuongthaomoc\system\Commands\Server\rewrite.php(45): require_once('C:\\xampp\\htdocs...')
#14 {main}
CRITICAL - 2021-11-26 08:02:25 --> Undefined variable: data_index
#0 C:\xampp\htdocs\projects\p_vitnuongthaomoc\app\Views\frontend\layout\menu_mobile.php(11): CodeIgniter\Debug\Exceptions->errorHandler(8, 'Undefined varia...', 'C:\\xampp\\htdocs...', 11, Array)
#1 C:\xampp\htdocs\projects\p_vitnuongthaomoc\system\View\View.php(220): include('C:\\xampp\\htdocs...')
#2 C:\xampp\htdocs\projects\p_vitnuongthaomoc\system\View\View.php(222): CodeIgniter\View\View->CodeIgniter\View\{closure}()
#3 C:\xampp\htdocs\projects\p_vitnuongthaomoc\system\View\View.php(468): CodeIgniter\View\View->render('frontend/layout...', NULL, true)
#4 C:\xampp\htdocs\projects\p_vitnuongthaomoc\app\Views\frontend\default.php(41): CodeIgniter\View\View->include('frontend/layout...')
#5 C:\xampp\htdocs\projects\p_vitnuongthaomoc\system\View\View.php(220): include('C:\\xampp\\htdocs...')
#6 C:\xampp\htdocs\projects\p_vitnuongthaomoc\system\View\View.php(222): CodeIgniter\View\View->CodeIgniter\View\{closure}()
#7 C:\xampp\htdocs\projects\p_vitnuongthaomoc\system\Common.php(1217): CodeIgniter\View\View->render('frontend/defaul...', Array, true)
#8 C:\xampp\htdocs\projects\p_vitnuongthaomoc\app\Controllers\Route.php(66): view('frontend/defaul...', Array)
#9 C:\xampp\htdocs\projects\p_vitnuongthaomoc\system\CodeIgniter.php(938): App\Controllers\Route->index('uploads', 'webps', 'slide', '2021', '09', 'thumb', 'pho-xanh.webp')
#10 C:\xampp\htdocs\projects\p_vitnuongthaomoc\system\CodeIgniter.php(434): CodeIgniter\CodeIgniter->runController(Object(App\Controllers\Route))
#11 C:\xampp\htdocs\projects\p_vitnuongthaomoc\system\CodeIgniter.php(335): CodeIgniter\CodeIgniter->handleRequest(NULL, Object(Config\Cache), false)
#12 C:\xampp\htdocs\projects\p_vitnuongthaomoc\public\index.php(43): CodeIgniter\CodeIgniter->run()
#13 C:\xampp\htdocs\projects\p_vitnuongthaomoc\system\Commands\Server\rewrite.php(45): require_once('C:\\xampp\\htdocs...')
#14 {main}
CRITICAL - 2021-11-26 08:02:26 --> Undefined variable: data_index
#0 C:\xampp\htdocs\projects\p_vitnuongthaomoc\app\Views\frontend\layout\menu_mobile.php(11): CodeIgniter\Debug\Exceptions->errorHandler(8, 'Undefined varia...', 'C:\\xampp\\htdocs...', 11, Array)
#1 C:\xampp\htdocs\projects\p_vitnuongthaomoc\system\View\View.php(220): include('C:\\xampp\\htdocs...')
#2 C:\xampp\htdocs\projects\p_vitnuongthaomoc\system\View\View.php(222): CodeIgniter\View\View->CodeIgniter\View\{closure}()
#3 C:\xampp\htdocs\projects\p_vitnuongthaomoc\system\View\View.php(468): CodeIgniter\View\View->render('frontend/layout...', NULL, true)
#4 C:\xampp\htdocs\projects\p_vitnuongthaomoc\app\Views\frontend\default.php(41): CodeIgniter\View\View->include('frontend/layout...')
#5 C:\xampp\htdocs\projects\p_vitnuongthaomoc\system\View\View.php(220): include('C:\\xampp\\htdocs...')
#6 C:\xampp\htdocs\projects\p_vitnuongthaomoc\system\View\View.php(222): CodeIgniter\View\View->CodeIgniter\View\{closure}()
#7 C:\xampp\htdocs\projects\p_vitnuongthaomoc\system\Common.php(1217): CodeIgniter\View\View->render('frontend/defaul...', Array, true)
#8 C:\xampp\htdocs\projects\p_vitnuongthaomoc\app\Controllers\Route.php(66): view('frontend/defaul...', Array)
#9 C:\xampp\htdocs\projects\p_vitnuongthaomoc\system\CodeIgniter.php(938): App\Controllers\Route->index('uploads', 'webps', 'construction', '2021', '08', 'nha-khach-trung...')
#10 C:\xampp\htdocs\projects\p_vitnuongthaomoc\system\CodeIgniter.php(434): CodeIgniter\CodeIgniter->runController(Object(App\Controllers\Route))
#11 C:\xampp\htdocs\projects\p_vitnuongthaomoc\system\CodeIgniter.php(335): CodeIgniter\CodeIgniter->handleRequest(NULL, Object(Config\Cache), false)
#12 C:\xampp\htdocs\projects\p_vitnuongthaomoc\public\index.php(43): CodeIgniter\CodeIgniter->run()
#13 C:\xampp\htdocs\projects\p_vitnuongthaomoc\system\Commands\Server\rewrite.php(45): require_once('C:\\xampp\\htdocs...')
#14 {main}
CRITICAL - 2021-11-26 08:02:26 --> Undefined variable: data_index
#0 C:\xampp\htdocs\projects\p_vitnuongthaomoc\app\Views\frontend\layout\menu_mobile.php(11): CodeIgniter\Debug\Exceptions->errorHandler(8, 'Undefined varia...', 'C:\\xampp\\htdocs...', 11, Array)
#1 C:\xampp\htdocs\projects\p_vitnuongthaomoc\system\View\View.php(220): include('C:\\xampp\\htdocs...')
#2 C:\xampp\htdocs\projects\p_vitnuongthaomoc\system\View\View.php(222): CodeIgniter\View\View->CodeIgniter\View\{closure}()
#3 C:\xampp\htdocs\projects\p_vitnuongthaomoc\system\View\View.php(468): CodeIgniter\View\View->render('frontend/layout...', NULL, true)
#4 C:\xampp\htdocs\projects\p_vitnuongthaomoc\app\Views\frontend\default.php(41): CodeIgniter\View\View->include('frontend/layout...')
#5 C:\xampp\htdocs\projects\p_vitnuongthaomoc\system\View\View.php(220): include('C:\\xampp\\htdocs...')
#6 C:\xampp\htdocs\projects\p_vitnuongthaomoc\system\View\View.php(222): CodeIgniter\View\View->CodeIgniter\View\{closure}()
#7 C:\xampp\htdocs\projects\p_vitnuongthaomoc\system\Common.php(1217): CodeIgniter\View\View->render('frontend/defaul...', Array, true)
#8 C:\xampp\htdocs\projects\p_vitnuongthaomoc\app\Controllers\Route.php(66): view('frontend/defaul...', Array)
#9 C:\xampp\htdocs\projects\p_vitnuongthaomoc\system\CodeIgniter.php(938): App\Controllers\Route->index('uploads', 'webps', 'construction', '2021', '08', 'ky-tuc-xa-hoang...')
#10 C:\xampp\htdocs\projects\p_vitnuongthaomoc\system\CodeIgniter.php(434): CodeIgniter\CodeIgniter->runController(Object(App\Controllers\Route))
#11 C:\xampp\htdocs\projects\p_vitnuongthaomoc\system\CodeIgniter.php(335): CodeIgniter\CodeIgniter->handleRequest(NULL, Object(Config\Cache), false)
#12 C:\xampp\htdocs\projects\p_vitnuongthaomoc\public\index.php(43): CodeIgniter\CodeIgniter->run()
#13 C:\xampp\htdocs\projects\p_vitnuongthaomoc\system\Commands\Server\rewrite.php(45): require_once('C:\\xampp\\htdocs...')
#14 {main}
CRITICAL - 2021-11-26 08:02:27 --> Undefined variable: data_index
#0 C:\xampp\htdocs\projects\p_vitnuongthaomoc\app\Views\frontend\layout\menu_mobile.php(11): CodeIgniter\Debug\Exceptions->errorHandler(8, 'Undefined varia...', 'C:\\xampp\\htdocs...', 11, Array)
#1 C:\xampp\htdocs\projects\p_vitnuongthaomoc\system\View\View.php(220): include('C:\\xampp\\htdocs...')
#2 C:\xampp\htdocs\projects\p_vitnuongthaomoc\system\View\View.php(222): CodeIgniter\View\View->CodeIgniter\View\{closure}()
#3 C:\xampp\htdocs\projects\p_vitnuongthaomoc\system\View\View.php(468): CodeIgniter\View\View->render('frontend/layout...', NULL, true)
#4 C:\xampp\htdocs\projects\p_vitnuongthaomoc\app\Views\frontend\default.php(41): CodeIgniter\View\View->include('frontend/layout...')
#5 C:\xampp\htdocs\projects\p_vitnuongthaomoc\system\View\View.php(220): include('C:\\xampp\\htdocs...')
#6 C:\xampp\htdocs\projects\p_vitnuongthaomoc\system\View\View.php(222): CodeIgniter\View\View->CodeIgniter\View\{closure}()
#7 C:\xampp\htdocs\projects\p_vitnuongthaomoc\system\Common.php(1217): CodeIgniter\View\View->render('frontend/defaul...', Array, true)
#8 C:\xampp\htdocs\projects\p_vitnuongthaomoc\app\Controllers\Route.php(66): view('frontend/defaul...', Array)
#9 C:\xampp\htdocs\projects\p_vitnuongthaomoc\system\CodeIgniter.php(938): App\Controllers\Route->index('uploads', 'webps', 'construction', '2021', '08', 'biet-thu-vuon-a...')
#10 C:\xampp\htdocs\projects\p_vitnuongthaomoc\system\CodeIgniter.php(434): CodeIgniter\CodeIgniter->runController(Object(App\Controllers\Route))
#11 C:\xampp\htdocs\projects\p_vitnuongthaomoc\system\CodeIgniter.php(335): CodeIgniter\CodeIgniter->handleRequest(NULL, Object(Config\Cache), false)
#12 C:\xampp\htdocs\projects\p_vitnuongthaomoc\public\index.php(43): CodeIgniter\CodeIgniter->run()
#13 C:\xampp\htdocs\projects\p_vitnuongthaomoc\system\Commands\Server\rewrite.php(45): require_once('C:\\xampp\\htdocs...')
#14 {main}
CRITICAL - 2021-11-26 08:03:28 --> Undefined variable: data_index
#0 C:\xampp\htdocs\projects\p_vitnuongthaomoc\app\Views\frontend\layout\menu_mobile.php(11): CodeIgniter\Debug\Exceptions->errorHandler(8, 'Undefined varia...', 'C:\\xampp\\htdocs...', 11, Array)
#1 C:\xampp\htdocs\projects\p_vitnuongthaomoc\system\View\View.php(220): include('C:\\xampp\\htdocs...')
#2 C:\xampp\htdocs\projects\p_vitnuongthaomoc\system\View\View.php(222): CodeIgniter\View\View->CodeIgniter\View\{closure}()
#3 C:\xampp\htdocs\projects\p_vitnuongthaomoc\system\View\View.php(468): CodeIgniter\View\View->render('frontend/layout...', NULL, true)
#4 C:\xampp\htdocs\projects\p_vitnuongthaomoc\app\Views\frontend\default.php(41): CodeIgniter\View\View->include('frontend/layout...')
#5 C:\xampp\htdocs\projects\p_vitnuongthaomoc\system\View\View.php(220): include('C:\\xampp\\htdocs...')
#6 C:\xampp\htdocs\projects\p_vitnuongthaomoc\system\View\View.php(222): CodeIgniter\View\View->CodeIgniter\View\{closure}()
#7 C:\xampp\htdocs\projects\p_vitnuongthaomoc\system\Common.php(1217): CodeIgniter\View\View->render('frontend/defaul...', Array, true)
#8 C:\xampp\htdocs\projects\p_vitnuongthaomoc\app\Controllers\Route.php(66): view('frontend/defaul...', Array)
#9 C:\xampp\htdocs\projects\p_vitnuongthaomoc\system\CodeIgniter.php(938): App\Controllers\Route->index('uploads', 'webps', 'construction', '2021', '08', 'nha-khach-trung...')
#10 C:\xampp\htdocs\projects\p_vitnuongthaomoc\system\CodeIgniter.php(434): CodeIgniter\CodeIgniter->runController(Object(App\Controllers\Route))
#11 C:\xampp\htdocs\projects\p_vitnuongthaomoc\system\CodeIgniter.php(335): CodeIgniter\CodeIgniter->handleRequest(NULL, Object(Config\Cache), false)
#12 C:\xampp\htdocs\projects\p_vitnuongthaomoc\public\index.php(43): CodeIgniter\CodeIgniter->run()
#13 C:\xampp\htdocs\projects\p_vitnuongthaomoc\system\Commands\Server\rewrite.php(45): require_once('C:\\xampp\\htdocs...')
#14 {main}
CRITICAL - 2021-11-26 08:03:28 --> Undefined variable: data_index
#0 C:\xampp\htdocs\projects\p_vitnuongthaomoc\app\Views\frontend\layout\menu_mobile.php(11): CodeIgniter\Debug\Exceptions->errorHandler(8, 'Undefined varia...', 'C:\\xampp\\htdocs...', 11, Array)
#1 C:\xampp\htdocs\projects\p_vitnuongthaomoc\system\View\View.php(220): include('C:\\xampp\\htdocs...')
#2 C:\xampp\htdocs\projects\p_vitnuongthaomoc\system\View\View.php(222): CodeIgniter\View\View->CodeIgniter\View\{closure}()
#3 C:\xampp\htdocs\projects\p_vitnuongthaomoc\system\View\View.php(468): CodeIgniter\View\View->render('frontend/layout...', NULL, true)
#4 C:\xampp\htdocs\projects\p_vitnuongthaomoc\app\Views\frontend\default.php(41): CodeIgniter\View\View->include('frontend/layout...')
#5 C:\xampp\htdocs\projects\p_vitnuongthaomoc\system\View\View.php(220): include('C:\\xampp\\htdocs...')
#6 C:\xampp\htdocs\projects\p_vitnuongthaomoc\system\View\View.php(222): CodeIgniter\View\View->CodeIgniter\View\{closure}()
#7 C:\xampp\htdocs\projects\p_vitnuongthaomoc\system\Common.php(1217): CodeIgniter\View\View->render('frontend/defaul...', Array, true)
#8 C:\xampp\htdocs\projects\p_vitnuongthaomoc\app\Controllers\Route.php(66): view('frontend/defaul...', Array)
#9 C:\xampp\htdocs\projects\p_vitnuongthaomoc\system\CodeIgniter.php(938): App\Controllers\Route->index('uploads', 'webps', 'construction', '2021', '08', 'biet-thu-vuon-a...')
#10 C:\xampp\htdocs\projects\p_vitnuongthaomoc\system\CodeIgniter.php(434): CodeIgniter\CodeIgniter->runController(Object(App\Controllers\Route))
#11 C:\xampp\htdocs\projects\p_vitnuongthaomoc\system\CodeIgniter.php(335): CodeIgniter\CodeIgniter->handleRequest(NULL, Object(Config\Cache), false)
#12 C:\xampp\htdocs\projects\p_vitnuongthaomoc\public\index.php(43): CodeIgniter\CodeIgniter->run()
#13 C:\xampp\htdocs\projects\p_vitnuongthaomoc\system\Commands\Server\rewrite.php(45): require_once('C:\\xampp\\htdocs...')
#14 {main}
CRITICAL - 2021-11-26 08:03:29 --> Undefined variable: data_index
#0 C:\xampp\htdocs\projects\p_vitnuongthaomoc\app\Views\frontend\layout\menu_mobile.php(11): CodeIgniter\Debug\Exceptions->errorHandler(8, 'Undefined varia...', 'C:\\xampp\\htdocs...', 11, Array)
#1 C:\xampp\htdocs\projects\p_vitnuongthaomoc\system\View\View.php(220): include('C:\\xampp\\htdocs...')
#2 C:\xampp\htdocs\projects\p_vitnuongthaomoc\system\View\View.php(222): CodeIgniter\View\View->CodeIgniter\View\{closure}()
#3 C:\xampp\htdocs\projects\p_vitnuongthaomoc\system\View\View.php(468): CodeIgniter\View\View->render('frontend/layout...', NULL, true)
#4 C:\xampp\htdocs\projects\p_vitnuongthaomoc\app\Views\frontend\default.php(41): CodeIgniter\View\View->include('frontend/layout...')
#5 C:\xampp\htdocs\projects\p_vitnuongthaomoc\system\View\View.php(220): include('C:\\xampp\\htdocs...')
#6 C:\xampp\htdocs\projects\p_vitnuongthaomoc\system\View\View.php(222): CodeIgniter\View\View->CodeIgniter\View\{closure}()
#7 C:\xampp\htdocs\projects\p_vitnuongthaomoc\system\Common.php(1217): CodeIgniter\View\View->render('frontend/defaul...', Array, true)
#8 C:\xampp\htdocs\projects\p_vitnuongthaomoc\app\Controllers\Route.php(66): view('frontend/defaul...', Array)
#9 C:\xampp\htdocs\projects\p_vitnuongthaomoc\system\CodeIgniter.php(938): App\Controllers\Route->index('uploads', 'webps', 'construction', '2021', '08', 'ky-tuc-xa-hoang...')
#10 C:\xampp\htdocs\projects\p_vitnuongthaomoc\system\CodeIgniter.php(434): CodeIgniter\CodeIgniter->runController(Object(App\Controllers\Route))
#11 C:\xampp\htdocs\projects\p_vitnuongthaomoc\system\CodeIgniter.php(335): CodeIgniter\CodeIgniter->handleRequest(NULL, Object(Config\Cache), false)
#12 C:\xampp\htdocs\projects\p_vitnuongthaomoc\public\index.php(43): CodeIgniter\CodeIgniter->run()
#13 C:\xampp\htdocs\projects\p_vitnuongthaomoc\system\Commands\Server\rewrite.php(45): require_once('C:\\xampp\\htdocs...')
#14 {main}
CRITICAL - 2021-11-26 08:03:30 --> Undefined variable: data_index
#0 C:\xampp\htdocs\projects\p_vitnuongthaomoc\app\Views\frontend\layout\menu_mobile.php(11): CodeIgniter\Debug\Exceptions->errorHandler(8, 'Undefined varia...', 'C:\\xampp\\htdocs...', 11, Array)
#1 C:\xampp\htdocs\projects\p_vitnuongthaomoc\system\View\View.php(220): include('C:\\xampp\\htdocs...')
#2 C:\xampp\htdocs\projects\p_vitnuongthaomoc\system\View\View.php(222): CodeIgniter\View\View->CodeIgniter\View\{closure}()
#3 C:\xampp\htdocs\projects\p_vitnuongthaomoc\system\View\View.php(468): CodeIgniter\View\View->render('frontend/layout...', NULL, true)
#4 C:\xampp\htdocs\projects\p_vitnuongthaomoc\app\Views\frontend\default.php(41): CodeIgniter\View\View->include('frontend/layout...')
#5 C:\xampp\htdocs\projects\p_vitnuongthaomoc\system\View\View.php(220): include('C:\\xampp\\htdocs...')
#6 C:\xampp\htdocs\projects\p_vitnuongthaomoc\system\View\View.php(222): CodeIgniter\View\View->CodeIgniter\View\{closure}()
#7 C:\xampp\htdocs\projects\p_vitnuongthaomoc\system\Common.php(1217): CodeIgniter\View\View->render('frontend/defaul...', Array, true)
#8 C:\xampp\htdocs\projects\p_vitnuongthaomoc\app\Controllers\Route.php(66): view('frontend/defaul...', Array)
#9 C:\xampp\htdocs\projects\p_vitnuongthaomoc\system\CodeIgniter.php(938): App\Controllers\Route->index('uploads', 'webps', 'slide', '2021', '09', 'thumb', 'pho-xanh.webp')
#10 C:\xampp\htdocs\projects\p_vitnuongthaomoc\system\CodeIgniter.php(434): CodeIgniter\CodeIgniter->runController(Object(App\Controllers\Route))
#11 C:\xampp\htdocs\projects\p_vitnuongthaomoc\system\CodeIgniter.php(335): CodeIgniter\CodeIgniter->handleRequest(NULL, Object(Config\Cache), false)
#12 C:\xampp\htdocs\projects\p_vitnuongthaomoc\public\index.php(43): CodeIgniter\CodeIgniter->run()
#13 C:\xampp\htdocs\projects\p_vitnuongthaomoc\system\Commands\Server\rewrite.php(45): require_once('C:\\xampp\\htdocs...')
#14 {main}
CRITICAL - 2021-11-26 08:04:10 --> Undefined variable: data_index
#0 C:\xampp\htdocs\projects\p_vitnuongthaomoc\app\Views\frontend\layout\menu_mobile.php(11): CodeIgniter\Debug\Exceptions->errorHandler(8, 'Undefined varia...', 'C:\\xampp\\htdocs...', 11, Array)
#1 C:\xampp\htdocs\projects\p_vitnuongthaomoc\system\View\View.php(220): include('C:\\xampp\\htdocs...')
#2 C:\xampp\htdocs\projects\p_vitnuongthaomoc\system\View\View.php(222): CodeIgniter\View\View->CodeIgniter\View\{closure}()
#3 C:\xampp\htdocs\projects\p_vitnuongthaomoc\system\View\View.php(468): CodeIgniter\View\View->render('frontend/layout...', NULL, true)
#4 C:\xampp\htdocs\projects\p_vitnuongthaomoc\app\Views\frontend\default.php(41): CodeIgniter\View\View->include('frontend/layout...')
#5 C:\xampp\htdocs\projects\p_vitnuongthaomoc\system\View\View.php(220): include('C:\\xampp\\htdocs...')
#6 C:\xampp\htdocs\projects\p_vitnuongthaomoc\system\View\View.php(222): CodeIgniter\View\View->CodeIgniter\View\{closure}()
#7 C:\xampp\htdocs\projects\p_vitnuongthaomoc\system\Common.php(1217): CodeIgniter\View\View->render('frontend/defaul...', Array, true)
#8 C:\xampp\htdocs\projects\p_vitnuongthaomoc\app\Controllers\Route.php(66): view('frontend/defaul...', Array)
#9 C:\xampp\htdocs\projects\p_vitnuongthaomoc\system\CodeIgniter.php(938): App\Controllers\Route->index('uploads', 'webps', 'slide', '2021', '09', 'thumb', 'pho-xanh.webp')
#10 C:\xampp\htdocs\projects\p_vitnuongthaomoc\system\CodeIgniter.php(434): CodeIgniter\CodeIgniter->runController(Object(App\Controllers\Route))
#11 C:\xampp\htdocs\projects\p_vitnuongthaomoc\system\CodeIgniter.php(335): CodeIgniter\CodeIgniter->handleRequest(NULL, Object(Config\Cache), false)
#12 C:\xampp\htdocs\projects\p_vitnuongthaomoc\public\index.php(43): CodeIgniter\CodeIgniter->run()
#13 C:\xampp\htdocs\projects\p_vitnuongthaomoc\system\Commands\Server\rewrite.php(45): require_once('C:\\xampp\\htdocs...')
#14 {main}
CRITICAL - 2021-11-26 08:04:11 --> Undefined variable: data_index
#0 C:\xampp\htdocs\projects\p_vitnuongthaomoc\app\Views\frontend\layout\menu_mobile.php(11): CodeIgniter\Debug\Exceptions->errorHandler(8, 'Undefined varia...', 'C:\\xampp\\htdocs...', 11, Array)
#1 C:\xampp\htdocs\projects\p_vitnuongthaomoc\system\View\View.php(220): include('C:\\xampp\\htdocs...')
#2 C:\xampp\htdocs\projects\p_vitnuongthaomoc\system\View\View.php(222): CodeIgniter\View\View->CodeIgniter\View\{closure}()
#3 C:\xampp\htdocs\projects\p_vitnuongthaomoc\system\View\View.php(468): CodeIgniter\View\View->render('frontend/layout...', NULL, true)
#4 C:\xampp\htdocs\projects\p_vitnuongthaomoc\app\Views\frontend\default.php(41): CodeIgniter\View\View->include('frontend/layout...')
#5 C:\xampp\htdocs\projects\p_vitnuongthaomoc\system\View\View.php(220): include('C:\\xampp\\htdocs...')
#6 C:\xampp\htdocs\projects\p_vitnuongthaomoc\system\View\View.php(222): CodeIgniter\View\View->CodeIgniter\View\{closure}()
#7 C:\xampp\htdocs\projects\p_vitnuongthaomoc\system\Common.php(1217): CodeIgniter\View\View->render('frontend/defaul...', Array, true)
#8 C:\xampp\htdocs\projects\p_vitnuongthaomoc\app\Controllers\Route.php(66): view('frontend/defaul...', Array)
#9 C:\xampp\htdocs\projects\p_vitnuongthaomoc\system\CodeIgniter.php(938): App\Controllers\Route->index('uploads', 'webps', 'construction', '2021', '08', 'nha-khach-trung...')
#10 C:\xampp\htdocs\projects\p_vitnuongthaomoc\system\CodeIgniter.php(434): CodeIgniter\CodeIgniter->runController(Object(App\Controllers\Route))
#11 C:\xampp\htdocs\projects\p_vitnuongthaomoc\system\CodeIgniter.php(335): CodeIgniter\CodeIgniter->handleRequest(NULL, Object(Config\Cache), false)
#12 C:\xampp\htdocs\projects\p_vitnuongthaomoc\public\index.php(43): CodeIgniter\CodeIgniter->run()
#13 C:\xampp\htdocs\projects\p_vitnuongthaomoc\system\Commands\Server\rewrite.php(45): require_once('C:\\xampp\\htdocs...')
#14 {main}
CRITICAL - 2021-11-26 08:04:11 --> Undefined variable: data_index
#0 C:\xampp\htdocs\projects\p_vitnuongthaomoc\app\Views\frontend\layout\menu_mobile.php(11): CodeIgniter\Debug\Exceptions->errorHandler(8, 'Undefined varia...', 'C:\\xampp\\htdocs...', 11, Array)
#1 C:\xampp\htdocs\projects\p_vitnuongthaomoc\system\View\View.php(220): include('C:\\xampp\\htdocs...')
#2 C:\xampp\htdocs\projects\p_vitnuongthaomoc\system\View\View.php(222): CodeIgniter\View\View->CodeIgniter\View\{closure}()
#3 C:\xampp\htdocs\projects\p_vitnuongthaomoc\system\View\View.php(468): CodeIgniter\View\View->render('frontend/layout...', NULL, true)
#4 C:\xampp\htdocs\projects\p_vitnuongthaomoc\app\Views\frontend\default.php(41): CodeIgniter\View\View->include('frontend/layout...')
#5 C:\xampp\htdocs\projects\p_vitnuongthaomoc\system\View\View.php(220): include('C:\\xampp\\htdocs...')
#6 C:\xampp\htdocs\projects\p_vitnuongthaomoc\system\View\View.php(222): CodeIgniter\View\View->CodeIgniter\View\{closure}()
#7 C:\xampp\htdocs\projects\p_vitnuongthaomoc\system\Common.php(1217): CodeIgniter\View\View->render('frontend/defaul...', Array, true)
#8 C:\xampp\htdocs\projects\p_vitnuongthaomoc\app\Controllers\Route.php(66): view('frontend/defaul...', Array)
#9 C:\xampp\htdocs\projects\p_vitnuongthaomoc\system\CodeIgniter.php(938): App\Controllers\Route->index('uploads', 'webps', 'construction', '2021', '08', 'ky-tuc-xa-hoang...')
#10 C:\xampp\htdocs\projects\p_vitnuongthaomoc\system\CodeIgniter.php(434): CodeIgniter\CodeIgniter->runController(Object(App\Controllers\Route))
#11 C:\xampp\htdocs\projects\p_vitnuongthaomoc\system\CodeIgniter.php(335): CodeIgniter\CodeIgniter->handleRequest(NULL, Object(Config\Cache), false)
#12 C:\xampp\htdocs\projects\p_vitnuongthaomoc\public\index.php(43): CodeIgniter\CodeIgniter->run()
#13 C:\xampp\htdocs\projects\p_vitnuongthaomoc\system\Commands\Server\rewrite.php(45): require_once('C:\\xampp\\htdocs...')
#14 {main}
CRITICAL - 2021-11-26 08:04:12 --> Undefined variable: data_index
#0 C:\xampp\htdocs\projects\p_vitnuongthaomoc\app\Views\frontend\layout\menu_mobile.php(11): CodeIgniter\Debug\Exceptions->errorHandler(8, 'Undefined varia...', 'C:\\xampp\\htdocs...', 11, Array)
#1 C:\xampp\htdocs\projects\p_vitnuongthaomoc\system\View\View.php(220): include('C:\\xampp\\htdocs...')
#2 C:\xampp\htdocs\projects\p_vitnuongthaomoc\system\View\View.php(222): CodeIgniter\View\View->CodeIgniter\View\{closure}()
#3 C:\xampp\htdocs\projects\p_vitnuongthaomoc\system\View\View.php(468): CodeIgniter\View\View->render('frontend/layout...', NULL, true)
#4 C:\xampp\htdocs\projects\p_vitnuongthaomoc\app\Views\frontend\default.php(41): CodeIgniter\View\View->include('frontend/layout...')
#5 C:\xampp\htdocs\projects\p_vitnuongthaomoc\system\View\View.php(220): include('C:\\xampp\\htdocs...')
#6 C:\xampp\htdocs\projects\p_vitnuongthaomoc\system\View\View.php(222): CodeIgniter\View\View->CodeIgniter\View\{closure}()
#7 C:\xampp\htdocs\projects\p_vitnuongthaomoc\system\Common.php(1217): CodeIgniter\View\View->render('frontend/defaul...', Array, true)
#8 C:\xampp\htdocs\projects\p_vitnuongthaomoc\app\Controllers\Route.php(66): view('frontend/defaul...', Array)
#9 C:\xampp\htdocs\projects\p_vitnuongthaomoc\system\CodeIgniter.php(938): App\Controllers\Route->index('uploads', 'webps', 'construction', '2021', '08', 'biet-thu-vuon-a...')
#10 C:\xampp\htdocs\projects\p_vitnuongthaomoc\system\CodeIgniter.php(434): CodeIgniter\CodeIgniter->runController(Object(App\Controllers\Route))
#11 C:\xampp\htdocs\projects\p_vitnuongthaomoc\system\CodeIgniter.php(335): CodeIgniter\CodeIgniter->handleRequest(NULL, Object(Config\Cache), false)
#12 C:\xampp\htdocs\projects\p_vitnuongthaomoc\public\index.php(43): CodeIgniter\CodeIgniter->run()
#13 C:\xampp\htdocs\projects\p_vitnuongthaomoc\system\Commands\Server\rewrite.php(45): require_once('C:\\xampp\\htdocs...')
#14 {main}
CRITICAL - 2021-11-26 08:05:03 --> Undefined variable: data_index
#0 C:\xampp\htdocs\projects\p_vitnuongthaomoc\app\Views\frontend\layout\menu_mobile.php(11): CodeIgniter\Debug\Exceptions->errorHandler(8, 'Undefined varia...', 'C:\\xampp\\htdocs...', 11, Array)
#1 C:\xampp\htdocs\projects\p_vitnuongthaomoc\system\View\View.php(220): include('C:\\xampp\\htdocs...')
#2 C:\xampp\htdocs\projects\p_vitnuongthaomoc\system\View\View.php(222): CodeIgniter\View\View->CodeIgniter\View\{closure}()
#3 C:\xampp\htdocs\projects\p_vitnuongthaomoc\system\View\View.php(468): CodeIgniter\View\View->render('frontend/layout...', NULL, true)
#4 C:\xampp\htdocs\projects\p_vitnuongthaomoc\app\Views\frontend\default.php(41): CodeIgniter\View\View->include('frontend/layout...')
#5 C:\xampp\htdocs\projects\p_vitnuongthaomoc\system\View\View.php(220): include('C:\\xampp\\htdocs...')
#6 C:\xampp\htdocs\projects\p_vitnuongthaomoc\system\View\View.php(222): CodeIgniter\View\View->CodeIgniter\View\{closure}()
#7 C:\xampp\htdocs\projects\p_vitnuongthaomoc\system\Common.php(1217): CodeIgniter\View\View->render('frontend/defaul...', Array, true)
#8 C:\xampp\htdocs\projects\p_vitnuongthaomoc\app\Controllers\Route.php(66): view('frontend/defaul...', Array)
#9 C:\xampp\htdocs\projects\p_vitnuongthaomoc\system\CodeIgniter.php(938): App\Controllers\Route->index('uploads', 'webps', 'construction', '2021', '08', 'nha-khach-trung...')
#10 C:\xampp\htdocs\projects\p_vitnuongthaomoc\system\CodeIgniter.php(434): CodeIgniter\CodeIgniter->runController(Object(App\Controllers\Route))
#11 C:\xampp\htdocs\projects\p_vitnuongthaomoc\system\CodeIgniter.php(335): CodeIgniter\CodeIgniter->handleRequest(NULL, Object(Config\Cache), false)
#12 C:\xampp\htdocs\projects\p_vitnuongthaomoc\public\index.php(43): CodeIgniter\CodeIgniter->run()
#13 C:\xampp\htdocs\projects\p_vitnuongthaomoc\system\Commands\Server\rewrite.php(45): require_once('C:\\xampp\\htdocs...')
#14 {main}
CRITICAL - 2021-11-26 08:05:04 --> Undefined variable: data_index
#0 C:\xampp\htdocs\projects\p_vitnuongthaomoc\app\Views\frontend\layout\menu_mobile.php(11): CodeIgniter\Debug\Exceptions->errorHandler(8, 'Undefined varia...', 'C:\\xampp\\htdocs...', 11, Array)
#1 C:\xampp\htdocs\projects\p_vitnuongthaomoc\system\View\View.php(220): include('C:\\xampp\\htdocs...')
#2 C:\xampp\htdocs\projects\p_vitnuongthaomoc\system\View\View.php(222): CodeIgniter\View\View->CodeIgniter\View\{closure}()
#3 C:\xampp\htdocs\projects\p_vitnuongthaomoc\system\View\View.php(468): CodeIgniter\View\View->render('frontend/layout...', NULL, true)
#4 C:\xampp\htdocs\projects\p_vitnuongthaomoc\app\Views\frontend\default.php(41): CodeIgniter\View\View->include('frontend/layout...')
#5 C:\xampp\htdocs\projects\p_vitnuongthaomoc\system\View\View.php(220): include('C:\\xampp\\htdocs...')
#6 C:\xampp\htdocs\projects\p_vitnuongthaomoc\system\View\View.php(222): CodeIgniter\View\View->CodeIgniter\View\{closure}()
#7 C:\xampp\htdocs\projects\p_vitnuongthaomoc\system\Common.php(1217): CodeIgniter\View\View->render('frontend/defaul...', Array, true)
#8 C:\xampp\htdocs\projects\p_vitnuongthaomoc\app\Controllers\Route.php(66): view('frontend/defaul...', Array)
#9 C:\xampp\htdocs\projects\p_vitnuongthaomoc\system\CodeIgniter.php(938): App\Controllers\Route->index('uploads', 'webps', 'construction', '2021', '08', 'ky-tuc-xa-hoang...')
#10 C:\xampp\htdocs\projects\p_vitnuongthaomoc\system\CodeIgniter.php(434): CodeIgniter\CodeIgniter->runController(Object(App\Controllers\Route))
#11 C:\xampp\htdocs\projects\p_vitnuongthaomoc\system\CodeIgniter.php(335): CodeIgniter\CodeIgniter->handleRequest(NULL, Object(Config\Cache), false)
#12 C:\xampp\htdocs\projects\p_vitnuongthaomoc\public\index.php(43): CodeIgniter\CodeIgniter->run()
#13 C:\xampp\htdocs\projects\p_vitnuongthaomoc\system\Commands\Server\rewrite.php(45): require_once('C:\\xampp\\htdocs...')
#14 {main}
CRITICAL - 2021-11-26 08:05:04 --> Undefined variable: data_index
#0 C:\xampp\htdocs\projects\p_vitnuongthaomoc\app\Views\frontend\layout\menu_mobile.php(11): CodeIgniter\Debug\Exceptions->errorHandler(8, 'Undefined varia...', 'C:\\xampp\\htdocs...', 11, Array)
#1 C:\xampp\htdocs\projects\p_vitnuongthaomoc\system\View\View.php(220): include('C:\\xampp\\htdocs...')
#2 C:\xampp\htdocs\projects\p_vitnuongthaomoc\system\View\View.php(222): CodeIgniter\View\View->CodeIgniter\View\{closure}()
#3 C:\xampp\htdocs\projects\p_vitnuongthaomoc\system\View\View.php(468): CodeIgniter\View\View->render('frontend/layout...', NULL, true)
#4 C:\xampp\htdocs\projects\p_vitnuongthaomoc\app\Views\frontend\default.php(41): CodeIgniter\View\View->include('frontend/layout...')
#5 C:\xampp\htdocs\projects\p_vitnuongthaomoc\system\View\View.php(220): include('C:\\xampp\\htdocs...')
#6 C:\xampp\htdocs\projects\p_vitnuongthaomoc\system\View\View.php(222): CodeIgniter\View\View->CodeIgniter\View\{closure}()
#7 C:\xampp\htdocs\projects\p_vitnuongthaomoc\system\Common.php(1217): CodeIgniter\View\View->render('frontend/defaul...', Array, true)
#8 C:\xampp\htdocs\projects\p_vitnuongthaomoc\app\Controllers\Route.php(66): view('frontend/defaul...', Array)
#9 C:\xampp\htdocs\projects\p_vitnuongthaomoc\system\CodeIgniter.php(938): App\Controllers\Route->index('uploads', 'webps', 'construction', '2021', '08', 'biet-thu-vuon-a...')
#10 C:\xampp\htdocs\projects\p_vitnuongthaomoc\system\CodeIgniter.php(434): CodeIgniter\CodeIgniter->runController(Object(App\Controllers\Route))
#11 C:\xampp\htdocs\projects\p_vitnuongthaomoc\system\CodeIgniter.php(335): CodeIgniter\CodeIgniter->handleRequest(NULL, Object(Config\Cache), false)
#12 C:\xampp\htdocs\projects\p_vitnuongthaomoc\public\index.php(43): CodeIgniter\CodeIgniter->run()
#13 C:\xampp\htdocs\projects\p_vitnuongthaomoc\system\Commands\Server\rewrite.php(45): require_once('C:\\xampp\\htdocs...')
#14 {main}
CRITICAL - 2021-11-26 08:05:05 --> Undefined variable: data_index
#0 C:\xampp\htdocs\projects\p_vitnuongthaomoc\app\Views\frontend\layout\menu_mobile.php(11): CodeIgniter\Debug\Exceptions->errorHandler(8, 'Undefined varia...', 'C:\\xampp\\htdocs...', 11, Array)
#1 C:\xampp\htdocs\projects\p_vitnuongthaomoc\system\View\View.php(220): include('C:\\xampp\\htdocs...')
#2 C:\xampp\htdocs\projects\p_vitnuongthaomoc\system\View\View.php(222): CodeIgniter\View\View->CodeIgniter\View\{closure}()
#3 C:\xampp\htdocs\projects\p_vitnuongthaomoc\system\View\View.php(468): CodeIgniter\View\View->render('frontend/layout...', NULL, true)
#4 C:\xampp\htdocs\projects\p_vitnuongthaomoc\app\Views\frontend\default.php(41): CodeIgniter\View\View->include('frontend/layout...')
#5 C:\xampp\htdocs\projects\p_vitnuongthaomoc\system\View\View.php(220): include('C:\\xampp\\htdocs...')
#6 C:\xampp\htdocs\projects\p_vitnuongthaomoc\system\View\View.php(222): CodeIgniter\View\View->CodeIgniter\View\{closure}()
#7 C:\xampp\htdocs\projects\p_vitnuongthaomoc\system\Common.php(1217): CodeIgniter\View\View->render('frontend/defaul...', Array, true)
#8 C:\xampp\htdocs\projects\p_vitnuongthaomoc\app\Controllers\Route.php(66): view('frontend/defaul...', Array)
#9 C:\xampp\htdocs\projects\p_vitnuongthaomoc\system\CodeIgniter.php(938): App\Controllers\Route->index('uploads', 'webps', 'slide', '2021', '09', 'thumb', 'pho-xanh.webp')
#10 C:\xampp\htdocs\projects\p_vitnuongthaomoc\system\CodeIgniter.php(434): CodeIgniter\CodeIgniter->runController(Object(App\Controllers\Route))
#11 C:\xampp\htdocs\projects\p_vitnuongthaomoc\system\CodeIgniter.php(335): CodeIgniter\CodeIgniter->handleRequest(NULL, Object(Config\Cache), false)
#12 C:\xampp\htdocs\projects\p_vitnuongthaomoc\public\index.php(43): CodeIgniter\CodeIgniter->run()
#13 C:\xampp\htdocs\projects\p_vitnuongthaomoc\system\Commands\Server\rewrite.php(45): require_once('C:\\xampp\\htdocs...')
#14 {main}
CRITICAL - 2021-11-26 08:05:45 --> Undefined variable: data_index
#0 C:\xampp\htdocs\projects\p_vitnuongthaomoc\app\Views\frontend\layout\menu_mobile.php(11): CodeIgniter\Debug\Exceptions->errorHandler(8, 'Undefined varia...', 'C:\\xampp\\htdocs...', 11, Array)
#1 C:\xampp\htdocs\projects\p_vitnuongthaomoc\system\View\View.php(220): include('C:\\xampp\\htdocs...')
#2 C:\xampp\htdocs\projects\p_vitnuongthaomoc\system\View\View.php(222): CodeIgniter\View\View->CodeIgniter\View\{closure}()
#3 C:\xampp\htdocs\projects\p_vitnuongthaomoc\system\View\View.php(468): CodeIgniter\View\View->render('frontend/layout...', NULL, true)
#4 C:\xampp\htdocs\projects\p_vitnuongthaomoc\app\Views\frontend\default.php(41): CodeIgniter\View\View->include('frontend/layout...')
#5 C:\xampp\htdocs\projects\p_vitnuongthaomoc\system\View\View.php(220): include('C:\\xampp\\htdocs...')
#6 C:\xampp\htdocs\projects\p_vitnuongthaomoc\system\View\View.php(222): CodeIgniter\View\View->CodeIgniter\View\{closure}()
#7 C:\xampp\htdocs\projects\p_vitnuongthaomoc\system\Common.php(1217): CodeIgniter\View\View->render('frontend/defaul...', Array, true)
#8 C:\xampp\htdocs\projects\p_vitnuongthaomoc\app\Controllers\Route.php(66): view('frontend/defaul...', Array)
#9 C:\xampp\htdocs\projects\p_vitnuongthaomoc\system\CodeIgniter.php(938): App\Controllers\Route->index('uploads', 'webps', 'construction', '2021', '08', 'nha-khach-trung...')
#10 C:\xampp\htdocs\projects\p_vitnuongthaomoc\system\CodeIgniter.php(434): CodeIgniter\CodeIgniter->runController(Object(App\Controllers\Route))
#11 C:\xampp\htdocs\projects\p_vitnuongthaomoc\system\CodeIgniter.php(335): CodeIgniter\CodeIgniter->handleRequest(NULL, Object(Config\Cache), false)
#12 C:\xampp\htdocs\projects\p_vitnuongthaomoc\public\index.php(43): CodeIgniter\CodeIgniter->run()
#13 C:\xampp\htdocs\projects\p_vitnuongthaomoc\system\Commands\Server\rewrite.php(45): require_once('C:\\xampp\\htdocs...')
#14 {main}
CRITICAL - 2021-11-26 08:05:45 --> Undefined variable: data_index
#0 C:\xampp\htdocs\projects\p_vitnuongthaomoc\app\Views\frontend\layout\menu_mobile.php(11): CodeIgniter\Debug\Exceptions->errorHandler(8, 'Undefined varia...', 'C:\\xampp\\htdocs...', 11, Array)
#1 C:\xampp\htdocs\projects\p_vitnuongthaomoc\system\View\View.php(220): include('C:\\xampp\\htdocs...')
#2 C:\xampp\htdocs\projects\p_vitnuongthaomoc\system\View\View.php(222): CodeIgniter\View\View->CodeIgniter\View\{closure}()
#3 C:\xampp\htdocs\projects\p_vitnuongthaomoc\system\View\View.php(468): CodeIgniter\View\View->render('frontend/layout...', NULL, true)
#4 C:\xampp\htdocs\projects\p_vitnuongthaomoc\app\Views\frontend\default.php(41): CodeIgniter\View\View->include('frontend/layout...')
#5 C:\xampp\htdocs\projects\p_vitnuongthaomoc\system\View\View.php(220): include('C:\\xampp\\htdocs...')
#6 C:\xampp\htdocs\projects\p_vitnuongthaomoc\system\View\View.php(222): CodeIgniter\View\View->CodeIgniter\View\{closure}()
#7 C:\xampp\htdocs\projects\p_vitnuongthaomoc\system\Common.php(1217): CodeIgniter\View\View->render('frontend/defaul...', Array, true)
#8 C:\xampp\htdocs\projects\p_vitnuongthaomoc\app\Controllers\Route.php(66): view('frontend/defaul...', Array)
#9 C:\xampp\htdocs\projects\p_vitnuongthaomoc\system\CodeIgniter.php(938): App\Controllers\Route->index('uploads', 'webps', 'slide', '2021', '09', 'thumb', 'pho-xanh.webp')
#10 C:\xampp\htdocs\projects\p_vitnuongthaomoc\system\CodeIgniter.php(434): CodeIgniter\CodeIgniter->runController(Object(App\Controllers\Route))
#11 C:\xampp\htdocs\projects\p_vitnuongthaomoc\system\CodeIgniter.php(335): CodeIgniter\CodeIgniter->handleRequest(NULL, Object(Config\Cache), false)
#12 C:\xampp\htdocs\projects\p_vitnuongthaomoc\public\index.php(43): CodeIgniter\CodeIgniter->run()
#13 C:\xampp\htdocs\projects\p_vitnuongthaomoc\system\Commands\Server\rewrite.php(45): require_once('C:\\xampp\\htdocs...')
#14 {main}
CRITICAL - 2021-11-26 08:05:46 --> Undefined variable: data_index
#0 C:\xampp\htdocs\projects\p_vitnuongthaomoc\app\Views\frontend\layout\menu_mobile.php(11): CodeIgniter\Debug\Exceptions->errorHandler(8, 'Undefined varia...', 'C:\\xampp\\htdocs...', 11, Array)
#1 C:\xampp\htdocs\projects\p_vitnuongthaomoc\system\View\View.php(220): include('C:\\xampp\\htdocs...')
#2 C:\xampp\htdocs\projects\p_vitnuongthaomoc\system\View\View.php(222): CodeIgniter\View\View->CodeIgniter\View\{closure}()
#3 C:\xampp\htdocs\projects\p_vitnuongthaomoc\system\View\View.php(468): CodeIgniter\View\View->render('frontend/layout...', NULL, true)
#4 C:\xampp\htdocs\projects\p_vitnuongthaomoc\app\Views\frontend\default.php(41): CodeIgniter\View\View->include('frontend/layout...')
#5 C:\xampp\htdocs\projects\p_vitnuongthaomoc\system\View\View.php(220): include('C:\\xampp\\htdocs...')
#6 C:\xampp\htdocs\projects\p_vitnuongthaomoc\system\View\View.php(222): CodeIgniter\View\View->CodeIgniter\View\{closure}()
#7 C:\xampp\htdocs\projects\p_vitnuongthaomoc\system\Common.php(1217): CodeIgniter\View\View->render('frontend/defaul...', Array, true)
#8 C:\xampp\htdocs\projects\p_vitnuongthaomoc\app\Controllers\Route.php(66): view('frontend/defaul...', Array)
#9 C:\xampp\htdocs\projects\p_vitnuongthaomoc\system\CodeIgniter.php(938): App\Controllers\Route->index('uploads', 'webps', 'construction', '2021', '08', 'ky-tuc-xa-hoang...')
#10 C:\xampp\htdocs\projects\p_vitnuongthaomoc\system\CodeIgniter.php(434): CodeIgniter\CodeIgniter->runController(Object(App\Controllers\Route))
#11 C:\xampp\htdocs\projects\p_vitnuongthaomoc\system\CodeIgniter.php(335): CodeIgniter\CodeIgniter->handleRequest(NULL, Object(Config\Cache), false)
#12 C:\xampp\htdocs\projects\p_vitnuongthaomoc\public\index.php(43): CodeIgniter\CodeIgniter->run()
#13 C:\xampp\htdocs\projects\p_vitnuongthaomoc\system\Commands\Server\rewrite.php(45): require_once('C:\\xampp\\htdocs...')
#14 {main}
CRITICAL - 2021-11-26 08:05:47 --> Undefined variable: data_index
#0 C:\xampp\htdocs\projects\p_vitnuongthaomoc\app\Views\frontend\layout\menu_mobile.php(11): CodeIgniter\Debug\Exceptions->errorHandler(8, 'Undefined varia...', 'C:\\xampp\\htdocs...', 11, Array)
#1 C:\xampp\htdocs\projects\p_vitnuongthaomoc\system\View\View.php(220): include('C:\\xampp\\htdocs...')
#2 C:\xampp\htdocs\projects\p_vitnuongthaomoc\system\View\View.php(222): CodeIgniter\View\View->CodeIgniter\View\{closure}()
#3 C:\xampp\htdocs\projects\p_vitnuongthaomoc\system\View\View.php(468): CodeIgniter\View\View->render('frontend/layout...', NULL, true)
#4 C:\xampp\htdocs\projects\p_vitnuongthaomoc\app\Views\frontend\default.php(41): CodeIgniter\View\View->include('frontend/layout...')
#5 C:\xampp\htdocs\projects\p_vitnuongthaomoc\system\View\View.php(220): include('C:\\xampp\\htdocs...')
#6 C:\xampp\htdocs\projects\p_vitnuongthaomoc\system\View\View.php(222): CodeIgniter\View\View->CodeIgniter\View\{closure}()
#7 C:\xampp\htdocs\projects\p_vitnuongthaomoc\system\Common.php(1217): CodeIgniter\View\View->render('frontend/defaul...', Array, true)
#8 C:\xampp\htdocs\projects\p_vitnuongthaomoc\app\Controllers\Route.php(66): view('frontend/defaul...', Array)
#9 C:\xampp\htdocs\projects\p_vitnuongthaomoc\system\CodeIgniter.php(938): App\Controllers\Route->index('uploads', 'webps', 'construction', '2021', '08', 'biet-thu-vuon-a...')
#10 C:\xampp\htdocs\projects\p_vitnuongthaomoc\system\CodeIgniter.php(434): CodeIgniter\CodeIgniter->runController(Object(App\Controllers\Route))
#11 C:\xampp\htdocs\projects\p_vitnuongthaomoc\system\CodeIgniter.php(335): CodeIgniter\CodeIgniter->handleRequest(NULL, Object(Config\Cache), false)
#12 C:\xampp\htdocs\projects\p_vitnuongthaomoc\public\index.php(43): CodeIgniter\CodeIgniter->run()
#13 C:\xampp\htdocs\projects\p_vitnuongthaomoc\system\Commands\Server\rewrite.php(45): require_once('C:\\xampp\\htdocs...')
#14 {main}
CRITICAL - 2021-11-26 08:14:02 --> Undefined variable: data_index
#0 C:\xampp\htdocs\projects\p_vitnuongthaomoc\app\Views\frontend\layout\menu_mobile.php(11): CodeIgniter\Debug\Exceptions->errorHandler(8, 'Undefined varia...', 'C:\\xampp\\htdocs...', 11, Array)
#1 C:\xampp\htdocs\projects\p_vitnuongthaomoc\system\View\View.php(220): include('C:\\xampp\\htdocs...')
#2 C:\xampp\htdocs\projects\p_vitnuongthaomoc\system\View\View.php(222): CodeIgniter\View\View->CodeIgniter\View\{closure}()
#3 C:\xampp\htdocs\projects\p_vitnuongthaomoc\system\View\View.php(468): CodeIgniter\View\View->render('frontend/layout...', NULL, true)
#4 C:\xampp\htdocs\projects\p_vitnuongthaomoc\app\Views\frontend\default.php(41): CodeIgniter\View\View->include('frontend/layout...')
#5 C:\xampp\htdocs\projects\p_vitnuongthaomoc\system\View\View.php(220): include('C:\\xampp\\htdocs...')
#6 C:\xampp\htdocs\projects\p_vitnuongthaomoc\system\View\View.php(222): CodeIgniter\View\View->CodeIgniter\View\{closure}()
#7 C:\xampp\htdocs\projects\p_vitnuongthaomoc\system\Common.php(1217): CodeIgniter\View\View->render('frontend/defaul...', Array, true)
#8 C:\xampp\htdocs\projects\p_vitnuongthaomoc\app\Controllers\Route.php(66): view('frontend/defaul...', Array)
#9 C:\xampp\htdocs\projects\p_vitnuongthaomoc\system\CodeIgniter.php(938): App\Controllers\Route->index('uploads', 'webps', 'slide', '2021', '09', 'thumb', 'pho-xanh.webp')
#10 C:\xampp\htdocs\projects\p_vitnuongthaomoc\system\CodeIgniter.php(434): CodeIgniter\CodeIgniter->runController(Object(App\Controllers\Route))
#11 C:\xampp\htdocs\projects\p_vitnuongthaomoc\system\CodeIgniter.php(335): CodeIgniter\CodeIgniter->handleRequest(NULL, Object(Config\Cache), false)
#12 C:\xampp\htdocs\projects\p_vitnuongthaomoc\public\index.php(43): CodeIgniter\CodeIgniter->run()
#13 C:\xampp\htdocs\projects\p_vitnuongthaomoc\system\Commands\Server\rewrite.php(45): require_once('C:\\xampp\\htdocs...')
#14 {main}
CRITICAL - 2021-11-26 08:14:39 --> Undefined variable: data_index
#0 C:\xampp\htdocs\projects\p_vitnuongthaomoc\app\Views\frontend\layout\menu_mobile.php(11): CodeIgniter\Debug\Exceptions->errorHandler(8, 'Undefined varia...', 'C:\\xampp\\htdocs...', 11, Array)
#1 C:\xampp\htdocs\projects\p_vitnuongthaomoc\system\View\View.php(220): include('C:\\xampp\\htdocs...')
#2 C:\xampp\htdocs\projects\p_vitnuongthaomoc\system\View\View.php(222): CodeIgniter\View\View->CodeIgniter\View\{closure}()
#3 C:\xampp\htdocs\projects\p_vitnuongthaomoc\system\View\View.php(468): CodeIgniter\View\View->render('frontend/layout...', NULL, true)
#4 C:\xampp\htdocs\projects\p_vitnuongthaomoc\app\Views\frontend\default.php(41): CodeIgniter\View\View->include('frontend/layout...')
#5 C:\xampp\htdocs\projects\p_vitnuongthaomoc\system\View\View.php(220): include('C:\\xampp\\htdocs...')
#6 C:\xampp\htdocs\projects\p_vitnuongthaomoc\system\View\View.php(222): CodeIgniter\View\View->CodeIgniter\View\{closure}()
#7 C:\xampp\htdocs\projects\p_vitnuongthaomoc\system\Common.php(1217): CodeIgniter\View\View->render('frontend/defaul...', Array, true)
#8 C:\xampp\htdocs\projects\p_vitnuongthaomoc\app\Controllers\Route.php(66): view('frontend/defaul...', Array)
#9 C:\xampp\htdocs\projects\p_vitnuongthaomoc\system\CodeIgniter.php(938): App\Controllers\Route->index('uploads', 'webps', 'slide', '2021', '09', 'thumb', 'pho-xanh.webp')
#10 C:\xampp\htdocs\projects\p_vitnuongthaomoc\system\CodeIgniter.php(434): CodeIgniter\CodeIgniter->runController(Object(App\Controllers\Route))
#11 C:\xampp\htdocs\projects\p_vitnuongthaomoc\system\CodeIgniter.php(335): CodeIgniter\CodeIgniter->handleRequest(NULL, Object(Config\Cache), false)
#12 C:\xampp\htdocs\projects\p_vitnuongthaomoc\public\index.php(43): CodeIgniter\CodeIgniter->run()
#13 C:\xampp\htdocs\projects\p_vitnuongthaomoc\system\Commands\Server\rewrite.php(45): require_once('C:\\xampp\\htdocs...')
#14 {main}
CRITICAL - 2021-11-26 08:15:10 --> Undefined variable: data_index
#0 C:\xampp\htdocs\projects\p_vitnuongthaomoc\app\Views\frontend\layout\menu_mobile.php(11): CodeIgniter\Debug\Exceptions->errorHandler(8, 'Undefined varia...', 'C:\\xampp\\htdocs...', 11, Array)
#1 C:\xampp\htdocs\projects\p_vitnuongthaomoc\system\View\View.php(220): include('C:\\xampp\\htdocs...')
#2 C:\xampp\htdocs\projects\p_vitnuongthaomoc\system\View\View.php(222): CodeIgniter\View\View->CodeIgniter\View\{closure}()
#3 C:\xampp\htdocs\projects\p_vitnuongthaomoc\system\View\View.php(468): CodeIgniter\View\View->render('frontend/layout...', NULL, true)
#4 C:\xampp\htdocs\projects\p_vitnuongthaomoc\app\Views\frontend\default.php(41): CodeIgniter\View\View->include('frontend/layout...')
#5 C:\xampp\htdocs\projects\p_vitnuongthaomoc\system\View\View.php(220): include('C:\\xampp\\htdocs...')
#6 C:\xampp\htdocs\projects\p_vitnuongthaomoc\system\View\View.php(222): CodeIgniter\View\View->CodeIgniter\View\{closure}()
#7 C:\xampp\htdocs\projects\p_vitnuongthaomoc\system\Common.php(1217): CodeIgniter\View\View->render('frontend/defaul...', Array, true)
#8 C:\xampp\htdocs\projects\p_vitnuongthaomoc\app\Controllers\Route.php(66): view('frontend/defaul...', Array)
#9 C:\xampp\htdocs\projects\p_vitnuongthaomoc\system\CodeIgniter.php(938): App\Controllers\Route->index('uploads', 'webps', 'slide', '2021', '09', 'thumb', 'pho-xanh.webp')
#10 C:\xampp\htdocs\projects\p_vitnuongthaomoc\system\CodeIgniter.php(434): CodeIgniter\CodeIgniter->runController(Object(App\Controllers\Route))
#11 C:\xampp\htdocs\projects\p_vitnuongthaomoc\system\CodeIgniter.php(335): CodeIgniter\CodeIgniter->handleRequest(NULL, Object(Config\Cache), false)
#12 C:\xampp\htdocs\projects\p_vitnuongthaomoc\public\index.php(43): CodeIgniter\CodeIgniter->run()
#13 C:\xampp\htdocs\projects\p_vitnuongthaomoc\system\Commands\Server\rewrite.php(45): require_once('C:\\xampp\\htdocs...')
#14 {main}
CRITICAL - 2021-11-26 08:16:26 --> Undefined variable: data_index
#0 C:\xampp\htdocs\projects\p_vitnuongthaomoc\app\Views\frontend\layout\menu_mobile.php(11): CodeIgniter\Debug\Exceptions->errorHandler(8, 'Undefined varia...', 'C:\\xampp\\htdocs...', 11, Array)
#1 C:\xampp\htdocs\projects\p_vitnuongthaomoc\system\View\View.php(220): include('C:\\xampp\\htdocs...')
#2 C:\xampp\htdocs\projects\p_vitnuongthaomoc\system\View\View.php(222): CodeIgniter\View\View->CodeIgniter\View\{closure}()
#3 C:\xampp\htdocs\projects\p_vitnuongthaomoc\system\View\View.php(468): CodeIgniter\View\View->render('frontend/layout...', NULL, true)
#4 C:\xampp\htdocs\projects\p_vitnuongthaomoc\app\Views\frontend\default.php(41): CodeIgniter\View\View->include('frontend/layout...')
#5 C:\xampp\htdocs\projects\p_vitnuongthaomoc\system\View\View.php(220): include('C:\\xampp\\htdocs...')
#6 C:\xampp\htdocs\projects\p_vitnuongthaomoc\system\View\View.php(222): CodeIgniter\View\View->CodeIgniter\View\{closure}()
#7 C:\xampp\htdocs\projects\p_vitnuongthaomoc\system\Common.php(1217): CodeIgniter\View\View->render('frontend/defaul...', Array, true)
#8 C:\xampp\htdocs\projects\p_vitnuongthaomoc\app\Controllers\Route.php(66): view('frontend/defaul...', Array)
#9 C:\xampp\htdocs\projects\p_vitnuongthaomoc\system\CodeIgniter.php(938): App\Controllers\Route->index('uploads', 'webps', 'slide', '2021', '09', 'thumb', 'pho-xanh.webp')
#10 C:\xampp\htdocs\projects\p_vitnuongthaomoc\system\CodeIgniter.php(434): CodeIgniter\CodeIgniter->runController(Object(App\Controllers\Route))
#11 C:\xampp\htdocs\projects\p_vitnuongthaomoc\system\CodeIgniter.php(335): CodeIgniter\CodeIgniter->handleRequest(NULL, Object(Config\Cache), false)
#12 C:\xampp\htdocs\projects\p_vitnuongthaomoc\public\index.php(43): CodeIgniter\CodeIgniter->run()
#13 C:\xampp\htdocs\projects\p_vitnuongthaomoc\system\Commands\Server\rewrite.php(45): require_once('C:\\xampp\\htdocs...')
#14 {main}
CRITICAL - 2021-11-26 08:17:56 --> Undefined variable: schema
#0 C:\xampp\htdocs\projects\p_vitnuongthaomoc\app\Views\frontend\default.php(24): CodeIgniter\Debug\Exceptions->errorHandler(8, 'Undefined varia...', 'C:\\xampp\\htdocs...', 24, Array)
#1 C:\xampp\htdocs\projects\p_vitnuongthaomoc\system\View\View.php(220): include('C:\\xampp\\htdocs...')
#2 C:\xampp\htdocs\projects\p_vitnuongthaomoc\system\View\View.php(222): CodeIgniter\View\View->CodeIgniter\View\{closure}()
#3 C:\xampp\htdocs\projects\p_vitnuongthaomoc\system\Common.php(1217): CodeIgniter\View\View->render('frontend/defaul...', Array, true)
#4 C:\xampp\htdocs\projects\p_vitnuongthaomoc\app\Controllers\Route.php(66): view('frontend/defaul...', Array)
#5 C:\xampp\htdocs\projects\p_vitnuongthaomoc\system\CodeIgniter.php(938): App\Controllers\Route->index('uploads', 'webps', 'slide', '2021', '09', 'thumb', 'pho-xanh.webp')
#6 C:\xampp\htdocs\projects\p_vitnuongthaomoc\system\CodeIgniter.php(434): CodeIgniter\CodeIgniter->runController(Object(App\Controllers\Route))
#7 C:\xampp\htdocs\projects\p_vitnuongthaomoc\system\CodeIgniter.php(335): CodeIgniter\CodeIgniter->handleRequest(NULL, Object(Config\Cache), false)
#8 C:\xampp\htdocs\projects\p_vitnuongthaomoc\public\index.php(43): CodeIgniter\CodeIgniter->run()
#9 C:\xampp\htdocs\projects\p_vitnuongthaomoc\system\Commands\Server\rewrite.php(45): require_once('C:\\xampp\\htdocs...')
#10 {main}
CRITICAL - 2021-11-26 08:18:46 --> Undefined variable: schema
#0 C:\xampp\htdocs\projects\p_vitnuongthaomoc\app\Views\frontend\default.php(24): CodeIgniter\Debug\Exceptions->errorHandler(8, 'Undefined varia...', 'C:\\xampp\\htdocs...', 24, Array)
#1 C:\xampp\htdocs\projects\p_vitnuongthaomoc\system\View\View.php(220): include('C:\\xampp\\htdocs...')
#2 C:\xampp\htdocs\projects\p_vitnuongthaomoc\system\View\View.php(222): CodeIgniter\View\View->CodeIgniter\View\{closure}()
#3 C:\xampp\htdocs\projects\p_vitnuongthaomoc\system\Common.php(1217): CodeIgniter\View\View->render('frontend/defaul...', Array, true)
#4 C:\xampp\htdocs\projects\p_vitnuongthaomoc\app\Controllers\Route.php(66): view('frontend/defaul...', Array)
#5 C:\xampp\htdocs\projects\p_vitnuongthaomoc\system\CodeIgniter.php(938): App\Controllers\Route->index('uploads', 'webps', 'slide', '2021', '09', 'thumb', 'pho-xanh.webp')
#6 C:\xampp\htdocs\projects\p_vitnuongthaomoc\system\CodeIgniter.php(434): CodeIgniter\CodeIgniter->runController(Object(App\Controllers\Route))
#7 C:\xampp\htdocs\projects\p_vitnuongthaomoc\system\CodeIgniter.php(335): CodeIgniter\CodeIgniter->handleRequest(NULL, Object(Config\Cache), false)
#8 C:\xampp\htdocs\projects\p_vitnuongthaomoc\public\index.php(43): CodeIgniter\CodeIgniter->run()
#9 C:\xampp\htdocs\projects\p_vitnuongthaomoc\system\Commands\Server\rewrite.php(45): require_once('C:\\xampp\\htdocs...')
#10 {main}
CRITICAL - 2021-11-26 08:20:14 --> Undefined variable: schema
#0 C:\xampp\htdocs\projects\p_vitnuongthaomoc\app\Views\frontend\default.php(24): CodeIgniter\Debug\Exceptions->errorHandler(8, 'Undefined varia...', 'C:\\xampp\\htdocs...', 24, Array)
#1 C:\xampp\htdocs\projects\p_vitnuongthaomoc\system\View\View.php(220): include('C:\\xampp\\htdocs...')
#2 C:\xampp\htdocs\projects\p_vitnuongthaomoc\system\View\View.php(222): CodeIgniter\View\View->CodeIgniter\View\{closure}()
#3 C:\xampp\htdocs\projects\p_vitnuongthaomoc\system\Common.php(1217): CodeIgniter\View\View->render('frontend/defaul...', Array, true)
#4 C:\xampp\htdocs\projects\p_vitnuongthaomoc\app\Controllers\Route.php(66): view('frontend/defaul...', Array)
#5 C:\xampp\htdocs\projects\p_vitnuongthaomoc\system\CodeIgniter.php(938): App\Controllers\Route->index('uploads', 'images', 'slide', '2021', '09', 'thumb', 'pho-xanh.jpg')
#6 C:\xampp\htdocs\projects\p_vitnuongthaomoc\system\CodeIgniter.php(434): CodeIgniter\CodeIgniter->runController(Object(App\Controllers\Route))
#7 C:\xampp\htdocs\projects\p_vitnuongthaomoc\system\CodeIgniter.php(335): CodeIgniter\CodeIgniter->handleRequest(NULL, Object(Config\Cache), false)
#8 C:\xampp\htdocs\projects\p_vitnuongthaomoc\public\index.php(43): CodeIgniter\CodeIgniter->run()
#9 C:\xampp\htdocs\projects\p_vitnuongthaomoc\system\Commands\Server\rewrite.php(45): require_once('C:\\xampp\\htdocs...')
#10 {main}
CRITICAL - 2021-11-26 08:20:45 --> Undefined variable: schema
#0 C:\xampp\htdocs\projects\p_vitnuongthaomoc\app\Views\frontend\default.php(24): CodeIgniter\Debug\Exceptions->errorHandler(8, 'Undefined varia...', 'C:\\xampp\\htdocs...', 24, Array)
#1 C:\xampp\htdocs\projects\p_vitnuongthaomoc\system\View\View.php(220): include('C:\\xampp\\htdocs...')
#2 C:\xampp\htdocs\projects\p_vitnuongthaomoc\system\View\View.php(222): CodeIgniter\View\View->CodeIgniter\View\{closure}()
#3 C:\xampp\htdocs\projects\p_vitnuongthaomoc\system\Common.php(1217): CodeIgniter\View\View->render('frontend/defaul...', Array, true)
#4 C:\xampp\htdocs\projects\p_vitnuongthaomoc\app\Controllers\Route.php(66): view('frontend/defaul...', Array)
#5 C:\xampp\htdocs\projects\p_vitnuongthaomoc\system\CodeIgniter.php(938): App\Controllers\Route->index('uploads', 'images', 'slide', '2021', '09', 'thumb', 'pho-xanh.jpg')
#6 C:\xampp\htdocs\projects\p_vitnuongthaomoc\system\CodeIgniter.php(434): CodeIgniter\CodeIgniter->runController(Object(App\Controllers\Route))
#7 C:\xampp\htdocs\projects\p_vitnuongthaomoc\system\CodeIgniter.php(335): CodeIgniter\CodeIgniter->handleRequest(NULL, Object(Config\Cache), false)
#8 C:\xampp\htdocs\projects\p_vitnuongthaomoc\public\index.php(43): CodeIgniter\CodeIgniter->run()
#9 C:\xampp\htdocs\projects\p_vitnuongthaomoc\system\Commands\Server\rewrite.php(45): require_once('C:\\xampp\\htdocs...')
#10 {main}
CRITICAL - 2021-11-26 08:21:08 --> Undefined variable: schema
#0 C:\xampp\htdocs\projects\p_vitnuongthaomoc\app\Views\frontend\default.php(24): CodeIgniter\Debug\Exceptions->errorHandler(8, 'Undefined varia...', 'C:\\xampp\\htdocs...', 24, Array)
#1 C:\xampp\htdocs\projects\p_vitnuongthaomoc\system\View\View.php(220): include('C:\\xampp\\htdocs...')
#2 C:\xampp\htdocs\projects\p_vitnuongthaomoc\system\View\View.php(222): CodeIgniter\View\View->CodeIgniter\View\{closure}()
#3 C:\xampp\htdocs\projects\p_vitnuongthaomoc\system\Common.php(1217): CodeIgniter\View\View->render('frontend/defaul...', Array, true)
#4 C:\xampp\htdocs\projects\p_vitnuongthaomoc\app\Controllers\Route.php(66): view('frontend/defaul...', Array)
#5 C:\xampp\htdocs\projects\p_vitnuongthaomoc\system\CodeIgniter.php(938): App\Controllers\Route->index('uploads', 'images', 'slide', '2021', '09', 'thumb', 'pho-xanh.jpg')
#6 C:\xampp\htdocs\projects\p_vitnuongthaomoc\system\CodeIgniter.php(434): CodeIgniter\CodeIgniter->runController(Object(App\Controllers\Route))
#7 C:\xampp\htdocs\projects\p_vitnuongthaomoc\system\CodeIgniter.php(335): CodeIgniter\CodeIgniter->handleRequest(NULL, Object(Config\Cache), false)
#8 C:\xampp\htdocs\projects\p_vitnuongthaomoc\public\index.php(43): CodeIgniter\CodeIgniter->run()
#9 C:\xampp\htdocs\projects\p_vitnuongthaomoc\system\Commands\Server\rewrite.php(45): require_once('C:\\xampp\\htdocs...')
#10 {main}
CRITICAL - 2021-11-26 08:27:13 --> Undefined variable: schema
#0 C:\xampp\htdocs\projects\p_vitnuongthaomoc\app\Views\frontend\default.php(24): CodeIgniter\Debug\Exceptions->errorHandler(8, 'Undefined varia...', 'C:\\xampp\\htdocs...', 24, Array)
#1 C:\xampp\htdocs\projects\p_vitnuongthaomoc\system\View\View.php(220): include('C:\\xampp\\htdocs...')
#2 C:\xampp\htdocs\projects\p_vitnuongthaomoc\system\View\View.php(222): CodeIgniter\View\View->CodeIgniter\View\{closure}()
#3 C:\xampp\htdocs\projects\p_vitnuongthaomoc\system\Common.php(1217): CodeIgniter\View\View->render('frontend/defaul...', Array, true)
#4 C:\xampp\htdocs\projects\p_vitnuongthaomoc\app\Controllers\Route.php(66): view('frontend/defaul...', Array)
#5 C:\xampp\htdocs\projects\p_vitnuongthaomoc\system\CodeIgniter.php(938): App\Controllers\Route->index('assets', 'css', 'assets', 'images', 'bg-banner.jpg')
#6 C:\xampp\htdocs\projects\p_vitnuongthaomoc\system\CodeIgniter.php(434): CodeIgniter\CodeIgniter->runController(Object(App\Controllers\Route))
#7 C:\xampp\htdocs\projects\p_vitnuongthaomoc\system\CodeIgniter.php(335): CodeIgniter\CodeIgniter->handleRequest(NULL, Object(Config\Cache), false)
#8 C:\xampp\htdocs\projects\p_vitnuongthaomoc\public\index.php(43): CodeIgniter\CodeIgniter->run()
#9 C:\xampp\htdocs\projects\p_vitnuongthaomoc\system\Commands\Server\rewrite.php(45): require_once('C:\\xampp\\htdocs...')
#10 {main}
CRITICAL - 2021-11-26 08:27:33 --> Undefined variable: schema
#0 C:\xampp\htdocs\projects\p_vitnuongthaomoc\app\Views\frontend\default.php(24): CodeIgniter\Debug\Exceptions->errorHandler(8, 'Undefined varia...', 'C:\\xampp\\htdocs...', 24, Array)
#1 C:\xampp\htdocs\projects\p_vitnuongthaomoc\system\View\View.php(220): include('C:\\xampp\\htdocs...')
#2 C:\xampp\htdocs\projects\p_vitnuongthaomoc\system\View\View.php(222): CodeIgniter\View\View->CodeIgniter\View\{closure}()
#3 C:\xampp\htdocs\projects\p_vitnuongthaomoc\system\Common.php(1217): CodeIgniter\View\View->render('frontend/defaul...', Array, true)
#4 C:\xampp\htdocs\projects\p_vitnuongthaomoc\app\Controllers\Route.php(66): view('frontend/defaul...', Array)
#5 C:\xampp\htdocs\projects\p_vitnuongthaomoc\system\CodeIgniter.php(938): App\Controllers\Route->index('assets', 'css', 'assets', 'images', 'bg-banner.jpg')
#6 C:\xampp\htdocs\projects\p_vitnuongthaomoc\system\CodeIgniter.php(434): CodeIgniter\CodeIgniter->runController(Object(App\Controllers\Route))
#7 C:\xampp\htdocs\projects\p_vitnuongthaomoc\system\CodeIgniter.php(335): CodeIgniter\CodeIgniter->handleRequest(NULL, Object(Config\Cache), false)
#8 C:\xampp\htdocs\projects\p_vitnuongthaomoc\public\index.php(43): CodeIgniter\CodeIgniter->run()
#9 C:\xampp\htdocs\projects\p_vitnuongthaomoc\system\Commands\Server\rewrite.php(45): require_once('C:\\xampp\\htdocs...')
#10 {main}
CRITICAL - 2021-11-26 08:27:36 --> Undefined variable: schema
#0 C:\xampp\htdocs\projects\p_vitnuongthaomoc\app\Views\frontend\default.php(24): CodeIgniter\Debug\Exceptions->errorHandler(8, 'Undefined varia...', 'C:\\xampp\\htdocs...', 24, Array)
#1 C:\xampp\htdocs\projects\p_vitnuongthaomoc\system\View\View.php(220): include('C:\\xampp\\htdocs...')
#2 C:\xampp\htdocs\projects\p_vitnuongthaomoc\system\View\View.php(222): CodeIgniter\View\View->CodeIgniter\View\{closure}()
#3 C:\xampp\htdocs\projects\p_vitnuongthaomoc\system\Common.php(1217): CodeIgniter\View\View->render('frontend/defaul...', Array, true)
#4 C:\xampp\htdocs\projects\p_vitnuongthaomoc\app\Controllers\Route.php(66): view('frontend/defaul...', Array)
#5 C:\xampp\htdocs\projects\p_vitnuongthaomoc\system\CodeIgniter.php(938): App\Controllers\Route->index('favicon.ico', '')
#6 C:\xampp\htdocs\projects\p_vitnuongthaomoc\system\CodeIgniter.php(434): CodeIgniter\CodeIgniter->runController(Object(App\Controllers\Route))
#7 C:\xampp\htdocs\projects\p_vitnuongthaomoc\system\CodeIgniter.php(335): CodeIgniter\CodeIgniter->handleRequest(NULL, Object(Config\Cache), false)
#8 C:\xampp\htdocs\projects\p_vitnuongthaomoc\public\index.php(43): CodeIgniter\CodeIgniter->run()
#9 C:\xampp\htdocs\projects\p_vitnuongthaomoc\system\Commands\Server\rewrite.php(45): require_once('C:\\xampp\\htdocs...')
#10 {main}
CRITICAL - 2021-11-26 08:27:40 --> Undefined variable: schema
#0 C:\xampp\htdocs\projects\p_vitnuongthaomoc\app\Views\frontend\default.php(24): CodeIgniter\Debug\Exceptions->errorHandler(8, 'Undefined varia...', 'C:\\xampp\\htdocs...', 24, Array)
#1 C:\xampp\htdocs\projects\p_vitnuongthaomoc\system\View\View.php(220): include('C:\\xampp\\htdocs...')
#2 C:\xampp\htdocs\projects\p_vitnuongthaomoc\system\View\View.php(222): CodeIgniter\View\View->CodeIgniter\View\{closure}()
#3 C:\xampp\htdocs\projects\p_vitnuongthaomoc\system\Common.php(1217): CodeIgniter\View\View->render('frontend/defaul...', Array, true)
#4 C:\xampp\htdocs\projects\p_vitnuongthaomoc\app\Controllers\Route.php(66): view('frontend/defaul...', Array)
#5 C:\xampp\htdocs\projects\p_vitnuongthaomoc\system\CodeIgniter.php(938): App\Controllers\Route->index('assets', 'css', 'assets', 'images', 'bg-banner.jpg')
#6 C:\xampp\htdocs\projects\p_vitnuongthaomoc\system\CodeIgniter.php(434): CodeIgniter\CodeIgniter->runController(Object(App\Controllers\Route))
#7 C:\xampp\htdocs\projects\p_vitnuongthaomoc\system\CodeIgniter.php(335): CodeIgniter\CodeIgniter->handleRequest(NULL, Object(Config\Cache), false)
#8 C:\xampp\htdocs\projects\p_vitnuongthaomoc\public\index.php(43): CodeIgniter\CodeIgniter->run()
#9 C:\xampp\htdocs\projects\p_vitnuongthaomoc\system\Commands\Server\rewrite.php(45): require_once('C:\\xampp\\htdocs...')
#10 {main}
CRITICAL - 2021-11-26 08:27:43 --> Undefined variable: schema
#0 C:\xampp\htdocs\projects\p_vitnuongthaomoc\app\Views\frontend\default.php(24): CodeIgniter\Debug\Exceptions->errorHandler(8, 'Undefined varia...', 'C:\\xampp\\htdocs...', 24, Array)
#1 C:\xampp\htdocs\projects\p_vitnuongthaomoc\system\View\View.php(220): include('C:\\xampp\\htdocs...')
#2 C:\xampp\htdocs\projects\p_vitnuongthaomoc\system\View\View.php(222): CodeIgniter\View\View->CodeIgniter\View\{closure}()
#3 C:\xampp\htdocs\projects\p_vitnuongthaomoc\system\Common.php(1217): CodeIgniter\View\View->render('frontend/defaul...', Array, true)
#4 C:\xampp\htdocs\projects\p_vitnuongthaomoc\app\Controllers\Route.php(66): view('frontend/defaul...', Array)
#5 C:\xampp\htdocs\projects\p_vitnuongthaomoc\system\CodeIgniter.php(938): App\Controllers\Route->index('favicon.ico', '')
#6 C:\xampp\htdocs\projects\p_vitnuongthaomoc\system\CodeIgniter.php(434): CodeIgniter\CodeIgniter->runController(Object(App\Controllers\Route))
#7 C:\xampp\htdocs\projects\p_vitnuongthaomoc\system\CodeIgniter.php(335): CodeIgniter\CodeIgniter->handleRequest(NULL, Object(Config\Cache), false)
#8 C:\xampp\htdocs\projects\p_vitnuongthaomoc\public\index.php(43): CodeIgniter\CodeIgniter->run()
#9 C:\xampp\htdocs\projects\p_vitnuongthaomoc\system\Commands\Server\rewrite.php(45): require_once('C:\\xampp\\htdocs...')
#10 {main}
CRITICAL - 2021-11-26 08:27:54 --> Undefined variable: data_index
#0 C:\xampp\htdocs\projects\p_vitnuongthaomoc\app\Views\frontend\layout\menu_mobile.php(11): CodeIgniter\Debug\Exceptions->errorHandler(8, 'Undefined varia...', 'C:\\xampp\\htdocs...', 11, Array)
#1 C:\xampp\htdocs\projects\p_vitnuongthaomoc\system\View\View.php(220): include('C:\\xampp\\htdocs...')
#2 C:\xampp\htdocs\projects\p_vitnuongthaomoc\system\View\View.php(222): CodeIgniter\View\View->CodeIgniter\View\{closure}()
#3 C:\xampp\htdocs\projects\p_vitnuongthaomoc\system\View\View.php(468): CodeIgniter\View\View->render('frontend/layout...', NULL, true)
#4 C:\xampp\htdocs\projects\p_vitnuongthaomoc\app\Views\frontend\default.php(38): CodeIgniter\View\View->include('frontend/layout...')
#5 C:\xampp\htdocs\projects\p_vitnuongthaomoc\system\View\View.php(220): include('C:\\xampp\\htdocs...')
#6 C:\xampp\htdocs\projects\p_vitnuongthaomoc\system\View\View.php(222): CodeIgniter\View\View->CodeIgniter\View\{closure}()
#7 C:\xampp\htdocs\projects\p_vitnuongthaomoc\system\Common.php(1217): CodeIgniter\View\View->render('frontend/defaul...', Array, true)
#8 C:\xampp\htdocs\projects\p_vitnuongthaomoc\app\Controllers\Route.php(66): view('frontend/defaul...', Array)
#9 C:\xampp\htdocs\projects\p_vitnuongthaomoc\system\CodeIgniter.php(938): App\Controllers\Route->index('assets', 'css', 'assets', 'images', 'bg-banner.jpg')
#10 C:\xampp\htdocs\projects\p_vitnuongthaomoc\system\CodeIgniter.php(434): CodeIgniter\CodeIgniter->runController(Object(App\Controllers\Route))
#11 C:\xampp\htdocs\projects\p_vitnuongthaomoc\system\CodeIgniter.php(335): CodeIgniter\CodeIgniter->handleRequest(NULL, Object(Config\Cache), false)
#12 C:\xampp\htdocs\projects\p_vitnuongthaomoc\public\index.php(43): CodeIgniter\CodeIgniter->run()
#13 C:\xampp\htdocs\projects\p_vitnuongthaomoc\system\Commands\Server\rewrite.php(45): require_once('C:\\xampp\\htdocs...')
#14 {main}
CRITICAL - 2021-11-26 08:28:30 --> Undefined variable: data_index
#0 C:\xampp\htdocs\projects\p_vitnuongthaomoc\app\Views\frontend\layout\menu_mobile.php(11): CodeIgniter\Debug\Exceptions->errorHandler(8, 'Undefined varia...', 'C:\\xampp\\htdocs...', 11, Array)
#1 C:\xampp\htdocs\projects\p_vitnuongthaomoc\system\View\View.php(220): include('C:\\xampp\\htdocs...')
#2 C:\xampp\htdocs\projects\p_vitnuongthaomoc\system\View\View.php(222): CodeIgniter\View\View->CodeIgniter\View\{closure}()
#3 C:\xampp\htdocs\projects\p_vitnuongthaomoc\system\View\View.php(468): CodeIgniter\View\View->render('frontend/layout...', NULL, true)
#4 C:\xampp\htdocs\projects\p_vitnuongthaomoc\app\Views\frontend\default.php(38): CodeIgniter\View\View->include('frontend/layout...')
#5 C:\xampp\htdocs\projects\p_vitnuongthaomoc\system\View\View.php(220): include('C:\\xampp\\htdocs...')
#6 C:\xampp\htdocs\projects\p_vitnuongthaomoc\system\View\View.php(222): CodeIgniter\View\View->CodeIgniter\View\{closure}()
#7 C:\xampp\htdocs\projects\p_vitnuongthaomoc\system\Common.php(1217): CodeIgniter\View\View->render('frontend/defaul...', Array, true)
#8 C:\xampp\htdocs\projects\p_vitnuongthaomoc\app\Controllers\Route.php(66): view('frontend/defaul...', Array)
#9 C:\xampp\htdocs\projects\p_vitnuongthaomoc\system\CodeIgniter.php(938): App\Controllers\Route->index('assets', 'css', 'assets', 'images', 'bg-banner.jpg')
#10 C:\xampp\htdocs\projects\p_vitnuongthaomoc\system\CodeIgniter.php(434): CodeIgniter\CodeIgniter->runController(Object(App\Controllers\Route))
#11 C:\xampp\htdocs\projects\p_vitnuongthaomoc\system\CodeIgniter.php(335): CodeIgniter\CodeIgniter->handleRequest(NULL, Object(Config\Cache), false)
#12 C:\xampp\htdocs\projects\p_vitnuongthaomoc\public\index.php(43): CodeIgniter\CodeIgniter->run()
#13 C:\xampp\htdocs\projects\p_vitnuongthaomoc\system\Commands\Server\rewrite.php(45): require_once('C:\\xampp\\htdocs...')
#14 {main}
CRITICAL - 2021-11-26 14:52:52 --> Undefined variable: data_index
#0 C:\xampp\htdocs\projects\p_vitnuongthaomoc\app\Views\frontend\layout\menu_mobile.php(11): CodeIgniter\Debug\Exceptions->errorHandler(8, 'Undefined varia...', 'C:\\xampp\\htdocs...', 11, Array)
#1 C:\xampp\htdocs\projects\p_vitnuongthaomoc\system\View\View.php(220): include('C:\\xampp\\htdocs...')
#2 C:\xampp\htdocs\projects\p_vitnuongthaomoc\system\View\View.php(222): CodeIgniter\View\View->CodeIgniter\View\{closure}()
#3 C:\xampp\htdocs\projects\p_vitnuongthaomoc\system\View\View.php(468): CodeIgniter\View\View->render('frontend/layout...', NULL, true)
#4 C:\xampp\htdocs\projects\p_vitnuongthaomoc\app\Views\frontend\default.php(38): CodeIgniter\View\View->include('frontend/layout...')
#5 C:\xampp\htdocs\projects\p_vitnuongthaomoc\system\View\View.php(220): include('C:\\xampp\\htdocs...')
#6 C:\xampp\htdocs\projects\p_vitnuongthaomoc\system\View\View.php(222): CodeIgniter\View\View->CodeIgniter\View\{closure}()
#7 C:\xampp\htdocs\projects\p_vitnuongthaomoc\system\Common.php(1217): CodeIgniter\View\View->render('frontend/defaul...', Array, true)
#8 C:\xampp\htdocs\projects\p_vitnuongthaomoc\app\Controllers\Route.php(66): view('frontend/defaul...', Array)
#9 C:\xampp\htdocs\projects\p_vitnuongthaomoc\system\CodeIgniter.php(938): App\Controllers\Route->index('dat-hang', '')
#10 C:\xampp\htdocs\projects\p_vitnuongthaomoc\system\CodeIgniter.php(434): CodeIgniter\CodeIgniter->runController(Object(App\Controllers\Route))
#11 C:\xampp\htdocs\projects\p_vitnuongthaomoc\system\CodeIgniter.php(335): CodeIgniter\CodeIgniter->handleRequest(NULL, Object(Config\Cache), false)
#12 C:\xampp\htdocs\projects\p_vitnuongthaomoc\public\index.php(43): CodeIgniter\CodeIgniter->run()
#13 C:\xampp\htdocs\projects\p_vitnuongthaomoc\system\Commands\Server\rewrite.php(45): require_once('C:\\xampp\\htdocs...')
#14 {main}
CRITICAL - 2021-11-26 14:53:40 --> Undefined variable: data_index
#0 C:\xampp\htdocs\projects\p_vitnuongthaomoc\app\Views\frontend\layout\menu_mobile.php(11): CodeIgniter\Debug\Exceptions->errorHandler(8, 'Undefined varia...', 'C:\\xampp\\htdocs...', 11, Array)
#1 C:\xampp\htdocs\projects\p_vitnuongthaomoc\system\View\View.php(220): include('C:\\xampp\\htdocs...')
#2 C:\xampp\htdocs\projects\p_vitnuongthaomoc\system\View\View.php(222): CodeIgniter\View\View->CodeIgniter\View\{closure}()
#3 C:\xampp\htdocs\projects\p_vitnuongthaomoc\system\View\View.php(468): CodeIgniter\View\View->render('frontend/layout...', NULL, true)
#4 C:\xampp\htdocs\projects\p_vitnuongthaomoc\app\Views\frontend\default.php(38): CodeIgniter\View\View->include('frontend/layout...')
#5 C:\xampp\htdocs\projects\p_vitnuongthaomoc\system\View\View.php(220): include('C:\\xampp\\htdocs...')
#6 C:\xampp\htdocs\projects\p_vitnuongthaomoc\system\View\View.php(222): CodeIgniter\View\View->CodeIgniter\View\{closure}()
#7 C:\xampp\htdocs\projects\p_vitnuongthaomoc\system\Common.php(1217): CodeIgniter\View\View->render('frontend/defaul...', Array, true)
#8 C:\xampp\htdocs\projects\p_vitnuongthaomoc\app\Controllers\Route.php(66): view('frontend/defaul...', Array)
#9 C:\xampp\htdocs\projects\p_vitnuongthaomoc\system\CodeIgniter.php(938): App\Controllers\Route->index('dat-hang', '')
#10 C:\xampp\htdocs\projects\p_vitnuongthaomoc\system\CodeIgniter.php(434): CodeIgniter\CodeIgniter->runController(Object(App\Controllers\Route))
#11 C:\xampp\htdocs\projects\p_vitnuongthaomoc\system\CodeIgniter.php(335): CodeIgniter\CodeIgniter->handleRequest(NULL, Object(Config\Cache), false)
#12 C:\xampp\htdocs\projects\p_vitnuongthaomoc\public\index.php(43): CodeIgniter\CodeIgniter->run()
#13 C:\xampp\htdocs\projects\p_vitnuongthaomoc\system\Commands\Server\rewrite.php(45): require_once('C:\\xampp\\htdocs...')
#14 {main}
CRITICAL - 2021-11-26 14:54:08 --> Undefined variable: data_index
#0 C:\xampp\htdocs\projects\p_vitnuongthaomoc\app\Views\frontend\layout\menu_mobile.php(11): CodeIgniter\Debug\Exceptions->errorHandler(8, 'Undefined varia...', 'C:\\xampp\\htdocs...', 11, Array)
#1 C:\xampp\htdocs\projects\p_vitnuongthaomoc\system\View\View.php(220): include('C:\\xampp\\htdocs...')
#2 C:\xampp\htdocs\projects\p_vitnuongthaomoc\system\View\View.php(222): CodeIgniter\View\View->CodeIgniter\View\{closure}()
#3 C:\xampp\htdocs\projects\p_vitnuongthaomoc\system\View\View.php(468): CodeIgniter\View\View->render('frontend/layout...', NULL, true)
#4 C:\xampp\htdocs\projects\p_vitnuongthaomoc\app\Views\frontend\default.php(38): CodeIgniter\View\View->include('frontend/layout...')
#5 C:\xampp\htdocs\projects\p_vitnuongthaomoc\system\View\View.php(220): include('C:\\xampp\\htdocs...')
#6 C:\xampp\htdocs\projects\p_vitnuongthaomoc\system\View\View.php(222): CodeIgniter\View\View->CodeIgniter\View\{closure}()
#7 C:\xampp\htdocs\projects\p_vitnuongthaomoc\system\Common.php(1217): CodeIgniter\View\View->render('frontend/defaul...', Array, true)
#8 C:\xampp\htdocs\projects\p_vitnuongthaomoc\app\Controllers\Route.php(66): view('frontend/defaul...', Array)
#9 C:\xampp\htdocs\projects\p_vitnuongthaomoc\system\CodeIgniter.php(938): App\Controllers\Route->index('dat-hang', '')
#10 C:\xampp\htdocs\projects\p_vitnuongthaomoc\system\CodeIgniter.php(434): CodeIgniter\CodeIgniter->runController(Object(App\Controllers\Route))
#11 C:\xampp\htdocs\projects\p_vitnuongthaomoc\system\CodeIgniter.php(335): CodeIgniter\CodeIgniter->handleRequest(NULL, Object(Config\Cache), false)
#12 C:\xampp\htdocs\projects\p_vitnuongthaomoc\public\index.php(43): CodeIgniter\CodeIgniter->run()
#13 C:\xampp\htdocs\projects\p_vitnuongthaomoc\system\Commands\Server\rewrite.php(45): require_once('C:\\xampp\\htdocs...')
#14 {main}
CRITICAL - 2021-11-26 14:54:24 --> Undefined variable: data_index
#0 C:\xampp\htdocs\projects\p_vitnuongthaomoc\app\Views\frontend\layout\menu_mobile.php(11): CodeIgniter\Debug\Exceptions->errorHandler(8, 'Undefined varia...', 'C:\\xampp\\htdocs...', 11, Array)
#1 C:\xampp\htdocs\projects\p_vitnuongthaomoc\system\View\View.php(220): include('C:\\xampp\\htdocs...')
#2 C:\xampp\htdocs\projects\p_vitnuongthaomoc\system\View\View.php(222): CodeIgniter\View\View->CodeIgniter\View\{closure}()
#3 C:\xampp\htdocs\projects\p_vitnuongthaomoc\system\View\View.php(468): CodeIgniter\View\View->render('frontend/layout...', NULL, true)
#4 C:\xampp\htdocs\projects\p_vitnuongthaomoc\app\Views\frontend\default.php(38): CodeIgniter\View\View->include('frontend/layout...')
#5 C:\xampp\htdocs\projects\p_vitnuongthaomoc\system\View\View.php(220): include('C:\\xampp\\htdocs...')
#6 C:\xampp\htdocs\projects\p_vitnuongthaomoc\system\View\View.php(222): CodeIgniter\View\View->CodeIgniter\View\{closure}()
#7 C:\xampp\htdocs\projects\p_vitnuongthaomoc\system\Common.php(1217): CodeIgniter\View\View->render('frontend/defaul...', Array, true)
#8 C:\xampp\htdocs\projects\p_vitnuongthaomoc\app\Controllers\Route.php(66): view('frontend/defaul...', Array)
#9 C:\xampp\htdocs\projects\p_vitnuongthaomoc\system\CodeIgniter.php(938): App\Controllers\Route->index('favicon.ico', '')
#10 C:\xampp\htdocs\projects\p_vitnuongthaomoc\system\CodeIgniter.php(434): CodeIgniter\CodeIgniter->runController(Object(App\Controllers\Route))
#11 C:\xampp\htdocs\projects\p_vitnuongthaomoc\system\CodeIgniter.php(335): CodeIgniter\CodeIgniter->handleRequest(NULL, Object(Config\Cache), false)
#12 C:\xampp\htdocs\projects\p_vitnuongthaomoc\public\index.php(43): CodeIgniter\CodeIgniter->run()
#13 C:\xampp\htdocs\projects\p_vitnuongthaomoc\system\Commands\Server\rewrite.php(45): require_once('C:\\xampp\\htdocs...')
#14 {main}
CRITICAL - 2021-11-26 15:07:18 --> Undefined variable: val
#0 C:\xampp\htdocs\projects\p_vitnuongthaomoc\app\Views\frontend\order\index.php(15): CodeIgniter\Debug\Exceptions->errorHandler(8, 'Undefined varia...', 'C:\\xampp\\htdocs...', 15, Array)
#1 C:\xampp\htdocs\projects\p_vitnuongthaomoc\system\View\View.php(220): include('C:\\xampp\\htdocs...')
#2 C:\xampp\htdocs\projects\p_vitnuongthaomoc\system\View\View.php(222): CodeIgniter\View\View->CodeIgniter\View\{closure}()
#3 C:\xampp\htdocs\projects\p_vitnuongthaomoc\system\View\View.php(468): CodeIgniter\View\View->render('frontend/order/...', NULL, true)
#4 C:\xampp\htdocs\projects\p_vitnuongthaomoc\app\Views\frontend\default.php(44): CodeIgniter\View\View->include('frontend/order/...', NULL)
#5 C:\xampp\htdocs\projects\p_vitnuongthaomoc\system\View\View.php(220): include('C:\\xampp\\htdocs...')
#6 C:\xampp\htdocs\projects\p_vitnuongthaomoc\system\View\View.php(222): CodeIgniter\View\View->CodeIgniter\View\{closure}()
#7 C:\xampp\htdocs\projects\p_vitnuongthaomoc\system\Common.php(1217): CodeIgniter\View\View->render('frontend/defaul...', Array, true)
#8 C:\xampp\htdocs\projects\p_vitnuongthaomoc\app\Controllers\Order.php(28): view('frontend/defaul...', Array)
#9 C:\xampp\htdocs\projects\p_vitnuongthaomoc\system\CodeIgniter.php(938): App\Controllers\Order->index()
#10 C:\xampp\htdocs\projects\p_vitnuongthaomoc\system\CodeIgniter.php(434): CodeIgniter\CodeIgniter->runController(Object(App\Controllers\Order))
#11 C:\xampp\htdocs\projects\p_vitnuongthaomoc\system\CodeIgniter.php(335): CodeIgniter\CodeIgniter->handleRequest(NULL, Object(Config\Cache), false)
#12 C:\xampp\htdocs\projects\p_vitnuongthaomoc\public\index.php(43): CodeIgniter\CodeIgniter->run()
#13 C:\xampp\htdocs\projects\p_vitnuongthaomoc\system\Commands\Server\rewrite.php(45): require_once('C:\\xampp\\htdocs...')
#14 {main}
