CRITICAL - 2021-11-29 14:41:23 --> Undefined variable: data_index
#0 C:\xampp\htdocs\projects\p_vitnuongthaomoc\app\Views\frontend\layout\footer.php(6): CodeIgniter\Debug\Exceptions->errorHandler(8, 'Undefined varia...', 'C:\\xampp\\htdocs...', 6, Array)
#1 C:\xampp\htdocs\projects\p_vitnuongthaomoc\system\View\View.php(220): include('C:\\xampp\\htdocs...')
#2 C:\xampp\htdocs\projects\p_vitnuongthaomoc\system\View\View.php(222): CodeIgniter\View\View->CodeIgniter\View\{closure}()
#3 C:\xampp\htdocs\projects\p_vitnuongthaomoc\system\View\View.php(468): CodeIgniter\View\View->render('frontend/layout...', NULL, true)
#4 C:\xampp\htdocs\projects\p_vitnuongthaomoc\app\Views\frontend\default.php(48): CodeIgniter\View\View->include('frontend/layout...')
#5 C:\xampp\htdocs\projects\p_vitnuongthaomoc\system\View\View.php(220): include('C:\\xampp\\htdocs...')
#6 C:\xampp\htdocs\projects\p_vitnuongthaomoc\system\View\View.php(222): CodeIgniter\View\View->CodeIgniter\View\{closure}()
#7 C:\xampp\htdocs\projects\p_vitnuongthaomoc\system\Common.php(1217): CodeIgniter\View\View->render('frontend/defaul...', Array, true)
#8 C:\xampp\htdocs\projects\p_vitnuongthaomoc\app\Controllers\Route.php(66): view('frontend/defaul...', Array)
#9 C:\xampp\htdocs\projects\p_vitnuongthaomoc\system\CodeIgniter.php(938): App\Controllers\Route->index('images', 'icon-phone.png')
#10 C:\xampp\htdocs\projects\p_vitnuongthaomoc\system\CodeIgniter.php(434): CodeIgniter\CodeIgniter->runController(Object(App\Controllers\Route))
#11 C:\xampp\htdocs\projects\p_vitnuongthaomoc\system\CodeIgniter.php(335): CodeIgniter\CodeIgniter->handleRequest(NULL, Object(Config\Cache), false)
#12 C:\xampp\htdocs\projects\p_vitnuongthaomoc\public\index.php(43): CodeIgniter\CodeIgniter->run()
#13 C:\xampp\htdocs\projects\p_vitnuongthaomoc\system\Commands\Server\rewrite.php(45): require_once('C:\\xampp\\htdocs...')
#14 {main}
CRITICAL - 2021-11-29 15:02:59 --> Undefined variable: data_index
#0 C:\xampp\htdocs\projects\p_vitnuongthaomoc\app\Views\frontend\layout\footer.php(6): CodeIgniter\Debug\Exceptions->errorHandler(8, 'Undefined varia...', 'C:\\xampp\\htdocs...', 6, Array)
#1 C:\xampp\htdocs\projects\p_vitnuongthaomoc\system\View\View.php(220): include('C:\\xampp\\htdocs...')
#2 C:\xampp\htdocs\projects\p_vitnuongthaomoc\system\View\View.php(222): CodeIgniter\View\View->CodeIgniter\View\{closure}()
#3 C:\xampp\htdocs\projects\p_vitnuongthaomoc\system\View\View.php(468): CodeIgniter\View\View->render('frontend/layout...', NULL, true)
#4 C:\xampp\htdocs\projects\p_vitnuongthaomoc\app\Views\frontend\default.php(48): CodeIgniter\View\View->include('frontend/layout...')
#5 C:\xampp\htdocs\projects\p_vitnuongthaomoc\system\View\View.php(220): include('C:\\xampp\\htdocs...')
#6 C:\xampp\htdocs\projects\p_vitnuongthaomoc\system\View\View.php(222): CodeIgniter\View\View->CodeIgniter\View\{closure}()
#7 C:\xampp\htdocs\projects\p_vitnuongthaomoc\system\Common.php(1217): CodeIgniter\View\View->render('frontend/defaul...', Array, true)
#8 C:\xampp\htdocs\projects\p_vitnuongthaomoc\app\Controllers\Route.php(66): view('frontend/defaul...', Array)
#9 C:\xampp\htdocs\projects\p_vitnuongthaomoc\system\CodeIgniter.php(938): App\Controllers\Route->index('dang-ky-lai-thu...', '')
#10 C:\xampp\htdocs\projects\p_vitnuongthaomoc\system\CodeIgniter.php(434): CodeIgniter\CodeIgniter->runController(Object(App\Controllers\Route))
#11 C:\xampp\htdocs\projects\p_vitnuongthaomoc\system\CodeIgniter.php(335): CodeIgniter\CodeIgniter->handleRequest(NULL, Object(Config\Cache), false)
#12 C:\xampp\htdocs\projects\p_vitnuongthaomoc\public\index.php(43): CodeIgniter\CodeIgniter->run()
#13 C:\xampp\htdocs\projects\p_vitnuongthaomoc\system\Commands\Server\rewrite.php(45): require_once('C:\\xampp\\htdocs...')
#14 {main}
