ERROR - 2022-07-28 01:09:55 --> mysqli_sql_exception: Table 'sietmvb89_db.tbl_product_slogan' doesn't exist in /home/sietmvb89/web/sieuthibeyeu.vn/public_html/system/Database/MySQLi/Connection.php:314
Stack trace:
#0 /home/sietmvb89/web/sieuthibeyeu.vn/public_html/system/Database/MySQLi/Connection.php(314): mysqli->query()
#1 /home/sietmvb89/web/sieuthibeyeu.vn/public_html/system/Database/BaseConnection.php(713): CodeIgniter\Database\MySQLi\Connection->execute()
#2 /home/sietmvb89/web/sieuthibeyeu.vn/public_html/system/Database/BaseConnection.php(641): CodeIgniter\Database\BaseConnection->simpleQuery()
#3 /home/sietmvb89/web/sieuthibeyeu.vn/public_html/system/Database/BaseBuilder.php(1866): CodeIgniter\Database\BaseConnection->query()
#4 /home/sietmvb89/web/sieuthibeyeu.vn/public_html/app/Models/MyModels.php(126): CodeIgniter\Database\BaseBuilder->get()
#5 /home/sietmvb89/web/sieuthibeyeu.vn/public_html/app/Controllers/Route.php(469): App\Models\MyModels->full_query()
#6 /home/sietmvb89/web/sieuthibeyeu.vn/public_html/app/Controllers/Route.php(65): App\Controllers\Route->product()
#7 /home/sietmvb89/web/sieuthibeyeu.vn/public_html/system/CodeIgniter.php(938): App\Controllers\Route->index()
#8 /home/sietmvb89/web/sieuthibeyeu.vn/public_html/system/CodeIgniter.php(434): CodeIgniter\CodeIgniter->runController()
#9 /home/sietmvb89/web/sieuthibeyeu.vn/public_html/system/CodeIgniter.php(335): CodeIgniter\CodeIgniter->handleRequest()
#10 /home/sietmvb89/web/sieuthibeyeu.vn/public_html/index.php(43): CodeIgniter\CodeIgniter->run()
#11 {main}
ERROR - 2022-07-28 01:09:55 --> mysqli_sql_exception: Table 'sietmvb89_db.tbl_brand' doesn't exist in /home/sietmvb89/web/sieuthibeyeu.vn/public_html/system/Database/MySQLi/Connection.php:314
Stack trace:
#0 /home/sietmvb89/web/sieuthibeyeu.vn/public_html/system/Database/MySQLi/Connection.php(314): mysqli->query()
#1 /home/sietmvb89/web/sieuthibeyeu.vn/public_html/system/Database/BaseConnection.php(713): CodeIgniter\Database\MySQLi\Connection->execute()
#2 /home/sietmvb89/web/sieuthibeyeu.vn/public_html/system/Database/BaseConnection.php(641): CodeIgniter\Database\BaseConnection->simpleQuery()
#3 /home/sietmvb89/web/sieuthibeyeu.vn/public_html/system/Database/BaseBuilder.php(1866): CodeIgniter\Database\BaseConnection->query()
#4 /home/sietmvb89/web/sieuthibeyeu.vn/public_html/app/Models/MyModels.php(126): CodeIgniter\Database\BaseBuilder->get()
#5 /home/sietmvb89/web/sieuthibeyeu.vn/public_html/app/Controllers/Route.php(476): App\Models\MyModels->full_query()
#6 /home/sietmvb89/web/sieuthibeyeu.vn/public_html/app/Controllers/Route.php(65): App\Controllers\Route->product()
#7 /home/sietmvb89/web/sieuthibeyeu.vn/public_html/system/CodeIgniter.php(938): App\Controllers\Route->index()
#8 /home/sietmvb89/web/sieuthibeyeu.vn/public_html/system/CodeIgniter.php(434): CodeIgniter\CodeIgniter->runController()
#9 /home/sietmvb89/web/sieuthibeyeu.vn/public_html/system/CodeIgniter.php(335): CodeIgniter\CodeIgniter->handleRequest()
#10 /home/sietmvb89/web/sieuthibeyeu.vn/public_html/index.php(43): CodeIgniter\CodeIgniter->run()
#11 {main}
ERROR - 2022-07-28 01:40:31 --> mysqli_sql_exception: Table 'sietmvb89_db.tbl_brand' doesn't exist in /home/sietmvb89/web/sieuthibeyeu.vn/public_html/system/Database/MySQLi/Connection.php:314
Stack trace:
#0 /home/sietmvb89/web/sieuthibeyeu.vn/public_html/system/Database/MySQLi/Connection.php(314): mysqli->query()
#1 /home/sietmvb89/web/sieuthibeyeu.vn/public_html/system/Database/BaseConnection.php(713): CodeIgniter\Database\MySQLi\Connection->execute()
#2 /home/sietmvb89/web/sieuthibeyeu.vn/public_html/system/Database/BaseConnection.php(641): CodeIgniter\Database\BaseConnection->simpleQuery()
#3 /home/sietmvb89/web/sieuthibeyeu.vn/public_html/system/Database/BaseBuilder.php(1866): CodeIgniter\Database\BaseConnection->query()
#4 /home/sietmvb89/web/sieuthibeyeu.vn/public_html/app/Models/MyModels.php(126): CodeIgniter\Database\BaseBuilder->get()
#5 /home/sietmvb89/web/sieuthibeyeu.vn/public_html/app/Controllers/Route.php(307): App\Models\MyModels->full_query()
#6 /home/sietmvb89/web/sieuthibeyeu.vn/public_html/app/Controllers/Route.php(61): App\Controllers\Route->cate_product()
#7 /home/sietmvb89/web/sieuthibeyeu.vn/public_html/system/CodeIgniter.php(938): App\Controllers\Route->index()
#8 /home/sietmvb89/web/sieuthibeyeu.vn/public_html/system/CodeIgniter.php(434): CodeIgniter\CodeIgniter->runController()
#9 /home/sietmvb89/web/sieuthibeyeu.vn/public_html/system/CodeIgniter.php(335): CodeIgniter\CodeIgniter->handleRequest()
#10 /home/sietmvb89/web/sieuthibeyeu.vn/public_html/index.php(43): CodeIgniter\CodeIgniter->run()
#11 {main}
ERROR - 2022-07-28 06:01:25 --> mysqli_sql_exception: Table 'sietmvb89_db.tbl_brand' doesn't exist in /home/sietmvb89/web/sieuthibeyeu.vn/public_html/system/Database/MySQLi/Connection.php:314
Stack trace:
#0 /home/sietmvb89/web/sieuthibeyeu.vn/public_html/system/Database/MySQLi/Connection.php(314): mysqli->query()
#1 /home/sietmvb89/web/sieuthibeyeu.vn/public_html/system/Database/BaseConnection.php(713): CodeIgniter\Database\MySQLi\Connection->execute()
#2 /home/sietmvb89/web/sieuthibeyeu.vn/public_html/system/Database/BaseConnection.php(641): CodeIgniter\Database\BaseConnection->simpleQuery()
#3 /home/sietmvb89/web/sieuthibeyeu.vn/public_html/system/Database/BaseBuilder.php(1866): CodeIgniter\Database\BaseConnection->query()
#4 /home/sietmvb89/web/sieuthibeyeu.vn/public_html/app/Models/MyModels.php(126): CodeIgniter\Database\BaseBuilder->get()
#5 /home/sietmvb89/web/sieuthibeyeu.vn/public_html/app/Controllers/Route.php(307): App\Models\MyModels->full_query()
#6 /home/sietmvb89/web/sieuthibeyeu.vn/public_html/app/Controllers/Route.php(61): App\Controllers\Route->cate_product()
#7 /home/sietmvb89/web/sieuthibeyeu.vn/public_html/system/CodeIgniter.php(938): App\Controllers\Route->index()
#8 /home/sietmvb89/web/sieuthibeyeu.vn/public_html/system/CodeIgniter.php(434): CodeIgniter\CodeIgniter->runController()
#9 /home/sietmvb89/web/sieuthibeyeu.vn/public_html/system/CodeIgniter.php(335): CodeIgniter\CodeIgniter->handleRequest()
#10 /home/sietmvb89/web/sieuthibeyeu.vn/public_html/index.php(43): CodeIgniter\CodeIgniter->run()
#11 {main}
ERROR - 2022-07-28 08:16:07 --> mysqli_sql_exception: You have an error in your SQL syntax; check the manual that corresponds to your MariaDB server version for the right syntax to use near ')
ORDER BY `id` desc' at line 3 in /home/sietmvb89/web/sieuthibeyeu.vn/public_html/system/Database/MySQLi/Connection.php:314
Stack trace:
#0 /home/sietmvb89/web/sieuthibeyeu.vn/public_html/system/Database/MySQLi/Connection.php(314): mysqli->query()
#1 /home/sietmvb89/web/sieuthibeyeu.vn/public_html/system/Database/BaseConnection.php(713): CodeIgniter\Database\MySQLi\Connection->execute()
#2 /home/sietmvb89/web/sieuthibeyeu.vn/public_html/system/Database/BaseConnection.php(641): CodeIgniter\Database\BaseConnection->simpleQuery()
#3 /home/sietmvb89/web/sieuthibeyeu.vn/public_html/system/Database/BaseBuilder.php(1866): CodeIgniter\Database\BaseConnection->query()
#4 /home/sietmvb89/web/sieuthibeyeu.vn/public_html/app/Models/MyModels.php(126): CodeIgniter\Database\BaseBuilder->get()
#5 /home/sietmvb89/web/sieuthibeyeu.vn/public_html/app/Controllers/Route.php(307): App\Models\MyModels->full_query()
#6 /home/sietmvb89/web/sieuthibeyeu.vn/public_html/app/Controllers/Route.php(61): App\Controllers\Route->cate_product()
#7 /home/sietmvb89/web/sieuthibeyeu.vn/public_html/system/CodeIgniter.php(938): App\Controllers\Route->index()
#8 /home/sietmvb89/web/sieuthibeyeu.vn/public_html/system/CodeIgniter.php(434): CodeIgniter\CodeIgniter->runController()
#9 /home/sietmvb89/web/sieuthibeyeu.vn/public_html/system/CodeIgniter.php(335): CodeIgniter\CodeIgniter->handleRequest()
#10 /home/sietmvb89/web/sieuthibeyeu.vn/public_html/index.php(43): CodeIgniter\CodeIgniter->run()
#11 {main}
ERROR - 2022-07-28 08:16:27 --> mysqli_sql_exception: Table 'sietmvb89_db.tbl_product_slogan' doesn't exist in /home/sietmvb89/web/sieuthibeyeu.vn/public_html/system/Database/MySQLi/Connection.php:314
Stack trace:
#0 /home/sietmvb89/web/sieuthibeyeu.vn/public_html/system/Database/MySQLi/Connection.php(314): mysqli->query()
#1 /home/sietmvb89/web/sieuthibeyeu.vn/public_html/system/Database/BaseConnection.php(713): CodeIgniter\Database\MySQLi\Connection->execute()
#2 /home/sietmvb89/web/sieuthibeyeu.vn/public_html/system/Database/BaseConnection.php(641): CodeIgniter\Database\BaseConnection->simpleQuery()
#3 /home/sietmvb89/web/sieuthibeyeu.vn/public_html/system/Database/BaseBuilder.php(1866): CodeIgniter\Database\BaseConnection->query()
#4 /home/sietmvb89/web/sieuthibeyeu.vn/public_html/app/Models/MyModels.php(126): CodeIgniter\Database\BaseBuilder->get()
#5 /home/sietmvb89/web/sieuthibeyeu.vn/public_html/app/Controllers/Route.php(469): App\Models\MyModels->full_query()
#6 /home/sietmvb89/web/sieuthibeyeu.vn/public_html/app/Controllers/Route.php(65): App\Controllers\Route->product()
#7 /home/sietmvb89/web/sieuthibeyeu.vn/public_html/system/CodeIgniter.php(938): App\Controllers\Route->index()
#8 /home/sietmvb89/web/sieuthibeyeu.vn/public_html/system/CodeIgniter.php(434): CodeIgniter\CodeIgniter->runController()
#9 /home/sietmvb89/web/sieuthibeyeu.vn/public_html/system/CodeIgniter.php(335): CodeIgniter\CodeIgniter->handleRequest()
#10 /home/sietmvb89/web/sieuthibeyeu.vn/public_html/index.php(43): CodeIgniter\CodeIgniter->run()
#11 {main}
ERROR - 2022-07-28 08:16:27 --> mysqli_sql_exception: Table 'sietmvb89_db.tbl_brand' doesn't exist in /home/sietmvb89/web/sieuthibeyeu.vn/public_html/system/Database/MySQLi/Connection.php:314
Stack trace:
#0 /home/sietmvb89/web/sieuthibeyeu.vn/public_html/system/Database/MySQLi/Connection.php(314): mysqli->query()
#1 /home/sietmvb89/web/sieuthibeyeu.vn/public_html/system/Database/BaseConnection.php(713): CodeIgniter\Database\MySQLi\Connection->execute()
#2 /home/sietmvb89/web/sieuthibeyeu.vn/public_html/system/Database/BaseConnection.php(641): CodeIgniter\Database\BaseConnection->simpleQuery()
#3 /home/sietmvb89/web/sieuthibeyeu.vn/public_html/system/Database/BaseBuilder.php(1866): CodeIgniter\Database\BaseConnection->query()
#4 /home/sietmvb89/web/sieuthibeyeu.vn/public_html/app/Models/MyModels.php(126): CodeIgniter\Database\BaseBuilder->get()
#5 /home/sietmvb89/web/sieuthibeyeu.vn/public_html/app/Controllers/Route.php(476): App\Models\MyModels->full_query()
#6 /home/sietmvb89/web/sieuthibeyeu.vn/public_html/app/Controllers/Route.php(65): App\Controllers\Route->product()
#7 /home/sietmvb89/web/sieuthibeyeu.vn/public_html/system/CodeIgniter.php(938): App\Controllers\Route->index()
#8 /home/sietmvb89/web/sieuthibeyeu.vn/public_html/system/CodeIgniter.php(434): CodeIgniter\CodeIgniter->runController()
#9 /home/sietmvb89/web/sieuthibeyeu.vn/public_html/system/CodeIgniter.php(335): CodeIgniter\CodeIgniter->handleRequest()
#10 /home/sietmvb89/web/sieuthibeyeu.vn/public_html/index.php(43): CodeIgniter\CodeIgniter->run()
#11 {main}
ERROR - 2022-07-28 08:50:17 --> mysqli_sql_exception: You have an error in your SQL syntax; check the manual that corresponds to your MariaDB server version for the right syntax to use near ')
ORDER BY `id` desc' at line 3 in /home/sietmvb89/web/sieuthibeyeu.vn/public_html/system/Database/MySQLi/Connection.php:314
Stack trace:
#0 /home/sietmvb89/web/sieuthibeyeu.vn/public_html/system/Database/MySQLi/Connection.php(314): mysqli->query()
#1 /home/sietmvb89/web/sieuthibeyeu.vn/public_html/system/Database/BaseConnection.php(713): CodeIgniter\Database\MySQLi\Connection->execute()
#2 /home/sietmvb89/web/sieuthibeyeu.vn/public_html/system/Database/BaseConnection.php(641): CodeIgniter\Database\BaseConnection->simpleQuery()
#3 /home/sietmvb89/web/sieuthibeyeu.vn/public_html/system/Database/BaseBuilder.php(1866): CodeIgniter\Database\BaseConnection->query()
#4 /home/sietmvb89/web/sieuthibeyeu.vn/public_html/app/Models/MyModels.php(126): CodeIgniter\Database\BaseBuilder->get()
#5 /home/sietmvb89/web/sieuthibeyeu.vn/public_html/app/Controllers/Route.php(307): App\Models\MyModels->full_query()
#6 /home/sietmvb89/web/sieuthibeyeu.vn/public_html/app/Controllers/Route.php(61): App\Controllers\Route->cate_product()
#7 /home/sietmvb89/web/sieuthibeyeu.vn/public_html/system/CodeIgniter.php(938): App\Controllers\Route->index()
#8 /home/sietmvb89/web/sieuthibeyeu.vn/public_html/system/CodeIgniter.php(434): CodeIgniter\CodeIgniter->runController()
#9 /home/sietmvb89/web/sieuthibeyeu.vn/public_html/system/CodeIgniter.php(335): CodeIgniter\CodeIgniter->handleRequest()
#10 /home/sietmvb89/web/sieuthibeyeu.vn/public_html/index.php(43): CodeIgniter\CodeIgniter->run()
#11 {main}
ERROR - 2022-07-28 09:19:59 --> mysqli_sql_exception: Table 'sietmvb89_db.tbl_product_slogan' doesn't exist in /home/sietmvb89/web/sieuthibeyeu.vn/public_html/system/Database/MySQLi/Connection.php:314
Stack trace:
#0 /home/sietmvb89/web/sieuthibeyeu.vn/public_html/system/Database/MySQLi/Connection.php(314): mysqli->query()
#1 /home/sietmvb89/web/sieuthibeyeu.vn/public_html/system/Database/BaseConnection.php(713): CodeIgniter\Database\MySQLi\Connection->execute()
#2 /home/sietmvb89/web/sieuthibeyeu.vn/public_html/system/Database/BaseConnection.php(641): CodeIgniter\Database\BaseConnection->simpleQuery()
#3 /home/sietmvb89/web/sieuthibeyeu.vn/public_html/system/Database/BaseBuilder.php(1866): CodeIgniter\Database\BaseConnection->query()
#4 /home/sietmvb89/web/sieuthibeyeu.vn/public_html/app/Models/MyModels.php(126): CodeIgniter\Database\BaseBuilder->get()
#5 /home/sietmvb89/web/sieuthibeyeu.vn/public_html/app/Controllers/Route.php(469): App\Models\MyModels->full_query()
#6 /home/sietmvb89/web/sieuthibeyeu.vn/public_html/app/Controllers/Route.php(65): App\Controllers\Route->product()
#7 /home/sietmvb89/web/sieuthibeyeu.vn/public_html/system/CodeIgniter.php(938): App\Controllers\Route->index()
#8 /home/sietmvb89/web/sieuthibeyeu.vn/public_html/system/CodeIgniter.php(434): CodeIgniter\CodeIgniter->runController()
#9 /home/sietmvb89/web/sieuthibeyeu.vn/public_html/system/CodeIgniter.php(335): CodeIgniter\CodeIgniter->handleRequest()
#10 /home/sietmvb89/web/sieuthibeyeu.vn/public_html/index.php(43): CodeIgniter\CodeIgniter->run()
#11 {main}
ERROR - 2022-07-28 09:19:59 --> mysqli_sql_exception: Table 'sietmvb89_db.tbl_brand' doesn't exist in /home/sietmvb89/web/sieuthibeyeu.vn/public_html/system/Database/MySQLi/Connection.php:314
Stack trace:
#0 /home/sietmvb89/web/sieuthibeyeu.vn/public_html/system/Database/MySQLi/Connection.php(314): mysqli->query()
#1 /home/sietmvb89/web/sieuthibeyeu.vn/public_html/system/Database/BaseConnection.php(713): CodeIgniter\Database\MySQLi\Connection->execute()
#2 /home/sietmvb89/web/sieuthibeyeu.vn/public_html/system/Database/BaseConnection.php(641): CodeIgniter\Database\BaseConnection->simpleQuery()
#3 /home/sietmvb89/web/sieuthibeyeu.vn/public_html/system/Database/BaseBuilder.php(1866): CodeIgniter\Database\BaseConnection->query()
#4 /home/sietmvb89/web/sieuthibeyeu.vn/public_html/app/Models/MyModels.php(126): CodeIgniter\Database\BaseBuilder->get()
#5 /home/sietmvb89/web/sieuthibeyeu.vn/public_html/app/Controllers/Route.php(476): App\Models\MyModels->full_query()
#6 /home/sietmvb89/web/sieuthibeyeu.vn/public_html/app/Controllers/Route.php(65): App\Controllers\Route->product()
#7 /home/sietmvb89/web/sieuthibeyeu.vn/public_html/system/CodeIgniter.php(938): App\Controllers\Route->index()
#8 /home/sietmvb89/web/sieuthibeyeu.vn/public_html/system/CodeIgniter.php(434): CodeIgniter\CodeIgniter->runController()
#9 /home/sietmvb89/web/sieuthibeyeu.vn/public_html/system/CodeIgniter.php(335): CodeIgniter\CodeIgniter->handleRequest()
#10 /home/sietmvb89/web/sieuthibeyeu.vn/public_html/index.php(43): CodeIgniter\CodeIgniter->run()
#11 {main}
ERROR - 2022-07-28 09:26:55 --> mysqli_sql_exception: You have an error in your SQL syntax; check the manual that corresponds to your MariaDB server version for the right syntax to use near ')
ORDER BY `id` desc' at line 3 in /home/sietmvb89/web/sieuthibeyeu.vn/public_html/system/Database/MySQLi/Connection.php:314
Stack trace:
#0 /home/sietmvb89/web/sieuthibeyeu.vn/public_html/system/Database/MySQLi/Connection.php(314): mysqli->query()
#1 /home/sietmvb89/web/sieuthibeyeu.vn/public_html/system/Database/BaseConnection.php(713): CodeIgniter\Database\MySQLi\Connection->execute()
#2 /home/sietmvb89/web/sieuthibeyeu.vn/public_html/system/Database/BaseConnection.php(641): CodeIgniter\Database\BaseConnection->simpleQuery()
#3 /home/sietmvb89/web/sieuthibeyeu.vn/public_html/system/Database/BaseBuilder.php(1866): CodeIgniter\Database\BaseConnection->query()
#4 /home/sietmvb89/web/sieuthibeyeu.vn/public_html/app/Models/MyModels.php(126): CodeIgniter\Database\BaseBuilder->get()
#5 /home/sietmvb89/web/sieuthibeyeu.vn/public_html/app/Controllers/Route.php(307): App\Models\MyModels->full_query()
#6 /home/sietmvb89/web/sieuthibeyeu.vn/public_html/app/Controllers/Route.php(61): App\Controllers\Route->cate_product()
#7 /home/sietmvb89/web/sieuthibeyeu.vn/public_html/system/CodeIgniter.php(938): App\Controllers\Route->index()
#8 /home/sietmvb89/web/sieuthibeyeu.vn/public_html/system/CodeIgniter.php(434): CodeIgniter\CodeIgniter->runController()
#9 /home/sietmvb89/web/sieuthibeyeu.vn/public_html/system/CodeIgniter.php(335): CodeIgniter\CodeIgniter->handleRequest()
#10 /home/sietmvb89/web/sieuthibeyeu.vn/public_html/index.php(43): CodeIgniter\CodeIgniter->run()
#11 {main}
ERROR - 2022-07-28 11:37:49 --> mysqli_sql_exception: Table 'sietmvb89_db.tbl_brand' doesn't exist in /home/sietmvb89/web/sieuthibeyeu.vn/public_html/system/Database/MySQLi/Connection.php:314
Stack trace:
#0 /home/sietmvb89/web/sieuthibeyeu.vn/public_html/system/Database/MySQLi/Connection.php(314): mysqli->query()
#1 /home/sietmvb89/web/sieuthibeyeu.vn/public_html/system/Database/BaseConnection.php(713): CodeIgniter\Database\MySQLi\Connection->execute()
#2 /home/sietmvb89/web/sieuthibeyeu.vn/public_html/system/Database/BaseConnection.php(641): CodeIgniter\Database\BaseConnection->simpleQuery()
#3 /home/sietmvb89/web/sieuthibeyeu.vn/public_html/system/Database/BaseBuilder.php(1866): CodeIgniter\Database\BaseConnection->query()
#4 /home/sietmvb89/web/sieuthibeyeu.vn/public_html/app/Models/MyModels.php(126): CodeIgniter\Database\BaseBuilder->get()
#5 /home/sietmvb89/web/sieuthibeyeu.vn/public_html/app/Controllers/Route.php(307): App\Models\MyModels->full_query()
#6 /home/sietmvb89/web/sieuthibeyeu.vn/public_html/app/Controllers/Route.php(61): App\Controllers\Route->cate_product()
#7 /home/sietmvb89/web/sieuthibeyeu.vn/public_html/system/CodeIgniter.php(938): App\Controllers\Route->index()
#8 /home/sietmvb89/web/sieuthibeyeu.vn/public_html/system/CodeIgniter.php(434): CodeIgniter\CodeIgniter->runController()
#9 /home/sietmvb89/web/sieuthibeyeu.vn/public_html/system/CodeIgniter.php(335): CodeIgniter\CodeIgniter->handleRequest()
#10 /home/sietmvb89/web/sieuthibeyeu.vn/public_html/index.php(43): CodeIgniter\CodeIgniter->run()
#11 {main}
ERROR - 2022-07-28 11:37:49 --> mysqli_sql_exception: You have an error in your SQL syntax; check the manual that corresponds to your MariaDB server version for the right syntax to use near ')
ORDER BY `id` desc' at line 3 in /home/sietmvb89/web/sieuthibeyeu.vn/public_html/system/Database/MySQLi/Connection.php:314
Stack trace:
#0 /home/sietmvb89/web/sieuthibeyeu.vn/public_html/system/Database/MySQLi/Connection.php(314): mysqli->query()
#1 /home/sietmvb89/web/sieuthibeyeu.vn/public_html/system/Database/BaseConnection.php(713): CodeIgniter\Database\MySQLi\Connection->execute()
#2 /home/sietmvb89/web/sieuthibeyeu.vn/public_html/system/Database/BaseConnection.php(641): CodeIgniter\Database\BaseConnection->simpleQuery()
#3 /home/sietmvb89/web/sieuthibeyeu.vn/public_html/system/Database/BaseBuilder.php(1866): CodeIgniter\Database\BaseConnection->query()
#4 /home/sietmvb89/web/sieuthibeyeu.vn/public_html/app/Models/MyModels.php(126): CodeIgniter\Database\BaseBuilder->get()
#5 /home/sietmvb89/web/sieuthibeyeu.vn/public_html/app/Controllers/Route.php(307): App\Models\MyModels->full_query()
#6 /home/sietmvb89/web/sieuthibeyeu.vn/public_html/app/Controllers/Route.php(61): App\Controllers\Route->cate_product()
#7 /home/sietmvb89/web/sieuthibeyeu.vn/public_html/system/CodeIgniter.php(938): App\Controllers\Route->index()
#8 /home/sietmvb89/web/sieuthibeyeu.vn/public_html/system/CodeIgniter.php(434): CodeIgniter\CodeIgniter->runController()
#9 /home/sietmvb89/web/sieuthibeyeu.vn/public_html/system/CodeIgniter.php(335): CodeIgniter\CodeIgniter->handleRequest()
#10 /home/sietmvb89/web/sieuthibeyeu.vn/public_html/index.php(43): CodeIgniter\CodeIgniter->run()
#11 {main}
ERROR - 2022-07-28 11:37:49 --> mysqli_sql_exception: You have an error in your SQL syntax; check the manual that corresponds to your MariaDB server version for the right syntax to use near ')
ORDER BY `id` desc' at line 3 in /home/sietmvb89/web/sieuthibeyeu.vn/public_html/system/Database/MySQLi/Connection.php:314
Stack trace:
#0 /home/sietmvb89/web/sieuthibeyeu.vn/public_html/system/Database/MySQLi/Connection.php(314): mysqli->query()
#1 /home/sietmvb89/web/sieuthibeyeu.vn/public_html/system/Database/BaseConnection.php(713): CodeIgniter\Database\MySQLi\Connection->execute()
#2 /home/sietmvb89/web/sieuthibeyeu.vn/public_html/system/Database/BaseConnection.php(641): CodeIgniter\Database\BaseConnection->simpleQuery()
#3 /home/sietmvb89/web/sieuthibeyeu.vn/public_html/system/Database/BaseBuilder.php(1866): CodeIgniter\Database\BaseConnection->query()
#4 /home/sietmvb89/web/sieuthibeyeu.vn/public_html/app/Models/MyModels.php(126): CodeIgniter\Database\BaseBuilder->get()
#5 /home/sietmvb89/web/sieuthibeyeu.vn/public_html/app/Controllers/Route.php(307): App\Models\MyModels->full_query()
#6 /home/sietmvb89/web/sieuthibeyeu.vn/public_html/app/Controllers/Route.php(61): App\Controllers\Route->cate_product()
#7 /home/sietmvb89/web/sieuthibeyeu.vn/public_html/system/CodeIgniter.php(938): App\Controllers\Route->index()
#8 /home/sietmvb89/web/sieuthibeyeu.vn/public_html/system/CodeIgniter.php(434): CodeIgniter\CodeIgniter->runController()
#9 /home/sietmvb89/web/sieuthibeyeu.vn/public_html/system/CodeIgniter.php(335): CodeIgniter\CodeIgniter->handleRequest()
#10 /home/sietmvb89/web/sieuthibeyeu.vn/public_html/index.php(43): CodeIgniter\CodeIgniter->run()
#11 {main}
ERROR - 2022-07-28 11:50:18 --> mysqli_sql_exception: Table 'sietmvb89_db.tbl_brand' doesn't exist in /home/sietmvb89/web/sieuthibeyeu.vn/public_html/system/Database/MySQLi/Connection.php:314
Stack trace:
#0 /home/sietmvb89/web/sieuthibeyeu.vn/public_html/system/Database/MySQLi/Connection.php(314): mysqli->query()
#1 /home/sietmvb89/web/sieuthibeyeu.vn/public_html/system/Database/BaseConnection.php(713): CodeIgniter\Database\MySQLi\Connection->execute()
#2 /home/sietmvb89/web/sieuthibeyeu.vn/public_html/system/Database/BaseConnection.php(641): CodeIgniter\Database\BaseConnection->simpleQuery()
#3 /home/sietmvb89/web/sieuthibeyeu.vn/public_html/system/Database/BaseBuilder.php(1866): CodeIgniter\Database\BaseConnection->query()
#4 /home/sietmvb89/web/sieuthibeyeu.vn/public_html/app/Models/MyModels.php(126): CodeIgniter\Database\BaseBuilder->get()
#5 /home/sietmvb89/web/sieuthibeyeu.vn/public_html/app/Controllers/Route.php(307): App\Models\MyModels->full_query()
#6 /home/sietmvb89/web/sieuthibeyeu.vn/public_html/app/Controllers/Route.php(61): App\Controllers\Route->cate_product()
#7 /home/sietmvb89/web/sieuthibeyeu.vn/public_html/system/CodeIgniter.php(938): App\Controllers\Route->index()
#8 /home/sietmvb89/web/sieuthibeyeu.vn/public_html/system/CodeIgniter.php(434): CodeIgniter\CodeIgniter->runController()
#9 /home/sietmvb89/web/sieuthibeyeu.vn/public_html/system/CodeIgniter.php(335): CodeIgniter\CodeIgniter->handleRequest()
#10 /home/sietmvb89/web/sieuthibeyeu.vn/public_html/index.php(43): CodeIgniter\CodeIgniter->run()
#11 {main}
ERROR - 2022-07-28 15:21:12 --> mysqli_sql_exception: Table 'sietmvb89_db.tbl_product_slogan' doesn't exist in /home/sietmvb89/web/sieuthibeyeu.vn/public_html/system/Database/MySQLi/Connection.php:314
Stack trace:
#0 /home/sietmvb89/web/sieuthibeyeu.vn/public_html/system/Database/MySQLi/Connection.php(314): mysqli->query()
#1 /home/sietmvb89/web/sieuthibeyeu.vn/public_html/system/Database/BaseConnection.php(713): CodeIgniter\Database\MySQLi\Connection->execute()
#2 /home/sietmvb89/web/sieuthibeyeu.vn/public_html/system/Database/BaseConnection.php(641): CodeIgniter\Database\BaseConnection->simpleQuery()
#3 /home/sietmvb89/web/sieuthibeyeu.vn/public_html/system/Database/BaseBuilder.php(1866): CodeIgniter\Database\BaseConnection->query()
#4 /home/sietmvb89/web/sieuthibeyeu.vn/public_html/app/Models/MyModels.php(126): CodeIgniter\Database\BaseBuilder->get()
#5 /home/sietmvb89/web/sieuthibeyeu.vn/public_html/app/Controllers/Route.php(469): App\Models\MyModels->full_query()
#6 /home/sietmvb89/web/sieuthibeyeu.vn/public_html/app/Controllers/Route.php(65): App\Controllers\Route->product()
#7 /home/sietmvb89/web/sieuthibeyeu.vn/public_html/system/CodeIgniter.php(938): App\Controllers\Route->index()
#8 /home/sietmvb89/web/sieuthibeyeu.vn/public_html/system/CodeIgniter.php(434): CodeIgniter\CodeIgniter->runController()
#9 /home/sietmvb89/web/sieuthibeyeu.vn/public_html/system/CodeIgniter.php(335): CodeIgniter\CodeIgniter->handleRequest()
#10 /home/sietmvb89/web/sieuthibeyeu.vn/public_html/index.php(43): CodeIgniter\CodeIgniter->run()
#11 {main}
ERROR - 2022-07-28 15:21:12 --> mysqli_sql_exception: Table 'sietmvb89_db.tbl_brand' doesn't exist in /home/sietmvb89/web/sieuthibeyeu.vn/public_html/system/Database/MySQLi/Connection.php:314
Stack trace:
#0 /home/sietmvb89/web/sieuthibeyeu.vn/public_html/system/Database/MySQLi/Connection.php(314): mysqli->query()
#1 /home/sietmvb89/web/sieuthibeyeu.vn/public_html/system/Database/BaseConnection.php(713): CodeIgniter\Database\MySQLi\Connection->execute()
#2 /home/sietmvb89/web/sieuthibeyeu.vn/public_html/system/Database/BaseConnection.php(641): CodeIgniter\Database\BaseConnection->simpleQuery()
#3 /home/sietmvb89/web/sieuthibeyeu.vn/public_html/system/Database/BaseBuilder.php(1866): CodeIgniter\Database\BaseConnection->query()
#4 /home/sietmvb89/web/sieuthibeyeu.vn/public_html/app/Models/MyModels.php(126): CodeIgniter\Database\BaseBuilder->get()
#5 /home/sietmvb89/web/sieuthibeyeu.vn/public_html/app/Controllers/Route.php(476): App\Models\MyModels->full_query()
#6 /home/sietmvb89/web/sieuthibeyeu.vn/public_html/app/Controllers/Route.php(65): App\Controllers\Route->product()
#7 /home/sietmvb89/web/sieuthibeyeu.vn/public_html/system/CodeIgniter.php(938): App\Controllers\Route->index()
#8 /home/sietmvb89/web/sieuthibeyeu.vn/public_html/system/CodeIgniter.php(434): CodeIgniter\CodeIgniter->runController()
#9 /home/sietmvb89/web/sieuthibeyeu.vn/public_html/system/CodeIgniter.php(335): CodeIgniter\CodeIgniter->handleRequest()
#10 /home/sietmvb89/web/sieuthibeyeu.vn/public_html/index.php(43): CodeIgniter\CodeIgniter->run()
#11 {main}
ERROR - 2022-07-28 15:23:39 --> mysqli_sql_exception: You have an error in your SQL syntax; check the manual that corresponds to your MariaDB server version for the right syntax to use near ')
ORDER BY `id` desc' at line 3 in /home/sietmvb89/web/sieuthibeyeu.vn/public_html/system/Database/MySQLi/Connection.php:314
Stack trace:
#0 /home/sietmvb89/web/sieuthibeyeu.vn/public_html/system/Database/MySQLi/Connection.php(314): mysqli->query()
#1 /home/sietmvb89/web/sieuthibeyeu.vn/public_html/system/Database/BaseConnection.php(713): CodeIgniter\Database\MySQLi\Connection->execute()
#2 /home/sietmvb89/web/sieuthibeyeu.vn/public_html/system/Database/BaseConnection.php(641): CodeIgniter\Database\BaseConnection->simpleQuery()
#3 /home/sietmvb89/web/sieuthibeyeu.vn/public_html/system/Database/BaseBuilder.php(1866): CodeIgniter\Database\BaseConnection->query()
#4 /home/sietmvb89/web/sieuthibeyeu.vn/public_html/app/Models/MyModels.php(126): CodeIgniter\Database\BaseBuilder->get()
#5 /home/sietmvb89/web/sieuthibeyeu.vn/public_html/app/Controllers/Route.php(307): App\Models\MyModels->full_query()
#6 /home/sietmvb89/web/sieuthibeyeu.vn/public_html/app/Controllers/Route.php(61): App\Controllers\Route->cate_product()
#7 /home/sietmvb89/web/sieuthibeyeu.vn/public_html/system/CodeIgniter.php(938): App\Controllers\Route->index()
#8 /home/sietmvb89/web/sieuthibeyeu.vn/public_html/system/CodeIgniter.php(434): CodeIgniter\CodeIgniter->runController()
#9 /home/sietmvb89/web/sieuthibeyeu.vn/public_html/system/CodeIgniter.php(335): CodeIgniter\CodeIgniter->handleRequest()
#10 /home/sietmvb89/web/sieuthibeyeu.vn/public_html/index.php(43): CodeIgniter\CodeIgniter->run()
#11 {main}
ERROR - 2022-07-28 15:43:11 --> mysqli_sql_exception: Table 'sietmvb89_db.tbl_brand' doesn't exist in /home/sietmvb89/web/sieuthibeyeu.vn/public_html/system/Database/MySQLi/Connection.php:314
Stack trace:
#0 /home/sietmvb89/web/sieuthibeyeu.vn/public_html/system/Database/MySQLi/Connection.php(314): mysqli->query()
#1 /home/sietmvb89/web/sieuthibeyeu.vn/public_html/system/Database/BaseConnection.php(713): CodeIgniter\Database\MySQLi\Connection->execute()
#2 /home/sietmvb89/web/sieuthibeyeu.vn/public_html/system/Database/BaseConnection.php(641): CodeIgniter\Database\BaseConnection->simpleQuery()
#3 /home/sietmvb89/web/sieuthibeyeu.vn/public_html/system/Database/BaseBuilder.php(1866): CodeIgniter\Database\BaseConnection->query()
#4 /home/sietmvb89/web/sieuthibeyeu.vn/public_html/app/Models/MyModels.php(126): CodeIgniter\Database\BaseBuilder->get()
#5 /home/sietmvb89/web/sieuthibeyeu.vn/public_html/app/Controllers/Route.php(307): App\Models\MyModels->full_query()
#6 /home/sietmvb89/web/sieuthibeyeu.vn/public_html/app/Controllers/Route.php(61): App\Controllers\Route->cate_product()
#7 /home/sietmvb89/web/sieuthibeyeu.vn/public_html/system/CodeIgniter.php(938): App\Controllers\Route->index()
#8 /home/sietmvb89/web/sieuthibeyeu.vn/public_html/system/CodeIgniter.php(434): CodeIgniter\CodeIgniter->runController()
#9 /home/sietmvb89/web/sieuthibeyeu.vn/public_html/system/CodeIgniter.php(335): CodeIgniter\CodeIgniter->handleRequest()
#10 /home/sietmvb89/web/sieuthibeyeu.vn/public_html/index.php(43): CodeIgniter\CodeIgniter->run()
#11 {main}
ERROR - 2022-07-28 16:17:07 --> mysqli_sql_exception: You have an error in your SQL syntax; check the manual that corresponds to your MariaDB server version for the right syntax to use near ')
ORDER BY `id` desc' at line 3 in /home/sietmvb89/web/sieuthibeyeu.vn/public_html/system/Database/MySQLi/Connection.php:314
Stack trace:
#0 /home/sietmvb89/web/sieuthibeyeu.vn/public_html/system/Database/MySQLi/Connection.php(314): mysqli->query()
#1 /home/sietmvb89/web/sieuthibeyeu.vn/public_html/system/Database/BaseConnection.php(713): CodeIgniter\Database\MySQLi\Connection->execute()
#2 /home/sietmvb89/web/sieuthibeyeu.vn/public_html/system/Database/BaseConnection.php(641): CodeIgniter\Database\BaseConnection->simpleQuery()
#3 /home/sietmvb89/web/sieuthibeyeu.vn/public_html/system/Database/BaseBuilder.php(1866): CodeIgniter\Database\BaseConnection->query()
#4 /home/sietmvb89/web/sieuthibeyeu.vn/public_html/app/Models/MyModels.php(126): CodeIgniter\Database\BaseBuilder->get()
#5 /home/sietmvb89/web/sieuthibeyeu.vn/public_html/app/Controllers/Route.php(307): App\Models\MyModels->full_query()
#6 /home/sietmvb89/web/sieuthibeyeu.vn/public_html/app/Controllers/Route.php(61): App\Controllers\Route->cate_product()
#7 /home/sietmvb89/web/sieuthibeyeu.vn/public_html/system/CodeIgniter.php(938): App\Controllers\Route->index()
#8 /home/sietmvb89/web/sieuthibeyeu.vn/public_html/system/CodeIgniter.php(434): CodeIgniter\CodeIgniter->runController()
#9 /home/sietmvb89/web/sieuthibeyeu.vn/public_html/system/CodeIgniter.php(335): CodeIgniter\CodeIgniter->handleRequest()
#10 /home/sietmvb89/web/sieuthibeyeu.vn/public_html/index.php(43): CodeIgniter\CodeIgniter->run()
#11 {main}
ERROR - 2022-07-28 16:50:28 --> mysqli_sql_exception: Table 'sietmvb89_db.tbl_product_slogan' doesn't exist in /home/sietmvb89/web/sieuthibeyeu.vn/public_html/system/Database/MySQLi/Connection.php:314
Stack trace:
#0 /home/sietmvb89/web/sieuthibeyeu.vn/public_html/system/Database/MySQLi/Connection.php(314): mysqli->query()
#1 /home/sietmvb89/web/sieuthibeyeu.vn/public_html/system/Database/BaseConnection.php(713): CodeIgniter\Database\MySQLi\Connection->execute()
#2 /home/sietmvb89/web/sieuthibeyeu.vn/public_html/system/Database/BaseConnection.php(641): CodeIgniter\Database\BaseConnection->simpleQuery()
#3 /home/sietmvb89/web/sieuthibeyeu.vn/public_html/system/Database/BaseBuilder.php(1866): CodeIgniter\Database\BaseConnection->query()
#4 /home/sietmvb89/web/sieuthibeyeu.vn/public_html/app/Models/MyModels.php(126): CodeIgniter\Database\BaseBuilder->get()
#5 /home/sietmvb89/web/sieuthibeyeu.vn/public_html/app/Controllers/Route.php(469): App\Models\MyModels->full_query()
#6 /home/sietmvb89/web/sieuthibeyeu.vn/public_html/app/Controllers/Route.php(65): App\Controllers\Route->product()
#7 /home/sietmvb89/web/sieuthibeyeu.vn/public_html/system/CodeIgniter.php(938): App\Controllers\Route->index()
#8 /home/sietmvb89/web/sieuthibeyeu.vn/public_html/system/CodeIgniter.php(434): CodeIgniter\CodeIgniter->runController()
#9 /home/sietmvb89/web/sieuthibeyeu.vn/public_html/system/CodeIgniter.php(335): CodeIgniter\CodeIgniter->handleRequest()
#10 /home/sietmvb89/web/sieuthibeyeu.vn/public_html/index.php(43): CodeIgniter\CodeIgniter->run()
#11 {main}
ERROR - 2022-07-28 16:50:28 --> mysqli_sql_exception: Table 'sietmvb89_db.tbl_brand' doesn't exist in /home/sietmvb89/web/sieuthibeyeu.vn/public_html/system/Database/MySQLi/Connection.php:314
Stack trace:
#0 /home/sietmvb89/web/sieuthibeyeu.vn/public_html/system/Database/MySQLi/Connection.php(314): mysqli->query()
#1 /home/sietmvb89/web/sieuthibeyeu.vn/public_html/system/Database/BaseConnection.php(713): CodeIgniter\Database\MySQLi\Connection->execute()
#2 /home/sietmvb89/web/sieuthibeyeu.vn/public_html/system/Database/BaseConnection.php(641): CodeIgniter\Database\BaseConnection->simpleQuery()
#3 /home/sietmvb89/web/sieuthibeyeu.vn/public_html/system/Database/BaseBuilder.php(1866): CodeIgniter\Database\BaseConnection->query()
#4 /home/sietmvb89/web/sieuthibeyeu.vn/public_html/app/Models/MyModels.php(126): CodeIgniter\Database\BaseBuilder->get()
#5 /home/sietmvb89/web/sieuthibeyeu.vn/public_html/app/Controllers/Route.php(476): App\Models\MyModels->full_query()
#6 /home/sietmvb89/web/sieuthibeyeu.vn/public_html/app/Controllers/Route.php(65): App\Controllers\Route->product()
#7 /home/sietmvb89/web/sieuthibeyeu.vn/public_html/system/CodeIgniter.php(938): App\Controllers\Route->index()
#8 /home/sietmvb89/web/sieuthibeyeu.vn/public_html/system/CodeIgniter.php(434): CodeIgniter\CodeIgniter->runController()
#9 /home/sietmvb89/web/sieuthibeyeu.vn/public_html/system/CodeIgniter.php(335): CodeIgniter\CodeIgniter->handleRequest()
#10 /home/sietmvb89/web/sieuthibeyeu.vn/public_html/index.php(43): CodeIgniter\CodeIgniter->run()
#11 {main}
ERROR - 2022-07-28 22:42:22 --> mysqli_sql_exception: Table 'sietmvb89_db.tbl_product_slogan' doesn't exist in /home/sietmvb89/web/sieuthibeyeu.vn/public_html/system/Database/MySQLi/Connection.php:314
Stack trace:
#0 /home/sietmvb89/web/sieuthibeyeu.vn/public_html/system/Database/MySQLi/Connection.php(314): mysqli->query()
#1 /home/sietmvb89/web/sieuthibeyeu.vn/public_html/system/Database/BaseConnection.php(713): CodeIgniter\Database\MySQLi\Connection->execute()
#2 /home/sietmvb89/web/sieuthibeyeu.vn/public_html/system/Database/BaseConnection.php(641): CodeIgniter\Database\BaseConnection->simpleQuery()
#3 /home/sietmvb89/web/sieuthibeyeu.vn/public_html/system/Database/BaseBuilder.php(1866): CodeIgniter\Database\BaseConnection->query()
#4 /home/sietmvb89/web/sieuthibeyeu.vn/public_html/app/Models/MyModels.php(126): CodeIgniter\Database\BaseBuilder->get()
#5 /home/sietmvb89/web/sieuthibeyeu.vn/public_html/app/Controllers/Route.php(469): App\Models\MyModels->full_query()
#6 /home/sietmvb89/web/sieuthibeyeu.vn/public_html/app/Controllers/Route.php(65): App\Controllers\Route->product()
#7 /home/sietmvb89/web/sieuthibeyeu.vn/public_html/system/CodeIgniter.php(938): App\Controllers\Route->index()
#8 /home/sietmvb89/web/sieuthibeyeu.vn/public_html/system/CodeIgniter.php(434): CodeIgniter\CodeIgniter->runController()
#9 /home/sietmvb89/web/sieuthibeyeu.vn/public_html/system/CodeIgniter.php(335): CodeIgniter\CodeIgniter->handleRequest()
#10 /home/sietmvb89/web/sieuthibeyeu.vn/public_html/index.php(43): CodeIgniter\CodeIgniter->run()
#11 {main}
ERROR - 2022-07-28 22:42:22 --> mysqli_sql_exception: Table 'sietmvb89_db.tbl_brand' doesn't exist in /home/sietmvb89/web/sieuthibeyeu.vn/public_html/system/Database/MySQLi/Connection.php:314
Stack trace:
#0 /home/sietmvb89/web/sieuthibeyeu.vn/public_html/system/Database/MySQLi/Connection.php(314): mysqli->query()
#1 /home/sietmvb89/web/sieuthibeyeu.vn/public_html/system/Database/BaseConnection.php(713): CodeIgniter\Database\MySQLi\Connection->execute()
#2 /home/sietmvb89/web/sieuthibeyeu.vn/public_html/system/Database/BaseConnection.php(641): CodeIgniter\Database\BaseConnection->simpleQuery()
#3 /home/sietmvb89/web/sieuthibeyeu.vn/public_html/system/Database/BaseBuilder.php(1866): CodeIgniter\Database\BaseConnection->query()
#4 /home/sietmvb89/web/sieuthibeyeu.vn/public_html/app/Models/MyModels.php(126): CodeIgniter\Database\BaseBuilder->get()
#5 /home/sietmvb89/web/sieuthibeyeu.vn/public_html/app/Controllers/Route.php(476): App\Models\MyModels->full_query()
#6 /home/sietmvb89/web/sieuthibeyeu.vn/public_html/app/Controllers/Route.php(65): App\Controllers\Route->product()
#7 /home/sietmvb89/web/sieuthibeyeu.vn/public_html/system/CodeIgniter.php(938): App\Controllers\Route->index()
#8 /home/sietmvb89/web/sieuthibeyeu.vn/public_html/system/CodeIgniter.php(434): CodeIgniter\CodeIgniter->runController()
#9 /home/sietmvb89/web/sieuthibeyeu.vn/public_html/system/CodeIgniter.php(335): CodeIgniter\CodeIgniter->handleRequest()
#10 /home/sietmvb89/web/sieuthibeyeu.vn/public_html/index.php(43): CodeIgniter\CodeIgniter->run()
#11 {main}
