ERROR - 2022-06-22 00:02:28 --> mysqli_sql_exception: Table 'sietmvb89_db.tbl_product_slogan' doesn't exist in /home/sietmvb89/web/sieuthibeyeu.vn/public_html/system/Database/MySQLi/Connection.php:314
Stack trace:
#0 /home/sietmvb89/web/sieuthibeyeu.vn/public_html/system/Database/MySQLi/Connection.php(314): mysqli->query()
#1 /home/sietmvb89/web/sieuthibeyeu.vn/public_html/system/Database/BaseConnection.php(713): CodeIgniter\Database\MySQLi\Connection->execute()
#2 /home/sietmvb89/web/sieuthibeyeu.vn/public_html/system/Database/BaseConnection.php(641): CodeIgniter\Database\BaseConnection->simpleQuery()
#3 /home/sietmvb89/web/sieuthibeyeu.vn/public_html/system/Database/BaseBuilder.php(1866): CodeIgniter\Database\BaseConnection->query()
#4 /home/sietmvb89/web/sieuthibeyeu.vn/public_html/app/Models/MyModels.php(126): CodeIgniter\Database\BaseBuilder->get()
#5 /home/sietmvb89/web/sieuthibeyeu.vn/public_html/app/Controllers/Route.php(469): App\Models\MyModels->full_query()
#6 /home/sietmvb89/web/sieuthibeyeu.vn/public_html/app/Controllers/Route.php(65): App\Controllers\Route->product()
#7 /home/sietmvb89/web/sieuthibeyeu.vn/public_html/system/CodeIgniter.php(938): App\Controllers\Route->index()
#8 /home/sietmvb89/web/sieuthibeyeu.vn/public_html/system/CodeIgniter.php(434): CodeIgniter\CodeIgniter->runController()
#9 /home/sietmvb89/web/sieuthibeyeu.vn/public_html/system/CodeIgniter.php(335): CodeIgniter\CodeIgniter->handleRequest()
#10 /home/sietmvb89/web/sieuthibeyeu.vn/public_html/index.php(43): CodeIgniter\CodeIgniter->run()
#11 {main}
ERROR - 2022-06-22 00:02:28 --> mysqli_sql_exception: Table 'sietmvb89_db.tbl_brand' doesn't exist in /home/sietmvb89/web/sieuthibeyeu.vn/public_html/system/Database/MySQLi/Connection.php:314
Stack trace:
#0 /home/sietmvb89/web/sieuthibeyeu.vn/public_html/system/Database/MySQLi/Connection.php(314): mysqli->query()
#1 /home/sietmvb89/web/sieuthibeyeu.vn/public_html/system/Database/BaseConnection.php(713): CodeIgniter\Database\MySQLi\Connection->execute()
#2 /home/sietmvb89/web/sieuthibeyeu.vn/public_html/system/Database/BaseConnection.php(641): CodeIgniter\Database\BaseConnection->simpleQuery()
#3 /home/sietmvb89/web/sieuthibeyeu.vn/public_html/system/Database/BaseBuilder.php(1866): CodeIgniter\Database\BaseConnection->query()
#4 /home/sietmvb89/web/sieuthibeyeu.vn/public_html/app/Models/MyModels.php(126): CodeIgniter\Database\BaseBuilder->get()
#5 /home/sietmvb89/web/sieuthibeyeu.vn/public_html/app/Controllers/Route.php(476): App\Models\MyModels->full_query()
#6 /home/sietmvb89/web/sieuthibeyeu.vn/public_html/app/Controllers/Route.php(65): App\Controllers\Route->product()
#7 /home/sietmvb89/web/sieuthibeyeu.vn/public_html/system/CodeIgniter.php(938): App\Controllers\Route->index()
#8 /home/sietmvb89/web/sieuthibeyeu.vn/public_html/system/CodeIgniter.php(434): CodeIgniter\CodeIgniter->runController()
#9 /home/sietmvb89/web/sieuthibeyeu.vn/public_html/system/CodeIgniter.php(335): CodeIgniter\CodeIgniter->handleRequest()
#10 /home/sietmvb89/web/sieuthibeyeu.vn/public_html/index.php(43): CodeIgniter\CodeIgniter->run()
#11 {main}
ERROR - 2022-06-22 04:33:51 --> mysqli_sql_exception: You have an error in your SQL syntax; check the manual that corresponds to your MariaDB server version for the right syntax to use near ')
ORDER BY `id` desc' at line 3 in /home/sietmvb89/web/sieuthibeyeu.vn/public_html/system/Database/MySQLi/Connection.php:314
Stack trace:
#0 /home/sietmvb89/web/sieuthibeyeu.vn/public_html/system/Database/MySQLi/Connection.php(314): mysqli->query()
#1 /home/sietmvb89/web/sieuthibeyeu.vn/public_html/system/Database/BaseConnection.php(713): CodeIgniter\Database\MySQLi\Connection->execute()
#2 /home/sietmvb89/web/sieuthibeyeu.vn/public_html/system/Database/BaseConnection.php(641): CodeIgniter\Database\BaseConnection->simpleQuery()
#3 /home/sietmvb89/web/sieuthibeyeu.vn/public_html/system/Database/BaseBuilder.php(1866): CodeIgniter\Database\BaseConnection->query()
#4 /home/sietmvb89/web/sieuthibeyeu.vn/public_html/app/Models/MyModels.php(126): CodeIgniter\Database\BaseBuilder->get()
#5 /home/sietmvb89/web/sieuthibeyeu.vn/public_html/app/Controllers/Route.php(307): App\Models\MyModels->full_query()
#6 /home/sietmvb89/web/sieuthibeyeu.vn/public_html/app/Controllers/Route.php(61): App\Controllers\Route->cate_product()
#7 /home/sietmvb89/web/sieuthibeyeu.vn/public_html/system/CodeIgniter.php(938): App\Controllers\Route->index()
#8 /home/sietmvb89/web/sieuthibeyeu.vn/public_html/system/CodeIgniter.php(434): CodeIgniter\CodeIgniter->runController()
#9 /home/sietmvb89/web/sieuthibeyeu.vn/public_html/system/CodeIgniter.php(335): CodeIgniter\CodeIgniter->handleRequest()
#10 /home/sietmvb89/web/sieuthibeyeu.vn/public_html/index.php(43): CodeIgniter\CodeIgniter->run()
#11 {main}
ERROR - 2022-06-22 10:47:37 --> mysqli_sql_exception: You have an error in your SQL syntax; check the manual that corresponds to your MariaDB server version for the right syntax to use near ')
ORDER BY `id` desc' at line 3 in /home/sietmvb89/web/sieuthibeyeu.vn/public_html/system/Database/MySQLi/Connection.php:314
Stack trace:
#0 /home/sietmvb89/web/sieuthibeyeu.vn/public_html/system/Database/MySQLi/Connection.php(314): mysqli->query()
#1 /home/sietmvb89/web/sieuthibeyeu.vn/public_html/system/Database/BaseConnection.php(713): CodeIgniter\Database\MySQLi\Connection->execute()
#2 /home/sietmvb89/web/sieuthibeyeu.vn/public_html/system/Database/BaseConnection.php(641): CodeIgniter\Database\BaseConnection->simpleQuery()
#3 /home/sietmvb89/web/sieuthibeyeu.vn/public_html/system/Database/BaseBuilder.php(1866): CodeIgniter\Database\BaseConnection->query()
#4 /home/sietmvb89/web/sieuthibeyeu.vn/public_html/app/Models/MyModels.php(126): CodeIgniter\Database\BaseBuilder->get()
#5 /home/sietmvb89/web/sieuthibeyeu.vn/public_html/app/Controllers/Route.php(307): App\Models\MyModels->full_query()
#6 /home/sietmvb89/web/sieuthibeyeu.vn/public_html/app/Controllers/Route.php(61): App\Controllers\Route->cate_product()
#7 /home/sietmvb89/web/sieuthibeyeu.vn/public_html/system/CodeIgniter.php(938): App\Controllers\Route->index()
#8 /home/sietmvb89/web/sieuthibeyeu.vn/public_html/system/CodeIgniter.php(434): CodeIgniter\CodeIgniter->runController()
#9 /home/sietmvb89/web/sieuthibeyeu.vn/public_html/system/CodeIgniter.php(335): CodeIgniter\CodeIgniter->handleRequest()
#10 /home/sietmvb89/web/sieuthibeyeu.vn/public_html/index.php(43): CodeIgniter\CodeIgniter->run()
#11 {main}
ERROR - 2022-06-22 10:49:57 --> mysqli_sql_exception: Table 'sietmvb89_db.tbl_brand' doesn't exist in /home/sietmvb89/web/sieuthibeyeu.vn/public_html/system/Database/MySQLi/Connection.php:314
Stack trace:
#0 /home/sietmvb89/web/sieuthibeyeu.vn/public_html/system/Database/MySQLi/Connection.php(314): mysqli->query()
#1 /home/sietmvb89/web/sieuthibeyeu.vn/public_html/system/Database/BaseConnection.php(713): CodeIgniter\Database\MySQLi\Connection->execute()
#2 /home/sietmvb89/web/sieuthibeyeu.vn/public_html/system/Database/BaseConnection.php(641): CodeIgniter\Database\BaseConnection->simpleQuery()
#3 /home/sietmvb89/web/sieuthibeyeu.vn/public_html/system/Database/BaseBuilder.php(1866): CodeIgniter\Database\BaseConnection->query()
#4 /home/sietmvb89/web/sieuthibeyeu.vn/public_html/app/Models/MyModels.php(126): CodeIgniter\Database\BaseBuilder->get()
#5 /home/sietmvb89/web/sieuthibeyeu.vn/public_html/app/Controllers/Route.php(307): App\Models\MyModels->full_query()
#6 /home/sietmvb89/web/sieuthibeyeu.vn/public_html/app/Controllers/Route.php(61): App\Controllers\Route->cate_product()
#7 /home/sietmvb89/web/sieuthibeyeu.vn/public_html/system/CodeIgniter.php(938): App\Controllers\Route->index()
#8 /home/sietmvb89/web/sieuthibeyeu.vn/public_html/system/CodeIgniter.php(434): CodeIgniter\CodeIgniter->runController()
#9 /home/sietmvb89/web/sieuthibeyeu.vn/public_html/system/CodeIgniter.php(335): CodeIgniter\CodeIgniter->handleRequest()
#10 /home/sietmvb89/web/sieuthibeyeu.vn/public_html/index.php(43): CodeIgniter\CodeIgniter->run()
#11 {main}
ERROR - 2022-06-22 10:50:21 --> mysqli_sql_exception: Table 'sietmvb89_db.tbl_product_slogan' doesn't exist in /home/sietmvb89/web/sieuthibeyeu.vn/public_html/system/Database/MySQLi/Connection.php:314
Stack trace:
#0 /home/sietmvb89/web/sieuthibeyeu.vn/public_html/system/Database/MySQLi/Connection.php(314): mysqli->query()
#1 /home/sietmvb89/web/sieuthibeyeu.vn/public_html/system/Database/BaseConnection.php(713): CodeIgniter\Database\MySQLi\Connection->execute()
#2 /home/sietmvb89/web/sieuthibeyeu.vn/public_html/system/Database/BaseConnection.php(641): CodeIgniter\Database\BaseConnection->simpleQuery()
#3 /home/sietmvb89/web/sieuthibeyeu.vn/public_html/system/Database/BaseBuilder.php(1866): CodeIgniter\Database\BaseConnection->query()
#4 /home/sietmvb89/web/sieuthibeyeu.vn/public_html/app/Models/MyModels.php(126): CodeIgniter\Database\BaseBuilder->get()
#5 /home/sietmvb89/web/sieuthibeyeu.vn/public_html/app/Controllers/Route.php(469): App\Models\MyModels->full_query()
#6 /home/sietmvb89/web/sieuthibeyeu.vn/public_html/app/Controllers/Route.php(65): App\Controllers\Route->product()
#7 /home/sietmvb89/web/sieuthibeyeu.vn/public_html/system/CodeIgniter.php(938): App\Controllers\Route->index()
#8 /home/sietmvb89/web/sieuthibeyeu.vn/public_html/system/CodeIgniter.php(434): CodeIgniter\CodeIgniter->runController()
#9 /home/sietmvb89/web/sieuthibeyeu.vn/public_html/system/CodeIgniter.php(335): CodeIgniter\CodeIgniter->handleRequest()
#10 /home/sietmvb89/web/sieuthibeyeu.vn/public_html/index.php(43): CodeIgniter\CodeIgniter->run()
#11 {main}
ERROR - 2022-06-22 10:50:21 --> mysqli_sql_exception: Table 'sietmvb89_db.tbl_brand' doesn't exist in /home/sietmvb89/web/sieuthibeyeu.vn/public_html/system/Database/MySQLi/Connection.php:314
Stack trace:
#0 /home/sietmvb89/web/sieuthibeyeu.vn/public_html/system/Database/MySQLi/Connection.php(314): mysqli->query()
#1 /home/sietmvb89/web/sieuthibeyeu.vn/public_html/system/Database/BaseConnection.php(713): CodeIgniter\Database\MySQLi\Connection->execute()
#2 /home/sietmvb89/web/sieuthibeyeu.vn/public_html/system/Database/BaseConnection.php(641): CodeIgniter\Database\BaseConnection->simpleQuery()
#3 /home/sietmvb89/web/sieuthibeyeu.vn/public_html/system/Database/BaseBuilder.php(1866): CodeIgniter\Database\BaseConnection->query()
#4 /home/sietmvb89/web/sieuthibeyeu.vn/public_html/app/Models/MyModels.php(126): CodeIgniter\Database\BaseBuilder->get()
#5 /home/sietmvb89/web/sieuthibeyeu.vn/public_html/app/Controllers/Route.php(476): App\Models\MyModels->full_query()
#6 /home/sietmvb89/web/sieuthibeyeu.vn/public_html/app/Controllers/Route.php(65): App\Controllers\Route->product()
#7 /home/sietmvb89/web/sieuthibeyeu.vn/public_html/system/CodeIgniter.php(938): App\Controllers\Route->index()
#8 /home/sietmvb89/web/sieuthibeyeu.vn/public_html/system/CodeIgniter.php(434): CodeIgniter\CodeIgniter->runController()
#9 /home/sietmvb89/web/sieuthibeyeu.vn/public_html/system/CodeIgniter.php(335): CodeIgniter\CodeIgniter->handleRequest()
#10 /home/sietmvb89/web/sieuthibeyeu.vn/public_html/index.php(43): CodeIgniter\CodeIgniter->run()
#11 {main}
ERROR - 2022-06-22 11:10:34 --> mysqli_sql_exception: Table 'sietmvb89_db.tbl_product_slogan' doesn't exist in /home/sietmvb89/web/sieuthibeyeu.vn/public_html/system/Database/MySQLi/Connection.php:314
Stack trace:
#0 /home/sietmvb89/web/sieuthibeyeu.vn/public_html/system/Database/MySQLi/Connection.php(314): mysqli->query()
#1 /home/sietmvb89/web/sieuthibeyeu.vn/public_html/system/Database/BaseConnection.php(713): CodeIgniter\Database\MySQLi\Connection->execute()
#2 /home/sietmvb89/web/sieuthibeyeu.vn/public_html/system/Database/BaseConnection.php(641): CodeIgniter\Database\BaseConnection->simpleQuery()
#3 /home/sietmvb89/web/sieuthibeyeu.vn/public_html/system/Database/BaseBuilder.php(1866): CodeIgniter\Database\BaseConnection->query()
#4 /home/sietmvb89/web/sieuthibeyeu.vn/public_html/app/Models/MyModels.php(126): CodeIgniter\Database\BaseBuilder->get()
#5 /home/sietmvb89/web/sieuthibeyeu.vn/public_html/app/Controllers/Route.php(469): App\Models\MyModels->full_query()
#6 /home/sietmvb89/web/sieuthibeyeu.vn/public_html/app/Controllers/Route.php(65): App\Controllers\Route->product()
#7 /home/sietmvb89/web/sieuthibeyeu.vn/public_html/system/CodeIgniter.php(938): App\Controllers\Route->index()
#8 /home/sietmvb89/web/sieuthibeyeu.vn/public_html/system/CodeIgniter.php(434): CodeIgniter\CodeIgniter->runController()
#9 /home/sietmvb89/web/sieuthibeyeu.vn/public_html/system/CodeIgniter.php(335): CodeIgniter\CodeIgniter->handleRequest()
#10 /home/sietmvb89/web/sieuthibeyeu.vn/public_html/index.php(43): CodeIgniter\CodeIgniter->run()
#11 {main}
ERROR - 2022-06-22 11:10:34 --> mysqli_sql_exception: Table 'sietmvb89_db.tbl_brand' doesn't exist in /home/sietmvb89/web/sieuthibeyeu.vn/public_html/system/Database/MySQLi/Connection.php:314
Stack trace:
#0 /home/sietmvb89/web/sieuthibeyeu.vn/public_html/system/Database/MySQLi/Connection.php(314): mysqli->query()
#1 /home/sietmvb89/web/sieuthibeyeu.vn/public_html/system/Database/BaseConnection.php(713): CodeIgniter\Database\MySQLi\Connection->execute()
#2 /home/sietmvb89/web/sieuthibeyeu.vn/public_html/system/Database/BaseConnection.php(641): CodeIgniter\Database\BaseConnection->simpleQuery()
#3 /home/sietmvb89/web/sieuthibeyeu.vn/public_html/system/Database/BaseBuilder.php(1866): CodeIgniter\Database\BaseConnection->query()
#4 /home/sietmvb89/web/sieuthibeyeu.vn/public_html/app/Models/MyModels.php(126): CodeIgniter\Database\BaseBuilder->get()
#5 /home/sietmvb89/web/sieuthibeyeu.vn/public_html/app/Controllers/Route.php(476): App\Models\MyModels->full_query()
#6 /home/sietmvb89/web/sieuthibeyeu.vn/public_html/app/Controllers/Route.php(65): App\Controllers\Route->product()
#7 /home/sietmvb89/web/sieuthibeyeu.vn/public_html/system/CodeIgniter.php(938): App\Controllers\Route->index()
#8 /home/sietmvb89/web/sieuthibeyeu.vn/public_html/system/CodeIgniter.php(434): CodeIgniter\CodeIgniter->runController()
#9 /home/sietmvb89/web/sieuthibeyeu.vn/public_html/system/CodeIgniter.php(335): CodeIgniter\CodeIgniter->handleRequest()
#10 /home/sietmvb89/web/sieuthibeyeu.vn/public_html/index.php(43): CodeIgniter\CodeIgniter->run()
#11 {main}
ERROR - 2022-06-22 11:10:56 --> mysqli_sql_exception: Table 'sietmvb89_db.tbl_product_slogan' doesn't exist in /home/sietmvb89/web/sieuthibeyeu.vn/public_html/system/Database/MySQLi/Connection.php:314
Stack trace:
#0 /home/sietmvb89/web/sieuthibeyeu.vn/public_html/system/Database/MySQLi/Connection.php(314): mysqli->query()
#1 /home/sietmvb89/web/sieuthibeyeu.vn/public_html/system/Database/BaseConnection.php(713): CodeIgniter\Database\MySQLi\Connection->execute()
#2 /home/sietmvb89/web/sieuthibeyeu.vn/public_html/system/Database/BaseConnection.php(641): CodeIgniter\Database\BaseConnection->simpleQuery()
#3 /home/sietmvb89/web/sieuthibeyeu.vn/public_html/system/Database/BaseBuilder.php(1866): CodeIgniter\Database\BaseConnection->query()
#4 /home/sietmvb89/web/sieuthibeyeu.vn/public_html/app/Models/MyModels.php(126): CodeIgniter\Database\BaseBuilder->get()
#5 /home/sietmvb89/web/sieuthibeyeu.vn/public_html/app/Controllers/Route.php(469): App\Models\MyModels->full_query()
#6 /home/sietmvb89/web/sieuthibeyeu.vn/public_html/app/Controllers/Route.php(65): App\Controllers\Route->product()
#7 /home/sietmvb89/web/sieuthibeyeu.vn/public_html/system/CodeIgniter.php(938): App\Controllers\Route->index()
#8 /home/sietmvb89/web/sieuthibeyeu.vn/public_html/system/CodeIgniter.php(434): CodeIgniter\CodeIgniter->runController()
#9 /home/sietmvb89/web/sieuthibeyeu.vn/public_html/system/CodeIgniter.php(335): CodeIgniter\CodeIgniter->handleRequest()
#10 /home/sietmvb89/web/sieuthibeyeu.vn/public_html/index.php(43): CodeIgniter\CodeIgniter->run()
#11 {main}
ERROR - 2022-06-22 11:10:56 --> mysqli_sql_exception: Table 'sietmvb89_db.tbl_brand' doesn't exist in /home/sietmvb89/web/sieuthibeyeu.vn/public_html/system/Database/MySQLi/Connection.php:314
Stack trace:
#0 /home/sietmvb89/web/sieuthibeyeu.vn/public_html/system/Database/MySQLi/Connection.php(314): mysqli->query()
#1 /home/sietmvb89/web/sieuthibeyeu.vn/public_html/system/Database/BaseConnection.php(713): CodeIgniter\Database\MySQLi\Connection->execute()
#2 /home/sietmvb89/web/sieuthibeyeu.vn/public_html/system/Database/BaseConnection.php(641): CodeIgniter\Database\BaseConnection->simpleQuery()
#3 /home/sietmvb89/web/sieuthibeyeu.vn/public_html/system/Database/BaseBuilder.php(1866): CodeIgniter\Database\BaseConnection->query()
#4 /home/sietmvb89/web/sieuthibeyeu.vn/public_html/app/Models/MyModels.php(126): CodeIgniter\Database\BaseBuilder->get()
#5 /home/sietmvb89/web/sieuthibeyeu.vn/public_html/app/Controllers/Route.php(476): App\Models\MyModels->full_query()
#6 /home/sietmvb89/web/sieuthibeyeu.vn/public_html/app/Controllers/Route.php(65): App\Controllers\Route->product()
#7 /home/sietmvb89/web/sieuthibeyeu.vn/public_html/system/CodeIgniter.php(938): App\Controllers\Route->index()
#8 /home/sietmvb89/web/sieuthibeyeu.vn/public_html/system/CodeIgniter.php(434): CodeIgniter\CodeIgniter->runController()
#9 /home/sietmvb89/web/sieuthibeyeu.vn/public_html/system/CodeIgniter.php(335): CodeIgniter\CodeIgniter->handleRequest()
#10 /home/sietmvb89/web/sieuthibeyeu.vn/public_html/index.php(43): CodeIgniter\CodeIgniter->run()
#11 {main}
ERROR - 2022-06-22 13:09:19 --> mysqli_sql_exception: Table 'sietmvb89_db.tbl_product_slogan' doesn't exist in /home/sietmvb89/web/sieuthibeyeu.vn/public_html/system/Database/MySQLi/Connection.php:314
Stack trace:
#0 /home/sietmvb89/web/sieuthibeyeu.vn/public_html/system/Database/MySQLi/Connection.php(314): mysqli->query()
#1 /home/sietmvb89/web/sieuthibeyeu.vn/public_html/system/Database/BaseConnection.php(713): CodeIgniter\Database\MySQLi\Connection->execute()
#2 /home/sietmvb89/web/sieuthibeyeu.vn/public_html/system/Database/BaseConnection.php(641): CodeIgniter\Database\BaseConnection->simpleQuery()
#3 /home/sietmvb89/web/sieuthibeyeu.vn/public_html/system/Database/BaseBuilder.php(1866): CodeIgniter\Database\BaseConnection->query()
#4 /home/sietmvb89/web/sieuthibeyeu.vn/public_html/app/Models/MyModels.php(126): CodeIgniter\Database\BaseBuilder->get()
#5 /home/sietmvb89/web/sieuthibeyeu.vn/public_html/app/Controllers/Route.php(469): App\Models\MyModels->full_query()
#6 /home/sietmvb89/web/sieuthibeyeu.vn/public_html/app/Controllers/Route.php(65): App\Controllers\Route->product()
#7 /home/sietmvb89/web/sieuthibeyeu.vn/public_html/system/CodeIgniter.php(938): App\Controllers\Route->index()
#8 /home/sietmvb89/web/sieuthibeyeu.vn/public_html/system/CodeIgniter.php(434): CodeIgniter\CodeIgniter->runController()
#9 /home/sietmvb89/web/sieuthibeyeu.vn/public_html/system/CodeIgniter.php(335): CodeIgniter\CodeIgniter->handleRequest()
#10 /home/sietmvb89/web/sieuthibeyeu.vn/public_html/index.php(43): CodeIgniter\CodeIgniter->run()
#11 {main}
ERROR - 2022-06-22 13:09:19 --> mysqli_sql_exception: Table 'sietmvb89_db.tbl_brand' doesn't exist in /home/sietmvb89/web/sieuthibeyeu.vn/public_html/system/Database/MySQLi/Connection.php:314
Stack trace:
#0 /home/sietmvb89/web/sieuthibeyeu.vn/public_html/system/Database/MySQLi/Connection.php(314): mysqli->query()
#1 /home/sietmvb89/web/sieuthibeyeu.vn/public_html/system/Database/BaseConnection.php(713): CodeIgniter\Database\MySQLi\Connection->execute()
#2 /home/sietmvb89/web/sieuthibeyeu.vn/public_html/system/Database/BaseConnection.php(641): CodeIgniter\Database\BaseConnection->simpleQuery()
#3 /home/sietmvb89/web/sieuthibeyeu.vn/public_html/system/Database/BaseBuilder.php(1866): CodeIgniter\Database\BaseConnection->query()
#4 /home/sietmvb89/web/sieuthibeyeu.vn/public_html/app/Models/MyModels.php(126): CodeIgniter\Database\BaseBuilder->get()
#5 /home/sietmvb89/web/sieuthibeyeu.vn/public_html/app/Controllers/Route.php(476): App\Models\MyModels->full_query()
#6 /home/sietmvb89/web/sieuthibeyeu.vn/public_html/app/Controllers/Route.php(65): App\Controllers\Route->product()
#7 /home/sietmvb89/web/sieuthibeyeu.vn/public_html/system/CodeIgniter.php(938): App\Controllers\Route->index()
#8 /home/sietmvb89/web/sieuthibeyeu.vn/public_html/system/CodeIgniter.php(434): CodeIgniter\CodeIgniter->runController()
#9 /home/sietmvb89/web/sieuthibeyeu.vn/public_html/system/CodeIgniter.php(335): CodeIgniter\CodeIgniter->handleRequest()
#10 /home/sietmvb89/web/sieuthibeyeu.vn/public_html/index.php(43): CodeIgniter\CodeIgniter->run()
#11 {main}
ERROR - 2022-06-22 13:24:53 --> mysqli_sql_exception: Table 'sietmvb89_db.tbl_product_slogan' doesn't exist in /home/sietmvb89/web/sieuthibeyeu.vn/public_html/system/Database/MySQLi/Connection.php:314
Stack trace:
#0 /home/sietmvb89/web/sieuthibeyeu.vn/public_html/system/Database/MySQLi/Connection.php(314): mysqli->query()
#1 /home/sietmvb89/web/sieuthibeyeu.vn/public_html/system/Database/BaseConnection.php(713): CodeIgniter\Database\MySQLi\Connection->execute()
#2 /home/sietmvb89/web/sieuthibeyeu.vn/public_html/system/Database/BaseConnection.php(641): CodeIgniter\Database\BaseConnection->simpleQuery()
#3 /home/sietmvb89/web/sieuthibeyeu.vn/public_html/system/Database/BaseBuilder.php(1866): CodeIgniter\Database\BaseConnection->query()
#4 /home/sietmvb89/web/sieuthibeyeu.vn/public_html/app/Models/MyModels.php(126): CodeIgniter\Database\BaseBuilder->get()
#5 /home/sietmvb89/web/sieuthibeyeu.vn/public_html/app/Controllers/Route.php(469): App\Models\MyModels->full_query()
#6 /home/sietmvb89/web/sieuthibeyeu.vn/public_html/app/Controllers/Route.php(65): App\Controllers\Route->product()
#7 /home/sietmvb89/web/sieuthibeyeu.vn/public_html/system/CodeIgniter.php(938): App\Controllers\Route->index()
#8 /home/sietmvb89/web/sieuthibeyeu.vn/public_html/system/CodeIgniter.php(434): CodeIgniter\CodeIgniter->runController()
#9 /home/sietmvb89/web/sieuthibeyeu.vn/public_html/system/CodeIgniter.php(335): CodeIgniter\CodeIgniter->handleRequest()
#10 /home/sietmvb89/web/sieuthibeyeu.vn/public_html/index.php(43): CodeIgniter\CodeIgniter->run()
#11 {main}
ERROR - 2022-06-22 13:24:53 --> mysqli_sql_exception: Table 'sietmvb89_db.tbl_brand' doesn't exist in /home/sietmvb89/web/sieuthibeyeu.vn/public_html/system/Database/MySQLi/Connection.php:314
Stack trace:
#0 /home/sietmvb89/web/sieuthibeyeu.vn/public_html/system/Database/MySQLi/Connection.php(314): mysqli->query()
#1 /home/sietmvb89/web/sieuthibeyeu.vn/public_html/system/Database/BaseConnection.php(713): CodeIgniter\Database\MySQLi\Connection->execute()
#2 /home/sietmvb89/web/sieuthibeyeu.vn/public_html/system/Database/BaseConnection.php(641): CodeIgniter\Database\BaseConnection->simpleQuery()
#3 /home/sietmvb89/web/sieuthibeyeu.vn/public_html/system/Database/BaseBuilder.php(1866): CodeIgniter\Database\BaseConnection->query()
#4 /home/sietmvb89/web/sieuthibeyeu.vn/public_html/app/Models/MyModels.php(126): CodeIgniter\Database\BaseBuilder->get()
#5 /home/sietmvb89/web/sieuthibeyeu.vn/public_html/app/Controllers/Route.php(476): App\Models\MyModels->full_query()
#6 /home/sietmvb89/web/sieuthibeyeu.vn/public_html/app/Controllers/Route.php(65): App\Controllers\Route->product()
#7 /home/sietmvb89/web/sieuthibeyeu.vn/public_html/system/CodeIgniter.php(938): App\Controllers\Route->index()
#8 /home/sietmvb89/web/sieuthibeyeu.vn/public_html/system/CodeIgniter.php(434): CodeIgniter\CodeIgniter->runController()
#9 /home/sietmvb89/web/sieuthibeyeu.vn/public_html/system/CodeIgniter.php(335): CodeIgniter\CodeIgniter->handleRequest()
#10 /home/sietmvb89/web/sieuthibeyeu.vn/public_html/index.php(43): CodeIgniter\CodeIgniter->run()
#11 {main}
ERROR - 2022-06-22 13:31:32 --> mysqli_sql_exception: You have an error in your SQL syntax; check the manual that corresponds to your MariaDB server version for the right syntax to use near ')
ORDER BY `id` desc' at line 3 in /home/sietmvb89/web/sieuthibeyeu.vn/public_html/system/Database/MySQLi/Connection.php:314
Stack trace:
#0 /home/sietmvb89/web/sieuthibeyeu.vn/public_html/system/Database/MySQLi/Connection.php(314): mysqli->query()
#1 /home/sietmvb89/web/sieuthibeyeu.vn/public_html/system/Database/BaseConnection.php(713): CodeIgniter\Database\MySQLi\Connection->execute()
#2 /home/sietmvb89/web/sieuthibeyeu.vn/public_html/system/Database/BaseConnection.php(641): CodeIgniter\Database\BaseConnection->simpleQuery()
#3 /home/sietmvb89/web/sieuthibeyeu.vn/public_html/system/Database/BaseBuilder.php(1866): CodeIgniter\Database\BaseConnection->query()
#4 /home/sietmvb89/web/sieuthibeyeu.vn/public_html/app/Models/MyModels.php(126): CodeIgniter\Database\BaseBuilder->get()
#5 /home/sietmvb89/web/sieuthibeyeu.vn/public_html/app/Controllers/Route.php(307): App\Models\MyModels->full_query()
#6 /home/sietmvb89/web/sieuthibeyeu.vn/public_html/app/Controllers/Route.php(61): App\Controllers\Route->cate_product()
#7 /home/sietmvb89/web/sieuthibeyeu.vn/public_html/system/CodeIgniter.php(938): App\Controllers\Route->index()
#8 /home/sietmvb89/web/sieuthibeyeu.vn/public_html/system/CodeIgniter.php(434): CodeIgniter\CodeIgniter->runController()
#9 /home/sietmvb89/web/sieuthibeyeu.vn/public_html/system/CodeIgniter.php(335): CodeIgniter\CodeIgniter->handleRequest()
#10 /home/sietmvb89/web/sieuthibeyeu.vn/public_html/index.php(43): CodeIgniter\CodeIgniter->run()
#11 {main}
ERROR - 2022-06-22 13:31:34 --> mysqli_sql_exception: Table 'sietmvb89_db.tbl_brand' doesn't exist in /home/sietmvb89/web/sieuthibeyeu.vn/public_html/system/Database/MySQLi/Connection.php:314
Stack trace:
#0 /home/sietmvb89/web/sieuthibeyeu.vn/public_html/system/Database/MySQLi/Connection.php(314): mysqli->query()
#1 /home/sietmvb89/web/sieuthibeyeu.vn/public_html/system/Database/BaseConnection.php(713): CodeIgniter\Database\MySQLi\Connection->execute()
#2 /home/sietmvb89/web/sieuthibeyeu.vn/public_html/system/Database/BaseConnection.php(641): CodeIgniter\Database\BaseConnection->simpleQuery()
#3 /home/sietmvb89/web/sieuthibeyeu.vn/public_html/system/Database/BaseBuilder.php(1866): CodeIgniter\Database\BaseConnection->query()
#4 /home/sietmvb89/web/sieuthibeyeu.vn/public_html/app/Models/MyModels.php(126): CodeIgniter\Database\BaseBuilder->get()
#5 /home/sietmvb89/web/sieuthibeyeu.vn/public_html/app/Controllers/Route.php(307): App\Models\MyModels->full_query()
#6 /home/sietmvb89/web/sieuthibeyeu.vn/public_html/app/Controllers/Route.php(61): App\Controllers\Route->cate_product()
#7 /home/sietmvb89/web/sieuthibeyeu.vn/public_html/system/CodeIgniter.php(938): App\Controllers\Route->index()
#8 /home/sietmvb89/web/sieuthibeyeu.vn/public_html/system/CodeIgniter.php(434): CodeIgniter\CodeIgniter->runController()
#9 /home/sietmvb89/web/sieuthibeyeu.vn/public_html/system/CodeIgniter.php(335): CodeIgniter\CodeIgniter->handleRequest()
#10 /home/sietmvb89/web/sieuthibeyeu.vn/public_html/index.php(43): CodeIgniter\CodeIgniter->run()
#11 {main}
ERROR - 2022-06-22 13:31:36 --> mysqli_sql_exception: Table 'sietmvb89_db.tbl_product_slogan' doesn't exist in /home/sietmvb89/web/sieuthibeyeu.vn/public_html/system/Database/MySQLi/Connection.php:314
Stack trace:
#0 /home/sietmvb89/web/sieuthibeyeu.vn/public_html/system/Database/MySQLi/Connection.php(314): mysqli->query()
#1 /home/sietmvb89/web/sieuthibeyeu.vn/public_html/system/Database/BaseConnection.php(713): CodeIgniter\Database\MySQLi\Connection->execute()
#2 /home/sietmvb89/web/sieuthibeyeu.vn/public_html/system/Database/BaseConnection.php(641): CodeIgniter\Database\BaseConnection->simpleQuery()
#3 /home/sietmvb89/web/sieuthibeyeu.vn/public_html/system/Database/BaseBuilder.php(1866): CodeIgniter\Database\BaseConnection->query()
#4 /home/sietmvb89/web/sieuthibeyeu.vn/public_html/app/Models/MyModels.php(126): CodeIgniter\Database\BaseBuilder->get()
#5 /home/sietmvb89/web/sieuthibeyeu.vn/public_html/app/Controllers/Route.php(469): App\Models\MyModels->full_query()
#6 /home/sietmvb89/web/sieuthibeyeu.vn/public_html/app/Controllers/Route.php(65): App\Controllers\Route->product()
#7 /home/sietmvb89/web/sieuthibeyeu.vn/public_html/system/CodeIgniter.php(938): App\Controllers\Route->index()
#8 /home/sietmvb89/web/sieuthibeyeu.vn/public_html/system/CodeIgniter.php(434): CodeIgniter\CodeIgniter->runController()
#9 /home/sietmvb89/web/sieuthibeyeu.vn/public_html/system/CodeIgniter.php(335): CodeIgniter\CodeIgniter->handleRequest()
#10 /home/sietmvb89/web/sieuthibeyeu.vn/public_html/index.php(43): CodeIgniter\CodeIgniter->run()
#11 {main}
ERROR - 2022-06-22 13:31:36 --> mysqli_sql_exception: Table 'sietmvb89_db.tbl_brand' doesn't exist in /home/sietmvb89/web/sieuthibeyeu.vn/public_html/system/Database/MySQLi/Connection.php:314
Stack trace:
#0 /home/sietmvb89/web/sieuthibeyeu.vn/public_html/system/Database/MySQLi/Connection.php(314): mysqli->query()
#1 /home/sietmvb89/web/sieuthibeyeu.vn/public_html/system/Database/BaseConnection.php(713): CodeIgniter\Database\MySQLi\Connection->execute()
#2 /home/sietmvb89/web/sieuthibeyeu.vn/public_html/system/Database/BaseConnection.php(641): CodeIgniter\Database\BaseConnection->simpleQuery()
#3 /home/sietmvb89/web/sieuthibeyeu.vn/public_html/system/Database/BaseBuilder.php(1866): CodeIgniter\Database\BaseConnection->query()
#4 /home/sietmvb89/web/sieuthibeyeu.vn/public_html/app/Models/MyModels.php(126): CodeIgniter\Database\BaseBuilder->get()
#5 /home/sietmvb89/web/sieuthibeyeu.vn/public_html/app/Controllers/Route.php(476): App\Models\MyModels->full_query()
#6 /home/sietmvb89/web/sieuthibeyeu.vn/public_html/app/Controllers/Route.php(65): App\Controllers\Route->product()
#7 /home/sietmvb89/web/sieuthibeyeu.vn/public_html/system/CodeIgniter.php(938): App\Controllers\Route->index()
#8 /home/sietmvb89/web/sieuthibeyeu.vn/public_html/system/CodeIgniter.php(434): CodeIgniter\CodeIgniter->runController()
#9 /home/sietmvb89/web/sieuthibeyeu.vn/public_html/system/CodeIgniter.php(335): CodeIgniter\CodeIgniter->handleRequest()
#10 /home/sietmvb89/web/sieuthibeyeu.vn/public_html/index.php(43): CodeIgniter\CodeIgniter->run()
#11 {main}
ERROR - 2022-06-22 13:32:04 --> mysqli_sql_exception: Table 'sietmvb89_db.tbl_product_slogan' doesn't exist in /home/sietmvb89/web/sieuthibeyeu.vn/public_html/system/Database/MySQLi/Connection.php:314
Stack trace:
#0 /home/sietmvb89/web/sieuthibeyeu.vn/public_html/system/Database/MySQLi/Connection.php(314): mysqli->query()
#1 /home/sietmvb89/web/sieuthibeyeu.vn/public_html/system/Database/BaseConnection.php(713): CodeIgniter\Database\MySQLi\Connection->execute()
#2 /home/sietmvb89/web/sieuthibeyeu.vn/public_html/system/Database/BaseConnection.php(641): CodeIgniter\Database\BaseConnection->simpleQuery()
#3 /home/sietmvb89/web/sieuthibeyeu.vn/public_html/system/Database/BaseBuilder.php(1866): CodeIgniter\Database\BaseConnection->query()
#4 /home/sietmvb89/web/sieuthibeyeu.vn/public_html/app/Models/MyModels.php(126): CodeIgniter\Database\BaseBuilder->get()
#5 /home/sietmvb89/web/sieuthibeyeu.vn/public_html/app/Controllers/Route.php(469): App\Models\MyModels->full_query()
#6 /home/sietmvb89/web/sieuthibeyeu.vn/public_html/app/Controllers/Route.php(65): App\Controllers\Route->product()
#7 /home/sietmvb89/web/sieuthibeyeu.vn/public_html/system/CodeIgniter.php(938): App\Controllers\Route->index()
#8 /home/sietmvb89/web/sieuthibeyeu.vn/public_html/system/CodeIgniter.php(434): CodeIgniter\CodeIgniter->runController()
#9 /home/sietmvb89/web/sieuthibeyeu.vn/public_html/system/CodeIgniter.php(335): CodeIgniter\CodeIgniter->handleRequest()
#10 /home/sietmvb89/web/sieuthibeyeu.vn/public_html/index.php(43): CodeIgniter\CodeIgniter->run()
#11 {main}
ERROR - 2022-06-22 13:32:04 --> mysqli_sql_exception: Table 'sietmvb89_db.tbl_brand' doesn't exist in /home/sietmvb89/web/sieuthibeyeu.vn/public_html/system/Database/MySQLi/Connection.php:314
Stack trace:
#0 /home/sietmvb89/web/sieuthibeyeu.vn/public_html/system/Database/MySQLi/Connection.php(314): mysqli->query()
#1 /home/sietmvb89/web/sieuthibeyeu.vn/public_html/system/Database/BaseConnection.php(713): CodeIgniter\Database\MySQLi\Connection->execute()
#2 /home/sietmvb89/web/sieuthibeyeu.vn/public_html/system/Database/BaseConnection.php(641): CodeIgniter\Database\BaseConnection->simpleQuery()
#3 /home/sietmvb89/web/sieuthibeyeu.vn/public_html/system/Database/BaseBuilder.php(1866): CodeIgniter\Database\BaseConnection->query()
#4 /home/sietmvb89/web/sieuthibeyeu.vn/public_html/app/Models/MyModels.php(126): CodeIgniter\Database\BaseBuilder->get()
#5 /home/sietmvb89/web/sieuthibeyeu.vn/public_html/app/Controllers/Route.php(476): App\Models\MyModels->full_query()
#6 /home/sietmvb89/web/sieuthibeyeu.vn/public_html/app/Controllers/Route.php(65): App\Controllers\Route->product()
#7 /home/sietmvb89/web/sieuthibeyeu.vn/public_html/system/CodeIgniter.php(938): App\Controllers\Route->index()
#8 /home/sietmvb89/web/sieuthibeyeu.vn/public_html/system/CodeIgniter.php(434): CodeIgniter\CodeIgniter->runController()
#9 /home/sietmvb89/web/sieuthibeyeu.vn/public_html/system/CodeIgniter.php(335): CodeIgniter\CodeIgniter->handleRequest()
#10 /home/sietmvb89/web/sieuthibeyeu.vn/public_html/index.php(43): CodeIgniter\CodeIgniter->run()
#11 {main}
ERROR - 2022-06-22 13:32:34 --> mysqli_sql_exception: Table 'sietmvb89_db.tbl_product_slogan' doesn't exist in /home/sietmvb89/web/sieuthibeyeu.vn/public_html/system/Database/MySQLi/Connection.php:314
Stack trace:
#0 /home/sietmvb89/web/sieuthibeyeu.vn/public_html/system/Database/MySQLi/Connection.php(314): mysqli->query()
#1 /home/sietmvb89/web/sieuthibeyeu.vn/public_html/system/Database/BaseConnection.php(713): CodeIgniter\Database\MySQLi\Connection->execute()
#2 /home/sietmvb89/web/sieuthibeyeu.vn/public_html/system/Database/BaseConnection.php(641): CodeIgniter\Database\BaseConnection->simpleQuery()
#3 /home/sietmvb89/web/sieuthibeyeu.vn/public_html/system/Database/BaseBuilder.php(1866): CodeIgniter\Database\BaseConnection->query()
#4 /home/sietmvb89/web/sieuthibeyeu.vn/public_html/app/Models/MyModels.php(126): CodeIgniter\Database\BaseBuilder->get()
#5 /home/sietmvb89/web/sieuthibeyeu.vn/public_html/app/Controllers/Route.php(469): App\Models\MyModels->full_query()
#6 /home/sietmvb89/web/sieuthibeyeu.vn/public_html/app/Controllers/Route.php(65): App\Controllers\Route->product()
#7 /home/sietmvb89/web/sieuthibeyeu.vn/public_html/system/CodeIgniter.php(938): App\Controllers\Route->index()
#8 /home/sietmvb89/web/sieuthibeyeu.vn/public_html/system/CodeIgniter.php(434): CodeIgniter\CodeIgniter->runController()
#9 /home/sietmvb89/web/sieuthibeyeu.vn/public_html/system/CodeIgniter.php(335): CodeIgniter\CodeIgniter->handleRequest()
#10 /home/sietmvb89/web/sieuthibeyeu.vn/public_html/index.php(43): CodeIgniter\CodeIgniter->run()
#11 {main}
ERROR - 2022-06-22 13:32:34 --> mysqli_sql_exception: Table 'sietmvb89_db.tbl_brand' doesn't exist in /home/sietmvb89/web/sieuthibeyeu.vn/public_html/system/Database/MySQLi/Connection.php:314
Stack trace:
#0 /home/sietmvb89/web/sieuthibeyeu.vn/public_html/system/Database/MySQLi/Connection.php(314): mysqli->query()
#1 /home/sietmvb89/web/sieuthibeyeu.vn/public_html/system/Database/BaseConnection.php(713): CodeIgniter\Database\MySQLi\Connection->execute()
#2 /home/sietmvb89/web/sieuthibeyeu.vn/public_html/system/Database/BaseConnection.php(641): CodeIgniter\Database\BaseConnection->simpleQuery()
#3 /home/sietmvb89/web/sieuthibeyeu.vn/public_html/system/Database/BaseBuilder.php(1866): CodeIgniter\Database\BaseConnection->query()
#4 /home/sietmvb89/web/sieuthibeyeu.vn/public_html/app/Models/MyModels.php(126): CodeIgniter\Database\BaseBuilder->get()
#5 /home/sietmvb89/web/sieuthibeyeu.vn/public_html/app/Controllers/Route.php(476): App\Models\MyModels->full_query()
#6 /home/sietmvb89/web/sieuthibeyeu.vn/public_html/app/Controllers/Route.php(65): App\Controllers\Route->product()
#7 /home/sietmvb89/web/sieuthibeyeu.vn/public_html/system/CodeIgniter.php(938): App\Controllers\Route->index()
#8 /home/sietmvb89/web/sieuthibeyeu.vn/public_html/system/CodeIgniter.php(434): CodeIgniter\CodeIgniter->runController()
#9 /home/sietmvb89/web/sieuthibeyeu.vn/public_html/system/CodeIgniter.php(335): CodeIgniter\CodeIgniter->handleRequest()
#10 /home/sietmvb89/web/sieuthibeyeu.vn/public_html/index.php(43): CodeIgniter\CodeIgniter->run()
#11 {main}
ERROR - 2022-06-22 13:33:00 --> mysqli_sql_exception: Table 'sietmvb89_db.tbl_product_slogan' doesn't exist in /home/sietmvb89/web/sieuthibeyeu.vn/public_html/system/Database/MySQLi/Connection.php:314
Stack trace:
#0 /home/sietmvb89/web/sieuthibeyeu.vn/public_html/system/Database/MySQLi/Connection.php(314): mysqli->query()
#1 /home/sietmvb89/web/sieuthibeyeu.vn/public_html/system/Database/BaseConnection.php(713): CodeIgniter\Database\MySQLi\Connection->execute()
#2 /home/sietmvb89/web/sieuthibeyeu.vn/public_html/system/Database/BaseConnection.php(641): CodeIgniter\Database\BaseConnection->simpleQuery()
#3 /home/sietmvb89/web/sieuthibeyeu.vn/public_html/system/Database/BaseBuilder.php(1866): CodeIgniter\Database\BaseConnection->query()
#4 /home/sietmvb89/web/sieuthibeyeu.vn/public_html/app/Models/MyModels.php(126): CodeIgniter\Database\BaseBuilder->get()
#5 /home/sietmvb89/web/sieuthibeyeu.vn/public_html/app/Controllers/Route.php(469): App\Models\MyModels->full_query()
#6 /home/sietmvb89/web/sieuthibeyeu.vn/public_html/app/Controllers/Route.php(65): App\Controllers\Route->product()
#7 /home/sietmvb89/web/sieuthibeyeu.vn/public_html/system/CodeIgniter.php(938): App\Controllers\Route->index()
#8 /home/sietmvb89/web/sieuthibeyeu.vn/public_html/system/CodeIgniter.php(434): CodeIgniter\CodeIgniter->runController()
#9 /home/sietmvb89/web/sieuthibeyeu.vn/public_html/system/CodeIgniter.php(335): CodeIgniter\CodeIgniter->handleRequest()
#10 /home/sietmvb89/web/sieuthibeyeu.vn/public_html/index.php(43): CodeIgniter\CodeIgniter->run()
#11 {main}
ERROR - 2022-06-22 13:33:00 --> mysqli_sql_exception: Table 'sietmvb89_db.tbl_brand' doesn't exist in /home/sietmvb89/web/sieuthibeyeu.vn/public_html/system/Database/MySQLi/Connection.php:314
Stack trace:
#0 /home/sietmvb89/web/sieuthibeyeu.vn/public_html/system/Database/MySQLi/Connection.php(314): mysqli->query()
#1 /home/sietmvb89/web/sieuthibeyeu.vn/public_html/system/Database/BaseConnection.php(713): CodeIgniter\Database\MySQLi\Connection->execute()
#2 /home/sietmvb89/web/sieuthibeyeu.vn/public_html/system/Database/BaseConnection.php(641): CodeIgniter\Database\BaseConnection->simpleQuery()
#3 /home/sietmvb89/web/sieuthibeyeu.vn/public_html/system/Database/BaseBuilder.php(1866): CodeIgniter\Database\BaseConnection->query()
#4 /home/sietmvb89/web/sieuthibeyeu.vn/public_html/app/Models/MyModels.php(126): CodeIgniter\Database\BaseBuilder->get()
#5 /home/sietmvb89/web/sieuthibeyeu.vn/public_html/app/Controllers/Route.php(476): App\Models\MyModels->full_query()
#6 /home/sietmvb89/web/sieuthibeyeu.vn/public_html/app/Controllers/Route.php(65): App\Controllers\Route->product()
#7 /home/sietmvb89/web/sieuthibeyeu.vn/public_html/system/CodeIgniter.php(938): App\Controllers\Route->index()
#8 /home/sietmvb89/web/sieuthibeyeu.vn/public_html/system/CodeIgniter.php(434): CodeIgniter\CodeIgniter->runController()
#9 /home/sietmvb89/web/sieuthibeyeu.vn/public_html/system/CodeIgniter.php(335): CodeIgniter\CodeIgniter->handleRequest()
#10 /home/sietmvb89/web/sieuthibeyeu.vn/public_html/index.php(43): CodeIgniter\CodeIgniter->run()
#11 {main}
ERROR - 2022-06-22 13:33:10 --> mysqli_sql_exception: Table 'sietmvb89_db.tbl_product_slogan' doesn't exist in /home/sietmvb89/web/sieuthibeyeu.vn/public_html/system/Database/MySQLi/Connection.php:314
Stack trace:
#0 /home/sietmvb89/web/sieuthibeyeu.vn/public_html/system/Database/MySQLi/Connection.php(314): mysqli->query()
#1 /home/sietmvb89/web/sieuthibeyeu.vn/public_html/system/Database/BaseConnection.php(713): CodeIgniter\Database\MySQLi\Connection->execute()
#2 /home/sietmvb89/web/sieuthibeyeu.vn/public_html/system/Database/BaseConnection.php(641): CodeIgniter\Database\BaseConnection->simpleQuery()
#3 /home/sietmvb89/web/sieuthibeyeu.vn/public_html/system/Database/BaseBuilder.php(1866): CodeIgniter\Database\BaseConnection->query()
#4 /home/sietmvb89/web/sieuthibeyeu.vn/public_html/app/Models/MyModels.php(126): CodeIgniter\Database\BaseBuilder->get()
#5 /home/sietmvb89/web/sieuthibeyeu.vn/public_html/app/Controllers/Route.php(469): App\Models\MyModels->full_query()
#6 /home/sietmvb89/web/sieuthibeyeu.vn/public_html/app/Controllers/Route.php(65): App\Controllers\Route->product()
#7 /home/sietmvb89/web/sieuthibeyeu.vn/public_html/system/CodeIgniter.php(938): App\Controllers\Route->index()
#8 /home/sietmvb89/web/sieuthibeyeu.vn/public_html/system/CodeIgniter.php(434): CodeIgniter\CodeIgniter->runController()
#9 /home/sietmvb89/web/sieuthibeyeu.vn/public_html/system/CodeIgniter.php(335): CodeIgniter\CodeIgniter->handleRequest()
#10 /home/sietmvb89/web/sieuthibeyeu.vn/public_html/index.php(43): CodeIgniter\CodeIgniter->run()
#11 {main}
ERROR - 2022-06-22 13:33:10 --> mysqli_sql_exception: Table 'sietmvb89_db.tbl_brand' doesn't exist in /home/sietmvb89/web/sieuthibeyeu.vn/public_html/system/Database/MySQLi/Connection.php:314
Stack trace:
#0 /home/sietmvb89/web/sieuthibeyeu.vn/public_html/system/Database/MySQLi/Connection.php(314): mysqli->query()
#1 /home/sietmvb89/web/sieuthibeyeu.vn/public_html/system/Database/BaseConnection.php(713): CodeIgniter\Database\MySQLi\Connection->execute()
#2 /home/sietmvb89/web/sieuthibeyeu.vn/public_html/system/Database/BaseConnection.php(641): CodeIgniter\Database\BaseConnection->simpleQuery()
#3 /home/sietmvb89/web/sieuthibeyeu.vn/public_html/system/Database/BaseBuilder.php(1866): CodeIgniter\Database\BaseConnection->query()
#4 /home/sietmvb89/web/sieuthibeyeu.vn/public_html/app/Models/MyModels.php(126): CodeIgniter\Database\BaseBuilder->get()
#5 /home/sietmvb89/web/sieuthibeyeu.vn/public_html/app/Controllers/Route.php(476): App\Models\MyModels->full_query()
#6 /home/sietmvb89/web/sieuthibeyeu.vn/public_html/app/Controllers/Route.php(65): App\Controllers\Route->product()
#7 /home/sietmvb89/web/sieuthibeyeu.vn/public_html/system/CodeIgniter.php(938): App\Controllers\Route->index()
#8 /home/sietmvb89/web/sieuthibeyeu.vn/public_html/system/CodeIgniter.php(434): CodeIgniter\CodeIgniter->runController()
#9 /home/sietmvb89/web/sieuthibeyeu.vn/public_html/system/CodeIgniter.php(335): CodeIgniter\CodeIgniter->handleRequest()
#10 /home/sietmvb89/web/sieuthibeyeu.vn/public_html/index.php(43): CodeIgniter\CodeIgniter->run()
#11 {main}
ERROR - 2022-06-22 13:33:29 --> mysqli_sql_exception: Table 'sietmvb89_db.tbl_product_slogan' doesn't exist in /home/sietmvb89/web/sieuthibeyeu.vn/public_html/system/Database/MySQLi/Connection.php:314
Stack trace:
#0 /home/sietmvb89/web/sieuthibeyeu.vn/public_html/system/Database/MySQLi/Connection.php(314): mysqli->query()
#1 /home/sietmvb89/web/sieuthibeyeu.vn/public_html/system/Database/BaseConnection.php(713): CodeIgniter\Database\MySQLi\Connection->execute()
#2 /home/sietmvb89/web/sieuthibeyeu.vn/public_html/system/Database/BaseConnection.php(641): CodeIgniter\Database\BaseConnection->simpleQuery()
#3 /home/sietmvb89/web/sieuthibeyeu.vn/public_html/system/Database/BaseBuilder.php(1866): CodeIgniter\Database\BaseConnection->query()
#4 /home/sietmvb89/web/sieuthibeyeu.vn/public_html/app/Models/MyModels.php(126): CodeIgniter\Database\BaseBuilder->get()
#5 /home/sietmvb89/web/sieuthibeyeu.vn/public_html/app/Controllers/Route.php(469): App\Models\MyModels->full_query()
#6 /home/sietmvb89/web/sieuthibeyeu.vn/public_html/app/Controllers/Route.php(65): App\Controllers\Route->product()
#7 /home/sietmvb89/web/sieuthibeyeu.vn/public_html/system/CodeIgniter.php(938): App\Controllers\Route->index()
#8 /home/sietmvb89/web/sieuthibeyeu.vn/public_html/system/CodeIgniter.php(434): CodeIgniter\CodeIgniter->runController()
#9 /home/sietmvb89/web/sieuthibeyeu.vn/public_html/system/CodeIgniter.php(335): CodeIgniter\CodeIgniter->handleRequest()
#10 /home/sietmvb89/web/sieuthibeyeu.vn/public_html/index.php(43): CodeIgniter\CodeIgniter->run()
#11 {main}
ERROR - 2022-06-22 13:33:29 --> mysqli_sql_exception: Table 'sietmvb89_db.tbl_brand' doesn't exist in /home/sietmvb89/web/sieuthibeyeu.vn/public_html/system/Database/MySQLi/Connection.php:314
Stack trace:
#0 /home/sietmvb89/web/sieuthibeyeu.vn/public_html/system/Database/MySQLi/Connection.php(314): mysqli->query()
#1 /home/sietmvb89/web/sieuthibeyeu.vn/public_html/system/Database/BaseConnection.php(713): CodeIgniter\Database\MySQLi\Connection->execute()
#2 /home/sietmvb89/web/sieuthibeyeu.vn/public_html/system/Database/BaseConnection.php(641): CodeIgniter\Database\BaseConnection->simpleQuery()
#3 /home/sietmvb89/web/sieuthibeyeu.vn/public_html/system/Database/BaseBuilder.php(1866): CodeIgniter\Database\BaseConnection->query()
#4 /home/sietmvb89/web/sieuthibeyeu.vn/public_html/app/Models/MyModels.php(126): CodeIgniter\Database\BaseBuilder->get()
#5 /home/sietmvb89/web/sieuthibeyeu.vn/public_html/app/Controllers/Route.php(476): App\Models\MyModels->full_query()
#6 /home/sietmvb89/web/sieuthibeyeu.vn/public_html/app/Controllers/Route.php(65): App\Controllers\Route->product()
#7 /home/sietmvb89/web/sieuthibeyeu.vn/public_html/system/CodeIgniter.php(938): App\Controllers\Route->index()
#8 /home/sietmvb89/web/sieuthibeyeu.vn/public_html/system/CodeIgniter.php(434): CodeIgniter\CodeIgniter->runController()
#9 /home/sietmvb89/web/sieuthibeyeu.vn/public_html/system/CodeIgniter.php(335): CodeIgniter\CodeIgniter->handleRequest()
#10 /home/sietmvb89/web/sieuthibeyeu.vn/public_html/index.php(43): CodeIgniter\CodeIgniter->run()
#11 {main}
ERROR - 2022-06-22 13:34:08 --> mysqli_sql_exception: Table 'sietmvb89_db.tbl_product_slogan' doesn't exist in /home/sietmvb89/web/sieuthibeyeu.vn/public_html/system/Database/MySQLi/Connection.php:314
Stack trace:
#0 /home/sietmvb89/web/sieuthibeyeu.vn/public_html/system/Database/MySQLi/Connection.php(314): mysqli->query()
#1 /home/sietmvb89/web/sieuthibeyeu.vn/public_html/system/Database/BaseConnection.php(713): CodeIgniter\Database\MySQLi\Connection->execute()
#2 /home/sietmvb89/web/sieuthibeyeu.vn/public_html/system/Database/BaseConnection.php(641): CodeIgniter\Database\BaseConnection->simpleQuery()
#3 /home/sietmvb89/web/sieuthibeyeu.vn/public_html/system/Database/BaseBuilder.php(1866): CodeIgniter\Database\BaseConnection->query()
#4 /home/sietmvb89/web/sieuthibeyeu.vn/public_html/app/Models/MyModels.php(126): CodeIgniter\Database\BaseBuilder->get()
#5 /home/sietmvb89/web/sieuthibeyeu.vn/public_html/app/Controllers/Route.php(469): App\Models\MyModels->full_query()
#6 /home/sietmvb89/web/sieuthibeyeu.vn/public_html/app/Controllers/Route.php(65): App\Controllers\Route->product()
#7 /home/sietmvb89/web/sieuthibeyeu.vn/public_html/system/CodeIgniter.php(938): App\Controllers\Route->index()
#8 /home/sietmvb89/web/sieuthibeyeu.vn/public_html/system/CodeIgniter.php(434): CodeIgniter\CodeIgniter->runController()
#9 /home/sietmvb89/web/sieuthibeyeu.vn/public_html/system/CodeIgniter.php(335): CodeIgniter\CodeIgniter->handleRequest()
#10 /home/sietmvb89/web/sieuthibeyeu.vn/public_html/index.php(43): CodeIgniter\CodeIgniter->run()
#11 {main}
ERROR - 2022-06-22 13:34:08 --> mysqli_sql_exception: Table 'sietmvb89_db.tbl_brand' doesn't exist in /home/sietmvb89/web/sieuthibeyeu.vn/public_html/system/Database/MySQLi/Connection.php:314
Stack trace:
#0 /home/sietmvb89/web/sieuthibeyeu.vn/public_html/system/Database/MySQLi/Connection.php(314): mysqli->query()
#1 /home/sietmvb89/web/sieuthibeyeu.vn/public_html/system/Database/BaseConnection.php(713): CodeIgniter\Database\MySQLi\Connection->execute()
#2 /home/sietmvb89/web/sieuthibeyeu.vn/public_html/system/Database/BaseConnection.php(641): CodeIgniter\Database\BaseConnection->simpleQuery()
#3 /home/sietmvb89/web/sieuthibeyeu.vn/public_html/system/Database/BaseBuilder.php(1866): CodeIgniter\Database\BaseConnection->query()
#4 /home/sietmvb89/web/sieuthibeyeu.vn/public_html/app/Models/MyModels.php(126): CodeIgniter\Database\BaseBuilder->get()
#5 /home/sietmvb89/web/sieuthibeyeu.vn/public_html/app/Controllers/Route.php(476): App\Models\MyModels->full_query()
#6 /home/sietmvb89/web/sieuthibeyeu.vn/public_html/app/Controllers/Route.php(65): App\Controllers\Route->product()
#7 /home/sietmvb89/web/sieuthibeyeu.vn/public_html/system/CodeIgniter.php(938): App\Controllers\Route->index()
#8 /home/sietmvb89/web/sieuthibeyeu.vn/public_html/system/CodeIgniter.php(434): CodeIgniter\CodeIgniter->runController()
#9 /home/sietmvb89/web/sieuthibeyeu.vn/public_html/system/CodeIgniter.php(335): CodeIgniter\CodeIgniter->handleRequest()
#10 /home/sietmvb89/web/sieuthibeyeu.vn/public_html/index.php(43): CodeIgniter\CodeIgniter->run()
#11 {main}
ERROR - 2022-06-22 13:55:24 --> mysqli_sql_exception: Table 'sietmvb89_db.tbl_brand' doesn't exist in /home/sietmvb89/web/sieuthibeyeu.vn/public_html/system/Database/MySQLi/Connection.php:314
Stack trace:
#0 /home/sietmvb89/web/sieuthibeyeu.vn/public_html/system/Database/MySQLi/Connection.php(314): mysqli->query()
#1 /home/sietmvb89/web/sieuthibeyeu.vn/public_html/system/Database/BaseConnection.php(713): CodeIgniter\Database\MySQLi\Connection->execute()
#2 /home/sietmvb89/web/sieuthibeyeu.vn/public_html/system/Database/BaseConnection.php(641): CodeIgniter\Database\BaseConnection->simpleQuery()
#3 /home/sietmvb89/web/sieuthibeyeu.vn/public_html/system/Database/BaseBuilder.php(1866): CodeIgniter\Database\BaseConnection->query()
#4 /home/sietmvb89/web/sieuthibeyeu.vn/public_html/app/Models/MyModels.php(126): CodeIgniter\Database\BaseBuilder->get()
#5 /home/sietmvb89/web/sieuthibeyeu.vn/public_html/app/Controllers/Route.php(307): App\Models\MyModels->full_query()
#6 /home/sietmvb89/web/sieuthibeyeu.vn/public_html/app/Controllers/Route.php(61): App\Controllers\Route->cate_product()
#7 /home/sietmvb89/web/sieuthibeyeu.vn/public_html/system/CodeIgniter.php(938): App\Controllers\Route->index()
#8 /home/sietmvb89/web/sieuthibeyeu.vn/public_html/system/CodeIgniter.php(434): CodeIgniter\CodeIgniter->runController()
#9 /home/sietmvb89/web/sieuthibeyeu.vn/public_html/system/CodeIgniter.php(335): CodeIgniter\CodeIgniter->handleRequest()
#10 /home/sietmvb89/web/sieuthibeyeu.vn/public_html/index.php(43): CodeIgniter\CodeIgniter->run()
#11 {main}
ERROR - 2022-06-22 14:01:37 --> mysqli_sql_exception: Table 'sietmvb89_db.tbl_product_slogan' doesn't exist in /home/sietmvb89/web/sieuthibeyeu.vn/public_html/system/Database/MySQLi/Connection.php:314
Stack trace:
#0 /home/sietmvb89/web/sieuthibeyeu.vn/public_html/system/Database/MySQLi/Connection.php(314): mysqli->query()
#1 /home/sietmvb89/web/sieuthibeyeu.vn/public_html/system/Database/BaseConnection.php(713): CodeIgniter\Database\MySQLi\Connection->execute()
#2 /home/sietmvb89/web/sieuthibeyeu.vn/public_html/system/Database/BaseConnection.php(641): CodeIgniter\Database\BaseConnection->simpleQuery()
#3 /home/sietmvb89/web/sieuthibeyeu.vn/public_html/system/Database/BaseBuilder.php(1866): CodeIgniter\Database\BaseConnection->query()
#4 /home/sietmvb89/web/sieuthibeyeu.vn/public_html/app/Models/MyModels.php(126): CodeIgniter\Database\BaseBuilder->get()
#5 /home/sietmvb89/web/sieuthibeyeu.vn/public_html/app/Controllers/Route.php(469): App\Models\MyModels->full_query()
#6 /home/sietmvb89/web/sieuthibeyeu.vn/public_html/app/Controllers/Route.php(65): App\Controllers\Route->product()
#7 /home/sietmvb89/web/sieuthibeyeu.vn/public_html/system/CodeIgniter.php(938): App\Controllers\Route->index()
#8 /home/sietmvb89/web/sieuthibeyeu.vn/public_html/system/CodeIgniter.php(434): CodeIgniter\CodeIgniter->runController()
#9 /home/sietmvb89/web/sieuthibeyeu.vn/public_html/system/CodeIgniter.php(335): CodeIgniter\CodeIgniter->handleRequest()
#10 /home/sietmvb89/web/sieuthibeyeu.vn/public_html/index.php(43): CodeIgniter\CodeIgniter->run()
#11 {main}
ERROR - 2022-06-22 14:01:37 --> mysqli_sql_exception: Table 'sietmvb89_db.tbl_brand' doesn't exist in /home/sietmvb89/web/sieuthibeyeu.vn/public_html/system/Database/MySQLi/Connection.php:314
Stack trace:
#0 /home/sietmvb89/web/sieuthibeyeu.vn/public_html/system/Database/MySQLi/Connection.php(314): mysqli->query()
#1 /home/sietmvb89/web/sieuthibeyeu.vn/public_html/system/Database/BaseConnection.php(713): CodeIgniter\Database\MySQLi\Connection->execute()
#2 /home/sietmvb89/web/sieuthibeyeu.vn/public_html/system/Database/BaseConnection.php(641): CodeIgniter\Database\BaseConnection->simpleQuery()
#3 /home/sietmvb89/web/sieuthibeyeu.vn/public_html/system/Database/BaseBuilder.php(1866): CodeIgniter\Database\BaseConnection->query()
#4 /home/sietmvb89/web/sieuthibeyeu.vn/public_html/app/Models/MyModels.php(126): CodeIgniter\Database\BaseBuilder->get()
#5 /home/sietmvb89/web/sieuthibeyeu.vn/public_html/app/Controllers/Route.php(476): App\Models\MyModels->full_query()
#6 /home/sietmvb89/web/sieuthibeyeu.vn/public_html/app/Controllers/Route.php(65): App\Controllers\Route->product()
#7 /home/sietmvb89/web/sieuthibeyeu.vn/public_html/system/CodeIgniter.php(938): App\Controllers\Route->index()
#8 /home/sietmvb89/web/sieuthibeyeu.vn/public_html/system/CodeIgniter.php(434): CodeIgniter\CodeIgniter->runController()
#9 /home/sietmvb89/web/sieuthibeyeu.vn/public_html/system/CodeIgniter.php(335): CodeIgniter\CodeIgniter->handleRequest()
#10 /home/sietmvb89/web/sieuthibeyeu.vn/public_html/index.php(43): CodeIgniter\CodeIgniter->run()
#11 {main}
ERROR - 2022-06-22 15:41:01 --> mysqli_sql_exception: Table 'sietmvb89_db.tbl_brand' doesn't exist in /home/sietmvb89/web/sieuthibeyeu.vn/public_html/system/Database/MySQLi/Connection.php:314
Stack trace:
#0 /home/sietmvb89/web/sieuthibeyeu.vn/public_html/system/Database/MySQLi/Connection.php(314): mysqli->query()
#1 /home/sietmvb89/web/sieuthibeyeu.vn/public_html/system/Database/BaseConnection.php(713): CodeIgniter\Database\MySQLi\Connection->execute()
#2 /home/sietmvb89/web/sieuthibeyeu.vn/public_html/system/Database/BaseConnection.php(641): CodeIgniter\Database\BaseConnection->simpleQuery()
#3 /home/sietmvb89/web/sieuthibeyeu.vn/public_html/system/Database/BaseBuilder.php(1866): CodeIgniter\Database\BaseConnection->query()
#4 /home/sietmvb89/web/sieuthibeyeu.vn/public_html/app/Models/MyModels.php(126): CodeIgniter\Database\BaseBuilder->get()
#5 /home/sietmvb89/web/sieuthibeyeu.vn/public_html/app/Controllers/Route.php(307): App\Models\MyModels->full_query()
#6 /home/sietmvb89/web/sieuthibeyeu.vn/public_html/app/Controllers/Route.php(61): App\Controllers\Route->cate_product()
#7 /home/sietmvb89/web/sieuthibeyeu.vn/public_html/system/CodeIgniter.php(938): App\Controllers\Route->index()
#8 /home/sietmvb89/web/sieuthibeyeu.vn/public_html/system/CodeIgniter.php(434): CodeIgniter\CodeIgniter->runController()
#9 /home/sietmvb89/web/sieuthibeyeu.vn/public_html/system/CodeIgniter.php(335): CodeIgniter\CodeIgniter->handleRequest()
#10 /home/sietmvb89/web/sieuthibeyeu.vn/public_html/index.php(43): CodeIgniter\CodeIgniter->run()
#11 {main}
ERROR - 2022-06-22 15:51:45 --> mysqli_sql_exception: Table 'sietmvb89_db.tbl_product_slogan' doesn't exist in /home/sietmvb89/web/sieuthibeyeu.vn/public_html/system/Database/MySQLi/Connection.php:314
Stack trace:
#0 /home/sietmvb89/web/sieuthibeyeu.vn/public_html/system/Database/MySQLi/Connection.php(314): mysqli->query()
#1 /home/sietmvb89/web/sieuthibeyeu.vn/public_html/system/Database/BaseConnection.php(713): CodeIgniter\Database\MySQLi\Connection->execute()
#2 /home/sietmvb89/web/sieuthibeyeu.vn/public_html/system/Database/BaseConnection.php(641): CodeIgniter\Database\BaseConnection->simpleQuery()
#3 /home/sietmvb89/web/sieuthibeyeu.vn/public_html/system/Database/BaseBuilder.php(1866): CodeIgniter\Database\BaseConnection->query()
#4 /home/sietmvb89/web/sieuthibeyeu.vn/public_html/app/Models/MyModels.php(126): CodeIgniter\Database\BaseBuilder->get()
#5 /home/sietmvb89/web/sieuthibeyeu.vn/public_html/app/Controllers/Route.php(469): App\Models\MyModels->full_query()
#6 /home/sietmvb89/web/sieuthibeyeu.vn/public_html/app/Controllers/Route.php(65): App\Controllers\Route->product()
#7 /home/sietmvb89/web/sieuthibeyeu.vn/public_html/system/CodeIgniter.php(938): App\Controllers\Route->index()
#8 /home/sietmvb89/web/sieuthibeyeu.vn/public_html/system/CodeIgniter.php(434): CodeIgniter\CodeIgniter->runController()
#9 /home/sietmvb89/web/sieuthibeyeu.vn/public_html/system/CodeIgniter.php(335): CodeIgniter\CodeIgniter->handleRequest()
#10 /home/sietmvb89/web/sieuthibeyeu.vn/public_html/index.php(43): CodeIgniter\CodeIgniter->run()
#11 {main}
ERROR - 2022-06-22 15:51:45 --> mysqli_sql_exception: Table 'sietmvb89_db.tbl_brand' doesn't exist in /home/sietmvb89/web/sieuthibeyeu.vn/public_html/system/Database/MySQLi/Connection.php:314
Stack trace:
#0 /home/sietmvb89/web/sieuthibeyeu.vn/public_html/system/Database/MySQLi/Connection.php(314): mysqli->query()
#1 /home/sietmvb89/web/sieuthibeyeu.vn/public_html/system/Database/BaseConnection.php(713): CodeIgniter\Database\MySQLi\Connection->execute()
#2 /home/sietmvb89/web/sieuthibeyeu.vn/public_html/system/Database/BaseConnection.php(641): CodeIgniter\Database\BaseConnection->simpleQuery()
#3 /home/sietmvb89/web/sieuthibeyeu.vn/public_html/system/Database/BaseBuilder.php(1866): CodeIgniter\Database\BaseConnection->query()
#4 /home/sietmvb89/web/sieuthibeyeu.vn/public_html/app/Models/MyModels.php(126): CodeIgniter\Database\BaseBuilder->get()
#5 /home/sietmvb89/web/sieuthibeyeu.vn/public_html/app/Controllers/Route.php(476): App\Models\MyModels->full_query()
#6 /home/sietmvb89/web/sieuthibeyeu.vn/public_html/app/Controllers/Route.php(65): App\Controllers\Route->product()
#7 /home/sietmvb89/web/sieuthibeyeu.vn/public_html/system/CodeIgniter.php(938): App\Controllers\Route->index()
#8 /home/sietmvb89/web/sieuthibeyeu.vn/public_html/system/CodeIgniter.php(434): CodeIgniter\CodeIgniter->runController()
#9 /home/sietmvb89/web/sieuthibeyeu.vn/public_html/system/CodeIgniter.php(335): CodeIgniter\CodeIgniter->handleRequest()
#10 /home/sietmvb89/web/sieuthibeyeu.vn/public_html/index.php(43): CodeIgniter\CodeIgniter->run()
#11 {main}
ERROR - 2022-06-22 16:07:27 --> mysqli_sql_exception: Table 'sietmvb89_db.tbl_product_slogan' doesn't exist in /home/sietmvb89/web/sieuthibeyeu.vn/public_html/system/Database/MySQLi/Connection.php:314
Stack trace:
#0 /home/sietmvb89/web/sieuthibeyeu.vn/public_html/system/Database/MySQLi/Connection.php(314): mysqli->query()
#1 /home/sietmvb89/web/sieuthibeyeu.vn/public_html/system/Database/BaseConnection.php(713): CodeIgniter\Database\MySQLi\Connection->execute()
#2 /home/sietmvb89/web/sieuthibeyeu.vn/public_html/system/Database/BaseConnection.php(641): CodeIgniter\Database\BaseConnection->simpleQuery()
#3 /home/sietmvb89/web/sieuthibeyeu.vn/public_html/system/Database/BaseBuilder.php(1866): CodeIgniter\Database\BaseConnection->query()
#4 /home/sietmvb89/web/sieuthibeyeu.vn/public_html/app/Models/MyModels.php(126): CodeIgniter\Database\BaseBuilder->get()
#5 /home/sietmvb89/web/sieuthibeyeu.vn/public_html/app/Controllers/Route.php(469): App\Models\MyModels->full_query()
#6 /home/sietmvb89/web/sieuthibeyeu.vn/public_html/app/Controllers/Route.php(65): App\Controllers\Route->product()
#7 /home/sietmvb89/web/sieuthibeyeu.vn/public_html/system/CodeIgniter.php(938): App\Controllers\Route->index()
#8 /home/sietmvb89/web/sieuthibeyeu.vn/public_html/system/CodeIgniter.php(434): CodeIgniter\CodeIgniter->runController()
#9 /home/sietmvb89/web/sieuthibeyeu.vn/public_html/system/CodeIgniter.php(335): CodeIgniter\CodeIgniter->handleRequest()
#10 /home/sietmvb89/web/sieuthibeyeu.vn/public_html/index.php(43): CodeIgniter\CodeIgniter->run()
#11 {main}
ERROR - 2022-06-22 16:07:27 --> mysqli_sql_exception: Table 'sietmvb89_db.tbl_brand' doesn't exist in /home/sietmvb89/web/sieuthibeyeu.vn/public_html/system/Database/MySQLi/Connection.php:314
Stack trace:
#0 /home/sietmvb89/web/sieuthibeyeu.vn/public_html/system/Database/MySQLi/Connection.php(314): mysqli->query()
#1 /home/sietmvb89/web/sieuthibeyeu.vn/public_html/system/Database/BaseConnection.php(713): CodeIgniter\Database\MySQLi\Connection->execute()
#2 /home/sietmvb89/web/sieuthibeyeu.vn/public_html/system/Database/BaseConnection.php(641): CodeIgniter\Database\BaseConnection->simpleQuery()
#3 /home/sietmvb89/web/sieuthibeyeu.vn/public_html/system/Database/BaseBuilder.php(1866): CodeIgniter\Database\BaseConnection->query()
#4 /home/sietmvb89/web/sieuthibeyeu.vn/public_html/app/Models/MyModels.php(126): CodeIgniter\Database\BaseBuilder->get()
#5 /home/sietmvb89/web/sieuthibeyeu.vn/public_html/app/Controllers/Route.php(476): App\Models\MyModels->full_query()
#6 /home/sietmvb89/web/sieuthibeyeu.vn/public_html/app/Controllers/Route.php(65): App\Controllers\Route->product()
#7 /home/sietmvb89/web/sieuthibeyeu.vn/public_html/system/CodeIgniter.php(938): App\Controllers\Route->index()
#8 /home/sietmvb89/web/sieuthibeyeu.vn/public_html/system/CodeIgniter.php(434): CodeIgniter\CodeIgniter->runController()
#9 /home/sietmvb89/web/sieuthibeyeu.vn/public_html/system/CodeIgniter.php(335): CodeIgniter\CodeIgniter->handleRequest()
#10 /home/sietmvb89/web/sieuthibeyeu.vn/public_html/index.php(43): CodeIgniter\CodeIgniter->run()
#11 {main}
ERROR - 2022-06-22 16:34:10 --> mysqli_sql_exception: You have an error in your SQL syntax; check the manual that corresponds to your MariaDB server version for the right syntax to use near ')
ORDER BY `id` desc' at line 3 in /home/sietmvb89/web/sieuthibeyeu.vn/public_html/system/Database/MySQLi/Connection.php:314
Stack trace:
#0 /home/sietmvb89/web/sieuthibeyeu.vn/public_html/system/Database/MySQLi/Connection.php(314): mysqli->query()
#1 /home/sietmvb89/web/sieuthibeyeu.vn/public_html/system/Database/BaseConnection.php(713): CodeIgniter\Database\MySQLi\Connection->execute()
#2 /home/sietmvb89/web/sieuthibeyeu.vn/public_html/system/Database/BaseConnection.php(641): CodeIgniter\Database\BaseConnection->simpleQuery()
#3 /home/sietmvb89/web/sieuthibeyeu.vn/public_html/system/Database/BaseBuilder.php(1866): CodeIgniter\Database\BaseConnection->query()
#4 /home/sietmvb89/web/sieuthibeyeu.vn/public_html/app/Models/MyModels.php(126): CodeIgniter\Database\BaseBuilder->get()
#5 /home/sietmvb89/web/sieuthibeyeu.vn/public_html/app/Controllers/Route.php(307): App\Models\MyModels->full_query()
#6 /home/sietmvb89/web/sieuthibeyeu.vn/public_html/app/Controllers/Route.php(61): App\Controllers\Route->cate_product()
#7 /home/sietmvb89/web/sieuthibeyeu.vn/public_html/system/CodeIgniter.php(938): App\Controllers\Route->index()
#8 /home/sietmvb89/web/sieuthibeyeu.vn/public_html/system/CodeIgniter.php(434): CodeIgniter\CodeIgniter->runController()
#9 /home/sietmvb89/web/sieuthibeyeu.vn/public_html/system/CodeIgniter.php(335): CodeIgniter\CodeIgniter->handleRequest()
#10 /home/sietmvb89/web/sieuthibeyeu.vn/public_html/index.php(43): CodeIgniter\CodeIgniter->run()
#11 {main}
ERROR - 2022-06-22 17:20:13 --> mysqli_sql_exception: Table 'sietmvb89_db.tbl_brand' doesn't exist in /home/sietmvb89/web/sieuthibeyeu.vn/public_html/system/Database/MySQLi/Connection.php:314
Stack trace:
#0 /home/sietmvb89/web/sieuthibeyeu.vn/public_html/system/Database/MySQLi/Connection.php(314): mysqli->query()
#1 /home/sietmvb89/web/sieuthibeyeu.vn/public_html/system/Database/BaseConnection.php(713): CodeIgniter\Database\MySQLi\Connection->execute()
#2 /home/sietmvb89/web/sieuthibeyeu.vn/public_html/system/Database/BaseConnection.php(641): CodeIgniter\Database\BaseConnection->simpleQuery()
#3 /home/sietmvb89/web/sieuthibeyeu.vn/public_html/system/Database/BaseBuilder.php(1866): CodeIgniter\Database\BaseConnection->query()
#4 /home/sietmvb89/web/sieuthibeyeu.vn/public_html/app/Models/MyModels.php(126): CodeIgniter\Database\BaseBuilder->get()
#5 /home/sietmvb89/web/sieuthibeyeu.vn/public_html/app/Controllers/Route.php(307): App\Models\MyModels->full_query()
#6 /home/sietmvb89/web/sieuthibeyeu.vn/public_html/app/Controllers/Route.php(61): App\Controllers\Route->cate_product()
#7 /home/sietmvb89/web/sieuthibeyeu.vn/public_html/system/CodeIgniter.php(938): App\Controllers\Route->index()
#8 /home/sietmvb89/web/sieuthibeyeu.vn/public_html/system/CodeIgniter.php(434): CodeIgniter\CodeIgniter->runController()
#9 /home/sietmvb89/web/sieuthibeyeu.vn/public_html/system/CodeIgniter.php(335): CodeIgniter\CodeIgniter->handleRequest()
#10 /home/sietmvb89/web/sieuthibeyeu.vn/public_html/index.php(43): CodeIgniter\CodeIgniter->run()
#11 {main}
ERROR - 2022-06-22 17:23:02 --> mysqli_sql_exception: Table 'sietmvb89_db.tbl_brand' doesn't exist in /home/sietmvb89/web/sieuthibeyeu.vn/public_html/system/Database/MySQLi/Connection.php:314
Stack trace:
#0 /home/sietmvb89/web/sieuthibeyeu.vn/public_html/system/Database/MySQLi/Connection.php(314): mysqli->query()
#1 /home/sietmvb89/web/sieuthibeyeu.vn/public_html/system/Database/BaseConnection.php(713): CodeIgniter\Database\MySQLi\Connection->execute()
#2 /home/sietmvb89/web/sieuthibeyeu.vn/public_html/system/Database/BaseConnection.php(641): CodeIgniter\Database\BaseConnection->simpleQuery()
#3 /home/sietmvb89/web/sieuthibeyeu.vn/public_html/system/Database/BaseBuilder.php(1866): CodeIgniter\Database\BaseConnection->query()
#4 /home/sietmvb89/web/sieuthibeyeu.vn/public_html/app/Models/MyModels.php(126): CodeIgniter\Database\BaseBuilder->get()
#5 /home/sietmvb89/web/sieuthibeyeu.vn/public_html/app/Controllers/Route.php(307): App\Models\MyModels->full_query()
#6 /home/sietmvb89/web/sieuthibeyeu.vn/public_html/app/Controllers/Route.php(61): App\Controllers\Route->cate_product()
#7 /home/sietmvb89/web/sieuthibeyeu.vn/public_html/system/CodeIgniter.php(938): App\Controllers\Route->index()
#8 /home/sietmvb89/web/sieuthibeyeu.vn/public_html/system/CodeIgniter.php(434): CodeIgniter\CodeIgniter->runController()
#9 /home/sietmvb89/web/sieuthibeyeu.vn/public_html/system/CodeIgniter.php(335): CodeIgniter\CodeIgniter->handleRequest()
#10 /home/sietmvb89/web/sieuthibeyeu.vn/public_html/index.php(43): CodeIgniter\CodeIgniter->run()
#11 {main}
ERROR - 2022-06-22 17:23:02 --> mysqli_sql_exception: You have an error in your SQL syntax; check the manual that corresponds to your MariaDB server version for the right syntax to use near ')
ORDER BY `id` desc' at line 3 in /home/sietmvb89/web/sieuthibeyeu.vn/public_html/system/Database/MySQLi/Connection.php:314
Stack trace:
#0 /home/sietmvb89/web/sieuthibeyeu.vn/public_html/system/Database/MySQLi/Connection.php(314): mysqli->query()
#1 /home/sietmvb89/web/sieuthibeyeu.vn/public_html/system/Database/BaseConnection.php(713): CodeIgniter\Database\MySQLi\Connection->execute()
#2 /home/sietmvb89/web/sieuthibeyeu.vn/public_html/system/Database/BaseConnection.php(641): CodeIgniter\Database\BaseConnection->simpleQuery()
#3 /home/sietmvb89/web/sieuthibeyeu.vn/public_html/system/Database/BaseBuilder.php(1866): CodeIgniter\Database\BaseConnection->query()
#4 /home/sietmvb89/web/sieuthibeyeu.vn/public_html/app/Models/MyModels.php(126): CodeIgniter\Database\BaseBuilder->get()
#5 /home/sietmvb89/web/sieuthibeyeu.vn/public_html/app/Controllers/Route.php(307): App\Models\MyModels->full_query()
#6 /home/sietmvb89/web/sieuthibeyeu.vn/public_html/app/Controllers/Route.php(61): App\Controllers\Route->cate_product()
#7 /home/sietmvb89/web/sieuthibeyeu.vn/public_html/system/CodeIgniter.php(938): App\Controllers\Route->index()
#8 /home/sietmvb89/web/sieuthibeyeu.vn/public_html/system/CodeIgniter.php(434): CodeIgniter\CodeIgniter->runController()
#9 /home/sietmvb89/web/sieuthibeyeu.vn/public_html/system/CodeIgniter.php(335): CodeIgniter\CodeIgniter->handleRequest()
#10 /home/sietmvb89/web/sieuthibeyeu.vn/public_html/index.php(43): CodeIgniter\CodeIgniter->run()
#11 {main}
ERROR - 2022-06-22 17:23:02 --> mysqli_sql_exception: You have an error in your SQL syntax; check the manual that corresponds to your MariaDB server version for the right syntax to use near ')
ORDER BY `id` desc' at line 3 in /home/sietmvb89/web/sieuthibeyeu.vn/public_html/system/Database/MySQLi/Connection.php:314
Stack trace:
#0 /home/sietmvb89/web/sieuthibeyeu.vn/public_html/system/Database/MySQLi/Connection.php(314): mysqli->query()
#1 /home/sietmvb89/web/sieuthibeyeu.vn/public_html/system/Database/BaseConnection.php(713): CodeIgniter\Database\MySQLi\Connection->execute()
#2 /home/sietmvb89/web/sieuthibeyeu.vn/public_html/system/Database/BaseConnection.php(641): CodeIgniter\Database\BaseConnection->simpleQuery()
#3 /home/sietmvb89/web/sieuthibeyeu.vn/public_html/system/Database/BaseBuilder.php(1866): CodeIgniter\Database\BaseConnection->query()
#4 /home/sietmvb89/web/sieuthibeyeu.vn/public_html/app/Models/MyModels.php(126): CodeIgniter\Database\BaseBuilder->get()
#5 /home/sietmvb89/web/sieuthibeyeu.vn/public_html/app/Controllers/Route.php(307): App\Models\MyModels->full_query()
#6 /home/sietmvb89/web/sieuthibeyeu.vn/public_html/app/Controllers/Route.php(61): App\Controllers\Route->cate_product()
#7 /home/sietmvb89/web/sieuthibeyeu.vn/public_html/system/CodeIgniter.php(938): App\Controllers\Route->index()
#8 /home/sietmvb89/web/sieuthibeyeu.vn/public_html/system/CodeIgniter.php(434): CodeIgniter\CodeIgniter->runController()
#9 /home/sietmvb89/web/sieuthibeyeu.vn/public_html/system/CodeIgniter.php(335): CodeIgniter\CodeIgniter->handleRequest()
#10 /home/sietmvb89/web/sieuthibeyeu.vn/public_html/index.php(43): CodeIgniter\CodeIgniter->run()
#11 {main}
ERROR - 2022-06-22 20:03:36 --> mysqli_sql_exception: Table 'sietmvb89_db.tbl_product_slogan' doesn't exist in /home/sietmvb89/web/sieuthibeyeu.vn/public_html/system/Database/MySQLi/Connection.php:314
Stack trace:
#0 /home/sietmvb89/web/sieuthibeyeu.vn/public_html/system/Database/MySQLi/Connection.php(314): mysqli->query()
#1 /home/sietmvb89/web/sieuthibeyeu.vn/public_html/system/Database/BaseConnection.php(713): CodeIgniter\Database\MySQLi\Connection->execute()
#2 /home/sietmvb89/web/sieuthibeyeu.vn/public_html/system/Database/BaseConnection.php(641): CodeIgniter\Database\BaseConnection->simpleQuery()
#3 /home/sietmvb89/web/sieuthibeyeu.vn/public_html/system/Database/BaseBuilder.php(1866): CodeIgniter\Database\BaseConnection->query()
#4 /home/sietmvb89/web/sieuthibeyeu.vn/public_html/app/Models/MyModels.php(126): CodeIgniter\Database\BaseBuilder->get()
#5 /home/sietmvb89/web/sieuthibeyeu.vn/public_html/app/Controllers/Route.php(469): App\Models\MyModels->full_query()
#6 /home/sietmvb89/web/sieuthibeyeu.vn/public_html/app/Controllers/Route.php(65): App\Controllers\Route->product()
#7 /home/sietmvb89/web/sieuthibeyeu.vn/public_html/system/CodeIgniter.php(938): App\Controllers\Route->index()
#8 /home/sietmvb89/web/sieuthibeyeu.vn/public_html/system/CodeIgniter.php(434): CodeIgniter\CodeIgniter->runController()
#9 /home/sietmvb89/web/sieuthibeyeu.vn/public_html/system/CodeIgniter.php(335): CodeIgniter\CodeIgniter->handleRequest()
#10 /home/sietmvb89/web/sieuthibeyeu.vn/public_html/index.php(43): CodeIgniter\CodeIgniter->run()
#11 {main}
ERROR - 2022-06-22 20:03:36 --> mysqli_sql_exception: Table 'sietmvb89_db.tbl_brand' doesn't exist in /home/sietmvb89/web/sieuthibeyeu.vn/public_html/system/Database/MySQLi/Connection.php:314
Stack trace:
#0 /home/sietmvb89/web/sieuthibeyeu.vn/public_html/system/Database/MySQLi/Connection.php(314): mysqli->query()
#1 /home/sietmvb89/web/sieuthibeyeu.vn/public_html/system/Database/BaseConnection.php(713): CodeIgniter\Database\MySQLi\Connection->execute()
#2 /home/sietmvb89/web/sieuthibeyeu.vn/public_html/system/Database/BaseConnection.php(641): CodeIgniter\Database\BaseConnection->simpleQuery()
#3 /home/sietmvb89/web/sieuthibeyeu.vn/public_html/system/Database/BaseBuilder.php(1866): CodeIgniter\Database\BaseConnection->query()
#4 /home/sietmvb89/web/sieuthibeyeu.vn/public_html/app/Models/MyModels.php(126): CodeIgniter\Database\BaseBuilder->get()
#5 /home/sietmvb89/web/sieuthibeyeu.vn/public_html/app/Controllers/Route.php(476): App\Models\MyModels->full_query()
#6 /home/sietmvb89/web/sieuthibeyeu.vn/public_html/app/Controllers/Route.php(65): App\Controllers\Route->product()
#7 /home/sietmvb89/web/sieuthibeyeu.vn/public_html/system/CodeIgniter.php(938): App\Controllers\Route->index()
#8 /home/sietmvb89/web/sieuthibeyeu.vn/public_html/system/CodeIgniter.php(434): CodeIgniter\CodeIgniter->runController()
#9 /home/sietmvb89/web/sieuthibeyeu.vn/public_html/system/CodeIgniter.php(335): CodeIgniter\CodeIgniter->handleRequest()
#10 /home/sietmvb89/web/sieuthibeyeu.vn/public_html/index.php(43): CodeIgniter\CodeIgniter->run()
#11 {main}
