ERROR - 2022-09-15 00:58:56 --> mysqli_sql_exception: You have an error in your SQL syntax; check the manual that corresponds to your MariaDB server version for the right syntax to use near 'AND `publish` = 1
ORDER BY `id` desc' at line 4 in /home/lanhuo9968/web/lanhuonglip.com/public_html/system/Database/MySQLi/Connection.php:314
Stack trace:
#0 /home/lanhuo9968/web/lanhuonglip.com/public_html/system/Database/MySQLi/Connection.php(314): mysqli->query()
#1 /home/lanhuo9968/web/lanhuonglip.com/public_html/system/Database/BaseConnection.php(713): CodeIgniter\Database\MySQLi\Connection->execute()
#2 /home/lanhuo9968/web/lanhuonglip.com/public_html/system/Database/BaseConnection.php(641): CodeIgniter\Database\BaseConnection->simpleQuery()
#3 /home/lanhuo9968/web/lanhuonglip.com/public_html/system/Database/BaseBuilder.php(1866): CodeIgniter\Database\BaseConnection->query()
#4 /home/lanhuo9968/web/lanhuonglip.com/public_html/app/Models/MyModels.php(657): CodeIgniter\Database\BaseBuilder->get()
#5 /home/lanhuo9968/web/lanhuonglip.com/public_html/app/Controllers/Route.php(193): App\Models\MyModels->findOne()
#6 /home/lanhuo9968/web/lanhuonglip.com/public_html/app/Controllers/Route.php(71): App\Controllers\Route->news()
#7 /home/lanhuo9968/web/lanhuonglip.com/public_html/system/CodeIgniter.php(938): App\Controllers\Route->index()
#8 /home/lanhuo9968/web/lanhuonglip.com/public_html/system/CodeIgniter.php(434): CodeIgniter\CodeIgniter->runController()
#9 /home/lanhuo9968/web/lanhuonglip.com/public_html/system/CodeIgniter.php(335): CodeIgniter\CodeIgniter->handleRequest()
#10 /home/lanhuo9968/web/lanhuonglip.com/public_html/index.php(43): CodeIgniter\CodeIgniter->run()
#11 {main}
ERROR - 2022-09-15 00:58:56 --> mysqli_sql_exception: You have an error in your SQL syntax; check the manual that corresponds to your MariaDB server version for the right syntax to use near 'AND `publish` = 1
ORDER BY `id` asc' at line 4 in /home/lanhuo9968/web/lanhuonglip.com/public_html/system/Database/MySQLi/Connection.php:314
Stack trace:
#0 /home/lanhuo9968/web/lanhuonglip.com/public_html/system/Database/MySQLi/Connection.php(314): mysqli->query()
#1 /home/lanhuo9968/web/lanhuonglip.com/public_html/system/Database/BaseConnection.php(713): CodeIgniter\Database\MySQLi\Connection->execute()
#2 /home/lanhuo9968/web/lanhuonglip.com/public_html/system/Database/BaseConnection.php(641): CodeIgniter\Database\BaseConnection->simpleQuery()
#3 /home/lanhuo9968/web/lanhuonglip.com/public_html/system/Database/BaseBuilder.php(1866): CodeIgniter\Database\BaseConnection->query()
#4 /home/lanhuo9968/web/lanhuonglip.com/public_html/app/Models/MyModels.php(657): CodeIgniter\Database\BaseBuilder->get()
#5 /home/lanhuo9968/web/lanhuonglip.com/public_html/app/Controllers/Route.php(195): App\Models\MyModels->findOne()
#6 /home/lanhuo9968/web/lanhuonglip.com/public_html/app/Controllers/Route.php(71): App\Controllers\Route->news()
#7 /home/lanhuo9968/web/lanhuonglip.com/public_html/system/CodeIgniter.php(938): App\Controllers\Route->index()
#8 /home/lanhuo9968/web/lanhuonglip.com/public_html/system/CodeIgniter.php(434): CodeIgniter\CodeIgniter->runController()
#9 /home/lanhuo9968/web/lanhuonglip.com/public_html/system/CodeIgniter.php(335): CodeIgniter\CodeIgniter->handleRequest()
#10 /home/lanhuo9968/web/lanhuonglip.com/public_html/index.php(43): CodeIgniter\CodeIgniter->run()
#11 {main}
ERROR - 2022-09-15 02:49:27 --> mysqli_sql_exception: You have an error in your SQL syntax; check the manual that corresponds to your MariaDB server version for the right syntax to use near 'AND `publish` = 1
ORDER BY `id` desc' at line 4 in /home/lanhuo9968/web/lanhuonglip.com/public_html/system/Database/MySQLi/Connection.php:314
Stack trace:
#0 /home/lanhuo9968/web/lanhuonglip.com/public_html/system/Database/MySQLi/Connection.php(314): mysqli->query()
#1 /home/lanhuo9968/web/lanhuonglip.com/public_html/system/Database/BaseConnection.php(713): CodeIgniter\Database\MySQLi\Connection->execute()
#2 /home/lanhuo9968/web/lanhuonglip.com/public_html/system/Database/BaseConnection.php(641): CodeIgniter\Database\BaseConnection->simpleQuery()
#3 /home/lanhuo9968/web/lanhuonglip.com/public_html/system/Database/BaseBuilder.php(1866): CodeIgniter\Database\BaseConnection->query()
#4 /home/lanhuo9968/web/lanhuonglip.com/public_html/app/Models/MyModels.php(657): CodeIgniter\Database\BaseBuilder->get()
#5 /home/lanhuo9968/web/lanhuonglip.com/public_html/app/Controllers/Route.php(193): App\Models\MyModels->findOne()
#6 /home/lanhuo9968/web/lanhuonglip.com/public_html/app/Controllers/Route.php(71): App\Controllers\Route->news()
#7 /home/lanhuo9968/web/lanhuonglip.com/public_html/system/CodeIgniter.php(938): App\Controllers\Route->index()
#8 /home/lanhuo9968/web/lanhuonglip.com/public_html/system/CodeIgniter.php(434): CodeIgniter\CodeIgniter->runController()
#9 /home/lanhuo9968/web/lanhuonglip.com/public_html/system/CodeIgniter.php(335): CodeIgniter\CodeIgniter->handleRequest()
#10 /home/lanhuo9968/web/lanhuonglip.com/public_html/index.php(43): CodeIgniter\CodeIgniter->run()
#11 {main}
ERROR - 2022-09-15 02:49:27 --> mysqli_sql_exception: You have an error in your SQL syntax; check the manual that corresponds to your MariaDB server version for the right syntax to use near 'AND `publish` = 1
ORDER BY `id` asc' at line 4 in /home/lanhuo9968/web/lanhuonglip.com/public_html/system/Database/MySQLi/Connection.php:314
Stack trace:
#0 /home/lanhuo9968/web/lanhuonglip.com/public_html/system/Database/MySQLi/Connection.php(314): mysqli->query()
#1 /home/lanhuo9968/web/lanhuonglip.com/public_html/system/Database/BaseConnection.php(713): CodeIgniter\Database\MySQLi\Connection->execute()
#2 /home/lanhuo9968/web/lanhuonglip.com/public_html/system/Database/BaseConnection.php(641): CodeIgniter\Database\BaseConnection->simpleQuery()
#3 /home/lanhuo9968/web/lanhuonglip.com/public_html/system/Database/BaseBuilder.php(1866): CodeIgniter\Database\BaseConnection->query()
#4 /home/lanhuo9968/web/lanhuonglip.com/public_html/app/Models/MyModels.php(657): CodeIgniter\Database\BaseBuilder->get()
#5 /home/lanhuo9968/web/lanhuonglip.com/public_html/app/Controllers/Route.php(195): App\Models\MyModels->findOne()
#6 /home/lanhuo9968/web/lanhuonglip.com/public_html/app/Controllers/Route.php(71): App\Controllers\Route->news()
#7 /home/lanhuo9968/web/lanhuonglip.com/public_html/system/CodeIgniter.php(938): App\Controllers\Route->index()
#8 /home/lanhuo9968/web/lanhuonglip.com/public_html/system/CodeIgniter.php(434): CodeIgniter\CodeIgniter->runController()
#9 /home/lanhuo9968/web/lanhuonglip.com/public_html/system/CodeIgniter.php(335): CodeIgniter\CodeIgniter->handleRequest()
#10 /home/lanhuo9968/web/lanhuonglip.com/public_html/index.php(43): CodeIgniter\CodeIgniter->run()
#11 {main}
ERROR - 2022-09-15 03:25:44 --> mysqli_sql_exception: You have an error in your SQL syntax; check the manual that corresponds to your MariaDB server version for the right syntax to use near 'AND `publish` = 1
ORDER BY `id` desc' at line 4 in /home/lanhuo9968/web/lanhuonglip.com/public_html/system/Database/MySQLi/Connection.php:314
Stack trace:
#0 /home/lanhuo9968/web/lanhuonglip.com/public_html/system/Database/MySQLi/Connection.php(314): mysqli->query()
#1 /home/lanhuo9968/web/lanhuonglip.com/public_html/system/Database/BaseConnection.php(713): CodeIgniter\Database\MySQLi\Connection->execute()
#2 /home/lanhuo9968/web/lanhuonglip.com/public_html/system/Database/BaseConnection.php(641): CodeIgniter\Database\BaseConnection->simpleQuery()
#3 /home/lanhuo9968/web/lanhuonglip.com/public_html/system/Database/BaseBuilder.php(1866): CodeIgniter\Database\BaseConnection->query()
#4 /home/lanhuo9968/web/lanhuonglip.com/public_html/app/Models/MyModels.php(657): CodeIgniter\Database\BaseBuilder->get()
#5 /home/lanhuo9968/web/lanhuonglip.com/public_html/app/Controllers/Route.php(193): App\Models\MyModels->findOne()
#6 /home/lanhuo9968/web/lanhuonglip.com/public_html/app/Controllers/Route.php(71): App\Controllers\Route->news()
#7 /home/lanhuo9968/web/lanhuonglip.com/public_html/system/CodeIgniter.php(938): App\Controllers\Route->index()
#8 /home/lanhuo9968/web/lanhuonglip.com/public_html/system/CodeIgniter.php(434): CodeIgniter\CodeIgniter->runController()
#9 /home/lanhuo9968/web/lanhuonglip.com/public_html/system/CodeIgniter.php(335): CodeIgniter\CodeIgniter->handleRequest()
#10 /home/lanhuo9968/web/lanhuonglip.com/public_html/index.php(43): CodeIgniter\CodeIgniter->run()
#11 {main}
ERROR - 2022-09-15 03:25:44 --> mysqli_sql_exception: You have an error in your SQL syntax; check the manual that corresponds to your MariaDB server version for the right syntax to use near 'AND `publish` = 1
ORDER BY `id` asc' at line 4 in /home/lanhuo9968/web/lanhuonglip.com/public_html/system/Database/MySQLi/Connection.php:314
Stack trace:
#0 /home/lanhuo9968/web/lanhuonglip.com/public_html/system/Database/MySQLi/Connection.php(314): mysqli->query()
#1 /home/lanhuo9968/web/lanhuonglip.com/public_html/system/Database/BaseConnection.php(713): CodeIgniter\Database\MySQLi\Connection->execute()
#2 /home/lanhuo9968/web/lanhuonglip.com/public_html/system/Database/BaseConnection.php(641): CodeIgniter\Database\BaseConnection->simpleQuery()
#3 /home/lanhuo9968/web/lanhuonglip.com/public_html/system/Database/BaseBuilder.php(1866): CodeIgniter\Database\BaseConnection->query()
#4 /home/lanhuo9968/web/lanhuonglip.com/public_html/app/Models/MyModels.php(657): CodeIgniter\Database\BaseBuilder->get()
#5 /home/lanhuo9968/web/lanhuonglip.com/public_html/app/Controllers/Route.php(195): App\Models\MyModels->findOne()
#6 /home/lanhuo9968/web/lanhuonglip.com/public_html/app/Controllers/Route.php(71): App\Controllers\Route->news()
#7 /home/lanhuo9968/web/lanhuonglip.com/public_html/system/CodeIgniter.php(938): App\Controllers\Route->index()
#8 /home/lanhuo9968/web/lanhuonglip.com/public_html/system/CodeIgniter.php(434): CodeIgniter\CodeIgniter->runController()
#9 /home/lanhuo9968/web/lanhuonglip.com/public_html/system/CodeIgniter.php(335): CodeIgniter\CodeIgniter->handleRequest()
#10 /home/lanhuo9968/web/lanhuonglip.com/public_html/index.php(43): CodeIgniter\CodeIgniter->run()
#11 {main}
ERROR - 2022-09-15 07:15:41 --> mysqli_sql_exception: You have an error in your SQL syntax; check the manual that corresponds to your MariaDB server version for the right syntax to use near 'AND `publish` = 1
ORDER BY `id` desc' at line 4 in /home/lanhuo9968/web/lanhuonglip.com/public_html/system/Database/MySQLi/Connection.php:314
Stack trace:
#0 /home/lanhuo9968/web/lanhuonglip.com/public_html/system/Database/MySQLi/Connection.php(314): mysqli->query()
#1 /home/lanhuo9968/web/lanhuonglip.com/public_html/system/Database/BaseConnection.php(713): CodeIgniter\Database\MySQLi\Connection->execute()
#2 /home/lanhuo9968/web/lanhuonglip.com/public_html/system/Database/BaseConnection.php(641): CodeIgniter\Database\BaseConnection->simpleQuery()
#3 /home/lanhuo9968/web/lanhuonglip.com/public_html/system/Database/BaseBuilder.php(1866): CodeIgniter\Database\BaseConnection->query()
#4 /home/lanhuo9968/web/lanhuonglip.com/public_html/app/Models/MyModels.php(657): CodeIgniter\Database\BaseBuilder->get()
#5 /home/lanhuo9968/web/lanhuonglip.com/public_html/app/Controllers/Route.php(193): App\Models\MyModels->findOne()
#6 /home/lanhuo9968/web/lanhuonglip.com/public_html/app/Controllers/Route.php(71): App\Controllers\Route->news()
#7 /home/lanhuo9968/web/lanhuonglip.com/public_html/system/CodeIgniter.php(938): App\Controllers\Route->index()
#8 /home/lanhuo9968/web/lanhuonglip.com/public_html/system/CodeIgniter.php(434): CodeIgniter\CodeIgniter->runController()
#9 /home/lanhuo9968/web/lanhuonglip.com/public_html/system/CodeIgniter.php(335): CodeIgniter\CodeIgniter->handleRequest()
#10 /home/lanhuo9968/web/lanhuonglip.com/public_html/index.php(43): CodeIgniter\CodeIgniter->run()
#11 {main}
ERROR - 2022-09-15 07:15:41 --> mysqli_sql_exception: You have an error in your SQL syntax; check the manual that corresponds to your MariaDB server version for the right syntax to use near 'AND `publish` = 1
ORDER BY `id` asc' at line 4 in /home/lanhuo9968/web/lanhuonglip.com/public_html/system/Database/MySQLi/Connection.php:314
Stack trace:
#0 /home/lanhuo9968/web/lanhuonglip.com/public_html/system/Database/MySQLi/Connection.php(314): mysqli->query()
#1 /home/lanhuo9968/web/lanhuonglip.com/public_html/system/Database/BaseConnection.php(713): CodeIgniter\Database\MySQLi\Connection->execute()
#2 /home/lanhuo9968/web/lanhuonglip.com/public_html/system/Database/BaseConnection.php(641): CodeIgniter\Database\BaseConnection->simpleQuery()
#3 /home/lanhuo9968/web/lanhuonglip.com/public_html/system/Database/BaseBuilder.php(1866): CodeIgniter\Database\BaseConnection->query()
#4 /home/lanhuo9968/web/lanhuonglip.com/public_html/app/Models/MyModels.php(657): CodeIgniter\Database\BaseBuilder->get()
#5 /home/lanhuo9968/web/lanhuonglip.com/public_html/app/Controllers/Route.php(195): App\Models\MyModels->findOne()
#6 /home/lanhuo9968/web/lanhuonglip.com/public_html/app/Controllers/Route.php(71): App\Controllers\Route->news()
#7 /home/lanhuo9968/web/lanhuonglip.com/public_html/system/CodeIgniter.php(938): App\Controllers\Route->index()
#8 /home/lanhuo9968/web/lanhuonglip.com/public_html/system/CodeIgniter.php(434): CodeIgniter\CodeIgniter->runController()
#9 /home/lanhuo9968/web/lanhuonglip.com/public_html/system/CodeIgniter.php(335): CodeIgniter\CodeIgniter->handleRequest()
#10 /home/lanhuo9968/web/lanhuonglip.com/public_html/index.php(43): CodeIgniter\CodeIgniter->run()
#11 {main}
ERROR - 2022-09-15 08:26:00 --> mysqli_sql_exception: You have an error in your SQL syntax; check the manual that corresponds to your MariaDB server version for the right syntax to use near 'AND `publish` = 1
ORDER BY `id` desc' at line 4 in /home/lanhuo9968/web/lanhuonglip.com/public_html/system/Database/MySQLi/Connection.php:314
Stack trace:
#0 /home/lanhuo9968/web/lanhuonglip.com/public_html/system/Database/MySQLi/Connection.php(314): mysqli->query()
#1 /home/lanhuo9968/web/lanhuonglip.com/public_html/system/Database/BaseConnection.php(713): CodeIgniter\Database\MySQLi\Connection->execute()
#2 /home/lanhuo9968/web/lanhuonglip.com/public_html/system/Database/BaseConnection.php(641): CodeIgniter\Database\BaseConnection->simpleQuery()
#3 /home/lanhuo9968/web/lanhuonglip.com/public_html/system/Database/BaseBuilder.php(1866): CodeIgniter\Database\BaseConnection->query()
#4 /home/lanhuo9968/web/lanhuonglip.com/public_html/app/Models/MyModels.php(657): CodeIgniter\Database\BaseBuilder->get()
#5 /home/lanhuo9968/web/lanhuonglip.com/public_html/app/Controllers/Route.php(193): App\Models\MyModels->findOne()
#6 /home/lanhuo9968/web/lanhuonglip.com/public_html/app/Controllers/Route.php(71): App\Controllers\Route->news()
#7 /home/lanhuo9968/web/lanhuonglip.com/public_html/system/CodeIgniter.php(938): App\Controllers\Route->index()
#8 /home/lanhuo9968/web/lanhuonglip.com/public_html/system/CodeIgniter.php(434): CodeIgniter\CodeIgniter->runController()
#9 /home/lanhuo9968/web/lanhuonglip.com/public_html/system/CodeIgniter.php(335): CodeIgniter\CodeIgniter->handleRequest()
#10 /home/lanhuo9968/web/lanhuonglip.com/public_html/index.php(43): CodeIgniter\CodeIgniter->run()
#11 {main}
ERROR - 2022-09-15 08:26:00 --> mysqli_sql_exception: You have an error in your SQL syntax; check the manual that corresponds to your MariaDB server version for the right syntax to use near 'AND `publish` = 1
ORDER BY `id` asc' at line 4 in /home/lanhuo9968/web/lanhuonglip.com/public_html/system/Database/MySQLi/Connection.php:314
Stack trace:
#0 /home/lanhuo9968/web/lanhuonglip.com/public_html/system/Database/MySQLi/Connection.php(314): mysqli->query()
#1 /home/lanhuo9968/web/lanhuonglip.com/public_html/system/Database/BaseConnection.php(713): CodeIgniter\Database\MySQLi\Connection->execute()
#2 /home/lanhuo9968/web/lanhuonglip.com/public_html/system/Database/BaseConnection.php(641): CodeIgniter\Database\BaseConnection->simpleQuery()
#3 /home/lanhuo9968/web/lanhuonglip.com/public_html/system/Database/BaseBuilder.php(1866): CodeIgniter\Database\BaseConnection->query()
#4 /home/lanhuo9968/web/lanhuonglip.com/public_html/app/Models/MyModels.php(657): CodeIgniter\Database\BaseBuilder->get()
#5 /home/lanhuo9968/web/lanhuonglip.com/public_html/app/Controllers/Route.php(195): App\Models\MyModels->findOne()
#6 /home/lanhuo9968/web/lanhuonglip.com/public_html/app/Controllers/Route.php(71): App\Controllers\Route->news()
#7 /home/lanhuo9968/web/lanhuonglip.com/public_html/system/CodeIgniter.php(938): App\Controllers\Route->index()
#8 /home/lanhuo9968/web/lanhuonglip.com/public_html/system/CodeIgniter.php(434): CodeIgniter\CodeIgniter->runController()
#9 /home/lanhuo9968/web/lanhuonglip.com/public_html/system/CodeIgniter.php(335): CodeIgniter\CodeIgniter->handleRequest()
#10 /home/lanhuo9968/web/lanhuonglip.com/public_html/index.php(43): CodeIgniter\CodeIgniter->run()
#11 {main}
ERROR - 2022-09-15 08:44:38 --> mysqli_sql_exception: You have an error in your SQL syntax; check the manual that corresponds to your MariaDB server version for the right syntax to use near 'AND `publish` = 1
ORDER BY `id` desc' at line 4 in /home/lanhuo9968/web/lanhuonglip.com/public_html/system/Database/MySQLi/Connection.php:314
Stack trace:
#0 /home/lanhuo9968/web/lanhuonglip.com/public_html/system/Database/MySQLi/Connection.php(314): mysqli->query()
#1 /home/lanhuo9968/web/lanhuonglip.com/public_html/system/Database/BaseConnection.php(713): CodeIgniter\Database\MySQLi\Connection->execute()
#2 /home/lanhuo9968/web/lanhuonglip.com/public_html/system/Database/BaseConnection.php(641): CodeIgniter\Database\BaseConnection->simpleQuery()
#3 /home/lanhuo9968/web/lanhuonglip.com/public_html/system/Database/BaseBuilder.php(1866): CodeIgniter\Database\BaseConnection->query()
#4 /home/lanhuo9968/web/lanhuonglip.com/public_html/app/Models/MyModels.php(657): CodeIgniter\Database\BaseBuilder->get()
#5 /home/lanhuo9968/web/lanhuonglip.com/public_html/app/Controllers/Route.php(193): App\Models\MyModels->findOne()
#6 /home/lanhuo9968/web/lanhuonglip.com/public_html/app/Controllers/Route.php(71): App\Controllers\Route->news()
#7 /home/lanhuo9968/web/lanhuonglip.com/public_html/system/CodeIgniter.php(938): App\Controllers\Route->index()
#8 /home/lanhuo9968/web/lanhuonglip.com/public_html/system/CodeIgniter.php(434): CodeIgniter\CodeIgniter->runController()
#9 /home/lanhuo9968/web/lanhuonglip.com/public_html/system/CodeIgniter.php(335): CodeIgniter\CodeIgniter->handleRequest()
#10 /home/lanhuo9968/web/lanhuonglip.com/public_html/index.php(43): CodeIgniter\CodeIgniter->run()
#11 {main}
ERROR - 2022-09-15 08:44:38 --> mysqli_sql_exception: You have an error in your SQL syntax; check the manual that corresponds to your MariaDB server version for the right syntax to use near 'AND `publish` = 1
ORDER BY `id` asc' at line 4 in /home/lanhuo9968/web/lanhuonglip.com/public_html/system/Database/MySQLi/Connection.php:314
Stack trace:
#0 /home/lanhuo9968/web/lanhuonglip.com/public_html/system/Database/MySQLi/Connection.php(314): mysqli->query()
#1 /home/lanhuo9968/web/lanhuonglip.com/public_html/system/Database/BaseConnection.php(713): CodeIgniter\Database\MySQLi\Connection->execute()
#2 /home/lanhuo9968/web/lanhuonglip.com/public_html/system/Database/BaseConnection.php(641): CodeIgniter\Database\BaseConnection->simpleQuery()
#3 /home/lanhuo9968/web/lanhuonglip.com/public_html/system/Database/BaseBuilder.php(1866): CodeIgniter\Database\BaseConnection->query()
#4 /home/lanhuo9968/web/lanhuonglip.com/public_html/app/Models/MyModels.php(657): CodeIgniter\Database\BaseBuilder->get()
#5 /home/lanhuo9968/web/lanhuonglip.com/public_html/app/Controllers/Route.php(195): App\Models\MyModels->findOne()
#6 /home/lanhuo9968/web/lanhuonglip.com/public_html/app/Controllers/Route.php(71): App\Controllers\Route->news()
#7 /home/lanhuo9968/web/lanhuonglip.com/public_html/system/CodeIgniter.php(938): App\Controllers\Route->index()
#8 /home/lanhuo9968/web/lanhuonglip.com/public_html/system/CodeIgniter.php(434): CodeIgniter\CodeIgniter->runController()
#9 /home/lanhuo9968/web/lanhuonglip.com/public_html/system/CodeIgniter.php(335): CodeIgniter\CodeIgniter->handleRequest()
#10 /home/lanhuo9968/web/lanhuonglip.com/public_html/index.php(43): CodeIgniter\CodeIgniter->run()
#11 {main}
ERROR - 2022-09-15 09:09:14 --> mysqli_sql_exception: You have an error in your SQL syntax; check the manual that corresponds to your MariaDB server version for the right syntax to use near 'AND `publish` = 1
ORDER BY `id` desc' at line 4 in /home/lanhuo9968/web/lanhuonglip.com/public_html/system/Database/MySQLi/Connection.php:314
Stack trace:
#0 /home/lanhuo9968/web/lanhuonglip.com/public_html/system/Database/MySQLi/Connection.php(314): mysqli->query()
#1 /home/lanhuo9968/web/lanhuonglip.com/public_html/system/Database/BaseConnection.php(713): CodeIgniter\Database\MySQLi\Connection->execute()
#2 /home/lanhuo9968/web/lanhuonglip.com/public_html/system/Database/BaseConnection.php(641): CodeIgniter\Database\BaseConnection->simpleQuery()
#3 /home/lanhuo9968/web/lanhuonglip.com/public_html/system/Database/BaseBuilder.php(1866): CodeIgniter\Database\BaseConnection->query()
#4 /home/lanhuo9968/web/lanhuonglip.com/public_html/app/Models/MyModels.php(657): CodeIgniter\Database\BaseBuilder->get()
#5 /home/lanhuo9968/web/lanhuonglip.com/public_html/app/Controllers/Route.php(193): App\Models\MyModels->findOne()
#6 /home/lanhuo9968/web/lanhuonglip.com/public_html/app/Controllers/Route.php(71): App\Controllers\Route->news()
#7 /home/lanhuo9968/web/lanhuonglip.com/public_html/system/CodeIgniter.php(938): App\Controllers\Route->index()
#8 /home/lanhuo9968/web/lanhuonglip.com/public_html/system/CodeIgniter.php(434): CodeIgniter\CodeIgniter->runController()
#9 /home/lanhuo9968/web/lanhuonglip.com/public_html/system/CodeIgniter.php(335): CodeIgniter\CodeIgniter->handleRequest()
#10 /home/lanhuo9968/web/lanhuonglip.com/public_html/index.php(43): CodeIgniter\CodeIgniter->run()
#11 {main}
ERROR - 2022-09-15 09:09:14 --> mysqli_sql_exception: You have an error in your SQL syntax; check the manual that corresponds to your MariaDB server version for the right syntax to use near 'AND `publish` = 1
ORDER BY `id` asc' at line 4 in /home/lanhuo9968/web/lanhuonglip.com/public_html/system/Database/MySQLi/Connection.php:314
Stack trace:
#0 /home/lanhuo9968/web/lanhuonglip.com/public_html/system/Database/MySQLi/Connection.php(314): mysqli->query()
#1 /home/lanhuo9968/web/lanhuonglip.com/public_html/system/Database/BaseConnection.php(713): CodeIgniter\Database\MySQLi\Connection->execute()
#2 /home/lanhuo9968/web/lanhuonglip.com/public_html/system/Database/BaseConnection.php(641): CodeIgniter\Database\BaseConnection->simpleQuery()
#3 /home/lanhuo9968/web/lanhuonglip.com/public_html/system/Database/BaseBuilder.php(1866): CodeIgniter\Database\BaseConnection->query()
#4 /home/lanhuo9968/web/lanhuonglip.com/public_html/app/Models/MyModels.php(657): CodeIgniter\Database\BaseBuilder->get()
#5 /home/lanhuo9968/web/lanhuonglip.com/public_html/app/Controllers/Route.php(195): App\Models\MyModels->findOne()
#6 /home/lanhuo9968/web/lanhuonglip.com/public_html/app/Controllers/Route.php(71): App\Controllers\Route->news()
#7 /home/lanhuo9968/web/lanhuonglip.com/public_html/system/CodeIgniter.php(938): App\Controllers\Route->index()
#8 /home/lanhuo9968/web/lanhuonglip.com/public_html/system/CodeIgniter.php(434): CodeIgniter\CodeIgniter->runController()
#9 /home/lanhuo9968/web/lanhuonglip.com/public_html/system/CodeIgniter.php(335): CodeIgniter\CodeIgniter->handleRequest()
#10 /home/lanhuo9968/web/lanhuonglip.com/public_html/index.php(43): CodeIgniter\CodeIgniter->run()
#11 {main}
ERROR - 2022-09-15 09:34:35 --> mysqli_sql_exception: You have an error in your SQL syntax; check the manual that corresponds to your MariaDB server version for the right syntax to use near 'AND `publish` = 1
ORDER BY `id` desc' at line 4 in /home/lanhuo9968/web/lanhuonglip.com/public_html/system/Database/MySQLi/Connection.php:314
Stack trace:
#0 /home/lanhuo9968/web/lanhuonglip.com/public_html/system/Database/MySQLi/Connection.php(314): mysqli->query()
#1 /home/lanhuo9968/web/lanhuonglip.com/public_html/system/Database/BaseConnection.php(713): CodeIgniter\Database\MySQLi\Connection->execute()
#2 /home/lanhuo9968/web/lanhuonglip.com/public_html/system/Database/BaseConnection.php(641): CodeIgniter\Database\BaseConnection->simpleQuery()
#3 /home/lanhuo9968/web/lanhuonglip.com/public_html/system/Database/BaseBuilder.php(1866): CodeIgniter\Database\BaseConnection->query()
#4 /home/lanhuo9968/web/lanhuonglip.com/public_html/app/Models/MyModels.php(657): CodeIgniter\Database\BaseBuilder->get()
#5 /home/lanhuo9968/web/lanhuonglip.com/public_html/app/Controllers/Route.php(193): App\Models\MyModels->findOne()
#6 /home/lanhuo9968/web/lanhuonglip.com/public_html/app/Controllers/Route.php(71): App\Controllers\Route->news()
#7 /home/lanhuo9968/web/lanhuonglip.com/public_html/system/CodeIgniter.php(938): App\Controllers\Route->index()
#8 /home/lanhuo9968/web/lanhuonglip.com/public_html/system/CodeIgniter.php(434): CodeIgniter\CodeIgniter->runController()
#9 /home/lanhuo9968/web/lanhuonglip.com/public_html/system/CodeIgniter.php(335): CodeIgniter\CodeIgniter->handleRequest()
#10 /home/lanhuo9968/web/lanhuonglip.com/public_html/index.php(43): CodeIgniter\CodeIgniter->run()
#11 {main}
ERROR - 2022-09-15 09:34:35 --> mysqli_sql_exception: You have an error in your SQL syntax; check the manual that corresponds to your MariaDB server version for the right syntax to use near 'AND `publish` = 1
ORDER BY `id` asc' at line 4 in /home/lanhuo9968/web/lanhuonglip.com/public_html/system/Database/MySQLi/Connection.php:314
Stack trace:
#0 /home/lanhuo9968/web/lanhuonglip.com/public_html/system/Database/MySQLi/Connection.php(314): mysqli->query()
#1 /home/lanhuo9968/web/lanhuonglip.com/public_html/system/Database/BaseConnection.php(713): CodeIgniter\Database\MySQLi\Connection->execute()
#2 /home/lanhuo9968/web/lanhuonglip.com/public_html/system/Database/BaseConnection.php(641): CodeIgniter\Database\BaseConnection->simpleQuery()
#3 /home/lanhuo9968/web/lanhuonglip.com/public_html/system/Database/BaseBuilder.php(1866): CodeIgniter\Database\BaseConnection->query()
#4 /home/lanhuo9968/web/lanhuonglip.com/public_html/app/Models/MyModels.php(657): CodeIgniter\Database\BaseBuilder->get()
#5 /home/lanhuo9968/web/lanhuonglip.com/public_html/app/Controllers/Route.php(195): App\Models\MyModels->findOne()
#6 /home/lanhuo9968/web/lanhuonglip.com/public_html/app/Controllers/Route.php(71): App\Controllers\Route->news()
#7 /home/lanhuo9968/web/lanhuonglip.com/public_html/system/CodeIgniter.php(938): App\Controllers\Route->index()
#8 /home/lanhuo9968/web/lanhuonglip.com/public_html/system/CodeIgniter.php(434): CodeIgniter\CodeIgniter->runController()
#9 /home/lanhuo9968/web/lanhuonglip.com/public_html/system/CodeIgniter.php(335): CodeIgniter\CodeIgniter->handleRequest()
#10 /home/lanhuo9968/web/lanhuonglip.com/public_html/index.php(43): CodeIgniter\CodeIgniter->run()
#11 {main}
ERROR - 2022-09-15 11:06:15 --> mysqli_sql_exception: You have an error in your SQL syntax; check the manual that corresponds to your MariaDB server version for the right syntax to use near 'AND `publish` = 1
ORDER BY `id` desc' at line 4 in /home/lanhuo9968/web/lanhuonglip.com/public_html/system/Database/MySQLi/Connection.php:314
Stack trace:
#0 /home/lanhuo9968/web/lanhuonglip.com/public_html/system/Database/MySQLi/Connection.php(314): mysqli->query()
#1 /home/lanhuo9968/web/lanhuonglip.com/public_html/system/Database/BaseConnection.php(713): CodeIgniter\Database\MySQLi\Connection->execute()
#2 /home/lanhuo9968/web/lanhuonglip.com/public_html/system/Database/BaseConnection.php(641): CodeIgniter\Database\BaseConnection->simpleQuery()
#3 /home/lanhuo9968/web/lanhuonglip.com/public_html/system/Database/BaseBuilder.php(1866): CodeIgniter\Database\BaseConnection->query()
#4 /home/lanhuo9968/web/lanhuonglip.com/public_html/app/Models/MyModels.php(657): CodeIgniter\Database\BaseBuilder->get()
#5 /home/lanhuo9968/web/lanhuonglip.com/public_html/app/Controllers/Route.php(193): App\Models\MyModels->findOne()
#6 /home/lanhuo9968/web/lanhuonglip.com/public_html/app/Controllers/Route.php(71): App\Controllers\Route->news()
#7 /home/lanhuo9968/web/lanhuonglip.com/public_html/system/CodeIgniter.php(938): App\Controllers\Route->index()
#8 /home/lanhuo9968/web/lanhuonglip.com/public_html/system/CodeIgniter.php(434): CodeIgniter\CodeIgniter->runController()
#9 /home/lanhuo9968/web/lanhuonglip.com/public_html/system/CodeIgniter.php(335): CodeIgniter\CodeIgniter->handleRequest()
#10 /home/lanhuo9968/web/lanhuonglip.com/public_html/index.php(43): CodeIgniter\CodeIgniter->run()
#11 {main}
ERROR - 2022-09-15 11:06:15 --> mysqli_sql_exception: You have an error in your SQL syntax; check the manual that corresponds to your MariaDB server version for the right syntax to use near 'AND `publish` = 1
ORDER BY `id` asc' at line 4 in /home/lanhuo9968/web/lanhuonglip.com/public_html/system/Database/MySQLi/Connection.php:314
Stack trace:
#0 /home/lanhuo9968/web/lanhuonglip.com/public_html/system/Database/MySQLi/Connection.php(314): mysqli->query()
#1 /home/lanhuo9968/web/lanhuonglip.com/public_html/system/Database/BaseConnection.php(713): CodeIgniter\Database\MySQLi\Connection->execute()
#2 /home/lanhuo9968/web/lanhuonglip.com/public_html/system/Database/BaseConnection.php(641): CodeIgniter\Database\BaseConnection->simpleQuery()
#3 /home/lanhuo9968/web/lanhuonglip.com/public_html/system/Database/BaseBuilder.php(1866): CodeIgniter\Database\BaseConnection->query()
#4 /home/lanhuo9968/web/lanhuonglip.com/public_html/app/Models/MyModels.php(657): CodeIgniter\Database\BaseBuilder->get()
#5 /home/lanhuo9968/web/lanhuonglip.com/public_html/app/Controllers/Route.php(195): App\Models\MyModels->findOne()
#6 /home/lanhuo9968/web/lanhuonglip.com/public_html/app/Controllers/Route.php(71): App\Controllers\Route->news()
#7 /home/lanhuo9968/web/lanhuonglip.com/public_html/system/CodeIgniter.php(938): App\Controllers\Route->index()
#8 /home/lanhuo9968/web/lanhuonglip.com/public_html/system/CodeIgniter.php(434): CodeIgniter\CodeIgniter->runController()
#9 /home/lanhuo9968/web/lanhuonglip.com/public_html/system/CodeIgniter.php(335): CodeIgniter\CodeIgniter->handleRequest()
#10 /home/lanhuo9968/web/lanhuonglip.com/public_html/index.php(43): CodeIgniter\CodeIgniter->run()
#11 {main}
ERROR - 2022-09-15 12:47:58 --> mysqli_sql_exception: You have an error in your SQL syntax; check the manual that corresponds to your MariaDB server version for the right syntax to use near 'AND `publish` = 1
ORDER BY `id` desc' at line 4 in /home/lanhuo9968/web/lanhuonglip.com/public_html/system/Database/MySQLi/Connection.php:314
Stack trace:
#0 /home/lanhuo9968/web/lanhuonglip.com/public_html/system/Database/MySQLi/Connection.php(314): mysqli->query()
#1 /home/lanhuo9968/web/lanhuonglip.com/public_html/system/Database/BaseConnection.php(713): CodeIgniter\Database\MySQLi\Connection->execute()
#2 /home/lanhuo9968/web/lanhuonglip.com/public_html/system/Database/BaseConnection.php(641): CodeIgniter\Database\BaseConnection->simpleQuery()
#3 /home/lanhuo9968/web/lanhuonglip.com/public_html/system/Database/BaseBuilder.php(1866): CodeIgniter\Database\BaseConnection->query()
#4 /home/lanhuo9968/web/lanhuonglip.com/public_html/app/Models/MyModels.php(657): CodeIgniter\Database\BaseBuilder->get()
#5 /home/lanhuo9968/web/lanhuonglip.com/public_html/app/Controllers/Route.php(193): App\Models\MyModels->findOne()
#6 /home/lanhuo9968/web/lanhuonglip.com/public_html/app/Controllers/Route.php(71): App\Controllers\Route->news()
#7 /home/lanhuo9968/web/lanhuonglip.com/public_html/system/CodeIgniter.php(938): App\Controllers\Route->index()
#8 /home/lanhuo9968/web/lanhuonglip.com/public_html/system/CodeIgniter.php(434): CodeIgniter\CodeIgniter->runController()
#9 /home/lanhuo9968/web/lanhuonglip.com/public_html/system/CodeIgniter.php(335): CodeIgniter\CodeIgniter->handleRequest()
#10 /home/lanhuo9968/web/lanhuonglip.com/public_html/index.php(43): CodeIgniter\CodeIgniter->run()
#11 {main}
ERROR - 2022-09-15 12:47:58 --> mysqli_sql_exception: You have an error in your SQL syntax; check the manual that corresponds to your MariaDB server version for the right syntax to use near 'AND `publish` = 1
ORDER BY `id` asc' at line 4 in /home/lanhuo9968/web/lanhuonglip.com/public_html/system/Database/MySQLi/Connection.php:314
Stack trace:
#0 /home/lanhuo9968/web/lanhuonglip.com/public_html/system/Database/MySQLi/Connection.php(314): mysqli->query()
#1 /home/lanhuo9968/web/lanhuonglip.com/public_html/system/Database/BaseConnection.php(713): CodeIgniter\Database\MySQLi\Connection->execute()
#2 /home/lanhuo9968/web/lanhuonglip.com/public_html/system/Database/BaseConnection.php(641): CodeIgniter\Database\BaseConnection->simpleQuery()
#3 /home/lanhuo9968/web/lanhuonglip.com/public_html/system/Database/BaseBuilder.php(1866): CodeIgniter\Database\BaseConnection->query()
#4 /home/lanhuo9968/web/lanhuonglip.com/public_html/app/Models/MyModels.php(657): CodeIgniter\Database\BaseBuilder->get()
#5 /home/lanhuo9968/web/lanhuonglip.com/public_html/app/Controllers/Route.php(195): App\Models\MyModels->findOne()
#6 /home/lanhuo9968/web/lanhuonglip.com/public_html/app/Controllers/Route.php(71): App\Controllers\Route->news()
#7 /home/lanhuo9968/web/lanhuonglip.com/public_html/system/CodeIgniter.php(938): App\Controllers\Route->index()
#8 /home/lanhuo9968/web/lanhuonglip.com/public_html/system/CodeIgniter.php(434): CodeIgniter\CodeIgniter->runController()
#9 /home/lanhuo9968/web/lanhuonglip.com/public_html/system/CodeIgniter.php(335): CodeIgniter\CodeIgniter->handleRequest()
#10 /home/lanhuo9968/web/lanhuonglip.com/public_html/index.php(43): CodeIgniter\CodeIgniter->run()
#11 {main}
ERROR - 2022-09-15 13:05:11 --> mysqli_sql_exception: You have an error in your SQL syntax; check the manual that corresponds to your MariaDB server version for the right syntax to use near 'AND `publish` = 1
ORDER BY `id` desc' at line 4 in /home/lanhuo9968/web/lanhuonglip.com/public_html/system/Database/MySQLi/Connection.php:314
Stack trace:
#0 /home/lanhuo9968/web/lanhuonglip.com/public_html/system/Database/MySQLi/Connection.php(314): mysqli->query()
#1 /home/lanhuo9968/web/lanhuonglip.com/public_html/system/Database/BaseConnection.php(713): CodeIgniter\Database\MySQLi\Connection->execute()
#2 /home/lanhuo9968/web/lanhuonglip.com/public_html/system/Database/BaseConnection.php(641): CodeIgniter\Database\BaseConnection->simpleQuery()
#3 /home/lanhuo9968/web/lanhuonglip.com/public_html/system/Database/BaseBuilder.php(1866): CodeIgniter\Database\BaseConnection->query()
#4 /home/lanhuo9968/web/lanhuonglip.com/public_html/app/Models/MyModels.php(657): CodeIgniter\Database\BaseBuilder->get()
#5 /home/lanhuo9968/web/lanhuonglip.com/public_html/app/Controllers/Route.php(193): App\Models\MyModels->findOne()
#6 /home/lanhuo9968/web/lanhuonglip.com/public_html/app/Controllers/Route.php(71): App\Controllers\Route->news()
#7 /home/lanhuo9968/web/lanhuonglip.com/public_html/system/CodeIgniter.php(938): App\Controllers\Route->index()
#8 /home/lanhuo9968/web/lanhuonglip.com/public_html/system/CodeIgniter.php(434): CodeIgniter\CodeIgniter->runController()
#9 /home/lanhuo9968/web/lanhuonglip.com/public_html/system/CodeIgniter.php(335): CodeIgniter\CodeIgniter->handleRequest()
#10 /home/lanhuo9968/web/lanhuonglip.com/public_html/index.php(43): CodeIgniter\CodeIgniter->run()
#11 {main}
ERROR - 2022-09-15 13:05:11 --> mysqli_sql_exception: You have an error in your SQL syntax; check the manual that corresponds to your MariaDB server version for the right syntax to use near 'AND `publish` = 1
ORDER BY `id` asc' at line 4 in /home/lanhuo9968/web/lanhuonglip.com/public_html/system/Database/MySQLi/Connection.php:314
Stack trace:
#0 /home/lanhuo9968/web/lanhuonglip.com/public_html/system/Database/MySQLi/Connection.php(314): mysqli->query()
#1 /home/lanhuo9968/web/lanhuonglip.com/public_html/system/Database/BaseConnection.php(713): CodeIgniter\Database\MySQLi\Connection->execute()
#2 /home/lanhuo9968/web/lanhuonglip.com/public_html/system/Database/BaseConnection.php(641): CodeIgniter\Database\BaseConnection->simpleQuery()
#3 /home/lanhuo9968/web/lanhuonglip.com/public_html/system/Database/BaseBuilder.php(1866): CodeIgniter\Database\BaseConnection->query()
#4 /home/lanhuo9968/web/lanhuonglip.com/public_html/app/Models/MyModels.php(657): CodeIgniter\Database\BaseBuilder->get()
#5 /home/lanhuo9968/web/lanhuonglip.com/public_html/app/Controllers/Route.php(195): App\Models\MyModels->findOne()
#6 /home/lanhuo9968/web/lanhuonglip.com/public_html/app/Controllers/Route.php(71): App\Controllers\Route->news()
#7 /home/lanhuo9968/web/lanhuonglip.com/public_html/system/CodeIgniter.php(938): App\Controllers\Route->index()
#8 /home/lanhuo9968/web/lanhuonglip.com/public_html/system/CodeIgniter.php(434): CodeIgniter\CodeIgniter->runController()
#9 /home/lanhuo9968/web/lanhuonglip.com/public_html/system/CodeIgniter.php(335): CodeIgniter\CodeIgniter->handleRequest()
#10 /home/lanhuo9968/web/lanhuonglip.com/public_html/index.php(43): CodeIgniter\CodeIgniter->run()
#11 {main}
ERROR - 2022-09-15 14:52:35 --> mysqli_sql_exception: You have an error in your SQL syntax; check the manual that corresponds to your MariaDB server version for the right syntax to use near 'AND `publish` = 1
ORDER BY `id` desc' at line 4 in /home/lanhuo9968/web/lanhuonglip.com/public_html/system/Database/MySQLi/Connection.php:314
Stack trace:
#0 /home/lanhuo9968/web/lanhuonglip.com/public_html/system/Database/MySQLi/Connection.php(314): mysqli->query()
#1 /home/lanhuo9968/web/lanhuonglip.com/public_html/system/Database/BaseConnection.php(713): CodeIgniter\Database\MySQLi\Connection->execute()
#2 /home/lanhuo9968/web/lanhuonglip.com/public_html/system/Database/BaseConnection.php(641): CodeIgniter\Database\BaseConnection->simpleQuery()
#3 /home/lanhuo9968/web/lanhuonglip.com/public_html/system/Database/BaseBuilder.php(1866): CodeIgniter\Database\BaseConnection->query()
#4 /home/lanhuo9968/web/lanhuonglip.com/public_html/app/Models/MyModels.php(657): CodeIgniter\Database\BaseBuilder->get()
#5 /home/lanhuo9968/web/lanhuonglip.com/public_html/app/Controllers/Route.php(193): App\Models\MyModels->findOne()
#6 /home/lanhuo9968/web/lanhuonglip.com/public_html/app/Controllers/Route.php(71): App\Controllers\Route->news()
#7 /home/lanhuo9968/web/lanhuonglip.com/public_html/system/CodeIgniter.php(938): App\Controllers\Route->index()
#8 /home/lanhuo9968/web/lanhuonglip.com/public_html/system/CodeIgniter.php(434): CodeIgniter\CodeIgniter->runController()
#9 /home/lanhuo9968/web/lanhuonglip.com/public_html/system/CodeIgniter.php(335): CodeIgniter\CodeIgniter->handleRequest()
#10 /home/lanhuo9968/web/lanhuonglip.com/public_html/index.php(43): CodeIgniter\CodeIgniter->run()
#11 {main}
ERROR - 2022-09-15 14:52:35 --> mysqli_sql_exception: You have an error in your SQL syntax; check the manual that corresponds to your MariaDB server version for the right syntax to use near 'AND `publish` = 1
ORDER BY `id` asc' at line 4 in /home/lanhuo9968/web/lanhuonglip.com/public_html/system/Database/MySQLi/Connection.php:314
Stack trace:
#0 /home/lanhuo9968/web/lanhuonglip.com/public_html/system/Database/MySQLi/Connection.php(314): mysqli->query()
#1 /home/lanhuo9968/web/lanhuonglip.com/public_html/system/Database/BaseConnection.php(713): CodeIgniter\Database\MySQLi\Connection->execute()
#2 /home/lanhuo9968/web/lanhuonglip.com/public_html/system/Database/BaseConnection.php(641): CodeIgniter\Database\BaseConnection->simpleQuery()
#3 /home/lanhuo9968/web/lanhuonglip.com/public_html/system/Database/BaseBuilder.php(1866): CodeIgniter\Database\BaseConnection->query()
#4 /home/lanhuo9968/web/lanhuonglip.com/public_html/app/Models/MyModels.php(657): CodeIgniter\Database\BaseBuilder->get()
#5 /home/lanhuo9968/web/lanhuonglip.com/public_html/app/Controllers/Route.php(195): App\Models\MyModels->findOne()
#6 /home/lanhuo9968/web/lanhuonglip.com/public_html/app/Controllers/Route.php(71): App\Controllers\Route->news()
#7 /home/lanhuo9968/web/lanhuonglip.com/public_html/system/CodeIgniter.php(938): App\Controllers\Route->index()
#8 /home/lanhuo9968/web/lanhuonglip.com/public_html/system/CodeIgniter.php(434): CodeIgniter\CodeIgniter->runController()
#9 /home/lanhuo9968/web/lanhuonglip.com/public_html/system/CodeIgniter.php(335): CodeIgniter\CodeIgniter->handleRequest()
#10 /home/lanhuo9968/web/lanhuonglip.com/public_html/index.php(43): CodeIgniter\CodeIgniter->run()
#11 {main}
ERROR - 2022-09-15 15:04:48 --> mysqli_sql_exception: You have an error in your SQL syntax; check the manual that corresponds to your MariaDB server version for the right syntax to use near 'AND `publish` = 1
ORDER BY `id` desc' at line 4 in /home/lanhuo9968/web/lanhuonglip.com/public_html/system/Database/MySQLi/Connection.php:314
Stack trace:
#0 /home/lanhuo9968/web/lanhuonglip.com/public_html/system/Database/MySQLi/Connection.php(314): mysqli->query()
#1 /home/lanhuo9968/web/lanhuonglip.com/public_html/system/Database/BaseConnection.php(713): CodeIgniter\Database\MySQLi\Connection->execute()
#2 /home/lanhuo9968/web/lanhuonglip.com/public_html/system/Database/BaseConnection.php(641): CodeIgniter\Database\BaseConnection->simpleQuery()
#3 /home/lanhuo9968/web/lanhuonglip.com/public_html/system/Database/BaseBuilder.php(1866): CodeIgniter\Database\BaseConnection->query()
#4 /home/lanhuo9968/web/lanhuonglip.com/public_html/app/Models/MyModels.php(657): CodeIgniter\Database\BaseBuilder->get()
#5 /home/lanhuo9968/web/lanhuonglip.com/public_html/app/Controllers/Route.php(193): App\Models\MyModels->findOne()
#6 /home/lanhuo9968/web/lanhuonglip.com/public_html/app/Controllers/Route.php(71): App\Controllers\Route->news()
#7 /home/lanhuo9968/web/lanhuonglip.com/public_html/system/CodeIgniter.php(938): App\Controllers\Route->index()
#8 /home/lanhuo9968/web/lanhuonglip.com/public_html/system/CodeIgniter.php(434): CodeIgniter\CodeIgniter->runController()
#9 /home/lanhuo9968/web/lanhuonglip.com/public_html/system/CodeIgniter.php(335): CodeIgniter\CodeIgniter->handleRequest()
#10 /home/lanhuo9968/web/lanhuonglip.com/public_html/index.php(43): CodeIgniter\CodeIgniter->run()
#11 {main}
ERROR - 2022-09-15 15:04:48 --> mysqli_sql_exception: You have an error in your SQL syntax; check the manual that corresponds to your MariaDB server version for the right syntax to use near 'AND `publish` = 1
ORDER BY `id` asc' at line 4 in /home/lanhuo9968/web/lanhuonglip.com/public_html/system/Database/MySQLi/Connection.php:314
Stack trace:
#0 /home/lanhuo9968/web/lanhuonglip.com/public_html/system/Database/MySQLi/Connection.php(314): mysqli->query()
#1 /home/lanhuo9968/web/lanhuonglip.com/public_html/system/Database/BaseConnection.php(713): CodeIgniter\Database\MySQLi\Connection->execute()
#2 /home/lanhuo9968/web/lanhuonglip.com/public_html/system/Database/BaseConnection.php(641): CodeIgniter\Database\BaseConnection->simpleQuery()
#3 /home/lanhuo9968/web/lanhuonglip.com/public_html/system/Database/BaseBuilder.php(1866): CodeIgniter\Database\BaseConnection->query()
#4 /home/lanhuo9968/web/lanhuonglip.com/public_html/app/Models/MyModels.php(657): CodeIgniter\Database\BaseBuilder->get()
#5 /home/lanhuo9968/web/lanhuonglip.com/public_html/app/Controllers/Route.php(195): App\Models\MyModels->findOne()
#6 /home/lanhuo9968/web/lanhuonglip.com/public_html/app/Controllers/Route.php(71): App\Controllers\Route->news()
#7 /home/lanhuo9968/web/lanhuonglip.com/public_html/system/CodeIgniter.php(938): App\Controllers\Route->index()
#8 /home/lanhuo9968/web/lanhuonglip.com/public_html/system/CodeIgniter.php(434): CodeIgniter\CodeIgniter->runController()
#9 /home/lanhuo9968/web/lanhuonglip.com/public_html/system/CodeIgniter.php(335): CodeIgniter\CodeIgniter->handleRequest()
#10 /home/lanhuo9968/web/lanhuonglip.com/public_html/index.php(43): CodeIgniter\CodeIgniter->run()
#11 {main}
ERROR - 2022-09-15 15:11:10 --> mysqli_sql_exception: You have an error in your SQL syntax; check the manual that corresponds to your MariaDB server version for the right syntax to use near 'AND `publish` = 1
ORDER BY `id` desc' at line 4 in /home/lanhuo9968/web/lanhuonglip.com/public_html/system/Database/MySQLi/Connection.php:314
Stack trace:
#0 /home/lanhuo9968/web/lanhuonglip.com/public_html/system/Database/MySQLi/Connection.php(314): mysqli->query()
#1 /home/lanhuo9968/web/lanhuonglip.com/public_html/system/Database/BaseConnection.php(713): CodeIgniter\Database\MySQLi\Connection->execute()
#2 /home/lanhuo9968/web/lanhuonglip.com/public_html/system/Database/BaseConnection.php(641): CodeIgniter\Database\BaseConnection->simpleQuery()
#3 /home/lanhuo9968/web/lanhuonglip.com/public_html/system/Database/BaseBuilder.php(1866): CodeIgniter\Database\BaseConnection->query()
#4 /home/lanhuo9968/web/lanhuonglip.com/public_html/app/Models/MyModels.php(657): CodeIgniter\Database\BaseBuilder->get()
#5 /home/lanhuo9968/web/lanhuonglip.com/public_html/app/Controllers/Route.php(193): App\Models\MyModels->findOne()
#6 /home/lanhuo9968/web/lanhuonglip.com/public_html/app/Controllers/Route.php(71): App\Controllers\Route->news()
#7 /home/lanhuo9968/web/lanhuonglip.com/public_html/system/CodeIgniter.php(938): App\Controllers\Route->index()
#8 /home/lanhuo9968/web/lanhuonglip.com/public_html/system/CodeIgniter.php(434): CodeIgniter\CodeIgniter->runController()
#9 /home/lanhuo9968/web/lanhuonglip.com/public_html/system/CodeIgniter.php(335): CodeIgniter\CodeIgniter->handleRequest()
#10 /home/lanhuo9968/web/lanhuonglip.com/public_html/index.php(43): CodeIgniter\CodeIgniter->run()
#11 {main}
ERROR - 2022-09-15 15:11:10 --> mysqli_sql_exception: You have an error in your SQL syntax; check the manual that corresponds to your MariaDB server version for the right syntax to use near 'AND `publish` = 1
ORDER BY `id` asc' at line 4 in /home/lanhuo9968/web/lanhuonglip.com/public_html/system/Database/MySQLi/Connection.php:314
Stack trace:
#0 /home/lanhuo9968/web/lanhuonglip.com/public_html/system/Database/MySQLi/Connection.php(314): mysqli->query()
#1 /home/lanhuo9968/web/lanhuonglip.com/public_html/system/Database/BaseConnection.php(713): CodeIgniter\Database\MySQLi\Connection->execute()
#2 /home/lanhuo9968/web/lanhuonglip.com/public_html/system/Database/BaseConnection.php(641): CodeIgniter\Database\BaseConnection->simpleQuery()
#3 /home/lanhuo9968/web/lanhuonglip.com/public_html/system/Database/BaseBuilder.php(1866): CodeIgniter\Database\BaseConnection->query()
#4 /home/lanhuo9968/web/lanhuonglip.com/public_html/app/Models/MyModels.php(657): CodeIgniter\Database\BaseBuilder->get()
#5 /home/lanhuo9968/web/lanhuonglip.com/public_html/app/Controllers/Route.php(195): App\Models\MyModels->findOne()
#6 /home/lanhuo9968/web/lanhuonglip.com/public_html/app/Controllers/Route.php(71): App\Controllers\Route->news()
#7 /home/lanhuo9968/web/lanhuonglip.com/public_html/system/CodeIgniter.php(938): App\Controllers\Route->index()
#8 /home/lanhuo9968/web/lanhuonglip.com/public_html/system/CodeIgniter.php(434): CodeIgniter\CodeIgniter->runController()
#9 /home/lanhuo9968/web/lanhuonglip.com/public_html/system/CodeIgniter.php(335): CodeIgniter\CodeIgniter->handleRequest()
#10 /home/lanhuo9968/web/lanhuonglip.com/public_html/index.php(43): CodeIgniter\CodeIgniter->run()
#11 {main}
ERROR - 2022-09-15 16:24:41 --> mysqli_sql_exception: You have an error in your SQL syntax; check the manual that corresponds to your MariaDB server version for the right syntax to use near 'AND `publish` = 1
ORDER BY `id` desc' at line 4 in /home/lanhuo9968/web/lanhuonglip.com/public_html/system/Database/MySQLi/Connection.php:314
Stack trace:
#0 /home/lanhuo9968/web/lanhuonglip.com/public_html/system/Database/MySQLi/Connection.php(314): mysqli->query()
#1 /home/lanhuo9968/web/lanhuonglip.com/public_html/system/Database/BaseConnection.php(713): CodeIgniter\Database\MySQLi\Connection->execute()
#2 /home/lanhuo9968/web/lanhuonglip.com/public_html/system/Database/BaseConnection.php(641): CodeIgniter\Database\BaseConnection->simpleQuery()
#3 /home/lanhuo9968/web/lanhuonglip.com/public_html/system/Database/BaseBuilder.php(1866): CodeIgniter\Database\BaseConnection->query()
#4 /home/lanhuo9968/web/lanhuonglip.com/public_html/app/Models/MyModels.php(657): CodeIgniter\Database\BaseBuilder->get()
#5 /home/lanhuo9968/web/lanhuonglip.com/public_html/app/Controllers/Route.php(193): App\Models\MyModels->findOne()
#6 /home/lanhuo9968/web/lanhuonglip.com/public_html/app/Controllers/Route.php(71): App\Controllers\Route->news()
#7 /home/lanhuo9968/web/lanhuonglip.com/public_html/system/CodeIgniter.php(938): App\Controllers\Route->index()
#8 /home/lanhuo9968/web/lanhuonglip.com/public_html/system/CodeIgniter.php(434): CodeIgniter\CodeIgniter->runController()
#9 /home/lanhuo9968/web/lanhuonglip.com/public_html/system/CodeIgniter.php(335): CodeIgniter\CodeIgniter->handleRequest()
#10 /home/lanhuo9968/web/lanhuonglip.com/public_html/index.php(43): CodeIgniter\CodeIgniter->run()
#11 {main}
ERROR - 2022-09-15 16:24:41 --> mysqli_sql_exception: You have an error in your SQL syntax; check the manual that corresponds to your MariaDB server version for the right syntax to use near 'AND `publish` = 1
ORDER BY `id` asc' at line 4 in /home/lanhuo9968/web/lanhuonglip.com/public_html/system/Database/MySQLi/Connection.php:314
Stack trace:
#0 /home/lanhuo9968/web/lanhuonglip.com/public_html/system/Database/MySQLi/Connection.php(314): mysqli->query()
#1 /home/lanhuo9968/web/lanhuonglip.com/public_html/system/Database/BaseConnection.php(713): CodeIgniter\Database\MySQLi\Connection->execute()
#2 /home/lanhuo9968/web/lanhuonglip.com/public_html/system/Database/BaseConnection.php(641): CodeIgniter\Database\BaseConnection->simpleQuery()
#3 /home/lanhuo9968/web/lanhuonglip.com/public_html/system/Database/BaseBuilder.php(1866): CodeIgniter\Database\BaseConnection->query()
#4 /home/lanhuo9968/web/lanhuonglip.com/public_html/app/Models/MyModels.php(657): CodeIgniter\Database\BaseBuilder->get()
#5 /home/lanhuo9968/web/lanhuonglip.com/public_html/app/Controllers/Route.php(195): App\Models\MyModels->findOne()
#6 /home/lanhuo9968/web/lanhuonglip.com/public_html/app/Controllers/Route.php(71): App\Controllers\Route->news()
#7 /home/lanhuo9968/web/lanhuonglip.com/public_html/system/CodeIgniter.php(938): App\Controllers\Route->index()
#8 /home/lanhuo9968/web/lanhuonglip.com/public_html/system/CodeIgniter.php(434): CodeIgniter\CodeIgniter->runController()
#9 /home/lanhuo9968/web/lanhuonglip.com/public_html/system/CodeIgniter.php(335): CodeIgniter\CodeIgniter->handleRequest()
#10 /home/lanhuo9968/web/lanhuonglip.com/public_html/index.php(43): CodeIgniter\CodeIgniter->run()
#11 {main}
ERROR - 2022-09-15 18:18:25 --> mysqli_sql_exception: You have an error in your SQL syntax; check the manual that corresponds to your MariaDB server version for the right syntax to use near 'AND `publish` = 1
ORDER BY `id` desc' at line 4 in /home/lanhuo9968/web/lanhuonglip.com/public_html/system/Database/MySQLi/Connection.php:314
Stack trace:
#0 /home/lanhuo9968/web/lanhuonglip.com/public_html/system/Database/MySQLi/Connection.php(314): mysqli->query()
#1 /home/lanhuo9968/web/lanhuonglip.com/public_html/system/Database/BaseConnection.php(713): CodeIgniter\Database\MySQLi\Connection->execute()
#2 /home/lanhuo9968/web/lanhuonglip.com/public_html/system/Database/BaseConnection.php(641): CodeIgniter\Database\BaseConnection->simpleQuery()
#3 /home/lanhuo9968/web/lanhuonglip.com/public_html/system/Database/BaseBuilder.php(1866): CodeIgniter\Database\BaseConnection->query()
#4 /home/lanhuo9968/web/lanhuonglip.com/public_html/app/Models/MyModels.php(657): CodeIgniter\Database\BaseBuilder->get()
#5 /home/lanhuo9968/web/lanhuonglip.com/public_html/app/Controllers/Route.php(193): App\Models\MyModels->findOne()
#6 /home/lanhuo9968/web/lanhuonglip.com/public_html/app/Controllers/Route.php(71): App\Controllers\Route->news()
#7 /home/lanhuo9968/web/lanhuonglip.com/public_html/system/CodeIgniter.php(938): App\Controllers\Route->index()
#8 /home/lanhuo9968/web/lanhuonglip.com/public_html/system/CodeIgniter.php(434): CodeIgniter\CodeIgniter->runController()
#9 /home/lanhuo9968/web/lanhuonglip.com/public_html/system/CodeIgniter.php(335): CodeIgniter\CodeIgniter->handleRequest()
#10 /home/lanhuo9968/web/lanhuonglip.com/public_html/index.php(43): CodeIgniter\CodeIgniter->run()
#11 {main}
ERROR - 2022-09-15 18:18:25 --> mysqli_sql_exception: You have an error in your SQL syntax; check the manual that corresponds to your MariaDB server version for the right syntax to use near 'AND `publish` = 1
ORDER BY `id` asc' at line 4 in /home/lanhuo9968/web/lanhuonglip.com/public_html/system/Database/MySQLi/Connection.php:314
Stack trace:
#0 /home/lanhuo9968/web/lanhuonglip.com/public_html/system/Database/MySQLi/Connection.php(314): mysqli->query()
#1 /home/lanhuo9968/web/lanhuonglip.com/public_html/system/Database/BaseConnection.php(713): CodeIgniter\Database\MySQLi\Connection->execute()
#2 /home/lanhuo9968/web/lanhuonglip.com/public_html/system/Database/BaseConnection.php(641): CodeIgniter\Database\BaseConnection->simpleQuery()
#3 /home/lanhuo9968/web/lanhuonglip.com/public_html/system/Database/BaseBuilder.php(1866): CodeIgniter\Database\BaseConnection->query()
#4 /home/lanhuo9968/web/lanhuonglip.com/public_html/app/Models/MyModels.php(657): CodeIgniter\Database\BaseBuilder->get()
#5 /home/lanhuo9968/web/lanhuonglip.com/public_html/app/Controllers/Route.php(195): App\Models\MyModels->findOne()
#6 /home/lanhuo9968/web/lanhuonglip.com/public_html/app/Controllers/Route.php(71): App\Controllers\Route->news()
#7 /home/lanhuo9968/web/lanhuonglip.com/public_html/system/CodeIgniter.php(938): App\Controllers\Route->index()
#8 /home/lanhuo9968/web/lanhuonglip.com/public_html/system/CodeIgniter.php(434): CodeIgniter\CodeIgniter->runController()
#9 /home/lanhuo9968/web/lanhuonglip.com/public_html/system/CodeIgniter.php(335): CodeIgniter\CodeIgniter->handleRequest()
#10 /home/lanhuo9968/web/lanhuonglip.com/public_html/index.php(43): CodeIgniter\CodeIgniter->run()
#11 {main}
ERROR - 2022-09-15 20:05:02 --> mysqli_sql_exception: You have an error in your SQL syntax; check the manual that corresponds to your MariaDB server version for the right syntax to use near 'AND `publish` = 1
ORDER BY `id` desc' at line 4 in /home/lanhuo9968/web/lanhuonglip.com/public_html/system/Database/MySQLi/Connection.php:314
Stack trace:
#0 /home/lanhuo9968/web/lanhuonglip.com/public_html/system/Database/MySQLi/Connection.php(314): mysqli->query()
#1 /home/lanhuo9968/web/lanhuonglip.com/public_html/system/Database/BaseConnection.php(713): CodeIgniter\Database\MySQLi\Connection->execute()
#2 /home/lanhuo9968/web/lanhuonglip.com/public_html/system/Database/BaseConnection.php(641): CodeIgniter\Database\BaseConnection->simpleQuery()
#3 /home/lanhuo9968/web/lanhuonglip.com/public_html/system/Database/BaseBuilder.php(1866): CodeIgniter\Database\BaseConnection->query()
#4 /home/lanhuo9968/web/lanhuonglip.com/public_html/app/Models/MyModels.php(657): CodeIgniter\Database\BaseBuilder->get()
#5 /home/lanhuo9968/web/lanhuonglip.com/public_html/app/Controllers/Route.php(193): App\Models\MyModels->findOne()
#6 /home/lanhuo9968/web/lanhuonglip.com/public_html/app/Controllers/Route.php(71): App\Controllers\Route->news()
#7 /home/lanhuo9968/web/lanhuonglip.com/public_html/system/CodeIgniter.php(938): App\Controllers\Route->index()
#8 /home/lanhuo9968/web/lanhuonglip.com/public_html/system/CodeIgniter.php(434): CodeIgniter\CodeIgniter->runController()
#9 /home/lanhuo9968/web/lanhuonglip.com/public_html/system/CodeIgniter.php(335): CodeIgniter\CodeIgniter->handleRequest()
#10 /home/lanhuo9968/web/lanhuonglip.com/public_html/index.php(43): CodeIgniter\CodeIgniter->run()
#11 {main}
ERROR - 2022-09-15 20:05:02 --> mysqli_sql_exception: You have an error in your SQL syntax; check the manual that corresponds to your MariaDB server version for the right syntax to use near 'AND `publish` = 1
ORDER BY `id` asc' at line 4 in /home/lanhuo9968/web/lanhuonglip.com/public_html/system/Database/MySQLi/Connection.php:314
Stack trace:
#0 /home/lanhuo9968/web/lanhuonglip.com/public_html/system/Database/MySQLi/Connection.php(314): mysqli->query()
#1 /home/lanhuo9968/web/lanhuonglip.com/public_html/system/Database/BaseConnection.php(713): CodeIgniter\Database\MySQLi\Connection->execute()
#2 /home/lanhuo9968/web/lanhuonglip.com/public_html/system/Database/BaseConnection.php(641): CodeIgniter\Database\BaseConnection->simpleQuery()
#3 /home/lanhuo9968/web/lanhuonglip.com/public_html/system/Database/BaseBuilder.php(1866): CodeIgniter\Database\BaseConnection->query()
#4 /home/lanhuo9968/web/lanhuonglip.com/public_html/app/Models/MyModels.php(657): CodeIgniter\Database\BaseBuilder->get()
#5 /home/lanhuo9968/web/lanhuonglip.com/public_html/app/Controllers/Route.php(195): App\Models\MyModels->findOne()
#6 /home/lanhuo9968/web/lanhuonglip.com/public_html/app/Controllers/Route.php(71): App\Controllers\Route->news()
#7 /home/lanhuo9968/web/lanhuonglip.com/public_html/system/CodeIgniter.php(938): App\Controllers\Route->index()
#8 /home/lanhuo9968/web/lanhuonglip.com/public_html/system/CodeIgniter.php(434): CodeIgniter\CodeIgniter->runController()
#9 /home/lanhuo9968/web/lanhuonglip.com/public_html/system/CodeIgniter.php(335): CodeIgniter\CodeIgniter->handleRequest()
#10 /home/lanhuo9968/web/lanhuonglip.com/public_html/index.php(43): CodeIgniter\CodeIgniter->run()
#11 {main}
ERROR - 2022-09-15 21:42:44 --> mysqli_sql_exception: You have an error in your SQL syntax; check the manual that corresponds to your MariaDB server version for the right syntax to use near 'AND `publish` = 1
ORDER BY `id` desc' at line 4 in /home/lanhuo9968/web/lanhuonglip.com/public_html/system/Database/MySQLi/Connection.php:314
Stack trace:
#0 /home/lanhuo9968/web/lanhuonglip.com/public_html/system/Database/MySQLi/Connection.php(314): mysqli->query()
#1 /home/lanhuo9968/web/lanhuonglip.com/public_html/system/Database/BaseConnection.php(713): CodeIgniter\Database\MySQLi\Connection->execute()
#2 /home/lanhuo9968/web/lanhuonglip.com/public_html/system/Database/BaseConnection.php(641): CodeIgniter\Database\BaseConnection->simpleQuery()
#3 /home/lanhuo9968/web/lanhuonglip.com/public_html/system/Database/BaseBuilder.php(1866): CodeIgniter\Database\BaseConnection->query()
#4 /home/lanhuo9968/web/lanhuonglip.com/public_html/app/Models/MyModels.php(657): CodeIgniter\Database\BaseBuilder->get()
#5 /home/lanhuo9968/web/lanhuonglip.com/public_html/app/Controllers/Route.php(193): App\Models\MyModels->findOne()
#6 /home/lanhuo9968/web/lanhuonglip.com/public_html/app/Controllers/Route.php(71): App\Controllers\Route->news()
#7 /home/lanhuo9968/web/lanhuonglip.com/public_html/system/CodeIgniter.php(938): App\Controllers\Route->index()
#8 /home/lanhuo9968/web/lanhuonglip.com/public_html/system/CodeIgniter.php(434): CodeIgniter\CodeIgniter->runController()
#9 /home/lanhuo9968/web/lanhuonglip.com/public_html/system/CodeIgniter.php(335): CodeIgniter\CodeIgniter->handleRequest()
#10 /home/lanhuo9968/web/lanhuonglip.com/public_html/index.php(43): CodeIgniter\CodeIgniter->run()
#11 {main}
ERROR - 2022-09-15 21:42:44 --> mysqli_sql_exception: You have an error in your SQL syntax; check the manual that corresponds to your MariaDB server version for the right syntax to use near 'AND `publish` = 1
ORDER BY `id` asc' at line 4 in /home/lanhuo9968/web/lanhuonglip.com/public_html/system/Database/MySQLi/Connection.php:314
Stack trace:
#0 /home/lanhuo9968/web/lanhuonglip.com/public_html/system/Database/MySQLi/Connection.php(314): mysqli->query()
#1 /home/lanhuo9968/web/lanhuonglip.com/public_html/system/Database/BaseConnection.php(713): CodeIgniter\Database\MySQLi\Connection->execute()
#2 /home/lanhuo9968/web/lanhuonglip.com/public_html/system/Database/BaseConnection.php(641): CodeIgniter\Database\BaseConnection->simpleQuery()
#3 /home/lanhuo9968/web/lanhuonglip.com/public_html/system/Database/BaseBuilder.php(1866): CodeIgniter\Database\BaseConnection->query()
#4 /home/lanhuo9968/web/lanhuonglip.com/public_html/app/Models/MyModels.php(657): CodeIgniter\Database\BaseBuilder->get()
#5 /home/lanhuo9968/web/lanhuonglip.com/public_html/app/Controllers/Route.php(195): App\Models\MyModels->findOne()
#6 /home/lanhuo9968/web/lanhuonglip.com/public_html/app/Controllers/Route.php(71): App\Controllers\Route->news()
#7 /home/lanhuo9968/web/lanhuonglip.com/public_html/system/CodeIgniter.php(938): App\Controllers\Route->index()
#8 /home/lanhuo9968/web/lanhuonglip.com/public_html/system/CodeIgniter.php(434): CodeIgniter\CodeIgniter->runController()
#9 /home/lanhuo9968/web/lanhuonglip.com/public_html/system/CodeIgniter.php(335): CodeIgniter\CodeIgniter->handleRequest()
#10 /home/lanhuo9968/web/lanhuonglip.com/public_html/index.php(43): CodeIgniter\CodeIgniter->run()
#11 {main}
