CRITICAL - 2021-12-13 14:58:47 --> Undefined variable: data_index
#0 C:\xampp\htdocs\projects\p_vitnuongthaomoc\app\Views\frontend\layout\menu_mobile.php(1): CodeIgniter\Debug\Exceptions->errorHandler(8, 'Undefined varia...', 'C:\\xampp\\htdocs...', 1, Array)
#1 C:\xampp\htdocs\projects\p_vitnuongthaomoc\system\View\View.php(220): include('C:\\xampp\\htdocs...')
#2 C:\xampp\htdocs\projects\p_vitnuongthaomoc\system\View\View.php(222): CodeIgniter\View\View->CodeIgniter\View\{closure}()
#3 C:\xampp\htdocs\projects\p_vitnuongthaomoc\system\View\View.php(468): CodeIgniter\View\View->render('frontend/layout...', NULL, true)
#4 C:\xampp\htdocs\projects\p_vitnuongthaomoc\app\Views\frontend\default.php(38): CodeIgniter\View\View->include('frontend/layout...')
#5 C:\xampp\htdocs\projects\p_vitnuongthaomoc\system\View\View.php(220): include('C:\\xampp\\htdocs...')
#6 C:\xampp\htdocs\projects\p_vitnuongthaomoc\system\View\View.php(222): CodeIgniter\View\View->CodeIgniter\View\{closure}()
#7 C:\xampp\htdocs\projects\p_vitnuongthaomoc\system\Common.php(1217): CodeIgniter\View\View->render('frontend/defaul...', Array, true)
#8 C:\xampp\htdocs\projects\p_vitnuongthaomoc\app\Controllers\Route.php(53): view('frontend/defaul...', Array)
#9 C:\xampp\htdocs\projects\p_vitnuongthaomoc\system\CodeIgniter.php(938): App\Controllers\Route->index('uploads', 'images', 'logo', '2021', '12', 'thumb', 'Logo 1.jpg.jpg')
#10 C:\xampp\htdocs\projects\p_vitnuongthaomoc\system\CodeIgniter.php(434): CodeIgniter\CodeIgniter->runController(Object(App\Controllers\Route))
#11 C:\xampp\htdocs\projects\p_vitnuongthaomoc\system\CodeIgniter.php(335): CodeIgniter\CodeIgniter->handleRequest(NULL, Object(Config\Cache), false)
#12 C:\xampp\htdocs\projects\p_vitnuongthaomoc\public\index.php(43): CodeIgniter\CodeIgniter->run()
#13 C:\xampp\htdocs\projects\p_vitnuongthaomoc\system\Commands\Server\rewrite.php(45): require_once('C:\\xampp\\htdocs...')
#14 {main}
CRITICAL - 2021-12-13 14:58:52 --> Undefined variable: data_index
#0 C:\xampp\htdocs\projects\p_vitnuongthaomoc\app\Views\frontend\layout\menu_mobile.php(1): CodeIgniter\Debug\Exceptions->errorHandler(8, 'Undefined varia...', 'C:\\xampp\\htdocs...', 1, Array)
#1 C:\xampp\htdocs\projects\p_vitnuongthaomoc\system\View\View.php(220): include('C:\\xampp\\htdocs...')
#2 C:\xampp\htdocs\projects\p_vitnuongthaomoc\system\View\View.php(222): CodeIgniter\View\View->CodeIgniter\View\{closure}()
#3 C:\xampp\htdocs\projects\p_vitnuongthaomoc\system\View\View.php(468): CodeIgniter\View\View->render('frontend/layout...', NULL, true)
#4 C:\xampp\htdocs\projects\p_vitnuongthaomoc\app\Views\frontend\default.php(38): CodeIgniter\View\View->include('frontend/layout...')
#5 C:\xampp\htdocs\projects\p_vitnuongthaomoc\system\View\View.php(220): include('C:\\xampp\\htdocs...')
#6 C:\xampp\htdocs\projects\p_vitnuongthaomoc\system\View\View.php(222): CodeIgniter\View\View->CodeIgniter\View\{closure}()
#7 C:\xampp\htdocs\projects\p_vitnuongthaomoc\system\Common.php(1217): CodeIgniter\View\View->render('frontend/defaul...', Array, true)
#8 C:\xampp\htdocs\projects\p_vitnuongthaomoc\app\Controllers\Route.php(53): view('frontend/defaul...', Array)
#9 C:\xampp\htdocs\projects\p_vitnuongthaomoc\system\CodeIgniter.php(938): App\Controllers\Route->index('uploads', 'webps', 'slide', '2021', '12', 'thumb', 'vit-nuong-thao-...')
#10 C:\xampp\htdocs\projects\p_vitnuongthaomoc\system\CodeIgniter.php(434): CodeIgniter\CodeIgniter->runController(Object(App\Controllers\Route))
#11 C:\xampp\htdocs\projects\p_vitnuongthaomoc\system\CodeIgniter.php(335): CodeIgniter\CodeIgniter->handleRequest(NULL, Object(Config\Cache), false)
#12 C:\xampp\htdocs\projects\p_vitnuongthaomoc\public\index.php(43): CodeIgniter\CodeIgniter->run()
#13 C:\xampp\htdocs\projects\p_vitnuongthaomoc\system\Commands\Server\rewrite.php(45): require_once('C:\\xampp\\htdocs...')
#14 {main}
CRITICAL - 2021-12-13 14:59:05 --> Undefined variable: data_index
#0 C:\xampp\htdocs\projects\p_vitnuongthaomoc\app\Views\frontend\layout\menu_mobile.php(1): CodeIgniter\Debug\Exceptions->errorHandler(8, 'Undefined varia...', 'C:\\xampp\\htdocs...', 1, Array)
#1 C:\xampp\htdocs\projects\p_vitnuongthaomoc\system\View\View.php(220): include('C:\\xampp\\htdocs...')
#2 C:\xampp\htdocs\projects\p_vitnuongthaomoc\system\View\View.php(222): CodeIgniter\View\View->CodeIgniter\View\{closure}()
#3 C:\xampp\htdocs\projects\p_vitnuongthaomoc\system\View\View.php(468): CodeIgniter\View\View->render('frontend/layout...', NULL, true)
#4 C:\xampp\htdocs\projects\p_vitnuongthaomoc\app\Views\frontend\default.php(38): CodeIgniter\View\View->include('frontend/layout...')
#5 C:\xampp\htdocs\projects\p_vitnuongthaomoc\system\View\View.php(220): include('C:\\xampp\\htdocs...')
#6 C:\xampp\htdocs\projects\p_vitnuongthaomoc\system\View\View.php(222): CodeIgniter\View\View->CodeIgniter\View\{closure}()
#7 C:\xampp\htdocs\projects\p_vitnuongthaomoc\system\Common.php(1217): CodeIgniter\View\View->render('frontend/defaul...', Array, true)
#8 C:\xampp\htdocs\projects\p_vitnuongthaomoc\app\Controllers\Route.php(53): view('frontend/defaul...', Array)
#9 C:\xampp\htdocs\projects\p_vitnuongthaomoc\system\CodeIgniter.php(938): App\Controllers\Route->index('uploads', 'images', 'logo', '2021', '12', 'thumb', 'Logo 1.jpg.jpg')
#10 C:\xampp\htdocs\projects\p_vitnuongthaomoc\system\CodeIgniter.php(434): CodeIgniter\CodeIgniter->runController(Object(App\Controllers\Route))
#11 C:\xampp\htdocs\projects\p_vitnuongthaomoc\system\CodeIgniter.php(335): CodeIgniter\CodeIgniter->handleRequest(NULL, Object(Config\Cache), false)
#12 C:\xampp\htdocs\projects\p_vitnuongthaomoc\public\index.php(43): CodeIgniter\CodeIgniter->run()
#13 C:\xampp\htdocs\projects\p_vitnuongthaomoc\system\Commands\Server\rewrite.php(45): require_once('C:\\xampp\\htdocs...')
#14 {main}
CRITICAL - 2021-12-13 14:59:05 --> Undefined variable: data_index
#0 C:\xampp\htdocs\projects\p_vitnuongthaomoc\app\Views\frontend\layout\menu_mobile.php(1): CodeIgniter\Debug\Exceptions->errorHandler(8, 'Undefined varia...', 'C:\\xampp\\htdocs...', 1, Array)
#1 C:\xampp\htdocs\projects\p_vitnuongthaomoc\system\View\View.php(220): include('C:\\xampp\\htdocs...')
#2 C:\xampp\htdocs\projects\p_vitnuongthaomoc\system\View\View.php(222): CodeIgniter\View\View->CodeIgniter\View\{closure}()
#3 C:\xampp\htdocs\projects\p_vitnuongthaomoc\system\View\View.php(468): CodeIgniter\View\View->render('frontend/layout...', NULL, true)
#4 C:\xampp\htdocs\projects\p_vitnuongthaomoc\app\Views\frontend\default.php(38): CodeIgniter\View\View->include('frontend/layout...')
#5 C:\xampp\htdocs\projects\p_vitnuongthaomoc\system\View\View.php(220): include('C:\\xampp\\htdocs...')
#6 C:\xampp\htdocs\projects\p_vitnuongthaomoc\system\View\View.php(222): CodeIgniter\View\View->CodeIgniter\View\{closure}()
#7 C:\xampp\htdocs\projects\p_vitnuongthaomoc\system\Common.php(1217): CodeIgniter\View\View->render('frontend/defaul...', Array, true)
#8 C:\xampp\htdocs\projects\p_vitnuongthaomoc\app\Controllers\Route.php(53): view('frontend/defaul...', Array)
#9 C:\xampp\htdocs\projects\p_vitnuongthaomoc\system\CodeIgniter.php(938): App\Controllers\Route->index('uploads', 'webps', 'slide', '2021', '12', 'thumb', 'vit-nuong-thao-...')
#10 C:\xampp\htdocs\projects\p_vitnuongthaomoc\system\CodeIgniter.php(434): CodeIgniter\CodeIgniter->runController(Object(App\Controllers\Route))
#11 C:\xampp\htdocs\projects\p_vitnuongthaomoc\system\CodeIgniter.php(335): CodeIgniter\CodeIgniter->handleRequest(NULL, Object(Config\Cache), false)
#12 C:\xampp\htdocs\projects\p_vitnuongthaomoc\public\index.php(43): CodeIgniter\CodeIgniter->run()
#13 C:\xampp\htdocs\projects\p_vitnuongthaomoc\system\Commands\Server\rewrite.php(45): require_once('C:\\xampp\\htdocs...')
#14 {main}
CRITICAL - 2021-12-13 14:59:10 --> Undefined variable: data_index
#0 C:\xampp\htdocs\projects\p_vitnuongthaomoc\app\Views\frontend\layout\menu_mobile.php(1): CodeIgniter\Debug\Exceptions->errorHandler(8, 'Undefined varia...', 'C:\\xampp\\htdocs...', 1, Array)
#1 C:\xampp\htdocs\projects\p_vitnuongthaomoc\system\View\View.php(220): include('C:\\xampp\\htdocs...')
#2 C:\xampp\htdocs\projects\p_vitnuongthaomoc\system\View\View.php(222): CodeIgniter\View\View->CodeIgniter\View\{closure}()
#3 C:\xampp\htdocs\projects\p_vitnuongthaomoc\system\View\View.php(468): CodeIgniter\View\View->render('frontend/layout...', NULL, true)
#4 C:\xampp\htdocs\projects\p_vitnuongthaomoc\app\Views\frontend\default.php(38): CodeIgniter\View\View->include('frontend/layout...')
#5 C:\xampp\htdocs\projects\p_vitnuongthaomoc\system\View\View.php(220): include('C:\\xampp\\htdocs...')
#6 C:\xampp\htdocs\projects\p_vitnuongthaomoc\system\View\View.php(222): CodeIgniter\View\View->CodeIgniter\View\{closure}()
#7 C:\xampp\htdocs\projects\p_vitnuongthaomoc\system\Common.php(1217): CodeIgniter\View\View->render('frontend/defaul...', Array, true)
#8 C:\xampp\htdocs\projects\p_vitnuongthaomoc\app\Controllers\Route.php(53): view('frontend/defaul...', Array)
#9 C:\xampp\htdocs\projects\p_vitnuongthaomoc\system\CodeIgniter.php(938): App\Controllers\Route->index('uploads', 'images', 'product', '2021', '12', 'thumb', '61a9e8e29465e-v...')
#10 C:\xampp\htdocs\projects\p_vitnuongthaomoc\system\CodeIgniter.php(434): CodeIgniter\CodeIgniter->runController(Object(App\Controllers\Route))
#11 C:\xampp\htdocs\projects\p_vitnuongthaomoc\system\CodeIgniter.php(335): CodeIgniter\CodeIgniter->handleRequest(NULL, Object(Config\Cache), false)
#12 C:\xampp\htdocs\projects\p_vitnuongthaomoc\public\index.php(43): CodeIgniter\CodeIgniter->run()
#13 C:\xampp\htdocs\projects\p_vitnuongthaomoc\system\Commands\Server\rewrite.php(45): require_once('C:\\xampp\\htdocs...')
#14 {main}
CRITICAL - 2021-12-13 14:59:10 --> Undefined variable: data_index
#0 C:\xampp\htdocs\projects\p_vitnuongthaomoc\app\Views\frontend\layout\menu_mobile.php(1): CodeIgniter\Debug\Exceptions->errorHandler(8, 'Undefined varia...', 'C:\\xampp\\htdocs...', 1, Array)
#1 C:\xampp\htdocs\projects\p_vitnuongthaomoc\system\View\View.php(220): include('C:\\xampp\\htdocs...')
#2 C:\xampp\htdocs\projects\p_vitnuongthaomoc\system\View\View.php(222): CodeIgniter\View\View->CodeIgniter\View\{closure}()
#3 C:\xampp\htdocs\projects\p_vitnuongthaomoc\system\View\View.php(468): CodeIgniter\View\View->render('frontend/layout...', NULL, true)
#4 C:\xampp\htdocs\projects\p_vitnuongthaomoc\app\Views\frontend\default.php(38): CodeIgniter\View\View->include('frontend/layout...')
#5 C:\xampp\htdocs\projects\p_vitnuongthaomoc\system\View\View.php(220): include('C:\\xampp\\htdocs...')
#6 C:\xampp\htdocs\projects\p_vitnuongthaomoc\system\View\View.php(222): CodeIgniter\View\View->CodeIgniter\View\{closure}()
#7 C:\xampp\htdocs\projects\p_vitnuongthaomoc\system\Common.php(1217): CodeIgniter\View\View->render('frontend/defaul...', Array, true)
#8 C:\xampp\htdocs\projects\p_vitnuongthaomoc\app\Controllers\Route.php(53): view('frontend/defaul...', Array)
#9 C:\xampp\htdocs\projects\p_vitnuongthaomoc\system\CodeIgniter.php(938): App\Controllers\Route->index('uploads', 'images', 'product', '2021', '12', 'thumb', '61a9eb6d9357e-l...')
#10 C:\xampp\htdocs\projects\p_vitnuongthaomoc\system\CodeIgniter.php(434): CodeIgniter\CodeIgniter->runController(Object(App\Controllers\Route))
#11 C:\xampp\htdocs\projects\p_vitnuongthaomoc\system\CodeIgniter.php(335): CodeIgniter\CodeIgniter->handleRequest(NULL, Object(Config\Cache), false)
#12 C:\xampp\htdocs\projects\p_vitnuongthaomoc\public\index.php(43): CodeIgniter\CodeIgniter->run()
#13 C:\xampp\htdocs\projects\p_vitnuongthaomoc\system\Commands\Server\rewrite.php(45): require_once('C:\\xampp\\htdocs...')
#14 {main}
CRITICAL - 2021-12-13 14:59:14 --> Undefined variable: data_index
#0 C:\xampp\htdocs\projects\p_vitnuongthaomoc\app\Views\frontend\layout\menu_mobile.php(1): CodeIgniter\Debug\Exceptions->errorHandler(8, 'Undefined varia...', 'C:\\xampp\\htdocs...', 1, Array)
#1 C:\xampp\htdocs\projects\p_vitnuongthaomoc\system\View\View.php(220): include('C:\\xampp\\htdocs...')
#2 C:\xampp\htdocs\projects\p_vitnuongthaomoc\system\View\View.php(222): CodeIgniter\View\View->CodeIgniter\View\{closure}()
#3 C:\xampp\htdocs\projects\p_vitnuongthaomoc\system\View\View.php(468): CodeIgniter\View\View->render('frontend/layout...', NULL, true)
#4 C:\xampp\htdocs\projects\p_vitnuongthaomoc\app\Views\frontend\default.php(38): CodeIgniter\View\View->include('frontend/layout...')
#5 C:\xampp\htdocs\projects\p_vitnuongthaomoc\system\View\View.php(220): include('C:\\xampp\\htdocs...')
#6 C:\xampp\htdocs\projects\p_vitnuongthaomoc\system\View\View.php(222): CodeIgniter\View\View->CodeIgniter\View\{closure}()
#7 C:\xampp\htdocs\projects\p_vitnuongthaomoc\system\Common.php(1217): CodeIgniter\View\View->render('frontend/defaul...', Array, true)
#8 C:\xampp\htdocs\projects\p_vitnuongthaomoc\app\Controllers\Route.php(53): view('frontend/defaul...', Array)
#9 C:\xampp\htdocs\projects\p_vitnuongthaomoc\system\CodeIgniter.php(938): App\Controllers\Route->index('uploads', 'images', 'product', '2021', '12', 'thumb', '61a9ec5647650-b...')
#10 C:\xampp\htdocs\projects\p_vitnuongthaomoc\system\CodeIgniter.php(434): CodeIgniter\CodeIgniter->runController(Object(App\Controllers\Route))
#11 C:\xampp\htdocs\projects\p_vitnuongthaomoc\system\CodeIgniter.php(335): CodeIgniter\CodeIgniter->handleRequest(NULL, Object(Config\Cache), false)
#12 C:\xampp\htdocs\projects\p_vitnuongthaomoc\public\index.php(43): CodeIgniter\CodeIgniter->run()
#13 C:\xampp\htdocs\projects\p_vitnuongthaomoc\system\Commands\Server\rewrite.php(45): require_once('C:\\xampp\\htdocs...')
#14 {main}
CRITICAL - 2021-12-13 14:59:15 --> Undefined variable: data_index
#0 C:\xampp\htdocs\projects\p_vitnuongthaomoc\app\Views\frontend\layout\menu_mobile.php(1): CodeIgniter\Debug\Exceptions->errorHandler(8, 'Undefined varia...', 'C:\\xampp\\htdocs...', 1, Array)
#1 C:\xampp\htdocs\projects\p_vitnuongthaomoc\system\View\View.php(220): include('C:\\xampp\\htdocs...')
#2 C:\xampp\htdocs\projects\p_vitnuongthaomoc\system\View\View.php(222): CodeIgniter\View\View->CodeIgniter\View\{closure}()
#3 C:\xampp\htdocs\projects\p_vitnuongthaomoc\system\View\View.php(468): CodeIgniter\View\View->render('frontend/layout...', NULL, true)
#4 C:\xampp\htdocs\projects\p_vitnuongthaomoc\app\Views\frontend\default.php(38): CodeIgniter\View\View->include('frontend/layout...')
#5 C:\xampp\htdocs\projects\p_vitnuongthaomoc\system\View\View.php(220): include('C:\\xampp\\htdocs...')
#6 C:\xampp\htdocs\projects\p_vitnuongthaomoc\system\View\View.php(222): CodeIgniter\View\View->CodeIgniter\View\{closure}()
#7 C:\xampp\htdocs\projects\p_vitnuongthaomoc\system\Common.php(1217): CodeIgniter\View\View->render('frontend/defaul...', Array, true)
#8 C:\xampp\htdocs\projects\p_vitnuongthaomoc\app\Controllers\Route.php(53): view('frontend/defaul...', Array)
#9 C:\xampp\htdocs\projects\p_vitnuongthaomoc\system\CodeIgniter.php(938): App\Controllers\Route->index('uploads', 'images', 'product', '2021', '12', 'thumb', '61a9ecdc83630-l...')
#10 C:\xampp\htdocs\projects\p_vitnuongthaomoc\system\CodeIgniter.php(434): CodeIgniter\CodeIgniter->runController(Object(App\Controllers\Route))
#11 C:\xampp\htdocs\projects\p_vitnuongthaomoc\system\CodeIgniter.php(335): CodeIgniter\CodeIgniter->handleRequest(NULL, Object(Config\Cache), false)
#12 C:\xampp\htdocs\projects\p_vitnuongthaomoc\public\index.php(43): CodeIgniter\CodeIgniter->run()
#13 C:\xampp\htdocs\projects\p_vitnuongthaomoc\system\Commands\Server\rewrite.php(45): require_once('C:\\xampp\\htdocs...')
#14 {main}
CRITICAL - 2021-12-13 14:59:15 --> Undefined variable: data_index
#0 C:\xampp\htdocs\projects\p_vitnuongthaomoc\app\Views\frontend\layout\menu_mobile.php(1): CodeIgniter\Debug\Exceptions->errorHandler(8, 'Undefined varia...', 'C:\\xampp\\htdocs...', 1, Array)
#1 C:\xampp\htdocs\projects\p_vitnuongthaomoc\system\View\View.php(220): include('C:\\xampp\\htdocs...')
#2 C:\xampp\htdocs\projects\p_vitnuongthaomoc\system\View\View.php(222): CodeIgniter\View\View->CodeIgniter\View\{closure}()
#3 C:\xampp\htdocs\projects\p_vitnuongthaomoc\system\View\View.php(468): CodeIgniter\View\View->render('frontend/layout...', NULL, true)
#4 C:\xampp\htdocs\projects\p_vitnuongthaomoc\app\Views\frontend\default.php(38): CodeIgniter\View\View->include('frontend/layout...')
#5 C:\xampp\htdocs\projects\p_vitnuongthaomoc\system\View\View.php(220): include('C:\\xampp\\htdocs...')
#6 C:\xampp\htdocs\projects\p_vitnuongthaomoc\system\View\View.php(222): CodeIgniter\View\View->CodeIgniter\View\{closure}()
#7 C:\xampp\htdocs\projects\p_vitnuongthaomoc\system\Common.php(1217): CodeIgniter\View\View->render('frontend/defaul...', Array, true)
#8 C:\xampp\htdocs\projects\p_vitnuongthaomoc\app\Controllers\Route.php(53): view('frontend/defaul...', Array)
#9 C:\xampp\htdocs\projects\p_vitnuongthaomoc\system\CodeIgniter.php(938): App\Controllers\Route->index('uploads', 'images', 'product', '2021', '12', 'thumb', '61a9ed1ba781f-l...')
#10 C:\xampp\htdocs\projects\p_vitnuongthaomoc\system\CodeIgniter.php(434): CodeIgniter\CodeIgniter->runController(Object(App\Controllers\Route))
#11 C:\xampp\htdocs\projects\p_vitnuongthaomoc\system\CodeIgniter.php(335): CodeIgniter\CodeIgniter->handleRequest(NULL, Object(Config\Cache), false)
#12 C:\xampp\htdocs\projects\p_vitnuongthaomoc\public\index.php(43): CodeIgniter\CodeIgniter->run()
#13 C:\xampp\htdocs\projects\p_vitnuongthaomoc\system\Commands\Server\rewrite.php(45): require_once('C:\\xampp\\htdocs...')
#14 {main}
CRITICAL - 2021-12-13 14:59:16 --> Undefined variable: data_index
#0 C:\xampp\htdocs\projects\p_vitnuongthaomoc\app\Views\frontend\layout\menu_mobile.php(1): CodeIgniter\Debug\Exceptions->errorHandler(8, 'Undefined varia...', 'C:\\xampp\\htdocs...', 1, Array)
#1 C:\xampp\htdocs\projects\p_vitnuongthaomoc\system\View\View.php(220): include('C:\\xampp\\htdocs...')
#2 C:\xampp\htdocs\projects\p_vitnuongthaomoc\system\View\View.php(222): CodeIgniter\View\View->CodeIgniter\View\{closure}()
#3 C:\xampp\htdocs\projects\p_vitnuongthaomoc\system\View\View.php(468): CodeIgniter\View\View->render('frontend/layout...', NULL, true)
#4 C:\xampp\htdocs\projects\p_vitnuongthaomoc\app\Views\frontend\default.php(38): CodeIgniter\View\View->include('frontend/layout...')
#5 C:\xampp\htdocs\projects\p_vitnuongthaomoc\system\View\View.php(220): include('C:\\xampp\\htdocs...')
#6 C:\xampp\htdocs\projects\p_vitnuongthaomoc\system\View\View.php(222): CodeIgniter\View\View->CodeIgniter\View\{closure}()
#7 C:\xampp\htdocs\projects\p_vitnuongthaomoc\system\Common.php(1217): CodeIgniter\View\View->render('frontend/defaul...', Array, true)
#8 C:\xampp\htdocs\projects\p_vitnuongthaomoc\app\Controllers\Route.php(53): view('frontend/defaul...', Array)
#9 C:\xampp\htdocs\projects\p_vitnuongthaomoc\system\CodeIgniter.php(938): App\Controllers\Route->index('uploads', 'images', 'video', '2021', '12', 'thumb', '61aa336acb976-V...')
#10 C:\xampp\htdocs\projects\p_vitnuongthaomoc\system\CodeIgniter.php(434): CodeIgniter\CodeIgniter->runController(Object(App\Controllers\Route))
#11 C:\xampp\htdocs\projects\p_vitnuongthaomoc\system\CodeIgniter.php(335): CodeIgniter\CodeIgniter->handleRequest(NULL, Object(Config\Cache), false)
#12 C:\xampp\htdocs\projects\p_vitnuongthaomoc\public\index.php(43): CodeIgniter\CodeIgniter->run()
#13 C:\xampp\htdocs\projects\p_vitnuongthaomoc\system\Commands\Server\rewrite.php(45): require_once('C:\\xampp\\htdocs...')
#14 {main}
CRITICAL - 2021-12-13 14:59:20 --> Undefined variable: data_index
#0 C:\xampp\htdocs\projects\p_vitnuongthaomoc\app\Views\frontend\layout\menu_mobile.php(1): CodeIgniter\Debug\Exceptions->errorHandler(8, 'Undefined varia...', 'C:\\xampp\\htdocs...', 1, Array)
#1 C:\xampp\htdocs\projects\p_vitnuongthaomoc\system\View\View.php(220): include('C:\\xampp\\htdocs...')
#2 C:\xampp\htdocs\projects\p_vitnuongthaomoc\system\View\View.php(222): CodeIgniter\View\View->CodeIgniter\View\{closure}()
#3 C:\xampp\htdocs\projects\p_vitnuongthaomoc\system\View\View.php(468): CodeIgniter\View\View->render('frontend/layout...', NULL, true)
#4 C:\xampp\htdocs\projects\p_vitnuongthaomoc\app\Views\frontend\default.php(38): CodeIgniter\View\View->include('frontend/layout...')
#5 C:\xampp\htdocs\projects\p_vitnuongthaomoc\system\View\View.php(220): include('C:\\xampp\\htdocs...')
#6 C:\xampp\htdocs\projects\p_vitnuongthaomoc\system\View\View.php(222): CodeIgniter\View\View->CodeIgniter\View\{closure}()
#7 C:\xampp\htdocs\projects\p_vitnuongthaomoc\system\Common.php(1217): CodeIgniter\View\View->render('frontend/defaul...', Array, true)
#8 C:\xampp\htdocs\projects\p_vitnuongthaomoc\app\Controllers\Route.php(53): view('frontend/defaul...', Array)
#9 C:\xampp\htdocs\projects\p_vitnuongthaomoc\system\CodeIgniter.php(938): App\Controllers\Route->index('uploads', 'images', 'video', '2021', '12', 'thumb', '61aa32ec805fe-M...')
#10 C:\xampp\htdocs\projects\p_vitnuongthaomoc\system\CodeIgniter.php(434): CodeIgniter\CodeIgniter->runController(Object(App\Controllers\Route))
#11 C:\xampp\htdocs\projects\p_vitnuongthaomoc\system\CodeIgniter.php(335): CodeIgniter\CodeIgniter->handleRequest(NULL, Object(Config\Cache), false)
#12 C:\xampp\htdocs\projects\p_vitnuongthaomoc\public\index.php(43): CodeIgniter\CodeIgniter->run()
#13 C:\xampp\htdocs\projects\p_vitnuongthaomoc\system\Commands\Server\rewrite.php(45): require_once('C:\\xampp\\htdocs...')
#14 {main}
CRITICAL - 2021-12-13 14:59:20 --> Undefined variable: data_index
#0 C:\xampp\htdocs\projects\p_vitnuongthaomoc\app\Views\frontend\layout\menu_mobile.php(1): CodeIgniter\Debug\Exceptions->errorHandler(8, 'Undefined varia...', 'C:\\xampp\\htdocs...', 1, Array)
#1 C:\xampp\htdocs\projects\p_vitnuongthaomoc\system\View\View.php(220): include('C:\\xampp\\htdocs...')
#2 C:\xampp\htdocs\projects\p_vitnuongthaomoc\system\View\View.php(222): CodeIgniter\View\View->CodeIgniter\View\{closure}()
#3 C:\xampp\htdocs\projects\p_vitnuongthaomoc\system\View\View.php(468): CodeIgniter\View\View->render('frontend/layout...', NULL, true)
#4 C:\xampp\htdocs\projects\p_vitnuongthaomoc\app\Views\frontend\default.php(38): CodeIgniter\View\View->include('frontend/layout...')
#5 C:\xampp\htdocs\projects\p_vitnuongthaomoc\system\View\View.php(220): include('C:\\xampp\\htdocs...')
#6 C:\xampp\htdocs\projects\p_vitnuongthaomoc\system\View\View.php(222): CodeIgniter\View\View->CodeIgniter\View\{closure}()
#7 C:\xampp\htdocs\projects\p_vitnuongthaomoc\system\Common.php(1217): CodeIgniter\View\View->render('frontend/defaul...', Array, true)
#8 C:\xampp\htdocs\projects\p_vitnuongthaomoc\app\Controllers\Route.php(53): view('frontend/defaul...', Array)
#9 C:\xampp\htdocs\projects\p_vitnuongthaomoc\system\CodeIgniter.php(938): App\Controllers\Route->index('uploads', 'images', 'video', '2021', '12', 'thumb', '61a8831e93b3d-L...')
#10 C:\xampp\htdocs\projects\p_vitnuongthaomoc\system\CodeIgniter.php(434): CodeIgniter\CodeIgniter->runController(Object(App\Controllers\Route))
#11 C:\xampp\htdocs\projects\p_vitnuongthaomoc\system\CodeIgniter.php(335): CodeIgniter\CodeIgniter->handleRequest(NULL, Object(Config\Cache), false)
#12 C:\xampp\htdocs\projects\p_vitnuongthaomoc\public\index.php(43): CodeIgniter\CodeIgniter->run()
#13 C:\xampp\htdocs\projects\p_vitnuongthaomoc\system\Commands\Server\rewrite.php(45): require_once('C:\\xampp\\htdocs...')
#14 {main}
CRITICAL - 2021-12-13 14:59:21 --> Undefined variable: data_index
#0 C:\xampp\htdocs\projects\p_vitnuongthaomoc\app\Views\frontend\layout\menu_mobile.php(1): CodeIgniter\Debug\Exceptions->errorHandler(8, 'Undefined varia...', 'C:\\xampp\\htdocs...', 1, Array)
#1 C:\xampp\htdocs\projects\p_vitnuongthaomoc\system\View\View.php(220): include('C:\\xampp\\htdocs...')
#2 C:\xampp\htdocs\projects\p_vitnuongthaomoc\system\View\View.php(222): CodeIgniter\View\View->CodeIgniter\View\{closure}()
#3 C:\xampp\htdocs\projects\p_vitnuongthaomoc\system\View\View.php(468): CodeIgniter\View\View->render('frontend/layout...', NULL, true)
#4 C:\xampp\htdocs\projects\p_vitnuongthaomoc\app\Views\frontend\default.php(38): CodeIgniter\View\View->include('frontend/layout...')
#5 C:\xampp\htdocs\projects\p_vitnuongthaomoc\system\View\View.php(220): include('C:\\xampp\\htdocs...')
#6 C:\xampp\htdocs\projects\p_vitnuongthaomoc\system\View\View.php(222): CodeIgniter\View\View->CodeIgniter\View\{closure}()
#7 C:\xampp\htdocs\projects\p_vitnuongthaomoc\system\Common.php(1217): CodeIgniter\View\View->render('frontend/defaul...', Array, true)
#8 C:\xampp\htdocs\projects\p_vitnuongthaomoc\app\Controllers\Route.php(53): view('frontend/defaul...', Array)
#9 C:\xampp\htdocs\projects\p_vitnuongthaomoc\system\CodeIgniter.php(938): App\Controllers\Route->index('uploads', 'images', 'product', '2021', '12', 'thumb', '61a9ea8792faa-b...')
#10 C:\xampp\htdocs\projects\p_vitnuongthaomoc\system\CodeIgniter.php(434): CodeIgniter\CodeIgniter->runController(Object(App\Controllers\Route))
#11 C:\xampp\htdocs\projects\p_vitnuongthaomoc\system\CodeIgniter.php(335): CodeIgniter\CodeIgniter->handleRequest(NULL, Object(Config\Cache), false)
#12 C:\xampp\htdocs\projects\p_vitnuongthaomoc\public\index.php(43): CodeIgniter\CodeIgniter->run()
#13 C:\xampp\htdocs\projects\p_vitnuongthaomoc\system\Commands\Server\rewrite.php(45): require_once('C:\\xampp\\htdocs...')
#14 {main}
CRITICAL - 2021-12-13 14:59:22 --> Undefined variable: data_index
#0 C:\xampp\htdocs\projects\p_vitnuongthaomoc\app\Views\frontend\layout\menu_mobile.php(1): CodeIgniter\Debug\Exceptions->errorHandler(8, 'Undefined varia...', 'C:\\xampp\\htdocs...', 1, Array)
#1 C:\xampp\htdocs\projects\p_vitnuongthaomoc\system\View\View.php(220): include('C:\\xampp\\htdocs...')
#2 C:\xampp\htdocs\projects\p_vitnuongthaomoc\system\View\View.php(222): CodeIgniter\View\View->CodeIgniter\View\{closure}()
#3 C:\xampp\htdocs\projects\p_vitnuongthaomoc\system\View\View.php(468): CodeIgniter\View\View->render('frontend/layout...', NULL, true)
#4 C:\xampp\htdocs\projects\p_vitnuongthaomoc\app\Views\frontend\default.php(38): CodeIgniter\View\View->include('frontend/layout...')
#5 C:\xampp\htdocs\projects\p_vitnuongthaomoc\system\View\View.php(220): include('C:\\xampp\\htdocs...')
#6 C:\xampp\htdocs\projects\p_vitnuongthaomoc\system\View\View.php(222): CodeIgniter\View\View->CodeIgniter\View\{closure}()
#7 C:\xampp\htdocs\projects\p_vitnuongthaomoc\system\Common.php(1217): CodeIgniter\View\View->render('frontend/defaul...', Array, true)
#8 C:\xampp\htdocs\projects\p_vitnuongthaomoc\app\Controllers\Route.php(53): view('frontend/defaul...', Array)
#9 C:\xampp\htdocs\projects\p_vitnuongthaomoc\system\CodeIgniter.php(938): App\Controllers\Route->index('uploads', 'webps', 'slide', '2021', '12', 'thumb', 'vit-nuong-thao-...')
#10 C:\xampp\htdocs\projects\p_vitnuongthaomoc\system\CodeIgniter.php(434): CodeIgniter\CodeIgniter->runController(Object(App\Controllers\Route))
#11 C:\xampp\htdocs\projects\p_vitnuongthaomoc\system\CodeIgniter.php(335): CodeIgniter\CodeIgniter->handleRequest(NULL, Object(Config\Cache), false)
#12 C:\xampp\htdocs\projects\p_vitnuongthaomoc\public\index.php(43): CodeIgniter\CodeIgniter->run()
#13 C:\xampp\htdocs\projects\p_vitnuongthaomoc\system\Commands\Server\rewrite.php(45): require_once('C:\\xampp\\htdocs...')
#14 {main}
CRITICAL - 2021-12-13 14:59:23 --> Undefined variable: data_index
#0 C:\xampp\htdocs\projects\p_vitnuongthaomoc\app\Views\frontend\layout\menu_mobile.php(1): CodeIgniter\Debug\Exceptions->errorHandler(8, 'Undefined varia...', 'C:\\xampp\\htdocs...', 1, Array)
#1 C:\xampp\htdocs\projects\p_vitnuongthaomoc\system\View\View.php(220): include('C:\\xampp\\htdocs...')
#2 C:\xampp\htdocs\projects\p_vitnuongthaomoc\system\View\View.php(222): CodeIgniter\View\View->CodeIgniter\View\{closure}()
#3 C:\xampp\htdocs\projects\p_vitnuongthaomoc\system\View\View.php(468): CodeIgniter\View\View->render('frontend/layout...', NULL, true)
#4 C:\xampp\htdocs\projects\p_vitnuongthaomoc\app\Views\frontend\default.php(38): CodeIgniter\View\View->include('frontend/layout...')
#5 C:\xampp\htdocs\projects\p_vitnuongthaomoc\system\View\View.php(220): include('C:\\xampp\\htdocs...')
#6 C:\xampp\htdocs\projects\p_vitnuongthaomoc\system\View\View.php(222): CodeIgniter\View\View->CodeIgniter\View\{closure}()
#7 C:\xampp\htdocs\projects\p_vitnuongthaomoc\system\Common.php(1217): CodeIgniter\View\View->render('frontend/defaul...', Array, true)
#8 C:\xampp\htdocs\projects\p_vitnuongthaomoc\app\Controllers\Route.php(53): view('frontend/defaul...', Array)
#9 C:\xampp\htdocs\projects\p_vitnuongthaomoc\system\CodeIgniter.php(938): App\Controllers\Route->index('uploads', 'images', 'product', '2021', '12', 'thumb', '61a9e8e29465e-v...')
#10 C:\xampp\htdocs\projects\p_vitnuongthaomoc\system\CodeIgniter.php(434): CodeIgniter\CodeIgniter->runController(Object(App\Controllers\Route))
#11 C:\xampp\htdocs\projects\p_vitnuongthaomoc\system\CodeIgniter.php(335): CodeIgniter\CodeIgniter->handleRequest(NULL, Object(Config\Cache), false)
#12 C:\xampp\htdocs\projects\p_vitnuongthaomoc\public\index.php(43): CodeIgniter\CodeIgniter->run()
#13 C:\xampp\htdocs\projects\p_vitnuongthaomoc\system\Commands\Server\rewrite.php(45): require_once('C:\\xampp\\htdocs...')
#14 {main}
CRITICAL - 2021-12-13 14:59:23 --> Undefined variable: data_index
#0 C:\xampp\htdocs\projects\p_vitnuongthaomoc\app\Views\frontend\layout\menu_mobile.php(1): CodeIgniter\Debug\Exceptions->errorHandler(8, 'Undefined varia...', 'C:\\xampp\\htdocs...', 1, Array)
#1 C:\xampp\htdocs\projects\p_vitnuongthaomoc\system\View\View.php(220): include('C:\\xampp\\htdocs...')
#2 C:\xampp\htdocs\projects\p_vitnuongthaomoc\system\View\View.php(222): CodeIgniter\View\View->CodeIgniter\View\{closure}()
#3 C:\xampp\htdocs\projects\p_vitnuongthaomoc\system\View\View.php(468): CodeIgniter\View\View->render('frontend/layout...', NULL, true)
#4 C:\xampp\htdocs\projects\p_vitnuongthaomoc\app\Views\frontend\default.php(38): CodeIgniter\View\View->include('frontend/layout...')
#5 C:\xampp\htdocs\projects\p_vitnuongthaomoc\system\View\View.php(220): include('C:\\xampp\\htdocs...')
#6 C:\xampp\htdocs\projects\p_vitnuongthaomoc\system\View\View.php(222): CodeIgniter\View\View->CodeIgniter\View\{closure}()
#7 C:\xampp\htdocs\projects\p_vitnuongthaomoc\system\Common.php(1217): CodeIgniter\View\View->render('frontend/defaul...', Array, true)
#8 C:\xampp\htdocs\projects\p_vitnuongthaomoc\app\Controllers\Route.php(53): view('frontend/defaul...', Array)
#9 C:\xampp\htdocs\projects\p_vitnuongthaomoc\system\CodeIgniter.php(938): App\Controllers\Route->index('uploads', 'images', 'product', '2021', '12', 'thumb', '61a9ea8792faa-b...')
#10 C:\xampp\htdocs\projects\p_vitnuongthaomoc\system\CodeIgniter.php(434): CodeIgniter\CodeIgniter->runController(Object(App\Controllers\Route))
#11 C:\xampp\htdocs\projects\p_vitnuongthaomoc\system\CodeIgniter.php(335): CodeIgniter\CodeIgniter->handleRequest(NULL, Object(Config\Cache), false)
#12 C:\xampp\htdocs\projects\p_vitnuongthaomoc\public\index.php(43): CodeIgniter\CodeIgniter->run()
#13 C:\xampp\htdocs\projects\p_vitnuongthaomoc\system\Commands\Server\rewrite.php(45): require_once('C:\\xampp\\htdocs...')
#14 {main}
CRITICAL - 2021-12-13 14:59:24 --> Undefined variable: data_index
#0 C:\xampp\htdocs\projects\p_vitnuongthaomoc\app\Views\frontend\layout\menu_mobile.php(1): CodeIgniter\Debug\Exceptions->errorHandler(8, 'Undefined varia...', 'C:\\xampp\\htdocs...', 1, Array)
#1 C:\xampp\htdocs\projects\p_vitnuongthaomoc\system\View\View.php(220): include('C:\\xampp\\htdocs...')
#2 C:\xampp\htdocs\projects\p_vitnuongthaomoc\system\View\View.php(222): CodeIgniter\View\View->CodeIgniter\View\{closure}()
#3 C:\xampp\htdocs\projects\p_vitnuongthaomoc\system\View\View.php(468): CodeIgniter\View\View->render('frontend/layout...', NULL, true)
#4 C:\xampp\htdocs\projects\p_vitnuongthaomoc\app\Views\frontend\default.php(38): CodeIgniter\View\View->include('frontend/layout...')
#5 C:\xampp\htdocs\projects\p_vitnuongthaomoc\system\View\View.php(220): include('C:\\xampp\\htdocs...')
#6 C:\xampp\htdocs\projects\p_vitnuongthaomoc\system\View\View.php(222): CodeIgniter\View\View->CodeIgniter\View\{closure}()
#7 C:\xampp\htdocs\projects\p_vitnuongthaomoc\system\Common.php(1217): CodeIgniter\View\View->render('frontend/defaul...', Array, true)
#8 C:\xampp\htdocs\projects\p_vitnuongthaomoc\app\Controllers\Route.php(53): view('frontend/defaul...', Array)
#9 C:\xampp\htdocs\projects\p_vitnuongthaomoc\system\CodeIgniter.php(938): App\Controllers\Route->index('uploads', 'images', 'product', '2021', '12', 'thumb', '61a9ec5647650-b...')
#10 C:\xampp\htdocs\projects\p_vitnuongthaomoc\system\CodeIgniter.php(434): CodeIgniter\CodeIgniter->runController(Object(App\Controllers\Route))
#11 C:\xampp\htdocs\projects\p_vitnuongthaomoc\system\CodeIgniter.php(335): CodeIgniter\CodeIgniter->handleRequest(NULL, Object(Config\Cache), false)
#12 C:\xampp\htdocs\projects\p_vitnuongthaomoc\public\index.php(43): CodeIgniter\CodeIgniter->run()
#13 C:\xampp\htdocs\projects\p_vitnuongthaomoc\system\Commands\Server\rewrite.php(45): require_once('C:\\xampp\\htdocs...')
#14 {main}
CRITICAL - 2021-12-13 14:59:25 --> Undefined variable: data_index
#0 C:\xampp\htdocs\projects\p_vitnuongthaomoc\app\Views\frontend\layout\menu_mobile.php(1): CodeIgniter\Debug\Exceptions->errorHandler(8, 'Undefined varia...', 'C:\\xampp\\htdocs...', 1, Array)
#1 C:\xampp\htdocs\projects\p_vitnuongthaomoc\system\View\View.php(220): include('C:\\xampp\\htdocs...')
#2 C:\xampp\htdocs\projects\p_vitnuongthaomoc\system\View\View.php(222): CodeIgniter\View\View->CodeIgniter\View\{closure}()
#3 C:\xampp\htdocs\projects\p_vitnuongthaomoc\system\View\View.php(468): CodeIgniter\View\View->render('frontend/layout...', NULL, true)
#4 C:\xampp\htdocs\projects\p_vitnuongthaomoc\app\Views\frontend\default.php(38): CodeIgniter\View\View->include('frontend/layout...')
#5 C:\xampp\htdocs\projects\p_vitnuongthaomoc\system\View\View.php(220): include('C:\\xampp\\htdocs...')
#6 C:\xampp\htdocs\projects\p_vitnuongthaomoc\system\View\View.php(222): CodeIgniter\View\View->CodeIgniter\View\{closure}()
#7 C:\xampp\htdocs\projects\p_vitnuongthaomoc\system\Common.php(1217): CodeIgniter\View\View->render('frontend/defaul...', Array, true)
#8 C:\xampp\htdocs\projects\p_vitnuongthaomoc\app\Controllers\Route.php(53): view('frontend/defaul...', Array)
#9 C:\xampp\htdocs\projects\p_vitnuongthaomoc\system\CodeIgniter.php(938): App\Controllers\Route->index('uploads', 'images', 'product', '2021', '12', 'thumb', '61a9eb6d9357e-l...')
#10 C:\xampp\htdocs\projects\p_vitnuongthaomoc\system\CodeIgniter.php(434): CodeIgniter\CodeIgniter->runController(Object(App\Controllers\Route))
#11 C:\xampp\htdocs\projects\p_vitnuongthaomoc\system\CodeIgniter.php(335): CodeIgniter\CodeIgniter->handleRequest(NULL, Object(Config\Cache), false)
#12 C:\xampp\htdocs\projects\p_vitnuongthaomoc\public\index.php(43): CodeIgniter\CodeIgniter->run()
#13 C:\xampp\htdocs\projects\p_vitnuongthaomoc\system\Commands\Server\rewrite.php(45): require_once('C:\\xampp\\htdocs...')
#14 {main}
CRITICAL - 2021-12-13 14:59:25 --> Undefined variable: data_index
#0 C:\xampp\htdocs\projects\p_vitnuongthaomoc\app\Views\frontend\layout\menu_mobile.php(1): CodeIgniter\Debug\Exceptions->errorHandler(8, 'Undefined varia...', 'C:\\xampp\\htdocs...', 1, Array)
#1 C:\xampp\htdocs\projects\p_vitnuongthaomoc\system\View\View.php(220): include('C:\\xampp\\htdocs...')
#2 C:\xampp\htdocs\projects\p_vitnuongthaomoc\system\View\View.php(222): CodeIgniter\View\View->CodeIgniter\View\{closure}()
#3 C:\xampp\htdocs\projects\p_vitnuongthaomoc\system\View\View.php(468): CodeIgniter\View\View->render('frontend/layout...', NULL, true)
#4 C:\xampp\htdocs\projects\p_vitnuongthaomoc\app\Views\frontend\default.php(38): CodeIgniter\View\View->include('frontend/layout...')
#5 C:\xampp\htdocs\projects\p_vitnuongthaomoc\system\View\View.php(220): include('C:\\xampp\\htdocs...')
#6 C:\xampp\htdocs\projects\p_vitnuongthaomoc\system\View\View.php(222): CodeIgniter\View\View->CodeIgniter\View\{closure}()
#7 C:\xampp\htdocs\projects\p_vitnuongthaomoc\system\Common.php(1217): CodeIgniter\View\View->render('frontend/defaul...', Array, true)
#8 C:\xampp\htdocs\projects\p_vitnuongthaomoc\app\Controllers\Route.php(53): view('frontend/defaul...', Array)
#9 C:\xampp\htdocs\projects\p_vitnuongthaomoc\system\CodeIgniter.php(938): App\Controllers\Route->index('uploads', 'webps', 'slide', '2021', '12', 'thumb', 'vit-nuong-thao-...')
#10 C:\xampp\htdocs\projects\p_vitnuongthaomoc\system\CodeIgniter.php(434): CodeIgniter\CodeIgniter->runController(Object(App\Controllers\Route))
#11 C:\xampp\htdocs\projects\p_vitnuongthaomoc\system\CodeIgniter.php(335): CodeIgniter\CodeIgniter->handleRequest(NULL, Object(Config\Cache), false)
#12 C:\xampp\htdocs\projects\p_vitnuongthaomoc\public\index.php(43): CodeIgniter\CodeIgniter->run()
#13 C:\xampp\htdocs\projects\p_vitnuongthaomoc\system\Commands\Server\rewrite.php(45): require_once('C:\\xampp\\htdocs...')
#14 {main}
CRITICAL - 2021-12-13 14:59:26 --> Undefined variable: data_index
#0 C:\xampp\htdocs\projects\p_vitnuongthaomoc\app\Views\frontend\layout\menu_mobile.php(1): CodeIgniter\Debug\Exceptions->errorHandler(8, 'Undefined varia...', 'C:\\xampp\\htdocs...', 1, Array)
#1 C:\xampp\htdocs\projects\p_vitnuongthaomoc\system\View\View.php(220): include('C:\\xampp\\htdocs...')
#2 C:\xampp\htdocs\projects\p_vitnuongthaomoc\system\View\View.php(222): CodeIgniter\View\View->CodeIgniter\View\{closure}()
#3 C:\xampp\htdocs\projects\p_vitnuongthaomoc\system\View\View.php(468): CodeIgniter\View\View->render('frontend/layout...', NULL, true)
#4 C:\xampp\htdocs\projects\p_vitnuongthaomoc\app\Views\frontend\default.php(38): CodeIgniter\View\View->include('frontend/layout...')
#5 C:\xampp\htdocs\projects\p_vitnuongthaomoc\system\View\View.php(220): include('C:\\xampp\\htdocs...')
#6 C:\xampp\htdocs\projects\p_vitnuongthaomoc\system\View\View.php(222): CodeIgniter\View\View->CodeIgniter\View\{closure}()
#7 C:\xampp\htdocs\projects\p_vitnuongthaomoc\system\Common.php(1217): CodeIgniter\View\View->render('frontend/defaul...', Array, true)
#8 C:\xampp\htdocs\projects\p_vitnuongthaomoc\app\Controllers\Route.php(53): view('frontend/defaul...', Array)
#9 C:\xampp\htdocs\projects\p_vitnuongthaomoc\system\CodeIgniter.php(938): App\Controllers\Route->index('uploads', 'images', 'logo', '2021', '12', 'thumb', 'Logo 1.jpg.jpg')
#10 C:\xampp\htdocs\projects\p_vitnuongthaomoc\system\CodeIgniter.php(434): CodeIgniter\CodeIgniter->runController(Object(App\Controllers\Route))
#11 C:\xampp\htdocs\projects\p_vitnuongthaomoc\system\CodeIgniter.php(335): CodeIgniter\CodeIgniter->handleRequest(NULL, Object(Config\Cache), false)
#12 C:\xampp\htdocs\projects\p_vitnuongthaomoc\public\index.php(43): CodeIgniter\CodeIgniter->run()
#13 C:\xampp\htdocs\projects\p_vitnuongthaomoc\system\Commands\Server\rewrite.php(45): require_once('C:\\xampp\\htdocs...')
#14 {main}
CRITICAL - 2021-12-13 14:59:26 --> Undefined variable: data_index
#0 C:\xampp\htdocs\projects\p_vitnuongthaomoc\app\Views\frontend\layout\menu_mobile.php(1): CodeIgniter\Debug\Exceptions->errorHandler(8, 'Undefined varia...', 'C:\\xampp\\htdocs...', 1, Array)
#1 C:\xampp\htdocs\projects\p_vitnuongthaomoc\system\View\View.php(220): include('C:\\xampp\\htdocs...')
#2 C:\xampp\htdocs\projects\p_vitnuongthaomoc\system\View\View.php(222): CodeIgniter\View\View->CodeIgniter\View\{closure}()
#3 C:\xampp\htdocs\projects\p_vitnuongthaomoc\system\View\View.php(468): CodeIgniter\View\View->render('frontend/layout...', NULL, true)
#4 C:\xampp\htdocs\projects\p_vitnuongthaomoc\app\Views\frontend\default.php(38): CodeIgniter\View\View->include('frontend/layout...')
#5 C:\xampp\htdocs\projects\p_vitnuongthaomoc\system\View\View.php(220): include('C:\\xampp\\htdocs...')
#6 C:\xampp\htdocs\projects\p_vitnuongthaomoc\system\View\View.php(222): CodeIgniter\View\View->CodeIgniter\View\{closure}()
#7 C:\xampp\htdocs\projects\p_vitnuongthaomoc\system\Common.php(1217): CodeIgniter\View\View->render('frontend/defaul...', Array, true)
#8 C:\xampp\htdocs\projects\p_vitnuongthaomoc\app\Controllers\Route.php(53): view('frontend/defaul...', Array)
#9 C:\xampp\htdocs\projects\p_vitnuongthaomoc\system\CodeIgniter.php(938): App\Controllers\Route->index('uploads', 'webps', 'slide', '2021', '12', 'thumb', 'vit-nuong-thao-...')
#10 C:\xampp\htdocs\projects\p_vitnuongthaomoc\system\CodeIgniter.php(434): CodeIgniter\CodeIgniter->runController(Object(App\Controllers\Route))
#11 C:\xampp\htdocs\projects\p_vitnuongthaomoc\system\CodeIgniter.php(335): CodeIgniter\CodeIgniter->handleRequest(NULL, Object(Config\Cache), false)
#12 C:\xampp\htdocs\projects\p_vitnuongthaomoc\public\index.php(43): CodeIgniter\CodeIgniter->run()
#13 C:\xampp\htdocs\projects\p_vitnuongthaomoc\system\Commands\Server\rewrite.php(45): require_once('C:\\xampp\\htdocs...')
#14 {main}
CRITICAL - 2021-12-13 14:59:26 --> Undefined variable: data_index
#0 C:\xampp\htdocs\projects\p_vitnuongthaomoc\app\Views\frontend\layout\menu_mobile.php(1): CodeIgniter\Debug\Exceptions->errorHandler(8, 'Undefined varia...', 'C:\\xampp\\htdocs...', 1, Array)
#1 C:\xampp\htdocs\projects\p_vitnuongthaomoc\system\View\View.php(220): include('C:\\xampp\\htdocs...')
#2 C:\xampp\htdocs\projects\p_vitnuongthaomoc\system\View\View.php(222): CodeIgniter\View\View->CodeIgniter\View\{closure}()
#3 C:\xampp\htdocs\projects\p_vitnuongthaomoc\system\View\View.php(468): CodeIgniter\View\View->render('frontend/layout...', NULL, true)
#4 C:\xampp\htdocs\projects\p_vitnuongthaomoc\app\Views\frontend\default.php(38): CodeIgniter\View\View->include('frontend/layout...')
#5 C:\xampp\htdocs\projects\p_vitnuongthaomoc\system\View\View.php(220): include('C:\\xampp\\htdocs...')
#6 C:\xampp\htdocs\projects\p_vitnuongthaomoc\system\View\View.php(222): CodeIgniter\View\View->CodeIgniter\View\{closure}()
#7 C:\xampp\htdocs\projects\p_vitnuongthaomoc\system\Common.php(1217): CodeIgniter\View\View->render('frontend/defaul...', Array, true)
#8 C:\xampp\htdocs\projects\p_vitnuongthaomoc\app\Controllers\Route.php(53): view('frontend/defaul...', Array)
#9 C:\xampp\htdocs\projects\p_vitnuongthaomoc\system\CodeIgniter.php(938): App\Controllers\Route->index('uploads', 'images', 'product', '2021', '12', 'thumb', '61a9ecdc83630-l...')
#10 C:\xampp\htdocs\projects\p_vitnuongthaomoc\system\CodeIgniter.php(434): CodeIgniter\CodeIgniter->runController(Object(App\Controllers\Route))
#11 C:\xampp\htdocs\projects\p_vitnuongthaomoc\system\CodeIgniter.php(335): CodeIgniter\CodeIgniter->handleRequest(NULL, Object(Config\Cache), false)
#12 C:\xampp\htdocs\projects\p_vitnuongthaomoc\public\index.php(43): CodeIgniter\CodeIgniter->run()
#13 C:\xampp\htdocs\projects\p_vitnuongthaomoc\system\Commands\Server\rewrite.php(45): require_once('C:\\xampp\\htdocs...')
#14 {main}
CRITICAL - 2021-12-13 14:59:27 --> Undefined variable: data_index
#0 C:\xampp\htdocs\projects\p_vitnuongthaomoc\app\Views\frontend\layout\menu_mobile.php(1): CodeIgniter\Debug\Exceptions->errorHandler(8, 'Undefined varia...', 'C:\\xampp\\htdocs...', 1, Array)
#1 C:\xampp\htdocs\projects\p_vitnuongthaomoc\system\View\View.php(220): include('C:\\xampp\\htdocs...')
#2 C:\xampp\htdocs\projects\p_vitnuongthaomoc\system\View\View.php(222): CodeIgniter\View\View->CodeIgniter\View\{closure}()
#3 C:\xampp\htdocs\projects\p_vitnuongthaomoc\system\View\View.php(468): CodeIgniter\View\View->render('frontend/layout...', NULL, true)
#4 C:\xampp\htdocs\projects\p_vitnuongthaomoc\app\Views\frontend\default.php(38): CodeIgniter\View\View->include('frontend/layout...')
#5 C:\xampp\htdocs\projects\p_vitnuongthaomoc\system\View\View.php(220): include('C:\\xampp\\htdocs...')
#6 C:\xampp\htdocs\projects\p_vitnuongthaomoc\system\View\View.php(222): CodeIgniter\View\View->CodeIgniter\View\{closure}()
#7 C:\xampp\htdocs\projects\p_vitnuongthaomoc\system\Common.php(1217): CodeIgniter\View\View->render('frontend/defaul...', Array, true)
#8 C:\xampp\htdocs\projects\p_vitnuongthaomoc\app\Controllers\Route.php(53): view('frontend/defaul...', Array)
#9 C:\xampp\htdocs\projects\p_vitnuongthaomoc\system\CodeIgniter.php(938): App\Controllers\Route->index('uploads', 'images', 'product', '2021', '12', 'thumb', '61a9ed1ba781f-l...')
#10 C:\xampp\htdocs\projects\p_vitnuongthaomoc\system\CodeIgniter.php(434): CodeIgniter\CodeIgniter->runController(Object(App\Controllers\Route))
#11 C:\xampp\htdocs\projects\p_vitnuongthaomoc\system\CodeIgniter.php(335): CodeIgniter\CodeIgniter->handleRequest(NULL, Object(Config\Cache), false)
#12 C:\xampp\htdocs\projects\p_vitnuongthaomoc\public\index.php(43): CodeIgniter\CodeIgniter->run()
#13 C:\xampp\htdocs\projects\p_vitnuongthaomoc\system\Commands\Server\rewrite.php(45): require_once('C:\\xampp\\htdocs...')
#14 {main}
CRITICAL - 2021-12-13 14:59:27 --> Undefined variable: data_index
#0 C:\xampp\htdocs\projects\p_vitnuongthaomoc\app\Views\frontend\layout\menu_mobile.php(1): CodeIgniter\Debug\Exceptions->errorHandler(8, 'Undefined varia...', 'C:\\xampp\\htdocs...', 1, Array)
#1 C:\xampp\htdocs\projects\p_vitnuongthaomoc\system\View\View.php(220): include('C:\\xampp\\htdocs...')
#2 C:\xampp\htdocs\projects\p_vitnuongthaomoc\system\View\View.php(222): CodeIgniter\View\View->CodeIgniter\View\{closure}()
#3 C:\xampp\htdocs\projects\p_vitnuongthaomoc\system\View\View.php(468): CodeIgniter\View\View->render('frontend/layout...', NULL, true)
#4 C:\xampp\htdocs\projects\p_vitnuongthaomoc\app\Views\frontend\default.php(38): CodeIgniter\View\View->include('frontend/layout...')
#5 C:\xampp\htdocs\projects\p_vitnuongthaomoc\system\View\View.php(220): include('C:\\xampp\\htdocs...')
#6 C:\xampp\htdocs\projects\p_vitnuongthaomoc\system\View\View.php(222): CodeIgniter\View\View->CodeIgniter\View\{closure}()
#7 C:\xampp\htdocs\projects\p_vitnuongthaomoc\system\Common.php(1217): CodeIgniter\View\View->render('frontend/defaul...', Array, true)
#8 C:\xampp\htdocs\projects\p_vitnuongthaomoc\app\Controllers\Route.php(53): view('frontend/defaul...', Array)
#9 C:\xampp\htdocs\projects\p_vitnuongthaomoc\system\CodeIgniter.php(938): App\Controllers\Route->index('uploads', 'images', 'video', '2021', '12', 'thumb', '61aa336acb976-V...')
#10 C:\xampp\htdocs\projects\p_vitnuongthaomoc\system\CodeIgniter.php(434): CodeIgniter\CodeIgniter->runController(Object(App\Controllers\Route))
#11 C:\xampp\htdocs\projects\p_vitnuongthaomoc\system\CodeIgniter.php(335): CodeIgniter\CodeIgniter->handleRequest(NULL, Object(Config\Cache), false)
#12 C:\xampp\htdocs\projects\p_vitnuongthaomoc\public\index.php(43): CodeIgniter\CodeIgniter->run()
#13 C:\xampp\htdocs\projects\p_vitnuongthaomoc\system\Commands\Server\rewrite.php(45): require_once('C:\\xampp\\htdocs...')
#14 {main}
CRITICAL - 2021-12-13 14:59:28 --> Undefined variable: data_index
#0 C:\xampp\htdocs\projects\p_vitnuongthaomoc\app\Views\frontend\layout\menu_mobile.php(1): CodeIgniter\Debug\Exceptions->errorHandler(8, 'Undefined varia...', 'C:\\xampp\\htdocs...', 1, Array)
#1 C:\xampp\htdocs\projects\p_vitnuongthaomoc\system\View\View.php(220): include('C:\\xampp\\htdocs...')
#2 C:\xampp\htdocs\projects\p_vitnuongthaomoc\system\View\View.php(222): CodeIgniter\View\View->CodeIgniter\View\{closure}()
#3 C:\xampp\htdocs\projects\p_vitnuongthaomoc\system\View\View.php(468): CodeIgniter\View\View->render('frontend/layout...', NULL, true)
#4 C:\xampp\htdocs\projects\p_vitnuongthaomoc\app\Views\frontend\default.php(38): CodeIgniter\View\View->include('frontend/layout...')
#5 C:\xampp\htdocs\projects\p_vitnuongthaomoc\system\View\View.php(220): include('C:\\xampp\\htdocs...')
#6 C:\xampp\htdocs\projects\p_vitnuongthaomoc\system\View\View.php(222): CodeIgniter\View\View->CodeIgniter\View\{closure}()
#7 C:\xampp\htdocs\projects\p_vitnuongthaomoc\system\Common.php(1217): CodeIgniter\View\View->render('frontend/defaul...', Array, true)
#8 C:\xampp\htdocs\projects\p_vitnuongthaomoc\app\Controllers\Route.php(53): view('frontend/defaul...', Array)
#9 C:\xampp\htdocs\projects\p_vitnuongthaomoc\system\CodeIgniter.php(938): App\Controllers\Route->index('order', 'exportExcel')
#10 C:\xampp\htdocs\projects\p_vitnuongthaomoc\system\CodeIgniter.php(434): CodeIgniter\CodeIgniter->runController(Object(App\Controllers\Route))
#11 C:\xampp\htdocs\projects\p_vitnuongthaomoc\system\CodeIgniter.php(335): CodeIgniter\CodeIgniter->handleRequest(NULL, Object(Config\Cache), false)
#12 C:\xampp\htdocs\projects\p_vitnuongthaomoc\public\index.php(43): CodeIgniter\CodeIgniter->run()
#13 C:\xampp\htdocs\projects\p_vitnuongthaomoc\system\Commands\Server\rewrite.php(45): require_once('C:\\xampp\\htdocs...')
#14 {main}
CRITICAL - 2021-12-13 14:59:30 --> Undefined variable: data_index
#0 C:\xampp\htdocs\projects\p_vitnuongthaomoc\app\Views\frontend\layout\menu_mobile.php(1): CodeIgniter\Debug\Exceptions->errorHandler(8, 'Undefined varia...', 'C:\\xampp\\htdocs...', 1, Array)
#1 C:\xampp\htdocs\projects\p_vitnuongthaomoc\system\View\View.php(220): include('C:\\xampp\\htdocs...')
#2 C:\xampp\htdocs\projects\p_vitnuongthaomoc\system\View\View.php(222): CodeIgniter\View\View->CodeIgniter\View\{closure}()
#3 C:\xampp\htdocs\projects\p_vitnuongthaomoc\system\View\View.php(468): CodeIgniter\View\View->render('frontend/layout...', NULL, true)
#4 C:\xampp\htdocs\projects\p_vitnuongthaomoc\app\Views\frontend\default.php(38): CodeIgniter\View\View->include('frontend/layout...')
#5 C:\xampp\htdocs\projects\p_vitnuongthaomoc\system\View\View.php(220): include('C:\\xampp\\htdocs...')
#6 C:\xampp\htdocs\projects\p_vitnuongthaomoc\system\View\View.php(222): CodeIgniter\View\View->CodeIgniter\View\{closure}()
#7 C:\xampp\htdocs\projects\p_vitnuongthaomoc\system\Common.php(1217): CodeIgniter\View\View->render('frontend/defaul...', Array, true)
#8 C:\xampp\htdocs\projects\p_vitnuongthaomoc\app\Controllers\Route.php(53): view('frontend/defaul...', Array)
#9 C:\xampp\htdocs\projects\p_vitnuongthaomoc\system\CodeIgniter.php(938): App\Controllers\Route->index('uploads', 'images', 'product', '2021', '12', 'thumb', '61a9e8e29465e-v...')
#10 C:\xampp\htdocs\projects\p_vitnuongthaomoc\system\CodeIgniter.php(434): CodeIgniter\CodeIgniter->runController(Object(App\Controllers\Route))
#11 C:\xampp\htdocs\projects\p_vitnuongthaomoc\system\CodeIgniter.php(335): CodeIgniter\CodeIgniter->handleRequest(NULL, Object(Config\Cache), false)
#12 C:\xampp\htdocs\projects\p_vitnuongthaomoc\public\index.php(43): CodeIgniter\CodeIgniter->run()
#13 C:\xampp\htdocs\projects\p_vitnuongthaomoc\system\Commands\Server\rewrite.php(45): require_once('C:\\xampp\\htdocs...')
#14 {main}
CRITICAL - 2021-12-13 14:59:30 --> Undefined variable: data_index
#0 C:\xampp\htdocs\projects\p_vitnuongthaomoc\app\Views\frontend\layout\menu_mobile.php(1): CodeIgniter\Debug\Exceptions->errorHandler(8, 'Undefined varia...', 'C:\\xampp\\htdocs...', 1, Array)
#1 C:\xampp\htdocs\projects\p_vitnuongthaomoc\system\View\View.php(220): include('C:\\xampp\\htdocs...')
#2 C:\xampp\htdocs\projects\p_vitnuongthaomoc\system\View\View.php(222): CodeIgniter\View\View->CodeIgniter\View\{closure}()
#3 C:\xampp\htdocs\projects\p_vitnuongthaomoc\system\View\View.php(468): CodeIgniter\View\View->render('frontend/layout...', NULL, true)
#4 C:\xampp\htdocs\projects\p_vitnuongthaomoc\app\Views\frontend\default.php(38): CodeIgniter\View\View->include('frontend/layout...')
#5 C:\xampp\htdocs\projects\p_vitnuongthaomoc\system\View\View.php(220): include('C:\\xampp\\htdocs...')
#6 C:\xampp\htdocs\projects\p_vitnuongthaomoc\system\View\View.php(222): CodeIgniter\View\View->CodeIgniter\View\{closure}()
#7 C:\xampp\htdocs\projects\p_vitnuongthaomoc\system\Common.php(1217): CodeIgniter\View\View->render('frontend/defaul...', Array, true)
#8 C:\xampp\htdocs\projects\p_vitnuongthaomoc\app\Controllers\Route.php(53): view('frontend/defaul...', Array)
#9 C:\xampp\htdocs\projects\p_vitnuongthaomoc\system\CodeIgniter.php(938): App\Controllers\Route->index('uploads', 'images', 'video', '2021', '12', 'thumb', '61aa32ec805fe-M...')
#10 C:\xampp\htdocs\projects\p_vitnuongthaomoc\system\CodeIgniter.php(434): CodeIgniter\CodeIgniter->runController(Object(App\Controllers\Route))
#11 C:\xampp\htdocs\projects\p_vitnuongthaomoc\system\CodeIgniter.php(335): CodeIgniter\CodeIgniter->handleRequest(NULL, Object(Config\Cache), false)
#12 C:\xampp\htdocs\projects\p_vitnuongthaomoc\public\index.php(43): CodeIgniter\CodeIgniter->run()
#13 C:\xampp\htdocs\projects\p_vitnuongthaomoc\system\Commands\Server\rewrite.php(45): require_once('C:\\xampp\\htdocs...')
#14 {main}
CRITICAL - 2021-12-13 14:59:31 --> Undefined variable: data_index
#0 C:\xampp\htdocs\projects\p_vitnuongthaomoc\app\Views\frontend\layout\menu_mobile.php(1): CodeIgniter\Debug\Exceptions->errorHandler(8, 'Undefined varia...', 'C:\\xampp\\htdocs...', 1, Array)
#1 C:\xampp\htdocs\projects\p_vitnuongthaomoc\system\View\View.php(220): include('C:\\xampp\\htdocs...')
#2 C:\xampp\htdocs\projects\p_vitnuongthaomoc\system\View\View.php(222): CodeIgniter\View\View->CodeIgniter\View\{closure}()
#3 C:\xampp\htdocs\projects\p_vitnuongthaomoc\system\View\View.php(468): CodeIgniter\View\View->render('frontend/layout...', NULL, true)
#4 C:\xampp\htdocs\projects\p_vitnuongthaomoc\app\Views\frontend\default.php(38): CodeIgniter\View\View->include('frontend/layout...')
#5 C:\xampp\htdocs\projects\p_vitnuongthaomoc\system\View\View.php(220): include('C:\\xampp\\htdocs...')
#6 C:\xampp\htdocs\projects\p_vitnuongthaomoc\system\View\View.php(222): CodeIgniter\View\View->CodeIgniter\View\{closure}()
#7 C:\xampp\htdocs\projects\p_vitnuongthaomoc\system\Common.php(1217): CodeIgniter\View\View->render('frontend/defaul...', Array, true)
#8 C:\xampp\htdocs\projects\p_vitnuongthaomoc\app\Controllers\Route.php(53): view('frontend/defaul...', Array)
#9 C:\xampp\htdocs\projects\p_vitnuongthaomoc\system\CodeIgniter.php(938): App\Controllers\Route->index('otadmin', 'order', 'exportExcel')
#10 C:\xampp\htdocs\projects\p_vitnuongthaomoc\system\CodeIgniter.php(434): CodeIgniter\CodeIgniter->runController(Object(App\Controllers\Route))
#11 C:\xampp\htdocs\projects\p_vitnuongthaomoc\system\CodeIgniter.php(335): CodeIgniter\CodeIgniter->handleRequest(NULL, Object(Config\Cache), false)
#12 C:\xampp\htdocs\projects\p_vitnuongthaomoc\public\index.php(43): CodeIgniter\CodeIgniter->run()
#13 C:\xampp\htdocs\projects\p_vitnuongthaomoc\system\Commands\Server\rewrite.php(45): require_once('C:\\xampp\\htdocs...')
#14 {main}
CRITICAL - 2021-12-13 14:59:40 --> Undefined variable: data_index
#0 C:\xampp\htdocs\projects\p_vitnuongthaomoc\app\Views\frontend\layout\menu_mobile.php(1): CodeIgniter\Debug\Exceptions->errorHandler(8, 'Undefined varia...', 'C:\\xampp\\htdocs...', 1, Array)
#1 C:\xampp\htdocs\projects\p_vitnuongthaomoc\system\View\View.php(220): include('C:\\xampp\\htdocs...')
#2 C:\xampp\htdocs\projects\p_vitnuongthaomoc\system\View\View.php(222): CodeIgniter\View\View->CodeIgniter\View\{closure}()
#3 C:\xampp\htdocs\projects\p_vitnuongthaomoc\system\View\View.php(468): CodeIgniter\View\View->render('frontend/layout...', NULL, true)
#4 C:\xampp\htdocs\projects\p_vitnuongthaomoc\app\Views\frontend\default.php(38): CodeIgniter\View\View->include('frontend/layout...')
#5 C:\xampp\htdocs\projects\p_vitnuongthaomoc\system\View\View.php(220): include('C:\\xampp\\htdocs...')
#6 C:\xampp\htdocs\projects\p_vitnuongthaomoc\system\View\View.php(222): CodeIgniter\View\View->CodeIgniter\View\{closure}()
#7 C:\xampp\htdocs\projects\p_vitnuongthaomoc\system\Common.php(1217): CodeIgniter\View\View->render('frontend/defaul...', Array, true)
#8 C:\xampp\htdocs\projects\p_vitnuongthaomoc\app\Controllers\Route.php(53): view('frontend/defaul...', Array)
#9 C:\xampp\htdocs\projects\p_vitnuongthaomoc\system\CodeIgniter.php(938): App\Controllers\Route->index('cpanel', 'order', 'exportExcel')
#10 C:\xampp\htdocs\projects\p_vitnuongthaomoc\system\CodeIgniter.php(434): CodeIgniter\CodeIgniter->runController(Object(App\Controllers\Route))
#11 C:\xampp\htdocs\projects\p_vitnuongthaomoc\system\CodeIgniter.php(335): CodeIgniter\CodeIgniter->handleRequest(NULL, Object(Config\Cache), false)
#12 C:\xampp\htdocs\projects\p_vitnuongthaomoc\public\index.php(43): CodeIgniter\CodeIgniter->run()
#13 C:\xampp\htdocs\projects\p_vitnuongthaomoc\system\Commands\Server\rewrite.php(45): require_once('C:\\xampp\\htdocs...')
#14 {main}
CRITICAL - 2021-12-13 15:00:25 --> Undefined variable: data_index
#0 C:\xampp\htdocs\projects\p_vitnuongthaomoc\app\Views\frontend\layout\menu_mobile.php(1): CodeIgniter\Debug\Exceptions->errorHandler(8, 'Undefined varia...', 'C:\\xampp\\htdocs...', 1, Array)
#1 C:\xampp\htdocs\projects\p_vitnuongthaomoc\system\View\View.php(220): include('C:\\xampp\\htdocs...')
#2 C:\xampp\htdocs\projects\p_vitnuongthaomoc\system\View\View.php(222): CodeIgniter\View\View->CodeIgniter\View\{closure}()
#3 C:\xampp\htdocs\projects\p_vitnuongthaomoc\system\View\View.php(468): CodeIgniter\View\View->render('frontend/layout...', NULL, true)
#4 C:\xampp\htdocs\projects\p_vitnuongthaomoc\app\Views\frontend\default.php(38): CodeIgniter\View\View->include('frontend/layout...')
#5 C:\xampp\htdocs\projects\p_vitnuongthaomoc\system\View\View.php(220): include('C:\\xampp\\htdocs...')
#6 C:\xampp\htdocs\projects\p_vitnuongthaomoc\system\View\View.php(222): CodeIgniter\View\View->CodeIgniter\View\{closure}()
#7 C:\xampp\htdocs\projects\p_vitnuongthaomoc\system\Common.php(1217): CodeIgniter\View\View->render('frontend/defaul...', Array, true)
#8 C:\xampp\htdocs\projects\p_vitnuongthaomoc\app\Controllers\Route.php(53): view('frontend/defaul...', Array)
#9 C:\xampp\htdocs\projects\p_vitnuongthaomoc\system\CodeIgniter.php(938): App\Controllers\Route->index('cpanel', 'order', 'exportExcel')
#10 C:\xampp\htdocs\projects\p_vitnuongthaomoc\system\CodeIgniter.php(434): CodeIgniter\CodeIgniter->runController(Object(App\Controllers\Route))
#11 C:\xampp\htdocs\projects\p_vitnuongthaomoc\system\CodeIgniter.php(335): CodeIgniter\CodeIgniter->handleRequest(NULL, Object(Config\Cache), false)
#12 C:\xampp\htdocs\projects\p_vitnuongthaomoc\public\index.php(43): CodeIgniter\CodeIgniter->run()
#13 C:\xampp\htdocs\projects\p_vitnuongthaomoc\system\Commands\Server\rewrite.php(45): require_once('C:\\xampp\\htdocs...')
#14 {main}
CRITICAL - 2021-12-13 15:00:51 --> Undefined variable: data_index
#0 C:\xampp\htdocs\projects\p_vitnuongthaomoc\app\Views\frontend\layout\menu_mobile.php(1): CodeIgniter\Debug\Exceptions->errorHandler(8, 'Undefined varia...', 'C:\\xampp\\htdocs...', 1, Array)
#1 C:\xampp\htdocs\projects\p_vitnuongthaomoc\system\View\View.php(220): include('C:\\xampp\\htdocs...')
#2 C:\xampp\htdocs\projects\p_vitnuongthaomoc\system\View\View.php(222): CodeIgniter\View\View->CodeIgniter\View\{closure}()
#3 C:\xampp\htdocs\projects\p_vitnuongthaomoc\system\View\View.php(468): CodeIgniter\View\View->render('frontend/layout...', NULL, true)
#4 C:\xampp\htdocs\projects\p_vitnuongthaomoc\app\Views\frontend\default.php(38): CodeIgniter\View\View->include('frontend/layout...')
#5 C:\xampp\htdocs\projects\p_vitnuongthaomoc\system\View\View.php(220): include('C:\\xampp\\htdocs...')
#6 C:\xampp\htdocs\projects\p_vitnuongthaomoc\system\View\View.php(222): CodeIgniter\View\View->CodeIgniter\View\{closure}()
#7 C:\xampp\htdocs\projects\p_vitnuongthaomoc\system\Common.php(1217): CodeIgniter\View\View->render('frontend/defaul...', Array, true)
#8 C:\xampp\htdocs\projects\p_vitnuongthaomoc\app\Controllers\Route.php(53): view('frontend/defaul...', Array)
#9 C:\xampp\htdocs\projects\p_vitnuongthaomoc\system\CodeIgniter.php(938): App\Controllers\Route->index('cpanel', 'order', 'exportExcel')
#10 C:\xampp\htdocs\projects\p_vitnuongthaomoc\system\CodeIgniter.php(434): CodeIgniter\CodeIgniter->runController(Object(App\Controllers\Route))
#11 C:\xampp\htdocs\projects\p_vitnuongthaomoc\system\CodeIgniter.php(335): CodeIgniter\CodeIgniter->handleRequest(NULL, Object(Config\Cache), false)
#12 C:\xampp\htdocs\projects\p_vitnuongthaomoc\public\index.php(43): CodeIgniter\CodeIgniter->run()
#13 C:\xampp\htdocs\projects\p_vitnuongthaomoc\system\Commands\Server\rewrite.php(45): require_once('C:\\xampp\\htdocs...')
#14 {main}
CRITICAL - 2021-12-13 15:01:09 --> Undefined variable: data_index
#0 C:\xampp\htdocs\projects\p_vitnuongthaomoc\app\Views\frontend\layout\menu_mobile.php(1): CodeIgniter\Debug\Exceptions->errorHandler(8, 'Undefined varia...', 'C:\\xampp\\htdocs...', 1, Array)
#1 C:\xampp\htdocs\projects\p_vitnuongthaomoc\system\View\View.php(220): include('C:\\xampp\\htdocs...')
#2 C:\xampp\htdocs\projects\p_vitnuongthaomoc\system\View\View.php(222): CodeIgniter\View\View->CodeIgniter\View\{closure}()
#3 C:\xampp\htdocs\projects\p_vitnuongthaomoc\system\View\View.php(468): CodeIgniter\View\View->render('frontend/layout...', NULL, true)
#4 C:\xampp\htdocs\projects\p_vitnuongthaomoc\app\Views\frontend\default.php(38): CodeIgniter\View\View->include('frontend/layout...')
#5 C:\xampp\htdocs\projects\p_vitnuongthaomoc\system\View\View.php(220): include('C:\\xampp\\htdocs...')
#6 C:\xampp\htdocs\projects\p_vitnuongthaomoc\system\View\View.php(222): CodeIgniter\View\View->CodeIgniter\View\{closure}()
#7 C:\xampp\htdocs\projects\p_vitnuongthaomoc\system\Common.php(1217): CodeIgniter\View\View->render('frontend/defaul...', Array, true)
#8 C:\xampp\htdocs\projects\p_vitnuongthaomoc\app\Controllers\Route.php(53): view('frontend/defaul...', Array)
#9 C:\xampp\htdocs\projects\p_vitnuongthaomoc\system\CodeIgniter.php(938): App\Controllers\Route->index('cpanel', 'order', 'exportExcel')
#10 C:\xampp\htdocs\projects\p_vitnuongthaomoc\system\CodeIgniter.php(434): CodeIgniter\CodeIgniter->runController(Object(App\Controllers\Route))
#11 C:\xampp\htdocs\projects\p_vitnuongthaomoc\system\CodeIgniter.php(335): CodeIgniter\CodeIgniter->handleRequest(NULL, Object(Config\Cache), false)
#12 C:\xampp\htdocs\projects\p_vitnuongthaomoc\public\index.php(43): CodeIgniter\CodeIgniter->run()
#13 C:\xampp\htdocs\projects\p_vitnuongthaomoc\system\Commands\Server\rewrite.php(45): require_once('C:\\xampp\\htdocs...')
#14 {main}
