ERROR - 2022-08-29 09:48:43 --> mysqli_sql_exception: Unknown column 'month' in 'field list' in C:\xampp\htdocs\projects2022\p_lanhuonglip\system\Database\MySQLi\Connection.php:314
Stack trace:
#0 C:\xampp\htdocs\projects2022\p_lanhuonglip\system\Database\MySQLi\Connection.php(314): mysqli->query('INSERT INTO `tb...')
#1 C:\xampp\htdocs\projects2022\p_lanhuonglip\system\Database\BaseConnection.php(713): CodeIgniter\Database\MySQLi\Connection->execute('INSERT INTO `tb...')
#2 C:\xampp\htdocs\projects2022\p_lanhuonglip\system\Database\BaseConnection.php(641): CodeIgniter\Database\BaseConnection->simpleQuery('INSERT INTO `tb...')
#3 C:\xampp\htdocs\projects2022\p_lanhuonglip\system\Database\BaseBuilder.php(2263): CodeIgniter\Database\BaseConnection->query('INSERT INTO `tb...', Array, false)
#4 C:\xampp\htdocs\projects2022\p_lanhuonglip\app\Models\MyModels.php(16): CodeIgniter\Database\BaseBuilder->insert(Array)
#5 C:\xampp\htdocs\projects2022\p_lanhuonglip\app\Controllers\Cpanel\Productcolor.php(115): App\Models\MyModels->add(Array)
#6 C:\xampp\htdocs\projects2022\p_lanhuonglip\system\CodeIgniter.php(938): App\Controllers\Cpanel\Productcolor->add('51')
#7 C:\xampp\htdocs\projects2022\p_lanhuonglip\system\CodeIgniter.php(434): CodeIgniter\CodeIgniter->runController(Object(App\Controllers\Cpanel\Productcolor))
#8 C:\xampp\htdocs\projects2022\p_lanhuonglip\system\CodeIgniter.php(335): CodeIgniter\CodeIgniter->handleRequest(NULL, Object(Config\Cache), false)
#9 C:\xampp\htdocs\projects2022\p_lanhuonglip\public\index.php(43): CodeIgniter\CodeIgniter->run()
#10 C:\xampp\htdocs\projects2022\p_lanhuonglip\system\Commands\Server\rewrite.php(45): require_once('C:\\xampp\\htdocs...')
#11 {main}
ERROR - 2022-08-29 09:48:56 --> mysqli_sql_exception: Unknown column 'month' in 'field list' in C:\xampp\htdocs\projects2022\p_lanhuonglip\system\Database\MySQLi\Connection.php:314
Stack trace:
#0 C:\xampp\htdocs\projects2022\p_lanhuonglip\system\Database\MySQLi\Connection.php(314): mysqli->query('INSERT INTO `tb...')
#1 C:\xampp\htdocs\projects2022\p_lanhuonglip\system\Database\BaseConnection.php(713): CodeIgniter\Database\MySQLi\Connection->execute('INSERT INTO `tb...')
#2 C:\xampp\htdocs\projects2022\p_lanhuonglip\system\Database\BaseConnection.php(641): CodeIgniter\Database\BaseConnection->simpleQuery('INSERT INTO `tb...')
#3 C:\xampp\htdocs\projects2022\p_lanhuonglip\system\Database\BaseBuilder.php(2263): CodeIgniter\Database\BaseConnection->query('INSERT INTO `tb...', Array, false)
#4 C:\xampp\htdocs\projects2022\p_lanhuonglip\app\Models\MyModels.php(16): CodeIgniter\Database\BaseBuilder->insert(Array)
#5 C:\xampp\htdocs\projects2022\p_lanhuonglip\app\Controllers\Cpanel\Productcolor.php(115): App\Models\MyModels->add(Array)
#6 C:\xampp\htdocs\projects2022\p_lanhuonglip\system\CodeIgniter.php(938): App\Controllers\Cpanel\Productcolor->add('51')
#7 C:\xampp\htdocs\projects2022\p_lanhuonglip\system\CodeIgniter.php(434): CodeIgniter\CodeIgniter->runController(Object(App\Controllers\Cpanel\Productcolor))
#8 C:\xampp\htdocs\projects2022\p_lanhuonglip\system\CodeIgniter.php(335): CodeIgniter\CodeIgniter->handleRequest(NULL, Object(Config\Cache), false)
#9 C:\xampp\htdocs\projects2022\p_lanhuonglip\public\index.php(43): CodeIgniter\CodeIgniter->run()
#10 C:\xampp\htdocs\projects2022\p_lanhuonglip\system\Commands\Server\rewrite.php(45): require_once('C:\\xampp\\htdocs...')
#11 {main}
ERROR - 2022-08-29 09:49:28 --> mysqli_sql_exception: Unknown column 'month' in 'field list' in C:\xampp\htdocs\projects2022\p_lanhuonglip\system\Database\MySQLi\Connection.php:314
Stack trace:
#0 C:\xampp\htdocs\projects2022\p_lanhuonglip\system\Database\MySQLi\Connection.php(314): mysqli->query('INSERT INTO `tb...')
#1 C:\xampp\htdocs\projects2022\p_lanhuonglip\system\Database\BaseConnection.php(713): CodeIgniter\Database\MySQLi\Connection->execute('INSERT INTO `tb...')
#2 C:\xampp\htdocs\projects2022\p_lanhuonglip\system\Database\BaseConnection.php(641): CodeIgniter\Database\BaseConnection->simpleQuery('INSERT INTO `tb...')
#3 C:\xampp\htdocs\projects2022\p_lanhuonglip\system\Database\BaseBuilder.php(2263): CodeIgniter\Database\BaseConnection->query('INSERT INTO `tb...', Array, false)
#4 C:\xampp\htdocs\projects2022\p_lanhuonglip\app\Models\MyModels.php(16): CodeIgniter\Database\BaseBuilder->insert(Array)
#5 C:\xampp\htdocs\projects2022\p_lanhuonglip\app\Controllers\Cpanel\Productcolor.php(115): App\Models\MyModels->add(Array)
#6 C:\xampp\htdocs\projects2022\p_lanhuonglip\system\CodeIgniter.php(938): App\Controllers\Cpanel\Productcolor->add('51')
#7 C:\xampp\htdocs\projects2022\p_lanhuonglip\system\CodeIgniter.php(434): CodeIgniter\CodeIgniter->runController(Object(App\Controllers\Cpanel\Productcolor))
#8 C:\xampp\htdocs\projects2022\p_lanhuonglip\system\CodeIgniter.php(335): CodeIgniter\CodeIgniter->handleRequest(NULL, Object(Config\Cache), false)
#9 C:\xampp\htdocs\projects2022\p_lanhuonglip\public\index.php(43): CodeIgniter\CodeIgniter->run()
#10 C:\xampp\htdocs\projects2022\p_lanhuonglip\system\Commands\Server\rewrite.php(45): require_once('C:\\xampp\\htdocs...')
#11 {main}
ERROR - 2022-08-29 09:50:02 --> mysqli_sql_exception: Unknown column 'month' in 'field list' in C:\xampp\htdocs\projects2022\p_lanhuonglip\system\Database\MySQLi\Connection.php:314
Stack trace:
#0 C:\xampp\htdocs\projects2022\p_lanhuonglip\system\Database\MySQLi\Connection.php(314): mysqli->query('INSERT INTO `tb...')
#1 C:\xampp\htdocs\projects2022\p_lanhuonglip\system\Database\BaseConnection.php(713): CodeIgniter\Database\MySQLi\Connection->execute('INSERT INTO `tb...')
#2 C:\xampp\htdocs\projects2022\p_lanhuonglip\system\Database\BaseConnection.php(641): CodeIgniter\Database\BaseConnection->simpleQuery('INSERT INTO `tb...')
#3 C:\xampp\htdocs\projects2022\p_lanhuonglip\system\Database\BaseBuilder.php(2263): CodeIgniter\Database\BaseConnection->query('INSERT INTO `tb...', Array, false)
#4 C:\xampp\htdocs\projects2022\p_lanhuonglip\app\Models\MyModels.php(16): CodeIgniter\Database\BaseBuilder->insert(Array)
#5 C:\xampp\htdocs\projects2022\p_lanhuonglip\app\Controllers\Cpanel\Productcolor.php(115): App\Models\MyModels->add(Array)
#6 C:\xampp\htdocs\projects2022\p_lanhuonglip\system\CodeIgniter.php(938): App\Controllers\Cpanel\Productcolor->add('51')
#7 C:\xampp\htdocs\projects2022\p_lanhuonglip\system\CodeIgniter.php(434): CodeIgniter\CodeIgniter->runController(Object(App\Controllers\Cpanel\Productcolor))
#8 C:\xampp\htdocs\projects2022\p_lanhuonglip\system\CodeIgniter.php(335): CodeIgniter\CodeIgniter->handleRequest(NULL, Object(Config\Cache), false)
#9 C:\xampp\htdocs\projects2022\p_lanhuonglip\public\index.php(43): CodeIgniter\CodeIgniter->run()
#10 C:\xampp\htdocs\projects2022\p_lanhuonglip\system\Commands\Server\rewrite.php(45): require_once('C:\\xampp\\htdocs...')
#11 {main}
ERROR - 2022-08-29 09:51:04 --> mysqli_sql_exception: Unknown column 'month' in 'field list' in C:\xampp\htdocs\projects2022\p_lanhuonglip\system\Database\MySQLi\Connection.php:314
Stack trace:
#0 C:\xampp\htdocs\projects2022\p_lanhuonglip\system\Database\MySQLi\Connection.php(314): mysqli->query('INSERT INTO `tb...')
#1 C:\xampp\htdocs\projects2022\p_lanhuonglip\system\Database\BaseConnection.php(713): CodeIgniter\Database\MySQLi\Connection->execute('INSERT INTO `tb...')
#2 C:\xampp\htdocs\projects2022\p_lanhuonglip\system\Database\BaseConnection.php(641): CodeIgniter\Database\BaseConnection->simpleQuery('INSERT INTO `tb...')
#3 C:\xampp\htdocs\projects2022\p_lanhuonglip\system\Database\BaseBuilder.php(2263): CodeIgniter\Database\BaseConnection->query('INSERT INTO `tb...', Array, false)
#4 C:\xampp\htdocs\projects2022\p_lanhuonglip\app\Models\MyModels.php(16): CodeIgniter\Database\BaseBuilder->insert(Array)
#5 C:\xampp\htdocs\projects2022\p_lanhuonglip\app\Controllers\Cpanel\Productcolor.php(115): App\Models\MyModels->add(Array)
#6 C:\xampp\htdocs\projects2022\p_lanhuonglip\system\CodeIgniter.php(938): App\Controllers\Cpanel\Productcolor->add('51')
#7 C:\xampp\htdocs\projects2022\p_lanhuonglip\system\CodeIgniter.php(434): CodeIgniter\CodeIgniter->runController(Object(App\Controllers\Cpanel\Productcolor))
#8 C:\xampp\htdocs\projects2022\p_lanhuonglip\system\CodeIgniter.php(335): CodeIgniter\CodeIgniter->handleRequest(NULL, Object(Config\Cache), false)
#9 C:\xampp\htdocs\projects2022\p_lanhuonglip\public\index.php(43): CodeIgniter\CodeIgniter->run()
#10 C:\xampp\htdocs\projects2022\p_lanhuonglip\system\Commands\Server\rewrite.php(45): require_once('C:\\xampp\\htdocs...')
#11 {main}
ERROR - 2022-08-29 09:53:26 --> mysqli_sql_exception: Unknown column 'month' in 'field list' in C:\xampp\htdocs\projects2022\p_lanhuonglip\system\Database\MySQLi\Connection.php:314
Stack trace:
#0 C:\xampp\htdocs\projects2022\p_lanhuonglip\system\Database\MySQLi\Connection.php(314): mysqli->query('INSERT INTO `tb...')
#1 C:\xampp\htdocs\projects2022\p_lanhuonglip\system\Database\BaseConnection.php(713): CodeIgniter\Database\MySQLi\Connection->execute('INSERT INTO `tb...')
#2 C:\xampp\htdocs\projects2022\p_lanhuonglip\system\Database\BaseConnection.php(641): CodeIgniter\Database\BaseConnection->simpleQuery('INSERT INTO `tb...')
#3 C:\xampp\htdocs\projects2022\p_lanhuonglip\system\Database\BaseBuilder.php(2263): CodeIgniter\Database\BaseConnection->query('INSERT INTO `tb...', Array, false)
#4 C:\xampp\htdocs\projects2022\p_lanhuonglip\app\Models\MyModels.php(16): CodeIgniter\Database\BaseBuilder->insert(Array)
#5 C:\xampp\htdocs\projects2022\p_lanhuonglip\app\Controllers\Cpanel\Productcolor.php(115): App\Models\MyModels->add(Array)
#6 C:\xampp\htdocs\projects2022\p_lanhuonglip\system\CodeIgniter.php(938): App\Controllers\Cpanel\Productcolor->add('51')
#7 C:\xampp\htdocs\projects2022\p_lanhuonglip\system\CodeIgniter.php(434): CodeIgniter\CodeIgniter->runController(Object(App\Controllers\Cpanel\Productcolor))
#8 C:\xampp\htdocs\projects2022\p_lanhuonglip\system\CodeIgniter.php(335): CodeIgniter\CodeIgniter->handleRequest(NULL, Object(Config\Cache), false)
#9 C:\xampp\htdocs\projects2022\p_lanhuonglip\public\index.php(43): CodeIgniter\CodeIgniter->run()
#10 C:\xampp\htdocs\projects2022\p_lanhuonglip\system\Commands\Server\rewrite.php(45): require_once('C:\\xampp\\htdocs...')
#11 {main}
CRITICAL - 2022-08-29 09:57:04 --> Too few arguments to function App\Controllers\Cpanel\Productcolor::index(), 0 passed in C:\xampp\htdocs\projects2022\p_lanhuonglip\system\CodeIgniter.php on line 938 and exactly 1 expected
#0 C:\xampp\htdocs\projects2022\p_lanhuonglip\system\CodeIgniter.php(938): App\Controllers\Cpanel\Productcolor->index()
#1 C:\xampp\htdocs\projects2022\p_lanhuonglip\system\CodeIgniter.php(434): CodeIgniter\CodeIgniter->runController(Object(App\Controllers\Cpanel\Productcolor))
#2 C:\xampp\htdocs\projects2022\p_lanhuonglip\system\CodeIgniter.php(335): CodeIgniter\CodeIgniter->handleRequest(NULL, Object(Config\Cache), false)
#3 C:\xampp\htdocs\projects2022\p_lanhuonglip\public\index.php(43): CodeIgniter\CodeIgniter->run()
#4 C:\xampp\htdocs\projects2022\p_lanhuonglip\system\Commands\Server\rewrite.php(45): require_once('C:\\xampp\\htdocs...')
#5 {main}
CRITICAL - 2022-08-29 09:57:48 --> Call to a member function select_array() on null
#0 C:\xampp\htdocs\projects2022\p_lanhuonglip\system\CodeIgniter.php(938): App\Controllers\Cpanel\Productcolor->edit('2')
#1 C:\xampp\htdocs\projects2022\p_lanhuonglip\system\CodeIgniter.php(434): CodeIgniter\CodeIgniter->runController(Object(App\Controllers\Cpanel\Productcolor))
#2 C:\xampp\htdocs\projects2022\p_lanhuonglip\system\CodeIgniter.php(335): CodeIgniter\CodeIgniter->handleRequest(NULL, Object(Config\Cache), false)
#3 C:\xampp\htdocs\projects2022\p_lanhuonglip\public\index.php(43): CodeIgniter\CodeIgniter->run()
#4 C:\xampp\htdocs\projects2022\p_lanhuonglip\system\Commands\Server\rewrite.php(45): require_once('C:\\xampp\\htdocs...')
#5 {main}
CRITICAL - 2022-08-29 10:01:43 --> unlink(uploads/images/productcolor/2022/08/thumb/): Is a directory
#0 [internal function]: CodeIgniter\Debug\Exceptions->errorHandler(2, 'unlink(uploads/...', 'C:\\xampp\\htdocs...', 244, Array)
#1 C:\xampp\htdocs\projects2022\p_lanhuonglip\app\Controllers\Cpanel\Productcolor.php(244): unlink('uploads/images/...')
#2 C:\xampp\htdocs\projects2022\p_lanhuonglip\system\CodeIgniter.php(938): App\Controllers\Cpanel\Productcolor->delete()
#3 C:\xampp\htdocs\projects2022\p_lanhuonglip\system\CodeIgniter.php(434): CodeIgniter\CodeIgniter->runController(Object(App\Controllers\Cpanel\Productcolor))
#4 C:\xampp\htdocs\projects2022\p_lanhuonglip\system\CodeIgniter.php(335): CodeIgniter\CodeIgniter->handleRequest(NULL, Object(Config\Cache), false)
#5 C:\xampp\htdocs\projects2022\p_lanhuonglip\public\index.php(43): CodeIgniter\CodeIgniter->run()
#6 C:\xampp\htdocs\projects2022\p_lanhuonglip\system\Commands\Server\rewrite.php(45): require_once('C:\\xampp\\htdocs...')
#7 {main}
CRITICAL - 2022-08-29 10:01:55 --> unlink(uploads/images/productcolor/2022/08/thumb/): Is a directory
#0 [internal function]: CodeIgniter\Debug\Exceptions->errorHandler(2, 'unlink(uploads/...', 'C:\\xampp\\htdocs...', 244, Array)
#1 C:\xampp\htdocs\projects2022\p_lanhuonglip\app\Controllers\Cpanel\Productcolor.php(244): unlink('uploads/images/...')
#2 C:\xampp\htdocs\projects2022\p_lanhuonglip\system\CodeIgniter.php(938): App\Controllers\Cpanel\Productcolor->delete()
#3 C:\xampp\htdocs\projects2022\p_lanhuonglip\system\CodeIgniter.php(434): CodeIgniter\CodeIgniter->runController(Object(App\Controllers\Cpanel\Productcolor))
#4 C:\xampp\htdocs\projects2022\p_lanhuonglip\system\CodeIgniter.php(335): CodeIgniter\CodeIgniter->handleRequest(NULL, Object(Config\Cache), false)
#5 C:\xampp\htdocs\projects2022\p_lanhuonglip\public\index.php(43): CodeIgniter\CodeIgniter->run()
#6 C:\xampp\htdocs\projects2022\p_lanhuonglip\system\Commands\Server\rewrite.php(45): require_once('C:\\xampp\\htdocs...')
#7 {main}
CRITICAL - 2022-08-29 10:08:53 --> Could not move file php2788.tmp to uploads/images/productcolor/2022/08/ ()
#0 C:\xampp\htdocs\projects2022\p_lanhuonglip\system\HTTP\Files\UploadedFile.php(157): CodeIgniter\HTTP\Exceptions\HTTPException::forMoveFailed('php2788.tmp', 'uploads/images/...', '')
#1 C:\xampp\htdocs\projects2022\p_lanhuonglip\app\Models\Upload.php(88): CodeIgniter\HTTP\Files\UploadedFile->move('uploads/images/...', 'C:\\xampp\\tmp\\ph...')
#2 C:\xampp\htdocs\projects2022\p_lanhuonglip\app\Controllers\Cpanel\Productcolor.php(67): App\Models\Upload->upload_image('uploads/images/...', Object(CodeIgniter\HTTP\Files\UploadedFile), Object(CodeIgniter\HTTP\Files\UploadedFile), 'image', 500, 500, NULL, 'webp')
#3 C:\xampp\htdocs\projects2022\p_lanhuonglip\system\CodeIgniter.php(938): App\Controllers\Cpanel\Productcolor->add('56')
#4 C:\xampp\htdocs\projects2022\p_lanhuonglip\system\CodeIgniter.php(434): CodeIgniter\CodeIgniter->runController(Object(App\Controllers\Cpanel\Productcolor))
#5 C:\xampp\htdocs\projects2022\p_lanhuonglip\system\CodeIgniter.php(335): CodeIgniter\CodeIgniter->handleRequest(NULL, Object(Config\Cache), false)
#6 C:\xampp\htdocs\projects2022\p_lanhuonglip\public\index.php(43): CodeIgniter\CodeIgniter->run()
#7 C:\xampp\htdocs\projects2022\p_lanhuonglip\system\Commands\Server\rewrite.php(45): require_once('C:\\xampp\\htdocs...')
#8 {main}
CRITICAL - 2022-08-29 10:16:34 --> unlink(uploads/images/productcolor/2022/08/thumb/): Is a directory
#0 [internal function]: CodeIgniter\Debug\Exceptions->errorHandler(2, 'unlink(uploads/...', 'C:\\xampp\\htdocs...', 245, Array)
#1 C:\xampp\htdocs\projects2022\p_lanhuonglip\app\Controllers\Cpanel\Productcolor.php(245): unlink('uploads/images/...')
#2 C:\xampp\htdocs\projects2022\p_lanhuonglip\system\CodeIgniter.php(938): App\Controllers\Cpanel\Productcolor->delete()
#3 C:\xampp\htdocs\projects2022\p_lanhuonglip\system\CodeIgniter.php(434): CodeIgniter\CodeIgniter->runController(Object(App\Controllers\Cpanel\Productcolor))
#4 C:\xampp\htdocs\projects2022\p_lanhuonglip\system\CodeIgniter.php(335): CodeIgniter\CodeIgniter->handleRequest(NULL, Object(Config\Cache), false)
#5 C:\xampp\htdocs\projects2022\p_lanhuonglip\public\index.php(43): CodeIgniter\CodeIgniter->run()
#6 C:\xampp\htdocs\projects2022\p_lanhuonglip\system\Commands\Server\rewrite.php(45): require_once('C:\\xampp\\htdocs...')
#7 {main}
CRITICAL - 2022-08-29 10:17:49 --> unlink(uploads/images/productcolor/2022/08/thumb/): Is a directory
#0 [internal function]: CodeIgniter\Debug\Exceptions->errorHandler(2, 'unlink(uploads/...', 'C:\\xampp\\htdocs...', 245, Array)
#1 C:\xampp\htdocs\projects2022\p_lanhuonglip\app\Controllers\Cpanel\Productcolor.php(245): unlink('uploads/images/...')
#2 C:\xampp\htdocs\projects2022\p_lanhuonglip\system\CodeIgniter.php(938): App\Controllers\Cpanel\Productcolor->delete()
#3 C:\xampp\htdocs\projects2022\p_lanhuonglip\system\CodeIgniter.php(434): CodeIgniter\CodeIgniter->runController(Object(App\Controllers\Cpanel\Productcolor))
#4 C:\xampp\htdocs\projects2022\p_lanhuonglip\system\CodeIgniter.php(335): CodeIgniter\CodeIgniter->handleRequest(NULL, Object(Config\Cache), false)
#5 C:\xampp\htdocs\projects2022\p_lanhuonglip\public\index.php(43): CodeIgniter\CodeIgniter->run()
#6 C:\xampp\htdocs\projects2022\p_lanhuonglip\system\Commands\Server\rewrite.php(45): require_once('C:\\xampp\\htdocs...')
#7 {main}
CRITICAL - 2022-08-29 10:18:51 --> unlink(uploads/images/productcolor/2022/08/thumb/): Is a directory
#0 [internal function]: CodeIgniter\Debug\Exceptions->errorHandler(2, 'unlink(uploads/...', 'C:\\xampp\\htdocs...', 246, Array)
#1 C:\xampp\htdocs\projects2022\p_lanhuonglip\app\Controllers\Cpanel\Productcolor.php(246): unlink('uploads/images/...')
#2 C:\xampp\htdocs\projects2022\p_lanhuonglip\system\CodeIgniter.php(938): App\Controllers\Cpanel\Productcolor->delete()
#3 C:\xampp\htdocs\projects2022\p_lanhuonglip\system\CodeIgniter.php(434): CodeIgniter\CodeIgniter->runController(Object(App\Controllers\Cpanel\Productcolor))
#4 C:\xampp\htdocs\projects2022\p_lanhuonglip\system\CodeIgniter.php(335): CodeIgniter\CodeIgniter->handleRequest(NULL, Object(Config\Cache), false)
#5 C:\xampp\htdocs\projects2022\p_lanhuonglip\public\index.php(43): CodeIgniter\CodeIgniter->run()
#6 C:\xampp\htdocs\projects2022\p_lanhuonglip\system\Commands\Server\rewrite.php(45): require_once('C:\\xampp\\htdocs...')
#7 {main}
CRITICAL - 2022-08-29 10:19:16 --> unlink(uploads/images/productcolor/2022/08/thumb/): Is a directory
#0 [internal function]: CodeIgniter\Debug\Exceptions->errorHandler(2, 'unlink(uploads/...', 'C:\\xampp\\htdocs...', 246, Array)
#1 C:\xampp\htdocs\projects2022\p_lanhuonglip\app\Controllers\Cpanel\Productcolor.php(246): unlink('uploads/images/...')
#2 C:\xampp\htdocs\projects2022\p_lanhuonglip\system\CodeIgniter.php(938): App\Controllers\Cpanel\Productcolor->delete()
#3 C:\xampp\htdocs\projects2022\p_lanhuonglip\system\CodeIgniter.php(434): CodeIgniter\CodeIgniter->runController(Object(App\Controllers\Cpanel\Productcolor))
#4 C:\xampp\htdocs\projects2022\p_lanhuonglip\system\CodeIgniter.php(335): CodeIgniter\CodeIgniter->handleRequest(NULL, Object(Config\Cache), false)
#5 C:\xampp\htdocs\projects2022\p_lanhuonglip\public\index.php(43): CodeIgniter\CodeIgniter->run()
#6 C:\xampp\htdocs\projects2022\p_lanhuonglip\system\Commands\Server\rewrite.php(45): require_once('C:\\xampp\\htdocs...')
#7 {main}
CRITICAL - 2022-08-29 10:19:43 --> unlink(uploads/images/productcolor/2022/08/thumb/): Is a directory
#0 [internal function]: CodeIgniter\Debug\Exceptions->errorHandler(2, 'unlink(uploads/...', 'C:\\xampp\\htdocs...', 245, Array)
#1 C:\xampp\htdocs\projects2022\p_lanhuonglip\app\Controllers\Cpanel\Productcolor.php(245): unlink('uploads/images/...')
#2 C:\xampp\htdocs\projects2022\p_lanhuonglip\system\CodeIgniter.php(938): App\Controllers\Cpanel\Productcolor->delete()
#3 C:\xampp\htdocs\projects2022\p_lanhuonglip\system\CodeIgniter.php(434): CodeIgniter\CodeIgniter->runController(Object(App\Controllers\Cpanel\Productcolor))
#4 C:\xampp\htdocs\projects2022\p_lanhuonglip\system\CodeIgniter.php(335): CodeIgniter\CodeIgniter->handleRequest(NULL, Object(Config\Cache), false)
#5 C:\xampp\htdocs\projects2022\p_lanhuonglip\public\index.php(43): CodeIgniter\CodeIgniter->run()
#6 C:\xampp\htdocs\projects2022\p_lanhuonglip\system\Commands\Server\rewrite.php(45): require_once('C:\\xampp\\htdocs...')
#7 {main}
CRITICAL - 2022-08-29 10:20:35 --> unlink(uploads/images/productcolor/2022/08/thumb/): Is a directory
#0 [internal function]: CodeIgniter\Debug\Exceptions->errorHandler(2, 'unlink(uploads/...', 'C:\\xampp\\htdocs...', 234, Array)
#1 C:\xampp\htdocs\projects2022\p_lanhuonglip\app\Controllers\Cpanel\Productcolor.php(234): unlink('uploads/images/...')
#2 C:\xampp\htdocs\projects2022\p_lanhuonglip\system\CodeIgniter.php(938): App\Controllers\Cpanel\Productcolor->delete()
#3 C:\xampp\htdocs\projects2022\p_lanhuonglip\system\CodeIgniter.php(434): CodeIgniter\CodeIgniter->runController(Object(App\Controllers\Cpanel\Productcolor))
#4 C:\xampp\htdocs\projects2022\p_lanhuonglip\system\CodeIgniter.php(335): CodeIgniter\CodeIgniter->handleRequest(NULL, Object(Config\Cache), false)
#5 C:\xampp\htdocs\projects2022\p_lanhuonglip\public\index.php(43): CodeIgniter\CodeIgniter->run()
#6 C:\xampp\htdocs\projects2022\p_lanhuonglip\system\Commands\Server\rewrite.php(45): require_once('C:\\xampp\\htdocs...')
#7 {main}
CRITICAL - 2022-08-29 10:30:12 --> unlink(uploads/images/productcolor/2022/08/thumb/): Is a directory
#0 [internal function]: CodeIgniter\Debug\Exceptions->errorHandler(2, 'unlink(uploads/...', 'C:\\xampp\\htdocs...', 234, Array)
#1 C:\xampp\htdocs\projects2022\p_lanhuonglip\app\Controllers\Cpanel\Productcolor.php(234): unlink('uploads/images/...')
#2 C:\xampp\htdocs\projects2022\p_lanhuonglip\system\CodeIgniter.php(938): App\Controllers\Cpanel\Productcolor->delete()
#3 C:\xampp\htdocs\projects2022\p_lanhuonglip\system\CodeIgniter.php(434): CodeIgniter\CodeIgniter->runController(Object(App\Controllers\Cpanel\Productcolor))
#4 C:\xampp\htdocs\projects2022\p_lanhuonglip\system\CodeIgniter.php(335): CodeIgniter\CodeIgniter->handleRequest(NULL, Object(Config\Cache), false)
#5 C:\xampp\htdocs\projects2022\p_lanhuonglip\public\index.php(43): CodeIgniter\CodeIgniter->run()
#6 C:\xampp\htdocs\projects2022\p_lanhuonglip\system\Commands\Server\rewrite.php(45): require_once('C:\\xampp\\htdocs...')
#7 {main}
ERROR - 2022-08-29 11:34:08 --> mysqli_sql_exception: Unknown column 'images_1' in 'field list' in C:\xampp\htdocs\projects2022\p_lanhuonglip\system\Database\MySQLi\Connection.php:314
Stack trace:
#0 C:\xampp\htdocs\projects2022\p_lanhuonglip\system\Database\MySQLi\Connection.php(314): mysqli->query('UPDATE `tbl_pro...')
#1 C:\xampp\htdocs\projects2022\p_lanhuonglip\system\Database\BaseConnection.php(713): CodeIgniter\Database\MySQLi\Connection->execute('UPDATE `tbl_pro...')
#2 C:\xampp\htdocs\projects2022\p_lanhuonglip\system\Database\BaseConnection.php(641): CodeIgniter\Database\BaseConnection->simpleQuery('UPDATE `tbl_pro...')
#3 C:\xampp\htdocs\projects2022\p_lanhuonglip\system\Database\BaseBuilder.php(2468): CodeIgniter\Database\BaseConnection->query('UPDATE `tbl_pro...', Array, false)
#4 C:\xampp\htdocs\projects2022\p_lanhuonglip\app\Models\MyModels.php(666): CodeIgniter\Database\BaseBuilder->update(Array, Array)
#5 C:\xampp\htdocs\projects2022\p_lanhuonglip\app\Controllers\Cpanel\Productcolor.php(408): App\Models\MyModels->edit(Array, Array)
#6 C:\xampp\htdocs\projects2022\p_lanhuonglip\system\CodeIgniter.php(938): App\Controllers\Cpanel\Productcolor->del_image2()
#7 C:\xampp\htdocs\projects2022\p_lanhuonglip\system\CodeIgniter.php(434): CodeIgniter\CodeIgniter->runController(Object(App\Controllers\Cpanel\Productcolor))
#8 C:\xampp\htdocs\projects2022\p_lanhuonglip\system\CodeIgniter.php(335): CodeIgniter\CodeIgniter->handleRequest(NULL, Object(Config\Cache), false)
#9 C:\xampp\htdocs\projects2022\p_lanhuonglip\public\index.php(43): CodeIgniter\CodeIgniter->run()
#10 C:\xampp\htdocs\projects2022\p_lanhuonglip\system\Commands\Server\rewrite.php(45): require_once('C:\\xampp\\htdocs...')
#11 {main}
ERROR - 2022-08-29 11:36:00 --> mysqli_sql_exception: Unknown column 'images_1' in 'field list' in C:\xampp\htdocs\projects2022\p_lanhuonglip\system\Database\MySQLi\Connection.php:314
Stack trace:
#0 C:\xampp\htdocs\projects2022\p_lanhuonglip\system\Database\MySQLi\Connection.php(314): mysqli->query('UPDATE `tbl_pro...')
#1 C:\xampp\htdocs\projects2022\p_lanhuonglip\system\Database\BaseConnection.php(713): CodeIgniter\Database\MySQLi\Connection->execute('UPDATE `tbl_pro...')
#2 C:\xampp\htdocs\projects2022\p_lanhuonglip\system\Database\BaseConnection.php(641): CodeIgniter\Database\BaseConnection->simpleQuery('UPDATE `tbl_pro...')
#3 C:\xampp\htdocs\projects2022\p_lanhuonglip\system\Database\BaseBuilder.php(2468): CodeIgniter\Database\BaseConnection->query('UPDATE `tbl_pro...', Array, false)
#4 C:\xampp\htdocs\projects2022\p_lanhuonglip\app\Models\MyModels.php(666): CodeIgniter\Database\BaseBuilder->update(Array, Array)
#5 C:\xampp\htdocs\projects2022\p_lanhuonglip\app\Controllers\Cpanel\Productcolor.php(408): App\Models\MyModels->edit(Array, Array)
#6 C:\xampp\htdocs\projects2022\p_lanhuonglip\system\CodeIgniter.php(938): App\Controllers\Cpanel\Productcolor->del_image2()
#7 C:\xampp\htdocs\projects2022\p_lanhuonglip\system\CodeIgniter.php(434): CodeIgniter\CodeIgniter->runController(Object(App\Controllers\Cpanel\Productcolor))
#8 C:\xampp\htdocs\projects2022\p_lanhuonglip\system\CodeIgniter.php(335): CodeIgniter\CodeIgniter->handleRequest(NULL, Object(Config\Cache), false)
#9 C:\xampp\htdocs\projects2022\p_lanhuonglip\public\index.php(43): CodeIgniter\CodeIgniter->run()
#10 C:\xampp\htdocs\projects2022\p_lanhuonglip\system\Commands\Server\rewrite.php(45): require_once('C:\\xampp\\htdocs...')
#11 {main}
CRITICAL - 2022-08-29 11:38:02 --> unlink(uploads/images/productcolor/): Is a directory
#0 [internal function]: CodeIgniter\Debug\Exceptions->errorHandler(2, 'unlink(uploads/...', 'C:\\xampp\\htdocs...', 186, Array)
#1 C:\xampp\htdocs\projects2022\p_lanhuonglip\app\Controllers\Cpanel\Productcolor.php(186): unlink('uploads/images/...')
#2 C:\xampp\htdocs\projects2022\p_lanhuonglip\system\CodeIgniter.php(938): App\Controllers\Cpanel\Productcolor->edit('5')
#3 C:\xampp\htdocs\projects2022\p_lanhuonglip\system\CodeIgniter.php(434): CodeIgniter\CodeIgniter->runController(Object(App\Controllers\Cpanel\Productcolor))
#4 C:\xampp\htdocs\projects2022\p_lanhuonglip\system\CodeIgniter.php(335): CodeIgniter\CodeIgniter->handleRequest(NULL, Object(Config\Cache), false)
#5 C:\xampp\htdocs\projects2022\p_lanhuonglip\public\index.php(43): CodeIgniter\CodeIgniter->run()
#6 C:\xampp\htdocs\projects2022\p_lanhuonglip\system\Commands\Server\rewrite.php(45): require_once('C:\\xampp\\htdocs...')
#7 {main}
CRITICAL - 2022-08-29 11:38:53 --> unlink(uploads/images/productcolor/): Is a directory
#0 [internal function]: CodeIgniter\Debug\Exceptions->errorHandler(2, 'unlink(uploads/...', 'C:\\xampp\\htdocs...', 186, Array)
#1 C:\xampp\htdocs\projects2022\p_lanhuonglip\app\Controllers\Cpanel\Productcolor.php(186): unlink('uploads/images/...')
#2 C:\xampp\htdocs\projects2022\p_lanhuonglip\system\CodeIgniter.php(938): App\Controllers\Cpanel\Productcolor->edit('5')
#3 C:\xampp\htdocs\projects2022\p_lanhuonglip\system\CodeIgniter.php(434): CodeIgniter\CodeIgniter->runController(Object(App\Controllers\Cpanel\Productcolor))
#4 C:\xampp\htdocs\projects2022\p_lanhuonglip\system\CodeIgniter.php(335): CodeIgniter\CodeIgniter->handleRequest(NULL, Object(Config\Cache), false)
#5 C:\xampp\htdocs\projects2022\p_lanhuonglip\public\index.php(43): CodeIgniter\CodeIgniter->run()
#6 C:\xampp\htdocs\projects2022\p_lanhuonglip\system\Commands\Server\rewrite.php(45): require_once('C:\\xampp\\htdocs...')
#7 {main}
ERROR - 2022-08-29 16:40:25 --> mysqli_sql_exception: Table '2022_lanhuonglip.tbl_brand' doesn't exist in C:\xampp\htdocs\projects2022\p_lanhuonglip\system\Database\MySQLi\Connection.php:314
Stack trace:
#0 C:\xampp\htdocs\projects2022\p_lanhuonglip\system\Database\MySQLi\Connection.php(314): mysqli->query('SELECT *\nFROM `...')
#1 C:\xampp\htdocs\projects2022\p_lanhuonglip\system\Database\BaseConnection.php(713): CodeIgniter\Database\MySQLi\Connection->execute('SELECT *\nFROM `...')
#2 C:\xampp\htdocs\projects2022\p_lanhuonglip\system\Database\BaseConnection.php(641): CodeIgniter\Database\BaseConnection->simpleQuery('SELECT *\nFROM `...')
#3 C:\xampp\htdocs\projects2022\p_lanhuonglip\system\Database\BaseBuilder.php(1866): CodeIgniter\Database\BaseConnection->query('SELECT *\nFROM `...', Array, false)
#4 C:\xampp\htdocs\projects2022\p_lanhuonglip\app\Models\MyModels.php(713): CodeIgniter\Database\BaseBuilder->get()
#5 C:\xampp\htdocs\projects2022\p_lanhuonglip\app\Controllers\Cpanel\Product.php(338): App\Models\MyModels->select_array()
#6 C:\xampp\htdocs\projects2022\p_lanhuonglip\system\CodeIgniter.php(938): App\Controllers\Cpanel\Product->edit('49')
#7 C:\xampp\htdocs\projects2022\p_lanhuonglip\system\CodeIgniter.php(434): CodeIgniter\CodeIgniter->runController(Object(App\Controllers\Cpanel\Product))
#8 C:\xampp\htdocs\projects2022\p_lanhuonglip\system\CodeIgniter.php(335): CodeIgniter\CodeIgniter->handleRequest(NULL, Object(Config\Cache), false)
#9 C:\xampp\htdocs\projects2022\p_lanhuonglip\public\index.php(43): CodeIgniter\CodeIgniter->run()
#10 C:\xampp\htdocs\projects2022\p_lanhuonglip\system\Commands\Server\rewrite.php(45): require_once('C:\\xampp\\htdocs...')
#11 {main}
ERROR - 2022-08-29 16:40:49 --> mysqli_sql_exception: Table '2022_lanhuonglip.tbl_brand' doesn't exist in C:\xampp\htdocs\projects2022\p_lanhuonglip\system\Database\MySQLi\Connection.php:314
Stack trace:
#0 C:\xampp\htdocs\projects2022\p_lanhuonglip\system\Database\MySQLi\Connection.php(314): mysqli->query('SELECT *\nFROM `...')
#1 C:\xampp\htdocs\projects2022\p_lanhuonglip\system\Database\BaseConnection.php(713): CodeIgniter\Database\MySQLi\Connection->execute('SELECT *\nFROM `...')
#2 C:\xampp\htdocs\projects2022\p_lanhuonglip\system\Database\BaseConnection.php(641): CodeIgniter\Database\BaseConnection->simpleQuery('SELECT *\nFROM `...')
#3 C:\xampp\htdocs\projects2022\p_lanhuonglip\system\Database\BaseBuilder.php(1866): CodeIgniter\Database\BaseConnection->query('SELECT *\nFROM `...', Array, false)
#4 C:\xampp\htdocs\projects2022\p_lanhuonglip\app\Models\MyModels.php(713): CodeIgniter\Database\BaseBuilder->get()
#5 C:\xampp\htdocs\projects2022\p_lanhuonglip\app\Controllers\Cpanel\Product.php(338): App\Models\MyModels->select_array()
#6 C:\xampp\htdocs\projects2022\p_lanhuonglip\system\CodeIgniter.php(938): App\Controllers\Cpanel\Product->edit('49')
#7 C:\xampp\htdocs\projects2022\p_lanhuonglip\system\CodeIgniter.php(434): CodeIgniter\CodeIgniter->runController(Object(App\Controllers\Cpanel\Product))
#8 C:\xampp\htdocs\projects2022\p_lanhuonglip\system\CodeIgniter.php(335): CodeIgniter\CodeIgniter->handleRequest(NULL, Object(Config\Cache), false)
#9 C:\xampp\htdocs\projects2022\p_lanhuonglip\public\index.php(43): CodeIgniter\CodeIgniter->run()
#10 C:\xampp\htdocs\projects2022\p_lanhuonglip\system\Commands\Server\rewrite.php(45): require_once('C:\\xampp\\htdocs...')
#11 {main}
ERROR - 2022-08-29 16:52:33 --> mysqli_sql_exception: You have an error in your SQL syntax; check the manual that corresponds to your MariaDB server version for the right syntax to use near '`ssc`' at line 4 in C:\xampp\htdocs\projects2022\p_lanhuonglip\system\Database\MySQLi\Connection.php:314
Stack trace:
#0 C:\xampp\htdocs\projects2022\p_lanhuonglip\system\Database\MySQLi\Connection.php(314): mysqli->query('SELECT `id`, `t...')
#1 C:\xampp\htdocs\projects2022\p_lanhuonglip\system\Database\BaseConnection.php(713): CodeIgniter\Database\MySQLi\Connection->execute('SELECT `id`, `t...')
#2 C:\xampp\htdocs\projects2022\p_lanhuonglip\system\Database\BaseConnection.php(641): CodeIgniter\Database\BaseConnection->simpleQuery('SELECT `id`, `t...')
#3 C:\xampp\htdocs\projects2022\p_lanhuonglip\system\Database\BaseBuilder.php(1866): CodeIgniter\Database\BaseConnection->query('SELECT `id`, `t...', Array, false)
#4 C:\xampp\htdocs\projects2022\p_lanhuonglip\app\Models\MyModels.php(713): CodeIgniter\Database\BaseBuilder->get()
#5 C:\xampp\htdocs\projects2022\p_lanhuonglip\app\Controllers\Route.php(296): App\Models\MyModels->select_array('id, thumb', Array, 'id ssc')
#6 C:\xampp\htdocs\projects2022\p_lanhuonglip\app\Controllers\Route.php(67): App\Controllers\Route->product('lip-caramel')
#7 C:\xampp\htdocs\projects2022\p_lanhuonglip\system\CodeIgniter.php(938): App\Controllers\Route->index('lip-caramel', '')
#8 C:\xampp\htdocs\projects2022\p_lanhuonglip\system\CodeIgniter.php(434): CodeIgniter\CodeIgniter->runController(Object(App\Controllers\Route))
#9 C:\xampp\htdocs\projects2022\p_lanhuonglip\system\CodeIgniter.php(335): CodeIgniter\CodeIgniter->handleRequest(NULL, Object(Config\Cache), false)
#10 C:\xampp\htdocs\projects2022\p_lanhuonglip\public\index.php(43): CodeIgniter\CodeIgniter->run()
#11 C:\xampp\htdocs\projects2022\p_lanhuonglip\system\Commands\Server\rewrite.php(45): require_once('C:\\xampp\\htdocs...')
#12 {main}
ERROR - 2022-08-29 16:53:09 --> mysqli_sql_exception: You have an error in your SQL syntax; check the manual that corresponds to your MariaDB server version for the right syntax to use near '`ssc`' at line 4 in C:\xampp\htdocs\projects2022\p_lanhuonglip\system\Database\MySQLi\Connection.php:314
Stack trace:
#0 C:\xampp\htdocs\projects2022\p_lanhuonglip\system\Database\MySQLi\Connection.php(314): mysqli->query('SELECT `id`, `t...')
#1 C:\xampp\htdocs\projects2022\p_lanhuonglip\system\Database\BaseConnection.php(713): CodeIgniter\Database\MySQLi\Connection->execute('SELECT `id`, `t...')
#2 C:\xampp\htdocs\projects2022\p_lanhuonglip\system\Database\BaseConnection.php(641): CodeIgniter\Database\BaseConnection->simpleQuery('SELECT `id`, `t...')
#3 C:\xampp\htdocs\projects2022\p_lanhuonglip\system\Database\BaseBuilder.php(1866): CodeIgniter\Database\BaseConnection->query('SELECT `id`, `t...', Array, false)
#4 C:\xampp\htdocs\projects2022\p_lanhuonglip\app\Models\MyModels.php(713): CodeIgniter\Database\BaseBuilder->get()
#5 C:\xampp\htdocs\projects2022\p_lanhuonglip\app\Controllers\Route.php(296): App\Models\MyModels->select_array('id, thumb', Array, 'id ssc')
#6 C:\xampp\htdocs\projects2022\p_lanhuonglip\app\Controllers\Route.php(67): App\Controllers\Route->product('lip-caramel')
#7 C:\xampp\htdocs\projects2022\p_lanhuonglip\system\CodeIgniter.php(938): App\Controllers\Route->index('lip-caramel', '')
#8 C:\xampp\htdocs\projects2022\p_lanhuonglip\system\CodeIgniter.php(434): CodeIgniter\CodeIgniter->runController(Object(App\Controllers\Route))
#9 C:\xampp\htdocs\projects2022\p_lanhuonglip\system\CodeIgniter.php(335): CodeIgniter\CodeIgniter->handleRequest(NULL, Object(Config\Cache), false)
#10 C:\xampp\htdocs\projects2022\p_lanhuonglip\public\index.php(43): CodeIgniter\CodeIgniter->run()
#11 C:\xampp\htdocs\projects2022\p_lanhuonglip\system\Commands\Server\rewrite.php(45): require_once('C:\\xampp\\htdocs...')
#12 {main}
ERROR - 2022-08-29 16:53:18 --> mysqli_sql_exception: Table '2022_lanhuonglip.tbl_brand' doesn't exist in C:\xampp\htdocs\projects2022\p_lanhuonglip\system\Database\MySQLi\Connection.php:314
Stack trace:
#0 C:\xampp\htdocs\projects2022\p_lanhuonglip\system\Database\MySQLi\Connection.php(314): mysqli->query('SELECT *\nFROM `...')
#1 C:\xampp\htdocs\projects2022\p_lanhuonglip\system\Database\BaseConnection.php(713): CodeIgniter\Database\MySQLi\Connection->execute('SELECT *\nFROM `...')
#2 C:\xampp\htdocs\projects2022\p_lanhuonglip\system\Database\BaseConnection.php(641): CodeIgniter\Database\BaseConnection->simpleQuery('SELECT *\nFROM `...')
#3 C:\xampp\htdocs\projects2022\p_lanhuonglip\system\Database\BaseBuilder.php(1866): CodeIgniter\Database\BaseConnection->query('SELECT *\nFROM `...', Array, false)
#4 C:\xampp\htdocs\projects2022\p_lanhuonglip\app\Models\MyModels.php(713): CodeIgniter\Database\BaseBuilder->get()
#5 C:\xampp\htdocs\projects2022\p_lanhuonglip\app\Controllers\Cpanel\Product.php(338): App\Models\MyModels->select_array()
#6 C:\xampp\htdocs\projects2022\p_lanhuonglip\system\CodeIgniter.php(938): App\Controllers\Cpanel\Product->edit('49')
#7 C:\xampp\htdocs\projects2022\p_lanhuonglip\system\CodeIgniter.php(434): CodeIgniter\CodeIgniter->runController(Object(App\Controllers\Cpanel\Product))
#8 C:\xampp\htdocs\projects2022\p_lanhuonglip\system\CodeIgniter.php(335): CodeIgniter\CodeIgniter->handleRequest(NULL, Object(Config\Cache), false)
#9 C:\xampp\htdocs\projects2022\p_lanhuonglip\public\index.php(43): CodeIgniter\CodeIgniter->run()
#10 C:\xampp\htdocs\projects2022\p_lanhuonglip\system\Commands\Server\rewrite.php(45): require_once('C:\\xampp\\htdocs...')
#11 {main}
ERROR - 2022-08-29 16:53:27 --> mysqli_sql_exception: You have an error in your SQL syntax; check the manual that corresponds to your MariaDB server version for the right syntax to use near '`ssc`' at line 4 in C:\xampp\htdocs\projects2022\p_lanhuonglip\system\Database\MySQLi\Connection.php:314
Stack trace:
#0 C:\xampp\htdocs\projects2022\p_lanhuonglip\system\Database\MySQLi\Connection.php(314): mysqli->query('SELECT `id`, `t...')
#1 C:\xampp\htdocs\projects2022\p_lanhuonglip\system\Database\BaseConnection.php(713): CodeIgniter\Database\MySQLi\Connection->execute('SELECT `id`, `t...')
#2 C:\xampp\htdocs\projects2022\p_lanhuonglip\system\Database\BaseConnection.php(641): CodeIgniter\Database\BaseConnection->simpleQuery('SELECT `id`, `t...')
#3 C:\xampp\htdocs\projects2022\p_lanhuonglip\system\Database\BaseBuilder.php(1866): CodeIgniter\Database\BaseConnection->query('SELECT `id`, `t...', Array, false)
#4 C:\xampp\htdocs\projects2022\p_lanhuonglip\app\Models\MyModels.php(713): CodeIgniter\Database\BaseBuilder->get()
#5 C:\xampp\htdocs\projects2022\p_lanhuonglip\app\Controllers\Route.php(296): App\Models\MyModels->select_array('id, thumb', Array, 'id ssc')
#6 C:\xampp\htdocs\projects2022\p_lanhuonglip\app\Controllers\Route.php(67): App\Controllers\Route->product('lip-caramel')
#7 C:\xampp\htdocs\projects2022\p_lanhuonglip\system\CodeIgniter.php(938): App\Controllers\Route->index('lip-caramel', '')
#8 C:\xampp\htdocs\projects2022\p_lanhuonglip\system\CodeIgniter.php(434): CodeIgniter\CodeIgniter->runController(Object(App\Controllers\Route))
#9 C:\xampp\htdocs\projects2022\p_lanhuonglip\system\CodeIgniter.php(335): CodeIgniter\CodeIgniter->handleRequest(NULL, Object(Config\Cache), false)
#10 C:\xampp\htdocs\projects2022\p_lanhuonglip\public\index.php(43): CodeIgniter\CodeIgniter->run()
#11 C:\xampp\htdocs\projects2022\p_lanhuonglip\system\Commands\Server\rewrite.php(45): require_once('C:\\xampp\\htdocs...')
#12 {main}
ERROR - 2022-08-29 16:53:43 --> mysqli_sql_exception: You have an error in your SQL syntax; check the manual that corresponds to your MariaDB server version for the right syntax to use near '`ssc`' at line 4 in C:\xampp\htdocs\projects2022\p_lanhuonglip\system\Database\MySQLi\Connection.php:314
Stack trace:
#0 C:\xampp\htdocs\projects2022\p_lanhuonglip\system\Database\MySQLi\Connection.php(314): mysqli->query('SELECT `id`, `t...')
#1 C:\xampp\htdocs\projects2022\p_lanhuonglip\system\Database\BaseConnection.php(713): CodeIgniter\Database\MySQLi\Connection->execute('SELECT `id`, `t...')
#2 C:\xampp\htdocs\projects2022\p_lanhuonglip\system\Database\BaseConnection.php(641): CodeIgniter\Database\BaseConnection->simpleQuery('SELECT `id`, `t...')
#3 C:\xampp\htdocs\projects2022\p_lanhuonglip\system\Database\BaseBuilder.php(1866): CodeIgniter\Database\BaseConnection->query('SELECT `id`, `t...', Array, false)
#4 C:\xampp\htdocs\projects2022\p_lanhuonglip\app\Models\MyModels.php(713): CodeIgniter\Database\BaseBuilder->get()
#5 C:\xampp\htdocs\projects2022\p_lanhuonglip\app\Controllers\Route.php(296): App\Models\MyModels->select_array('id, thumb', Array, 'id ssc')
#6 C:\xampp\htdocs\projects2022\p_lanhuonglip\app\Controllers\Route.php(67): App\Controllers\Route->product('lip-caramel')
#7 C:\xampp\htdocs\projects2022\p_lanhuonglip\system\CodeIgniter.php(938): App\Controllers\Route->index('lip-caramel', '')
#8 C:\xampp\htdocs\projects2022\p_lanhuonglip\system\CodeIgniter.php(434): CodeIgniter\CodeIgniter->runController(Object(App\Controllers\Route))
#9 C:\xampp\htdocs\projects2022\p_lanhuonglip\system\CodeIgniter.php(335): CodeIgniter\CodeIgniter->handleRequest(NULL, Object(Config\Cache), false)
#10 C:\xampp\htdocs\projects2022\p_lanhuonglip\public\index.php(43): CodeIgniter\CodeIgniter->run()
#11 C:\xampp\htdocs\projects2022\p_lanhuonglip\system\Commands\Server\rewrite.php(45): require_once('C:\\xampp\\htdocs...')
#12 {main}
ERROR - 2022-08-29 16:53:45 --> mysqli_sql_exception: You have an error in your SQL syntax; check the manual that corresponds to your MariaDB server version for the right syntax to use near '`ssc`' at line 4 in C:\xampp\htdocs\projects2022\p_lanhuonglip\system\Database\MySQLi\Connection.php:314
Stack trace:
#0 C:\xampp\htdocs\projects2022\p_lanhuonglip\system\Database\MySQLi\Connection.php(314): mysqli->query('SELECT `id`, `t...')
#1 C:\xampp\htdocs\projects2022\p_lanhuonglip\system\Database\BaseConnection.php(713): CodeIgniter\Database\MySQLi\Connection->execute('SELECT `id`, `t...')
#2 C:\xampp\htdocs\projects2022\p_lanhuonglip\system\Database\BaseConnection.php(641): CodeIgniter\Database\BaseConnection->simpleQuery('SELECT `id`, `t...')
#3 C:\xampp\htdocs\projects2022\p_lanhuonglip\system\Database\BaseBuilder.php(1866): CodeIgniter\Database\BaseConnection->query('SELECT `id`, `t...', Array, false)
#4 C:\xampp\htdocs\projects2022\p_lanhuonglip\app\Models\MyModels.php(713): CodeIgniter\Database\BaseBuilder->get()
#5 C:\xampp\htdocs\projects2022\p_lanhuonglip\app\Controllers\Route.php(296): App\Models\MyModels->select_array('id, thumb', Array, 'id ssc')
#6 C:\xampp\htdocs\projects2022\p_lanhuonglip\app\Controllers\Route.php(67): App\Controllers\Route->product('lip-caramel')
#7 C:\xampp\htdocs\projects2022\p_lanhuonglip\system\CodeIgniter.php(938): App\Controllers\Route->index('lip-caramel', '')
#8 C:\xampp\htdocs\projects2022\p_lanhuonglip\system\CodeIgniter.php(434): CodeIgniter\CodeIgniter->runController(Object(App\Controllers\Route))
#9 C:\xampp\htdocs\projects2022\p_lanhuonglip\system\CodeIgniter.php(335): CodeIgniter\CodeIgniter->handleRequest(NULL, Object(Config\Cache), false)
#10 C:\xampp\htdocs\projects2022\p_lanhuonglip\public\index.php(43): CodeIgniter\CodeIgniter->run()
#11 C:\xampp\htdocs\projects2022\p_lanhuonglip\system\Commands\Server\rewrite.php(45): require_once('C:\\xampp\\htdocs...')
#12 {main}
ERROR - 2022-08-29 16:54:06 --> mysqli_sql_exception: You have an error in your SQL syntax; check the manual that corresponds to your MariaDB server version for the right syntax to use near '`ssc`' at line 4 in C:\xampp\htdocs\projects2022\p_lanhuonglip\system\Database\MySQLi\Connection.php:314
Stack trace:
#0 C:\xampp\htdocs\projects2022\p_lanhuonglip\system\Database\MySQLi\Connection.php(314): mysqli->query('SELECT `id`, `t...')
#1 C:\xampp\htdocs\projects2022\p_lanhuonglip\system\Database\BaseConnection.php(713): CodeIgniter\Database\MySQLi\Connection->execute('SELECT `id`, `t...')
#2 C:\xampp\htdocs\projects2022\p_lanhuonglip\system\Database\BaseConnection.php(641): CodeIgniter\Database\BaseConnection->simpleQuery('SELECT `id`, `t...')
#3 C:\xampp\htdocs\projects2022\p_lanhuonglip\system\Database\BaseBuilder.php(1866): CodeIgniter\Database\BaseConnection->query('SELECT `id`, `t...', Array, false)
#4 C:\xampp\htdocs\projects2022\p_lanhuonglip\app\Models\MyModels.php(713): CodeIgniter\Database\BaseBuilder->get()
#5 C:\xampp\htdocs\projects2022\p_lanhuonglip\app\Controllers\Route.php(296): App\Models\MyModels->select_array('id, thumb', Array, 'id ssc')
#6 C:\xampp\htdocs\projects2022\p_lanhuonglip\app\Controllers\Route.php(67): App\Controllers\Route->product('lip-caramel')
#7 C:\xampp\htdocs\projects2022\p_lanhuonglip\system\CodeIgniter.php(938): App\Controllers\Route->index('lip-caramel', '')
#8 C:\xampp\htdocs\projects2022\p_lanhuonglip\system\CodeIgniter.php(434): CodeIgniter\CodeIgniter->runController(Object(App\Controllers\Route))
#9 C:\xampp\htdocs\projects2022\p_lanhuonglip\system\CodeIgniter.php(335): CodeIgniter\CodeIgniter->handleRequest(NULL, Object(Config\Cache), false)
#10 C:\xampp\htdocs\projects2022\p_lanhuonglip\public\index.php(43): CodeIgniter\CodeIgniter->run()
#11 C:\xampp\htdocs\projects2022\p_lanhuonglip\system\Commands\Server\rewrite.php(45): require_once('C:\\xampp\\htdocs...')
#12 {main}
ERROR - 2022-08-29 16:54:58 --> mysqli_sql_exception: Table '2022_lanhuonglip.tbl_brand' doesn't exist in C:\xampp\htdocs\projects2022\p_lanhuonglip\system\Database\MySQLi\Connection.php:314
Stack trace:
#0 C:\xampp\htdocs\projects2022\p_lanhuonglip\system\Database\MySQLi\Connection.php(314): mysqli->query('SELECT *\nFROM `...')
#1 C:\xampp\htdocs\projects2022\p_lanhuonglip\system\Database\BaseConnection.php(713): CodeIgniter\Database\MySQLi\Connection->execute('SELECT *\nFROM `...')
#2 C:\xampp\htdocs\projects2022\p_lanhuonglip\system\Database\BaseConnection.php(641): CodeIgniter\Database\BaseConnection->simpleQuery('SELECT *\nFROM `...')
#3 C:\xampp\htdocs\projects2022\p_lanhuonglip\system\Database\BaseBuilder.php(1866): CodeIgniter\Database\BaseConnection->query('SELECT *\nFROM `...', Array, false)
#4 C:\xampp\htdocs\projects2022\p_lanhuonglip\app\Models\MyModels.php(713): CodeIgniter\Database\BaseBuilder->get()
#5 C:\xampp\htdocs\projects2022\p_lanhuonglip\app\Controllers\Cpanel\Product.php(338): App\Models\MyModels->select_array()
#6 C:\xampp\htdocs\projects2022\p_lanhuonglip\system\CodeIgniter.php(938): App\Controllers\Cpanel\Product->edit('49')
#7 C:\xampp\htdocs\projects2022\p_lanhuonglip\system\CodeIgniter.php(434): CodeIgniter\CodeIgniter->runController(Object(App\Controllers\Cpanel\Product))
#8 C:\xampp\htdocs\projects2022\p_lanhuonglip\system\CodeIgniter.php(335): CodeIgniter\CodeIgniter->handleRequest(NULL, Object(Config\Cache), false)
#9 C:\xampp\htdocs\projects2022\p_lanhuonglip\public\index.php(43): CodeIgniter\CodeIgniter->run()
#10 C:\xampp\htdocs\projects2022\p_lanhuonglip\system\Commands\Server\rewrite.php(45): require_once('C:\\xampp\\htdocs...')
#11 {main}
